/u/s/i/sinclair/courses/cs552/spring2022/handouts/testprograms/public/rand_simple/t_1_add.asm SUCCESS CPI:2.2 CYCLES:73 ICOUNT:33 IHITRATE: 0 DHITRATE: 0
/u/s/i/sinclair/courses/cs552/spring2022/handouts/testprograms/public/rand_simple/t_1_addi.asm SUCCESS CPI:2.2 CYCLES:72 ICOUNT:33 IHITRATE: 0 DHITRATE: 0
/u/s/i/sinclair/courses/cs552/spring2022/handouts/testprograms/public/rand_simple/t_1_andn.asm SUCCESS CPI:2.5 CYCLES:82 ICOUNT:33 IHITRATE: 0 DHITRATE: 0
/u/s/i/sinclair/courses/cs552/spring2022/handouts/testprograms/public/rand_simple/t_1_andni.asm SUCCESS CPI:2.2 CYCLES:72 ICOUNT:33 IHITRATE: 0 DHITRATE: 0
/u/s/i/sinclair/courses/cs552/spring2022/handouts/testprograms/public/rand_simple/t_1_beqz.asm SUCCESS CPI:0.0 CYCLES: ICOUNT: IHITRATE: 0 DHITRATE: 0
/u/s/i/sinclair/courses/cs552/spring2022/handouts/testprograms/public/rand_simple/t_1_bgez.asm SUCCESS CPI:0.0 CYCLES: ICOUNT: IHITRATE: 0 DHITRATE: 0
/u/s/i/sinclair/courses/cs552/spring2022/handouts/testprograms/public/rand_simple/t_1_bltz.asm SUCCESS CPI:0.0 CYCLES: ICOUNT: IHITRATE: 0 DHITRATE: 0
/u/s/i/sinclair/courses/cs552/spring2022/handouts/testprograms/public/rand_simple/t_1_bnez.asm SUCCESS CPI:0.0 CYCLES: ICOUNT: IHITRATE: 0 DHITRATE: 0
/u/s/i/sinclair/courses/cs552/spring2022/handouts/testprograms/public/rand_simple/t_1_btr.asm FAILED
/u/s/i/sinclair/courses/cs552/spring2022/handouts/testprograms/public/rand_simple/t_1_j.asm SUCCESS CPI:0.0 CYCLES: ICOUNT: IHITRATE: 0 DHITRATE: 0
/u/s/i/sinclair/courses/cs552/spring2022/handouts/testprograms/public/rand_simple/t_1_jal.asm FAILED
/u/s/i/sinclair/courses/cs552/spring2022/handouts/testprograms/public/rand_simple/t_1_jalr.asm FAILED
/u/s/i/sinclair/courses/cs552/spring2022/handouts/testprograms/public/rand_simple/t_1_jr.asm FAILED
/u/s/i/sinclair/courses/cs552/spring2022/handouts/testprograms/public/rand_simple/t_1_lbi.asm SUCCESS CPI:2.1 CYCLES:68 ICOUNT:33 IHITRATE: 0 DHITRATE: 0
/u/s/i/sinclair/courses/cs552/spring2022/handouts/testprograms/public/rand_simple/t_1_ld.asm FAILED
/u/s/i/sinclair/courses/cs552/spring2022/handouts/testprograms/public/rand_simple/t_1_rol.asm SUCCESS CPI:2.3 CYCLES:77 ICOUNT:33 IHITRATE: 0 DHITRATE: 0
/u/s/i/sinclair/courses/cs552/spring2022/handouts/testprograms/public/rand_simple/t_1_roli.asm SUCCESS CPI:2.4 CYCLES:78 ICOUNT:33 IHITRATE: 0 DHITRATE: 0
/u/s/i/sinclair/courses/cs552/spring2022/handouts/testprograms/public/rand_simple/t_1_ror.asm SUCCESS CPI:2.2 CYCLES:73 ICOUNT:33 IHITRATE: 0 DHITRATE: 0
/u/s/i/sinclair/courses/cs552/spring2022/handouts/testprograms/public/rand_simple/t_1_rori.asm SUCCESS CPI:2.3 CYCLES:76 ICOUNT:33 IHITRATE: 0 DHITRATE: 0
/u/s/i/sinclair/courses/cs552/spring2022/handouts/testprograms/public/rand_simple/t_1_sco.asm SUCCESS CPI:2.2 CYCLES:72 ICOUNT:33 IHITRATE: 0 DHITRATE: 0
/u/s/i/sinclair/courses/cs552/spring2022/handouts/testprograms/public/rand_simple/t_1_seq.asm SUCCESS CPI:1.9 CYCLES:64 ICOUNT:33 IHITRATE: 0 DHITRATE: 0
/u/s/i/sinclair/courses/cs552/spring2022/handouts/testprograms/public/rand_simple/t_1_slbi.asm SUCCESS CPI:2.1 CYCLES:70 ICOUNT:33 IHITRATE: 0 DHITRATE: 0
/u/s/i/sinclair/courses/cs552/spring2022/handouts/testprograms/public/rand_simple/t_1_sle.asm SUCCESS CPI:2.1 CYCLES:69 ICOUNT:33 IHITRATE: 0 DHITRATE: 0
/u/s/i/sinclair/courses/cs552/spring2022/handouts/testprograms/public/rand_simple/t_1_sll.asm SUCCESS CPI:2.2 CYCLES:74 ICOUNT:33 IHITRATE: 0 DHITRATE: 0
/u/s/i/sinclair/courses/cs552/spring2022/handouts/testprograms/public/rand_simple/t_1_slli.asm SUCCESS CPI:2.2 CYCLES:74 ICOUNT:33 IHITRATE: 0 DHITRATE: 0
/u/s/i/sinclair/courses/cs552/spring2022/handouts/testprograms/public/rand_simple/t_1_slt.asm SUCCESS CPI:2.4 CYCLES:80 ICOUNT:33 IHITRATE: 0 DHITRATE: 0
/u/s/i/sinclair/courses/cs552/spring2022/handouts/testprograms/public/rand_simple/t_1_srl.asm SUCCESS CPI:2.2 CYCLES:74 ICOUNT:33 IHITRATE: 0 DHITRATE: 0
/u/s/i/sinclair/courses/cs552/spring2022/handouts/testprograms/public/rand_simple/t_1_srli.asm SUCCESS CPI:1.9 CYCLES:64 ICOUNT:33 IHITRATE: 0 DHITRATE: 0
/u/s/i/sinclair/courses/cs552/spring2022/handouts/testprograms/public/rand_simple/t_1_st.asm FAILED
/u/s/i/sinclair/courses/cs552/spring2022/handouts/testprograms/public/rand_simple/t_1_stu.asm FAILED
/u/s/i/sinclair/courses/cs552/spring2022/handouts/testprograms/public/rand_simple/t_1_sub.asm SUCCESS CPI:2.1 CYCLES:68 ICOUNT:33 IHITRATE: 0 DHITRATE: 0
/u/s/i/sinclair/courses/cs552/spring2022/handouts/testprograms/public/rand_simple/t_1_subi.asm SUCCESS CPI:2.4 CYCLES:79 ICOUNT:33 IHITRATE: 0 DHITRATE: 0
/u/s/i/sinclair/courses/cs552/spring2022/handouts/testprograms/public/rand_simple/t_1_xor.asm SUCCESS CPI:2.1 CYCLES:70 ICOUNT:33 IHITRATE: 0 DHITRATE: 0
/u/s/i/sinclair/courses/cs552/spring2022/handouts/testprograms/public/rand_simple/t_1_xori.asm SUCCESS CPI:2.2 CYCLES:74 ICOUNT:33 IHITRATE: 0 DHITRATE: 0
/u/s/i/sinclair/courses/cs552/spring2022/handouts/testprograms/public/rand_simple/t_2_add.asm SUCCESS CPI:2.2 CYCLES:71 ICOUNT:33 IHITRATE: 0 DHITRATE: 0
/u/s/i/sinclair/courses/cs552/spring2022/handouts/testprograms/public/rand_simple/t_2_addi.asm SUCCESS CPI:2.3 CYCLES:75 ICOUNT:33 IHITRATE: 0 DHITRATE: 0
/u/s/i/sinclair/courses/cs552/spring2022/handouts/testprograms/public/rand_simple/t_2_andn.asm SUCCESS CPI:2.2 CYCLES:72 ICOUNT:33 IHITRATE: 0 DHITRATE: 0
/u/s/i/sinclair/courses/cs552/spring2022/handouts/testprograms/public/rand_simple/t_2_andni.asm SUCCESS CPI:2.2 CYCLES:71 ICOUNT:33 IHITRATE: 0 DHITRATE: 0
/u/s/i/sinclair/courses/cs552/spring2022/handouts/testprograms/public/rand_simple/t_2_beqz.asm SUCCESS CPI:0.0 CYCLES: ICOUNT: IHITRATE: 0 DHITRATE: 0
/u/s/i/sinclair/courses/cs552/spring2022/handouts/testprograms/public/rand_simple/t_2_bgez.asm SUCCESS CPI:0.0 CYCLES: ICOUNT: IHITRATE: 0 DHITRATE: 0
/u/s/i/sinclair/courses/cs552/spring2022/handouts/testprograms/public/rand_simple/t_2_bltz.asm SUCCESS CPI:0.0 CYCLES: ICOUNT: IHITRATE: 0 DHITRATE: 0
/u/s/i/sinclair/courses/cs552/spring2022/handouts/testprograms/public/rand_simple/t_2_bnez.asm SUCCESS CPI:0.0 CYCLES: ICOUNT: IHITRATE: 0 DHITRATE: 0
/u/s/i/sinclair/courses/cs552/spring2022/handouts/testprograms/public/rand_simple/t_2_btr.asm FAILED
/u/s/i/sinclair/courses/cs552/spring2022/handouts/testprograms/public/rand_simple/t_2_j.asm SUCCESS CPI:0.0 CYCLES: ICOUNT: IHITRATE: 0 DHITRATE: 0
/u/s/i/sinclair/courses/cs552/spring2022/handouts/testprograms/public/rand_simple/t_2_jal.asm FAILED
/u/s/i/sinclair/courses/cs552/spring2022/handouts/testprograms/public/rand_simple/t_2_jalr.asm FAILED
/u/s/i/sinclair/courses/cs552/spring2022/handouts/testprograms/public/rand_simple/t_2_jr.asm FAILED
/u/s/i/sinclair/courses/cs552/spring2022/handouts/testprograms/public/rand_simple/t_2_lbi.asm SUCCESS CPI:2.1 CYCLES:70 ICOUNT:33 IHITRATE: 0 DHITRATE: 0
/u/s/i/sinclair/courses/cs552/spring2022/handouts/testprograms/public/rand_simple/t_2_ld.asm FAILED
/u/s/i/sinclair/courses/cs552/spring2022/handouts/testprograms/public/rand_simple/t_2_rol.asm SUCCESS CPI:2.0 CYCLES:67 ICOUNT:33 IHITRATE: 0 DHITRATE: 0
/u/s/i/sinclair/courses/cs552/spring2022/handouts/testprograms/public/rand_simple/t_2_roli.asm SUCCESS CPI:2.1 CYCLES:70 ICOUNT:33 IHITRATE: 0 DHITRATE: 0
/u/s/i/sinclair/courses/cs552/spring2022/handouts/testprograms/public/rand_simple/t_2_ror.asm SUCCESS CPI:2.2 CYCLES:72 ICOUNT:33 IHITRATE: 0 DHITRATE: 0
/u/s/i/sinclair/courses/cs552/spring2022/handouts/testprograms/public/rand_simple/t_2_rori.asm SUCCESS CPI:2.2 CYCLES:71 ICOUNT:33 IHITRATE: 0 DHITRATE: 0
/u/s/i/sinclair/courses/cs552/spring2022/handouts/testprograms/public/rand_simple/t_2_sco.asm SUCCESS CPI:2.2 CYCLES:71 ICOUNT:33 IHITRATE: 0 DHITRATE: 0
/u/s/i/sinclair/courses/cs552/spring2022/handouts/testprograms/public/rand_simple/t_2_seq.asm SUCCESS CPI:2.2 CYCLES:73 ICOUNT:33 IHITRATE: 0 DHITRATE: 0
/u/s/i/sinclair/courses/cs552/spring2022/handouts/testprograms/public/rand_simple/t_2_slbi.asm SUCCESS CPI:2.4 CYCLES:78 ICOUNT:33 IHITRATE: 0 DHITRATE: 0
/u/s/i/sinclair/courses/cs552/spring2022/handouts/testprograms/public/rand_simple/t_2_sle.asm SUCCESS CPI:2.2 CYCLES:73 ICOUNT:33 IHITRATE: 0 DHITRATE: 0
/u/s/i/sinclair/courses/cs552/spring2022/handouts/testprograms/public/rand_simple/t_2_sll.asm SUCCESS CPI:2.2 CYCLES:71 ICOUNT:33 IHITRATE: 0 DHITRATE: 0
/u/s/i/sinclair/courses/cs552/spring2022/handouts/testprograms/public/rand_simple/t_2_slli.asm SUCCESS CPI:2.1 CYCLES:69 ICOUNT:33 IHITRATE: 0 DHITRATE: 0
/u/s/i/sinclair/courses/cs552/spring2022/handouts/testprograms/public/rand_simple/t_2_slt.asm SUCCESS CPI:2.1 CYCLES:70 ICOUNT:33 IHITRATE: 0 DHITRATE: 0
/u/s/i/sinclair/courses/cs552/spring2022/handouts/testprograms/public/rand_simple/t_2_srl.asm SUCCESS CPI:2.2 CYCLES:73 ICOUNT:33 IHITRATE: 0 DHITRATE: 0
/u/s/i/sinclair/courses/cs552/spring2022/handouts/testprograms/public/rand_simple/t_2_srli.asm SUCCESS CPI:2.3 CYCLES:76 ICOUNT:33 IHITRATE: 0 DHITRATE: 0
/u/s/i/sinclair/courses/cs552/spring2022/handouts/testprograms/public/rand_simple/t_2_st.asm FAILED
/u/s/i/sinclair/courses/cs552/spring2022/handouts/testprograms/public/rand_simple/t_2_stu.asm FAILED
/u/s/i/sinclair/courses/cs552/spring2022/handouts/testprograms/public/rand_simple/t_2_sub.asm SUCCESS CPI:2.2 CYCLES:71 ICOUNT:33 IHITRATE: 0 DHITRATE: 0
/u/s/i/sinclair/courses/cs552/spring2022/handouts/testprograms/public/rand_simple/t_2_subi.asm SUCCESS CPI:2.2 CYCLES:73 ICOUNT:33 IHITRATE: 0 DHITRATE: 0
/u/s/i/sinclair/courses/cs552/spring2022/handouts/testprograms/public/rand_simple/t_2_xor.asm SUCCESS CPI:2.1 CYCLES:68 ICOUNT:33 IHITRATE: 0 DHITRATE: 0
/u/s/i/sinclair/courses/cs552/spring2022/handouts/testprograms/public/rand_simple/t_2_xori.asm SUCCESS CPI:2.3 CYCLES:76 ICOUNT:33 IHITRATE: 0 DHITRATE: 0
/u/s/i/sinclair/courses/cs552/spring2022/handouts/testprograms/public/rand_simple/t_3_add.asm SUCCESS CPI:2.3 CYCLES:75 ICOUNT:33 IHITRATE: 0 DHITRATE: 0
/u/s/i/sinclair/courses/cs552/spring2022/handouts/testprograms/public/rand_simple/t_3_addi.asm SUCCESS CPI:2.2 CYCLES:72 ICOUNT:33 IHITRATE: 0 DHITRATE: 0
/u/s/i/sinclair/courses/cs552/spring2022/handouts/testprograms/public/rand_simple/t_3_andn.asm SUCCESS CPI:2.3 CYCLES:77 ICOUNT:33 IHITRATE: 0 DHITRATE: 0
/u/s/i/sinclair/courses/cs552/spring2022/handouts/testprograms/public/rand_simple/t_3_andni.asm SUCCESS CPI:2.2 CYCLES:71 ICOUNT:33 IHITRATE: 0 DHITRATE: 0
/u/s/i/sinclair/courses/cs552/spring2022/handouts/testprograms/public/rand_simple/t_3_beqz.asm SUCCESS CPI:0.0 CYCLES: ICOUNT: IHITRATE: 0 DHITRATE: 0
/u/s/i/sinclair/courses/cs552/spring2022/handouts/testprograms/public/rand_simple/t_3_bgez.asm SUCCESS CPI:0.0 CYCLES: ICOUNT: IHITRATE: 0 DHITRATE: 0
/u/s/i/sinclair/courses/cs552/spring2022/handouts/testprograms/public/rand_simple/t_3_bltz.asm SUCCESS CPI:0.0 CYCLES: ICOUNT: IHITRATE: 0 DHITRATE: 0
/u/s/i/sinclair/courses/cs552/spring2022/handouts/testprograms/public/rand_simple/t_3_bnez.asm SUCCESS CPI:0.0 CYCLES: ICOUNT: IHITRATE: 0 DHITRATE: 0
/u/s/i/sinclair/courses/cs552/spring2022/handouts/testprograms/public/rand_simple/t_3_btr.asm FAILED
/u/s/i/sinclair/courses/cs552/spring2022/handouts/testprograms/public/rand_simple/t_3_j.asm SUCCESS CPI:0.0 CYCLES: ICOUNT: IHITRATE: 0 DHITRATE: 0
/u/s/i/sinclair/courses/cs552/spring2022/handouts/testprograms/public/rand_simple/t_3_jal.asm FAILED
/u/s/i/sinclair/courses/cs552/spring2022/handouts/testprograms/public/rand_simple/t_3_jalr.asm FAILED
/u/s/i/sinclair/courses/cs552/spring2022/handouts/testprograms/public/rand_simple/t_3_jr.asm FAILED
/u/s/i/sinclair/courses/cs552/spring2022/handouts/testprograms/public/rand_simple/t_3_lbi.asm SUCCESS CPI:2.1 CYCLES:68 ICOUNT:33 IHITRATE: 0 DHITRATE: 0
/u/s/i/sinclair/courses/cs552/spring2022/handouts/testprograms/public/rand_simple/t_3_ld.asm FAILED
/u/s/i/sinclair/courses/cs552/spring2022/handouts/testprograms/public/rand_simple/t_3_rol.asm SUCCESS CPI:2.3 CYCLES:77 ICOUNT:33 IHITRATE: 0 DHITRATE: 0
/u/s/i/sinclair/courses/cs552/spring2022/handouts/testprograms/public/rand_simple/t_3_roli.asm SUCCESS CPI:2.2 CYCLES:73 ICOUNT:33 IHITRATE: 0 DHITRATE: 0
/u/s/i/sinclair/courses/cs552/spring2022/handouts/testprograms/public/rand_simple/t_3_ror.asm SUCCESS CPI:2.1 CYCLES:69 ICOUNT:33 IHITRATE: 0 DHITRATE: 0
/u/s/i/sinclair/courses/cs552/spring2022/handouts/testprograms/public/rand_simple/t_3_rori.asm SUCCESS CPI:2.1 CYCLES:69 ICOUNT:33 IHITRATE: 0 DHITRATE: 0
/u/s/i/sinclair/courses/cs552/spring2022/handouts/testprograms/public/rand_simple/t_3_sco.asm SUCCESS CPI:2.2 CYCLES:71 ICOUNT:33 IHITRATE: 0 DHITRATE: 0
/u/s/i/sinclair/courses/cs552/spring2022/handouts/testprograms/public/rand_simple/t_3_seq.asm SUCCESS CPI:2.3 CYCLES:75 ICOUNT:33 IHITRATE: 0 DHITRATE: 0
/u/s/i/sinclair/courses/cs552/spring2022/handouts/testprograms/public/rand_simple/t_3_slbi.asm SUCCESS CPI:2.0 CYCLES:66 ICOUNT:33 IHITRATE: 0 DHITRATE: 0
/u/s/i/sinclair/courses/cs552/spring2022/handouts/testprograms/public/rand_simple/t_3_sle.asm SUCCESS CPI:2.3 CYCLES:75 ICOUNT:33 IHITRATE: 0 DHITRATE: 0
/u/s/i/sinclair/courses/cs552/spring2022/handouts/testprograms/public/rand_simple/t_3_sll.asm SUCCESS CPI:2.2 CYCLES:74 ICOUNT:33 IHITRATE: 0 DHITRATE: 0
/u/s/i/sinclair/courses/cs552/spring2022/handouts/testprograms/public/rand_simple/t_3_slli.asm SUCCESS CPI:2.2 CYCLES:73 ICOUNT:33 IHITRATE: 0 DHITRATE: 0
/u/s/i/sinclair/courses/cs552/spring2022/handouts/testprograms/public/rand_simple/t_3_slt.asm SUCCESS CPI:2.2 CYCLES:72 ICOUNT:33 IHITRATE: 0 DHITRATE: 0
/u/s/i/sinclair/courses/cs552/spring2022/handouts/testprograms/public/rand_simple/t_3_srl.asm SUCCESS CPI:2.1 CYCLES:70 ICOUNT:33 IHITRATE: 0 DHITRATE: 0
/u/s/i/sinclair/courses/cs552/spring2022/handouts/testprograms/public/rand_simple/t_3_srli.asm SUCCESS CPI:2.2 CYCLES:71 ICOUNT:33 IHITRATE: 0 DHITRATE: 0
/u/s/i/sinclair/courses/cs552/spring2022/handouts/testprograms/public/rand_simple/t_3_st.asm FAILED
/u/s/i/sinclair/courses/cs552/spring2022/handouts/testprograms/public/rand_simple/t_3_stu.asm FAILED
/u/s/i/sinclair/courses/cs552/spring2022/handouts/testprograms/public/rand_simple/t_3_sub.asm SUCCESS CPI:2.1 CYCLES:68 ICOUNT:33 IHITRATE: 0 DHITRATE: 0
/u/s/i/sinclair/courses/cs552/spring2022/handouts/testprograms/public/rand_simple/t_3_subi.asm SUCCESS CPI:2.2 CYCLES:72 ICOUNT:33 IHITRATE: 0 DHITRATE: 0
/u/s/i/sinclair/courses/cs552/spring2022/handouts/testprograms/public/rand_simple/t_3_xor.asm SUCCESS CPI:2.2 CYCLES:73 ICOUNT:33 IHITRATE: 0 DHITRATE: 0
/u/s/i/sinclair/courses/cs552/spring2022/handouts/testprograms/public/rand_simple/t_3_xori.asm SUCCESS CPI:2.2 CYCLES:71 ICOUNT:33 IHITRATE: 0 DHITRATE: 0
/u/s/i/sinclair/courses/cs552/spring2022/handouts/testprograms/public/rand_simple/t_4_add.asm SUCCESS CPI:2.3 CYCLES:77 ICOUNT:33 IHITRATE: 0 DHITRATE: 0
/u/s/i/sinclair/courses/cs552/spring2022/handouts/testprograms/public/rand_simple/t_4_addi.asm SUCCESS CPI:2.2 CYCLES:73 ICOUNT:33 IHITRATE: 0 DHITRATE: 0
/u/s/i/sinclair/courses/cs552/spring2022/handouts/testprograms/public/rand_simple/t_4_andn.asm SUCCESS CPI:2.2 CYCLES:72 ICOUNT:33 IHITRATE: 0 DHITRATE: 0
/u/s/i/sinclair/courses/cs552/spring2022/handouts/testprograms/public/rand_simple/t_4_andni.asm SUCCESS CPI:2.2 CYCLES:72 ICOUNT:33 IHITRATE: 0 DHITRATE: 0
/u/s/i/sinclair/courses/cs552/spring2022/handouts/testprograms/public/rand_simple/t_4_beqz.asm SUCCESS CPI:0.0 CYCLES: ICOUNT: IHITRATE: 0 DHITRATE: 0
/u/s/i/sinclair/courses/cs552/spring2022/handouts/testprograms/public/rand_simple/t_4_bgez.asm SUCCESS CPI:0.0 CYCLES: ICOUNT: IHITRATE: 0 DHITRATE: 0
/u/s/i/sinclair/courses/cs552/spring2022/handouts/testprograms/public/rand_simple/t_4_bltz.asm SUCCESS CPI:0.0 CYCLES: ICOUNT: IHITRATE: 0 DHITRATE: 0
/u/s/i/sinclair/courses/cs552/spring2022/handouts/testprograms/public/rand_simple/t_4_bnez.asm SUCCESS CPI:0.0 CYCLES: ICOUNT: IHITRATE: 0 DHITRATE: 0
/u/s/i/sinclair/courses/cs552/spring2022/handouts/testprograms/public/rand_simple/t_4_btr.asm FAILED
/u/s/i/sinclair/courses/cs552/spring2022/handouts/testprograms/public/rand_simple/t_4_j.asm SUCCESS CPI:0.0 CYCLES: ICOUNT: IHITRATE: 0 DHITRATE: 0
/u/s/i/sinclair/courses/cs552/spring2022/handouts/testprograms/public/rand_simple/t_4_jal.asm FAILED
/u/s/i/sinclair/courses/cs552/spring2022/handouts/testprograms/public/rand_simple/t_4_jalr.asm FAILED
/u/s/i/sinclair/courses/cs552/spring2022/handouts/testprograms/public/rand_simple/t_4_jr.asm FAILED
/u/s/i/sinclair/courses/cs552/spring2022/handouts/testprograms/public/rand_simple/t_4_lbi.asm SUCCESS CPI:2.2 CYCLES:74 ICOUNT:33 IHITRATE: 0 DHITRATE: 0
/u/s/i/sinclair/courses/cs552/spring2022/handouts/testprograms/public/rand_simple/t_4_ld.asm FAILED
/u/s/i/sinclair/courses/cs552/spring2022/handouts/testprograms/public/rand_simple/t_4_rol.asm SUCCESS CPI:2.2 CYCLES:74 ICOUNT:33 IHITRATE: 0 DHITRATE: 0
/u/s/i/sinclair/courses/cs552/spring2022/handouts/testprograms/public/rand_simple/t_4_roli.asm SUCCESS CPI:2.3 CYCLES:76 ICOUNT:33 IHITRATE: 0 DHITRATE: 0
/u/s/i/sinclair/courses/cs552/spring2022/handouts/testprograms/public/rand_simple/t_4_ror.asm SUCCESS CPI:2.2 CYCLES:71 ICOUNT:33 IHITRATE: 0 DHITRATE: 0
/u/s/i/sinclair/courses/cs552/spring2022/handouts/testprograms/public/rand_simple/t_4_rori.asm SUCCESS CPI:2.1 CYCLES:70 ICOUNT:33 IHITRATE: 0 DHITRATE: 0
/u/s/i/sinclair/courses/cs552/spring2022/handouts/testprograms/public/rand_simple/t_4_sco.asm SUCCESS CPI:2.1 CYCLES:70 ICOUNT:33 IHITRATE: 0 DHITRATE: 0
/u/s/i/sinclair/courses/cs552/spring2022/handouts/testprograms/public/rand_simple/t_4_seq.asm SUCCESS CPI:2.1 CYCLES:69 ICOUNT:33 IHITRATE: 0 DHITRATE: 0
/u/s/i/sinclair/courses/cs552/spring2022/handouts/testprograms/public/rand_simple/t_4_slbi.asm SUCCESS CPI:2.2 CYCLES:71 ICOUNT:33 IHITRATE: 0 DHITRATE: 0
/u/s/i/sinclair/courses/cs552/spring2022/handouts/testprograms/public/rand_simple/t_4_sle.asm SUCCESS CPI:2.1 CYCLES:69 ICOUNT:33 IHITRATE: 0 DHITRATE: 0
/u/s/i/sinclair/courses/cs552/spring2022/handouts/testprograms/public/rand_simple/t_4_sll.asm SUCCESS CPI:2.4 CYCLES:79 ICOUNT:33 IHITRATE: 0 DHITRATE: 0
/u/s/i/sinclair/courses/cs552/spring2022/handouts/testprograms/public/rand_simple/t_4_slli.asm SUCCESS CPI:2.2 CYCLES:72 ICOUNT:33 IHITRATE: 0 DHITRATE: 0
/u/s/i/sinclair/courses/cs552/spring2022/handouts/testprograms/public/rand_simple/t_4_slt.asm SUCCESS CPI:2.0 CYCLES:66 ICOUNT:33 IHITRATE: 0 DHITRATE: 0
/u/s/i/sinclair/courses/cs552/spring2022/handouts/testprograms/public/rand_simple/t_4_srl.asm SUCCESS CPI:2.1 CYCLES:69 ICOUNT:33 IHITRATE: 0 DHITRATE: 0
/u/s/i/sinclair/courses/cs552/spring2022/handouts/testprograms/public/rand_simple/t_4_srli.asm SUCCESS CPI:2.2 CYCLES:74 ICOUNT:33 IHITRATE: 0 DHITRATE: 0
/u/s/i/sinclair/courses/cs552/spring2022/handouts/testprograms/public/rand_simple/t_4_st.asm FAILED
/u/s/i/sinclair/courses/cs552/spring2022/handouts/testprograms/public/rand_simple/t_4_stu.asm FAILED
/u/s/i/sinclair/courses/cs552/spring2022/handouts/testprograms/public/rand_simple/t_4_sub.asm SUCCESS CPI:2.2 CYCLES:72 ICOUNT:33 IHITRATE: 0 DHITRATE: 0
/u/s/i/sinclair/courses/cs552/spring2022/handouts/testprograms/public/rand_simple/t_4_subi.asm SUCCESS CPI:2.1 CYCLES:70 ICOUNT:33 IHITRATE: 0 DHITRATE: 0
/u/s/i/sinclair/courses/cs552/spring2022/handouts/testprograms/public/rand_simple/t_4_xor.asm SUCCESS CPI:2.3 CYCLES:77 ICOUNT:33 IHITRATE: 0 DHITRATE: 0
/u/s/i/sinclair/courses/cs552/spring2022/handouts/testprograms/public/rand_simple/t_4_xori.asm SUCCESS CPI:2.2 CYCLES:72 ICOUNT:33 IHITRATE: 0 DHITRATE: 0
