SIMLOG:: Cycle           4 PC: 00000000 I: 00000000 R: 0   0 00000000 M: 0 0 00000000 00000000
SIMLOG:: Cycle           5 PC: 00000002 I: 0000c164 R: 0   0 00000000 M: 0 0 00000000 00000000
SIMLOG:: Cycle           6 PC: 00000004 I: 0000c263 R: 0   0 00000000 M: 0 0 00000000 00000000
SIMLOG:: Cycle           7 PC: 00000006 I: 0000d94c R: 0   0 00000000 M: 0 0 00000064 00000000
SIMLOG:: Cycle           8 PC: 00000008 I: 0000db28 R: 1   1 00000064 M: 0 0 00000063 00000000
SIMLOG:: Cycle           9 PC: 0000000a I: 0000d950 R: 1   2 00000063 M: 0 0 00000000 00000064
SIMLOG:: Cycle          10 PC: 0000000c I: 0000da38 R: 1   3 00000000 M: 0 0 00000064 00000063
SIMLOG:: Cycle          11 PC: 0000000e I: 0000d994 R: 1   2 00000064 M: 0 0 000000c7 00000064
SIMLOG:: Cycle          12 PC: 00000010 I: 0000dd30 R: 1   4 000000c7 M: 0 0 000000c7 00000000
SIMLOG:: Cycle          13 PC: 00000012 I: 00000000 R: 1   6 000000c7 M: 0 0 00000064 00000064
SIMLOG:: Cycle          14 PC: 00000014 I: 00000000 R: 1   5 00000064 M: 0 0 00000064 00000000
SIMLOG:: Cycle          15 PC: 00000016 I: 00000000 R: 1   4 00000064 M: 0 0 00000000 00000000
SIMLOG:: Cycle          16 PC: 00000018 I: 00000000 R: 0   0 00000000 M: 0 0 00000000 00000000
SIMLOG:: Cycle          17 PC: 0000001a I: 00000000 R: 0   0 00000000 M: 0 0 00000000 00000000
SIMLOG:: Processor halted

SIMLOG:: sim_cycles          17

SIMLOG:: inst_count           9

SIMLOG:: dcachehit_count           0

SIMLOG:: icachehit_count           0

SIMLOG:: dcachereq_count           0

SIMLOG:: icachereq_count           0

