Model Technology ModelSim DE vlog 10.7c Compiler 2018.08 Aug 17 2018
Start time: 15:23:37 on Nov 10,2024
vlog "+define+RANDSEED=3" -work __work DMWB_latch.v EXDM_latch.v IDEX_latch.v IFID_latch.v alu.v alu_control.v bit_2shift.v bit_4shift.v bit_8shift.v bit_shift.v brchcnd.v cla_16b.v cla_1b.v cla_4b.v clkrst.v control.v decode.v dff.v execute.v fetch.v memory.v memory2c.v nand2.v nand3.v nor2.v nor3.v not1.v proc.v proc_hier.v proc_hier_bench.v proc_hier_pbench.v regFile.v regFile_bypass.v regFile_hier.v register.v shifter.v stall_mech.v wb.v xor2.v xor3.v 
-- Compiling module DMWB_latch
-- Compiling module EXDM_latch
-- Compiling module IDEX_latch
-- Compiling module IFID_latch
-- Compiling module alu
-- Compiling module alu_control
-- Compiling module bit_2shift
-- Compiling module bit_4shift
-- Compiling module bit_8shift
-- Compiling module bit_shift
-- Compiling module brchcnd
-- Compiling module cla_16b
-- Compiling module cla_1b
-- Compiling module cla_4b
-- Compiling module clkrst
-- Compiling module control
-- Compiling module decode
-- Compiling module dff
-- Compiling module execute
-- Compiling module fetch
-- Compiling module memory
-- Compiling module memory2c
-- Compiling module nand2
-- Compiling module nand3
-- Compiling module nor2
-- Compiling module nor3
-- Compiling module not1
-- Compiling module proc
-- Compiling module proc_hier
-- Compiling module proc_hier_bench
-- Compiling module proc_hier_pbench
-- Compiling module regFile
-- Compiling module regFile_bypass
-- Compiling module regFile_hier
-- Compiling module register
-- Compiling module shifter
-- Compiling module stall_mech
-- Compiling module wb
-- Compiling module xor2
-- Compiling module xor3

Top level modules:
	nand3
	nor2
	nor3
	not1
	proc_hier_bench
	proc_hier_pbench
	regFile_hier
	xor3
End time: 15:23:37 on Nov 10,2024, Elapsed time: 0:00:00
Errors: 0, Warnings: 0
Reading pref.tcl

# 10.7c

# vsim -c proc_hier_pbench -lib __work -voptargs="+acc" -wlf dump.wlf -do "log -howmany -rec /* ; run -all" 
# Start time: 15:23:38 on Nov 10,2024
# //  ModelSim DE 10.7c Aug 17 2018Linux 5.15.0-125-generic
# //
# //  Copyright 1991-2018 Mentor Graphics Corporation
# //  All Rights Reserved.
# //
# //  ModelSim DE and its associated documentation contain trade
# //  secrets and commercial or financial information that are the property of
# //  Mentor Graphics Corporation and are privileged, confidential,
# //  and exempt from disclosure under the Freedom of Information Act,
# //  5 U.S.C. Section 552. Furthermore, this information
# //  is prohibited from disclosure under the Trade Secrets Act,
# //  18 U.S.C. Section 1905.
# //
# Loading __work.proc_hier_pbench
# Loading __work.proc_hier
# Loading __work.clkrst
# Loading __work.proc
# Loading __work.fetch
# Loading __work.register
# Loading __work.memory2c
# Loading __work.cla_16b
# Loading __work.IFID_latch
# Loading __work.stall_mech
# Loading __work.decode
# Loading __work.regFile_bypass
# Loading __work.regFile
# Loading __work.shifter
# Loading __work.bit_shift
# Loading __work.bit_2shift
# Loading __work.bit_4shift
# Loading __work.bit_8shift
# Loading __work.alu_control
# Loading __work.control
# Loading __work.IDEX_latch
# Loading __work.dff
# Loading __work.execute
# Loading __work.alu
# Loading __work.brchcnd
# Loading __work.EXDM_latch
# Loading __work.memory
# Loading __work.DMWB_latch
# Loading __work.wb
# Loading __work.cla_4b
# Loading __work.xor2
# Loading __work.nand2
# Loading __work.cla_1b
# log -howmany -rec /* 
# 4562
#  run -all
# Hello world...simulation starting
# See verilogsim.log and verilogsim.ptrace for output
# ** Note: $finish    : proc_hier_pbench.v(116)
#    Time: 1905 ns  Iteration: 0  Instance: /proc_hier_pbench
# End time: 15:23:38 on Nov 10,2024, Elapsed time: 0:00:00
# Errors: 0, Warnings: 0
Full name to pass to Assemble.java: /u/s/i/sinclair/courses/cs552/spring2022/handouts/testprograms/public/complex_demo2/perf-test-dep-all.asm
Created the following files
loadfile_0.img
loadfile_1.img
loadfile_2.img
loadfile_3.img
loadfile_all.img
loadfile.lst
Reading pref.tcl

# 10.7c

# vsim -c proc_hier_pbench -lib __work -voptargs="+acc" -wlf dump.wlf -do "log -howmany -rec /* ; run -all" 
# Start time: 15:23:39 on Nov 10,2024
# //  ModelSim DE 10.7c Aug 17 2018Linux 5.15.0-125-generic
# //
# //  Copyright 1991-2018 Mentor Graphics Corporation
# //  All Rights Reserved.
# //
# //  ModelSim DE and its associated documentation contain trade
# //  secrets and commercial or financial information that are the property of
# //  Mentor Graphics Corporation and are privileged, confidential,
# //  and exempt from disclosure under the Freedom of Information Act,
# //  5 U.S.C. Section 552. Furthermore, this information
# //  is prohibited from disclosure under the Trade Secrets Act,
# //  18 U.S.C. Section 1905.
# //
# Loading __work.proc_hier_pbench
# Loading __work.proc_hier
# Loading __work.clkrst
# Loading __work.proc
# Loading __work.fetch
# Loading __work.register
# Loading __work.memory2c
# Loading __work.cla_16b
# Loading __work.IFID_latch
# Loading __work.stall_mech
# Loading __work.decode
# Loading __work.regFile_bypass
# Loading __work.regFile
# Loading __work.shifter
# Loading __work.bit_shift
# Loading __work.bit_2shift
# Loading __work.bit_4shift
# Loading __work.bit_8shift
# Loading __work.alu_control
# Loading __work.control
# Loading __work.IDEX_latch
# Loading __work.dff
# Loading __work.execute
# Loading __work.alu
# Loading __work.brchcnd
# Loading __work.EXDM_latch
# Loading __work.memory
# Loading __work.DMWB_latch
# Loading __work.wb
# Loading __work.cla_4b
# Loading __work.xor2
# Loading __work.nand2
# Loading __work.cla_1b
# log -howmany -rec /* 
# 4562
#  run -all
# Hello world...simulation starting
# See verilogsim.log and verilogsim.ptrace for output
# ** Note: $finish    : proc_hier_pbench.v(116)
#    Time: 2905 ns  Iteration: 0  Instance: /proc_hier_pbench
# End time: 15:23:39 on Nov 10,2024, Elapsed time: 0:00:00
# Errors: 0, Warnings: 0
Full name to pass to Assemble.java: /u/s/i/sinclair/courses/cs552/spring2022/handouts/testprograms/public/complex_demo2/perf-test-dep-ld.asm
Created the following files
loadfile_0.img
loadfile_1.img
loadfile_2.img
loadfile_3.img
loadfile_all.img
loadfile.lst
Reading pref.tcl

# 10.7c

# vsim -c proc_hier_pbench -lib __work -voptargs="+acc" -wlf dump.wlf -do "log -howmany -rec /* ; run -all" 
# Start time: 15:23:40 on Nov 10,2024
# //  ModelSim DE 10.7c Aug 17 2018Linux 5.15.0-125-generic
# //
# //  Copyright 1991-2018 Mentor Graphics Corporation
# //  All Rights Reserved.
# //
# //  ModelSim DE and its associated documentation contain trade
# //  secrets and commercial or financial information that are the property of
# //  Mentor Graphics Corporation and are privileged, confidential,
# //  and exempt from disclosure under the Freedom of Information Act,
# //  5 U.S.C. Section 552. Furthermore, this information
# //  is prohibited from disclosure under the Trade Secrets Act,
# //  18 U.S.C. Section 1905.
# //
# Loading __work.proc_hier_pbench
# Loading __work.proc_hier
# Loading __work.clkrst
# Loading __work.proc
# Loading __work.fetch
# Loading __work.register
# Loading __work.memory2c
# Loading __work.cla_16b
# Loading __work.IFID_latch
# Loading __work.stall_mech
# Loading __work.decode
# Loading __work.regFile_bypass
# Loading __work.regFile
# Loading __work.shifter
# Loading __work.bit_shift
# Loading __work.bit_2shift
# Loading __work.bit_4shift
# Loading __work.bit_8shift
# Loading __work.alu_control
# Loading __work.control
# Loading __work.IDEX_latch
# Loading __work.dff
# Loading __work.execute
# Loading __work.alu
# Loading __work.brchcnd
# Loading __work.EXDM_latch
# Loading __work.memory
# Loading __work.DMWB_latch
# Loading __work.wb
# Loading __work.cla_4b
# Loading __work.xor2
# Loading __work.nand2
# Loading __work.cla_1b
# log -howmany -rec /* 
# 4562
#  run -all
# Hello world...simulation starting
# See verilogsim.log and verilogsim.ptrace for output
# ** Note: $finish    : proc_hier_pbench.v(116)
#    Time: 2205 ns  Iteration: 0  Instance: /proc_hier_pbench
# End time: 15:23:41 on Nov 10,2024, Elapsed time: 0:00:01
# Errors: 0, Warnings: 0
Full name to pass to Assemble.java: /u/s/i/sinclair/courses/cs552/spring2022/handouts/testprograms/public/complex_demo2/perf-test-dep-ldst.asm
Created the following files
loadfile_0.img
loadfile_1.img
loadfile_2.img
loadfile_3.img
loadfile_all.img
loadfile.lst
Reading pref.tcl

# 10.7c

# vsim -c proc_hier_pbench -lib __work -voptargs="+acc" -wlf dump.wlf -do "log -howmany -rec /* ; run -all" 
# Start time: 15:23:42 on Nov 10,2024
# //  ModelSim DE 10.7c Aug 17 2018Linux 5.15.0-125-generic
# //
# //  Copyright 1991-2018 Mentor Graphics Corporation
# //  All Rights Reserved.
# //
# //  ModelSim DE and its associated documentation contain trade
# //  secrets and commercial or financial information that are the property of
# //  Mentor Graphics Corporation and are privileged, confidential,
# //  and exempt from disclosure under the Freedom of Information Act,
# //  5 U.S.C. Section 552. Furthermore, this information
# //  is prohibited from disclosure under the Trade Secrets Act,
# //  18 U.S.C. Section 1905.
# //
# Loading __work.proc_hier_pbench
# Loading __work.proc_hier
# Loading __work.clkrst
# Loading __work.proc
# Loading __work.fetch
# Loading __work.register
# Loading __work.memory2c
# Loading __work.cla_16b
# Loading __work.IFID_latch
# Loading __work.stall_mech
# Loading __work.decode
# Loading __work.regFile_bypass
# Loading __work.regFile
# Loading __work.shifter
# Loading __work.bit_shift
# Loading __work.bit_2shift
# Loading __work.bit_4shift
# Loading __work.bit_8shift
# Loading __work.alu_control
# Loading __work.control
# Loading __work.IDEX_latch
# Loading __work.dff
# Loading __work.execute
# Loading __work.alu
# Loading __work.brchcnd
# Loading __work.EXDM_latch
# Loading __work.memory
# Loading __work.DMWB_latch
# Loading __work.wb
# Loading __work.cla_4b
# Loading __work.xor2
# Loading __work.nand2
# Loading __work.cla_1b
# log -howmany -rec /* 
# 4562
#  run -all
# Hello world...simulation starting
# See verilogsim.log and verilogsim.ptrace for output
# ** Note: $finish    : proc_hier_pbench.v(116)
#    Time: 2305 ns  Iteration: 0  Instance: /proc_hier_pbench
# End time: 15:23:42 on Nov 10,2024, Elapsed time: 0:00:00
# Errors: 0, Warnings: 0
Full name to pass to Assemble.java: /u/s/i/sinclair/courses/cs552/spring2022/handouts/testprograms/public/complex_demo2/perf-test-dep-waw.asm
Created the following files
loadfile_0.img
loadfile_1.img
loadfile_2.img
loadfile_3.img
loadfile_all.img
loadfile.lst
Reading pref.tcl

# 10.7c

# vsim -c proc_hier_pbench -lib __work -voptargs="+acc" -wlf dump.wlf -do "log -howmany -rec /* ; run -all" 
# Start time: 15:23:44 on Nov 10,2024
# //  ModelSim DE 10.7c Aug 17 2018Linux 5.15.0-125-generic
# //
# //  Copyright 1991-2018 Mentor Graphics Corporation
# //  All Rights Reserved.
# //
# //  ModelSim DE and its associated documentation contain trade
# //  secrets and commercial or financial information that are the property of
# //  Mentor Graphics Corporation and are privileged, confidential,
# //  and exempt from disclosure under the Freedom of Information Act,
# //  5 U.S.C. Section 552. Furthermore, this information
# //  is prohibited from disclosure under the Trade Secrets Act,
# //  18 U.S.C. Section 1905.
# //
# Loading __work.proc_hier_pbench
# Loading __work.proc_hier
# Loading __work.clkrst
# Loading __work.proc
# Loading __work.fetch
# Loading __work.register
# Loading __work.memory2c
# Loading __work.cla_16b
# Loading __work.IFID_latch
# Loading __work.stall_mech
# Loading __work.decode
# Loading __work.regFile_bypass
# Loading __work.regFile
# Loading __work.shifter
# Loading __work.bit_shift
# Loading __work.bit_2shift
# Loading __work.bit_4shift
# Loading __work.bit_8shift
# Loading __work.alu_control
# Loading __work.control
# Loading __work.IDEX_latch
# Loading __work.dff
# Loading __work.execute
# Loading __work.alu
# Loading __work.brchcnd
# Loading __work.EXDM_latch
# Loading __work.memory
# Loading __work.DMWB_latch
# Loading __work.wb
# Loading __work.cla_4b
# Loading __work.xor2
# Loading __work.nand2
# Loading __work.cla_1b
# log -howmany -rec /* 
# 4562
#  run -all
# Hello world...simulation starting
# See verilogsim.log and verilogsim.ptrace for output
# ** Note: $finish    : proc_hier_pbench.v(116)
#    Time: 2905 ns  Iteration: 0  Instance: /proc_hier_pbench
# End time: 15:23:44 on Nov 10,2024, Elapsed time: 0:00:00
# Errors: 0, Warnings: 0
Full name to pass to Assemble.java: /u/s/i/sinclair/courses/cs552/spring2022/handouts/testprograms/public/complex_demo2/perf-test-dep-zero.asm
Created the following files
loadfile_0.img
loadfile_1.img
loadfile_2.img
loadfile_3.img
loadfile_all.img
loadfile.lst
Reading pref.tcl

# 10.7c

# vsim -c proc_hier_pbench -lib __work -voptargs="+acc" -wlf dump.wlf -do "log -howmany -rec /* ; run -all" 
# Start time: 15:23:45 on Nov 10,2024
# //  ModelSim DE 10.7c Aug 17 2018Linux 5.15.0-125-generic
# //
# //  Copyright 1991-2018 Mentor Graphics Corporation
# //  All Rights Reserved.
# //
# //  ModelSim DE and its associated documentation contain trade
# //  secrets and commercial or financial information that are the property of
# //  Mentor Graphics Corporation and are privileged, confidential,
# //  and exempt from disclosure under the Freedom of Information Act,
# //  5 U.S.C. Section 552. Furthermore, this information
# //  is prohibited from disclosure under the Trade Secrets Act,
# //  18 U.S.C. Section 1905.
# //
# Loading __work.proc_hier_pbench
# Loading __work.proc_hier
# Loading __work.clkrst
# Loading __work.proc
# Loading __work.fetch
# Loading __work.register
# Loading __work.memory2c
# Loading __work.cla_16b
# Loading __work.IFID_latch
# Loading __work.stall_mech
# Loading __work.decode
# Loading __work.regFile_bypass
# Loading __work.regFile
# Loading __work.shifter
# Loading __work.bit_shift
# Loading __work.bit_2shift
# Loading __work.bit_4shift
# Loading __work.bit_8shift
# Loading __work.alu_control
# Loading __work.control
# Loading __work.IDEX_latch
# Loading __work.dff
# Loading __work.execute
# Loading __work.alu
# Loading __work.brchcnd
# Loading __work.EXDM_latch
# Loading __work.memory
# Loading __work.DMWB_latch
# Loading __work.wb
# Loading __work.cla_4b
# Loading __work.xor2
# Loading __work.nand2
# Loading __work.cla_1b
# log -howmany -rec /* 
# 4562
#  run -all
# Hello world...simulation starting
# See verilogsim.log and verilogsim.ptrace for output
# ** Note: $finish    : proc_hier_pbench.v(116)
#    Time: 3305 ns  Iteration: 0  Instance: /proc_hier_pbench
# End time: 15:23:45 on Nov 10,2024, Elapsed time: 0:00:00
# Errors: 0, Warnings: 0
Full name to pass to Assemble.java: /u/s/i/sinclair/courses/cs552/spring2022/handouts/testprograms/public/complex_demo2/pipeTest.asm
Created the following files
loadfile_0.img
loadfile_1.img
loadfile_2.img
loadfile_3.img
loadfile_all.img
loadfile.lst
Reading pref.tcl

# 10.7c

# vsim -c proc_hier_pbench -lib __work -voptargs="+acc" -wlf dump.wlf -do "log -howmany -rec /* ; run -all" 
# Start time: 15:23:46 on Nov 10,2024
# //  ModelSim DE 10.7c Aug 17 2018Linux 5.15.0-125-generic
# //
# //  Copyright 1991-2018 Mentor Graphics Corporation
# //  All Rights Reserved.
# //
# //  ModelSim DE and its associated documentation contain trade
# //  secrets and commercial or financial information that are the property of
# //  Mentor Graphics Corporation and are privileged, confidential,
# //  and exempt from disclosure under the Freedom of Information Act,
# //  5 U.S.C. Section 552. Furthermore, this information
# //  is prohibited from disclosure under the Trade Secrets Act,
# //  18 U.S.C. Section 1905.
# //
# Loading __work.proc_hier_pbench
# Loading __work.proc_hier
# Loading __work.clkrst
# Loading __work.proc
# Loading __work.fetch
# Loading __work.register
# Loading __work.memory2c
# Loading __work.cla_16b
# Loading __work.IFID_latch
# Loading __work.stall_mech
# Loading __work.decode
# Loading __work.regFile_bypass
# Loading __work.regFile
# Loading __work.shifter
# Loading __work.bit_shift
# Loading __work.bit_2shift
# Loading __work.bit_4shift
# Loading __work.bit_8shift
# Loading __work.alu_control
# Loading __work.control
# Loading __work.IDEX_latch
# Loading __work.dff
# Loading __work.execute
# Loading __work.alu
# Loading __work.brchcnd
# Loading __work.EXDM_latch
# Loading __work.memory
# Loading __work.DMWB_latch
# Loading __work.wb
# Loading __work.cla_4b
# Loading __work.xor2
# Loading __work.nand2
# Loading __work.cla_1b
# log -howmany -rec /* 
# 4562
#  run -all
# Hello world...simulation starting
# See verilogsim.log and verilogsim.ptrace for output
# ** Note: $finish    : proc_hier_pbench.v(116)
#    Time: 6805 ns  Iteration: 0  Instance: /proc_hier_pbench
# End time: 15:23:46 on Nov 10,2024, Elapsed time: 0:00:00
# Errors: 0, Warnings: 0
Full name to pass to Assemble.java: /u/s/i/sinclair/courses/cs552/spring2022/handouts/testprograms/public/complex_demo2/stallTest.asm
Created the following files
loadfile_0.img
loadfile_1.img
loadfile_2.img
loadfile_3.img
loadfile_all.img
loadfile.lst
Reading pref.tcl

# 10.7c

# vsim -c proc_hier_pbench -lib __work -voptargs="+acc" -wlf dump.wlf -do "log -howmany -rec /* ; run -all" 
# Start time: 15:23:47 on Nov 10,2024
# //  ModelSim DE 10.7c Aug 17 2018Linux 5.15.0-125-generic
# //
# //  Copyright 1991-2018 Mentor Graphics Corporation
# //  All Rights Reserved.
# //
# //  ModelSim DE and its associated documentation contain trade
# //  secrets and commercial or financial information that are the property of
# //  Mentor Graphics Corporation and are privileged, confidential,
# //  and exempt from disclosure under the Freedom of Information Act,
# //  5 U.S.C. Section 552. Furthermore, this information
# //  is prohibited from disclosure under the Trade Secrets Act,
# //  18 U.S.C. Section 1905.
# //
# Loading __work.proc_hier_pbench
# Loading __work.proc_hier
# Loading __work.clkrst
# Loading __work.proc
# Loading __work.fetch
# Loading __work.register
# Loading __work.memory2c
# Loading __work.cla_16b
# Loading __work.IFID_latch
# Loading __work.stall_mech
# Loading __work.decode
# Loading __work.regFile_bypass
# Loading __work.regFile
# Loading __work.shifter
# Loading __work.bit_shift
# Loading __work.bit_2shift
# Loading __work.bit_4shift
# Loading __work.bit_8shift
# Loading __work.alu_control
# Loading __work.control
# Loading __work.IDEX_latch
# Loading __work.dff
# Loading __work.execute
# Loading __work.alu
# Loading __work.brchcnd
# Loading __work.EXDM_latch
# Loading __work.memory
# Loading __work.DMWB_latch
# Loading __work.wb
# Loading __work.cla_4b
# Loading __work.xor2
# Loading __work.nand2
# Loading __work.cla_1b
# log -howmany -rec /* 
# 4562
#  run -all
# Hello world...simulation starting
# See verilogsim.log and verilogsim.ptrace for output
# ** Note: $finish    : proc_hier_pbench.v(116)
#    Time: 20905 ns  Iteration: 0  Instance: /proc_hier_pbench
# End time: 15:23:47 on Nov 10,2024, Elapsed time: 0:00:00
# Errors: 0, Warnings: 0
