SIMLOG:: Cycle           4 PC: 00000000 I: 00000000 R: 0   0 00000000 M: 0 0 00000000 00000000
SIMLOG:: Cycle           5 PC: 00000000 I: 00000800 R: 0   0 00000000 M: 0 0 00000000 00000000
SIMLOG:: Cycle           6 PC: 00000000 I: 00000800 R: 0   0 00000000 M: 0 0 00000000 00000000
SIMLOG:: Cycle           7 PC: 00000002 I: 0000c09a R: 0   0 00000000 M: 0 0 00000000 00000000
SIMLOG:: Cycle           8 PC: 00000002 I: 00000800 R: 0   0 00000000 M: 0 0 00000000 00000000
SIMLOG:: Cycle           9 PC: 00000002 I: 00000800 R: 0   0 00000000 M: 0 0 0000ff9a 00000000
SIMLOG:: Cycle          10 PC: 00000002 I: 00000800 R: 1   0 0000ff9a M: 0 0 00000000 00000000
SIMLOG:: Cycle          11 PC: 00000002 I: 00000800 R: 0   0 00000000 M: 0 0 00000000 00000000
SIMLOG:: Cycle          12 PC: 00000002 I: 00000800 R: 0   0 00000000 M: 0 0 0000ff34 0000ff9a
SIMLOG:: Cycle          13 PC: 00000004 I: 00009063 R: 0   0 0000ff34 M: 0 0 0000ff34 0000ff9a
SIMLOG:: Cycle          14 PC: 00000004 I: 00000800 R: 0   0 0000ff34 M: 0 0 0000ff34 0000ff9a
SIMLOG:: Cycle          15 PC: 00000004 I: 00000800 R: 0   0 0000ff34 M: 0 0 00009a63 00000000
SIMLOG:: Cycle          16 PC: 00000004 I: 00000800 R: 1   0 00009a63 M: 0 0 0000ff34 0000ff9a
SIMLOG:: Cycle          17 PC: 00000006 I: 0000c1c5 R: 0   0 0000ff34 M: 0 0 0000ff34 0000ff9a
SIMLOG:: Cycle          18 PC: 00000008 I: 0000916c R: 0   0 0000ff34 M: 0 0 000034c6 00009a63
SIMLOG:: Cycle          19 PC: 00000008 I: 0000916c R: 0   0 000034c6 M: 0 0 0000ffc5 00000000
SIMLOG:: Cycle          20 PC: 00000008 I: 0000916c R: 1   1 0000ffc5 M: 0 0 00000000 00000000
SIMLOG:: Cycle          21 PC: 0000000a I: 0000c279 R: 0   3 00000000 M: 0 0 00000000 00000000
SIMLOG:: Cycle          22 PC: 0000000a I: 00000800 R: 0   3 00000000 M: 0 0 0000c56c 00000000
SIMLOG:: Cycle          23 PC: 0000000c I: 00009283 R: 1   1 0000c56c M: 0 0 00000079 00000000
SIMLOG:: Cycle          24 PC: 0000000c I: 00009283 R: 1   2 00000079 M: 0 0 000034c6 00009a63
SIMLOG:: Cycle          25 PC: 0000000e I: 0000c326 R: 0   0 000034c6 M: 0 0 00000000 00000000
SIMLOG:: Cycle          26 PC: 0000000e I: 00000800 R: 0   4 00000000 M: 0 0 00007983 00000000
SIMLOG:: Cycle          27 PC: 0000000e I: 00000800 R: 1   2 00007983 M: 0 0 00000026 0000c56c
SIMLOG:: Cycle          28 PC: 0000000e I: 00000800 R: 1   3 00000026 M: 0 0 000034c6 00009a63
SIMLOG:: Cycle          29 PC: 0000000e I: 00000800 R: 0   0 000034c6 M: 0 0 000034c6 00009a63
SIMLOG:: Cycle          30 PC: 00000010 I: 000093ce R: 0   0 000034c6 M: 0 0 000034c6 00009a63
SIMLOG:: Cycle          31 PC: 00000010 I: 00000800 R: 0   0 000034c6 M: 0 0 000034c6 00009a63
SIMLOG:: Cycle          32 PC: 00000010 I: 00000800 R: 0   0 000034c6 M: 0 0 000026ce 00000000
SIMLOG:: Cycle          33 PC: 00000012 I: 0000c4c3 R: 1   3 000026ce M: 0 0 000034c6 00009a63
SIMLOG:: Cycle          34 PC: 00000012 I: 00000800 R: 0   0 000034c6 M: 0 0 000034c6 00009a63
SIMLOG:: Cycle          35 PC: 00000012 I: 00000800 R: 0   0 000034c6 M: 0 0 0000ffc3 00000000
SIMLOG:: Cycle          36 PC: 00000012 I: 00000800 R: 1   4 0000ffc3 M: 0 0 000034c6 00009a63
SIMLOG:: Cycle          37 PC: 00000012 I: 00000800 R: 0   0 000034c6 M: 0 0 000034c6 00009a63
SIMLOG:: Cycle          38 PC: 00000012 I: 00000800 R: 0   0 000034c6 M: 0 0 000034c6 00009a63
SIMLOG:: Cycle          39 PC: 00000014 I: 00009451 R: 0   0 000034c6 M: 0 0 000034c6 00009a63
SIMLOG:: Cycle          40 PC: 00000014 I: 00000800 R: 0   0 000034c6 M: 0 0 000034c6 00009a63
SIMLOG:: Cycle          41 PC: 00000014 I: 00000800 R: 0   0 000034c6 M: 0 0 0000c351 00007983
SIMLOG:: Cycle          42 PC: 00000016 I: 0000c5e4 R: 1   4 0000c351 M: 0 0 000034c6 00009a63
SIMLOG:: Cycle          43 PC: 00000016 I: 00000800 R: 0   0 000034c6 M: 0 0 000034c6 00009a63
SIMLOG:: Cycle          44 PC: 00000016 I: 00000800 R: 0   0 000034c6 M: 0 0 0000ffe4 00000000
SIMLOG:: Cycle          45 PC: 00000018 I: 0000953f R: 1   5 0000ffe4 M: 0 0 000034c6 00009a63
SIMLOG:: Cycle          46 PC: 00000018 I: 00000800 R: 0   0 000034c6 M: 0 0 000034c6 00009a63
SIMLOG:: Cycle          47 PC: 0000001a I: 0000c6fb R: 0   0 000034c6 M: 0 0 0000e43f 0000c56c
SIMLOG:: Cycle          48 PC: 0000001a I: 00000800 R: 1   5 0000e43f M: 0 0 000034c6 00009a63
SIMLOG:: Cycle          49 PC: 0000001c I: 000096f9 R: 0   0 000034c6 M: 0 0 0000fffb 00000000
SIMLOG:: Cycle          50 PC: 0000001c I: 000096f9 R: 1   6 0000fffb M: 0 0 000034c6 00009a63
SIMLOG:: Cycle          51 PC: 0000001c I: 00000800 R: 0   0 000034c6 M: 0 0 00000000 00000000
SIMLOG:: Cycle          52 PC: 0000001c I: 00000800 R: 0   7 00000000 M: 0 0 0000fbf9 00000000
SIMLOG:: Cycle          53 PC: 0000001e I: 0000c76c R: 1   6 0000fbf9 M: 0 0 000034c6 00009a63
SIMLOG:: Cycle          54 PC: 0000001e I: 00000800 R: 0   0 000034c6 M: 0 0 000034c6 00009a63
SIMLOG:: Cycle          55 PC: 00000020 I: 0000972e R: 0   0 000034c6 M: 0 0 0000006c 000026ce
SIMLOG:: Cycle          56 PC: 00000020 I: 0000972e R: 1   7 0000006c M: 0 0 000034c6 00009a63
SIMLOG:: Cycle          57 PC: 00000022 I: 00005ec1 R: 0   0 000034c6 M: 0 0 0000c56c 0000c56c
SIMLOG:: Cycle          58 PC: 00000022 I: 00000800 R: 0   1 0000c56c M: 0 0 00006c2e 0000c56c
SIMLOG:: Cycle          59 PC: 00000022 I: 00000800 R: 1   7 00006c2e M: 0 0 0000fbf8 0000fbf9
SIMLOG:: Cycle          60 PC: 00000022 I: 00000800 R: 1   6 0000fbf8 M: 0 0 000034c6 00009a63
SIMLOG:: Cycle          61 PC: 00000022 I: 00000800 R: 0   0 000034c6 M: 0 0 000034c6 00009a63
SIMLOG:: Cycle          62 PC: 00000024 I: 000086e4 R: 0   0 000034c6 M: 0 0 000034c6 00009a63
SIMLOG:: Cycle          63 PC: 00000024 I: 00000800 R: 0   0 000034c6 M: 0 0 000034c6 00009a63
SIMLOG:: Cycle          64 PC: 00000024 I: 00000800 R: 0   0 000034c6 M: 0 1 0000fbfc 00006c2e
SIMLOG:: Cycle          65 PC: 00000026 I: 00005921 R: 0   7 00000000 M: 0 0 000034c6 00009a63
SIMLOG:: Cycle          66 PC: 00000026 I: 00000800 R: 0   0 000034c6 M: 0 0 000034c6 00009a63
SIMLOG:: Cycle          67 PC: 00000026 I: 00000800 R: 0   0 000034c6 M: 0 0 0000c56c 0000c56c
SIMLOG:: Cycle          68 PC: 00000026 I: 00000800 R: 1   1 0000c56c M: 0 0 000034c6 00009a63
SIMLOG:: Cycle          69 PC: 00000026 I: 00000800 R: 0   0 000034c6 M: 0 0 000034c6 00009a63
SIMLOG:: Cycle          70 PC: 00000026 I: 00000800 R: 0   0 000034c6 M: 0 0 000034c6 00009a63
SIMLOG:: Cycle          71 PC: 00000028 I: 000081a2 R: 0   0 000034c6 M: 0 0 000034c6 00009a63
SIMLOG:: Cycle          72 PC: 00000028 I: 00000800 R: 0   0 000034c6 M: 0 0 000034c6 00009a63
SIMLOG:: Cycle          73 PC: 00000028 I: 00000800 R: 0   0 000034c6 M: 0 1 0000c56e 0000e43f
SIMLOG:: Cycle          74 PC: 0000002a I: 00005801 R: 0   5 00000000 M: 0 0 000034c6 00009a63
SIMLOG:: Cycle          75 PC: 0000002a I: 00000800 R: 0   0 000034c6 M: 0 0 000034c6 00009a63
SIMLOG:: Cycle          76 PC: 0000002a I: 00000800 R: 0   0 000034c6 M: 0 0 00009a62 00009a63
SIMLOG:: Cycle          77 PC: 0000002a I: 00000800 R: 1   0 00009a62 M: 0 0 000034c6 00009a63
SIMLOG:: Cycle          78 PC: 0000002a I: 00000800 R: 0   0 000034c6 M: 0 0 000034c6 00009a63
SIMLOG:: Cycle          79 PC: 0000002c I: 000080c8 R: 0   0 000034c6 M: 0 0 000034c4 00009a62
SIMLOG:: Cycle          80 PC: 0000002c I: 00000800 R: 0   0 000034c4 M: 0 0 000034c4 00009a62
SIMLOG:: Cycle          81 PC: 0000002e I: 00005ec1 R: 0   0 000034c4 M: 0 1 00009a6a 0000fbf8
SIMLOG:: Cycle          82 PC: 00000030 I: 000086a2 R: 0   6 00000000 M: 0 0 000034c4 00009a62
SIMLOG:: Cycle          83 PC: 00000030 I: 000086a2 R: 0   0 000034c4 M: 0 0 0000fbf8 0000fbf8
SIMLOG:: Cycle          84 PC: 00000030 I: 000086a2 R: 1   6 0000fbf8 M: 0 0 0000e037 0000e43f
SIMLOG:: Cycle          85 PC: 00000032 I: 00005b61 R: 0   5 0000e037 M: 0 0 0000e037 0000e43f
SIMLOG:: Cycle          86 PC: 00000032 I: 00000800 R: 0   5 0000e037 M: 0 1 0000fbfa 0000e43f
SIMLOG:: Cycle          87 PC: 00000034 I: 00008304 R: 0   5 00000000 M: 0 0 000026ce 000026ce
SIMLOG:: Cycle          88 PC: 00000034 I: 00008304 R: 1   3 000026ce M: 0 0 000034c4 00009a62
SIMLOG:: Cycle          89 PC: 00000036 I: 00005801 R: 0   0 000034c4 M: 0 0 0000c130 00009a62
SIMLOG:: Cycle          90 PC: 00000036 I: 00000800 R: 0   0 0000c130 M: 0 0 000026d2 00009a62
SIMLOG:: Cycle          91 PC: 00000036 I: 00000800 R: 0   0 00000034 M: 0 0 000026d2 00009a62
SIMLOG:: Cycle          92 PC: 00000036 I: 00000800 R: 0   0 00000034 M: 0 0 000026d2 00009a62
SIMLOG:: Cycle          93 PC: 00000036 I: 00000800 R: 0   0 00000034 M: 0 1 000026d2 00009a62
SIMLOG:: Cycle          94 PC: 00000038 I: 000080aa R: 0   0 00000000 M: 0 0 000034c4 00009a62
SIMLOG:: Cycle          95 PC: 00000038 I: 00000800 R: 0   0 000034c4 M: 0 0 000034c4 00009a62
SIMLOG:: Cycle          96 PC: 00000038 I: 00000800 R: 0   0 000034c4 M: 0 1 00009a6c 0000e43f
SIMLOG:: Cycle          97 PC: 0000003a I: 00005c81 R: 0   5 00000000 M: 0 0 000034c4 00009a62
SIMLOG:: Cycle          98 PC: 0000003a I: 00000800 R: 0   0 000034c4 M: 0 0 000034c4 00009a62
SIMLOG:: Cycle          99 PC: 0000003a I: 00000800 R: 0   0 000034c4 M: 0 0 0000c350 0000c351
SIMLOG:: Cycle         100 PC: 0000003a I: 00000800 R: 1   4 0000c350 M: 0 0 000034c4 00009a62
SIMLOG:: Cycle         101 PC: 0000003a I: 00000800 R: 0   0 000034c4 M: 0 0 000034c4 00009a62
SIMLOG:: Cycle         102 PC: 0000003a I: 00000800 R: 0   0 000034c4 M: 0 0 000034c4 00009a62
SIMLOG:: Cycle         103 PC: 0000003c I: 00008400 R: 0   0 000034c4 M: 0 0 000034c4 00009a62
SIMLOG:: Cycle         104 PC: 0000003c I: 00000800 R: 0   0 000034c4 M: 0 0 000034c4 00009a62
SIMLOG:: Cycle         105 PC: 0000003c I: 00000800 R: 0   0 000034c4 M: 0 1 0000c350 00009a62
SIMLOG:: Cycle         106 PC: 0000003e I: 00005a41 R: 0   0 00000000 M: 0 0 000034c4 00009a62
SIMLOG:: Cycle         107 PC: 0000003e I: 00000800 R: 0   0 000034c4 M: 0 0 000034c4 00009a62
SIMLOG:: Cycle         108 PC: 0000003e I: 00000800 R: 0   0 000034c4 M: 0 0 00007982 00007983
SIMLOG:: Cycle         109 PC: 00000040 I: 0000828c R: 1   2 00007982 M: 0 0 000034c4 00009a62
SIMLOG:: Cycle         110 PC: 00000040 I: 00000800 R: 0   0 000034c4 M: 0 0 000034c4 00009a62
SIMLOG:: Cycle         111 PC: 00000042 I: 00005c81 R: 0   0 000034c4 M: 0 0 0000798e 0000c350
SIMLOG:: Cycle         112 PC: 00000042 I: 00005c81 R: 0   0 00000040 M: 0 1 0000798e 0000c350
SIMLOG:: Cycle         113 PC: 00000044 I: 00008484 R: 0   4 00000000 M: 0 0 000086a0 0000c350
SIMLOG:: Cycle         114 PC: 00000044 I: 00008484 R: 0   4 000086a0 M: 0 0 0000c350 0000c350
SIMLOG:: Cycle         115 PC: 00000044 I: 00008484 R: 1   4 0000c350 M: 0 0 000086a0 0000c350
SIMLOG:: Cycle         116 PC: 00000044 I: 00000800 R: 0   4 000086a0 M: 0 0 000086a0 0000c350
SIMLOG:: Cycle         117 PC: 00000046 I: 00005b61 R: 0   4 000086a0 M: 0 0 0000c354 0000c350
SIMLOG:: Cycle         118 PC: 00000046 I: 00005b61 R: 0   0 00000044 M: 0 1 0000c354 0000c350
SIMLOG:: Cycle         119 PC: 00000048 I: 0000832c R: 0   4 00000000 M: 0 0 00004d9c 000026ce
SIMLOG:: Cycle         120 PC: 00000048 I: 0000832c R: 0   3 00004d9c M: 0 0 000026ce 000026ce
SIMLOG:: Cycle         121 PC: 00000048 I: 0000832c R: 1   3 000026ce M: 0 0 0000ec3a 0000c56c
SIMLOG:: Cycle         122 PC: 00000048 I: 00000800 R: 0   1 0000ec3a M: 0 0 0000ec3a 0000c56c
SIMLOG:: Cycle         123 PC: 00000048 I: 00000800 R: 0   1 0000ec3a M: 0 0 000026da 0000c56c
SIMLOG:: Cycle         124 PC: 00000048 I: 00000800 R: 0   0 00000048 M: 0 0 000026da 0000c56c
SIMLOG:: Cycle         125 PC: 00000048 I: 00000800 R: 0   0 00000048 M: 0 1 000026da 0000c56c
SIMLOG:: Cycle         126 PC: 0000004a I: 00005ec1 R: 0   1 00000000 M: 0 0 000034c4 00009a62
SIMLOG:: Cycle         127 PC: 0000004a I: 00000800 R: 0   0 000034c4 M: 0 0 000034c4 00009a62
SIMLOG:: Cycle         128 PC: 0000004a I: 00000800 R: 0   0 000034c4 M: 0 0 0000fbf8 0000fbf8
SIMLOG:: Cycle         129 PC: 0000004c I: 0000864e R: 1   6 0000fbf8 M: 0 0 000034c4 00009a62
SIMLOG:: Cycle         130 PC: 0000004c I: 00000800 R: 0   0 000034c4 M: 0 0 000034c4 00009a62
SIMLOG:: Cycle         131 PC: 0000004c I: 00000800 R: 0   0 000034c4 M: 0 0 0000fc06 00007982
SIMLOG:: Cycle         132 PC: 0000004c I: 00000800 R: 0   0 0000004c M: 0 0 0000fc06 00007982
SIMLOG:: Cycle         133 PC: 0000004c I: 00000800 R: 0   0 0000004c M: 0 0 0000fc06 00007982
SIMLOG:: Cycle         134 PC: 0000004c I: 00000800 R: 0   0 0000004c M: 0 1 0000fc06 00007982
SIMLOG:: Cycle         135 PC: 0000004e I: 00005da1 R: 0   2 00000000 M: 0 0 000034c4 00009a62
SIMLOG:: Cycle         136 PC: 0000004e I: 00000800 R: 0   0 000034c4 M: 0 0 000034c4 00009a62
SIMLOG:: Cycle         137 PC: 0000004e I: 00000800 R: 0   0 000034c4 M: 0 0 0000e43e 0000e43f
SIMLOG:: Cycle         138 PC: 00000050 I: 000085cc R: 1   5 0000e43e M: 0 0 000034c4 00009a62
SIMLOG:: Cycle         139 PC: 00000050 I: 00000800 R: 0   0 000034c4 M: 0 0 000034c4 00009a62
SIMLOG:: Cycle         140 PC: 00000050 I: 00000800 R: 0   0 000034c4 M: 0 1 0000e44a 0000fbf8
SIMLOG:: Cycle         141 PC: 00000052 I: 00005ec1 R: 0   6 00000000 M: 0 0 000034c4 00009a62
SIMLOG:: Cycle         142 PC: 00000052 I: 00000800 R: 0   0 000034c4 M: 0 0 000034c4 00009a62
SIMLOG:: Cycle         143 PC: 00000054 I: 000086ec R: 0   0 000034c4 M: 0 0 0000fbf8 0000fbf8
SIMLOG:: Cycle         144 PC: 00000054 I: 000086ec R: 1   6 0000fbf8 M: 0 0 000034c4 00009a62
SIMLOG:: Cycle         145 PC: 00000056 I: 00005c81 R: 0   0 000034c4 M: 0 0 00006826 00006c2e
SIMLOG:: Cycle         146 PC: 00000058 I: 00008406 R: 0   7 00006826 M: 0 0 0000fc04 00006c2e
SIMLOG:: Cycle         147 PC: 00000058 I: 00008406 R: 0   0 00000054 M: 0 0 0000fc04 00006c2e
SIMLOG:: Cycle         148 PC: 00000058 I: 00008406 R: 0   0 00000054 M: 0 1 0000fc04 00006c2e
SIMLOG:: Cycle         149 PC: 0000005a I: 00005b61 R: 0   7 00000000 M: 0 0 00005db2 00009a62
SIMLOG:: Cycle         150 PC: 0000005a I: 00000800 R: 0   0 00005db2 M: 0 1 0000c356 00009a62
SIMLOG:: Cycle         151 PC: 0000005c I: 000083a4 R: 0   0 00000000 M: 0 0 000026ce 000026ce
SIMLOG:: Cycle         152 PC: 0000005c I: 000083a4 R: 1   3 000026ce M: 0 0 000034c4 00009a62
SIMLOG:: Cycle         153 PC: 0000005e I: 00005fe1 R: 0   0 000034c4 M: 0 0 00000b0c 0000e43e
SIMLOG:: Cycle         154 PC: 0000005e I: 00000800 R: 0   5 00000b0c M: 0 0 000026d2 0000e43e
SIMLOG:: Cycle         155 PC: 0000005e I: 00000800 R: 0   0 0000005c M: 0 0 000026d2 0000e43e
SIMLOG:: Cycle         156 PC: 0000005e I: 00000800 R: 0   0 0000005c M: 0 0 000026d2 0000e43e
SIMLOG:: Cycle         157 PC: 0000005e I: 00000800 R: 0   0 0000005c M: 0 1 000026d2 0000e43e
SIMLOG:: Cycle         158 PC: 00000060 I: 000087ec R: 0   5 00000000 M: 0 0 000034c4 00009a62
SIMLOG:: Cycle         159 PC: 00000060 I: 00000800 R: 0   0 000034c4 M: 0 0 000034c4 00009a62
SIMLOG:: Cycle         160 PC: 00000060 I: 00000800 R: 0   0 000034c4 M: 0 1 00006c3a 00006c2e
SIMLOG:: Cycle         161 PC: 00000062 I: 00000000 R: 0   7 00000000 M: 0 0 000034c4 00009a62
SIMLOG:: Cycle         162 PC: 00000062 I: 00000000 R: 0   0 000034c4 M: 0 0 000034c4 00009a62
SIMLOG:: Cycle         163 PC: 00000062 I: 00000000 R: 0   0 000034c4 M: 0 0 000034c4 00009a62
SIMLOG:: Processor halted

SIMLOG:: sim_cycles         163

SIMLOG:: inst_count          46

SIMLOG:: dcachehit_count           0

SIMLOG:: icachehit_count           0

SIMLOG:: dcachereq_count           0

SIMLOG:: icachereq_count           0

