SIMLOG:: Cycle           4 PC: 00000000 I: 00000800 R: 0   0 00000000 M: 0 0 00000000 00000000
SIMLOG:: Cycle           5 PC: 00000000 I: 00000800 R: 0   0 00000000 M: 0 0 00000000 00000000
SIMLOG:: Cycle           6 PC: 00000000 I: 00000800 R: 0   0 00000000 M: 0 0 00000000 00000000
SIMLOG:: Cycle           7 PC: 00000000 I: 00000800 R: 0   0 00000000 M: 0 0 00000000 00000000
SIMLOG:: Cycle           8 PC: 00000000 I: 00000800 R: 0   0 00000000 M: 0 0 00000000 00000000
SIMLOG:: Cycle           9 PC: 00000000 I: 00000800 R: 0   0 00000000 M: 0 0 00000000 00000000
SIMLOG:: Cycle          10 PC: 00000000 I: 00000800 R: 0   0 00000000 M: 0 0 00000000 00000000
SIMLOG:: Cycle          11 PC: 00000000 I: 00000800 R: 0   0 00000000 M: 0 0 00000000 00000000
SIMLOG:: Cycle          12 PC: 00000002 I: 0000c080 R: 0   0 00000000 M: 0 0 00000000 00000000
SIMLOG:: Cycle          13 PC: 00000004 I: 0000c12d R: 0   0 00000000 M: 0 0 00000000 00000000
SIMLOG:: Cycle          14 PC: 00000006 I: 00008030 R: 0   0 00000000 M: 0 0 0000ff80 00000000
SIMLOG:: Cycle          15 PC: 00000008 I: 00000000 R: 1   0 0000ff80 M: 0 0 0000002d 00000000
SIMLOG:: Cycle          16 PC: 00000008 I: 00000800 R: 1   1 0000002d M: 0 0 0000ff70 0000002d
SIMLOG:: Cycle          17 PC: 00000008 I: 00000800 R: 0   0 00000006 M: 0 0 0000ff70 0000002d
SIMLOG:: Cycle          18 PC: 00000008 I: 00000800 R: 0   0 00000006 M: 0 0 0000ff70 0000002d
SIMLOG:: Cycle          19 PC: 00000008 I: 00000800 R: 0   0 00000006 M: 0 0 0000ff70 0000002d
SIMLOG:: Cycle          20 PC: 00000008 I: 00000800 R: 0   0 00000006 M: 0 0 0000ff70 0000002d
SIMLOG:: Cycle          21 PC: 00000008 I: 00000800 R: 0   0 00000006 M: 0 0 0000ff70 0000002d
SIMLOG:: Cycle          22 PC: 00000008 I: 00000800 R: 0   0 00000006 M: 0 0 0000ff70 0000002d
SIMLOG:: Cycle          23 PC: 00000008 I: 00000800 R: 0   0 00000006 M: 0 0 0000ff70 0000002d
SIMLOG:: Cycle          24 PC: 00000008 I: 00000800 R: 0   0 00000006 M: 0 1 0000ff70 0000002d
SIMLOG:: Cycle          25 PC: 0000000a I: 00000000 R: 0   1 0000002d M: 0 0 0000ff00 0000ff80
SIMLOG:: Processor halted

SIMLOG:: sim_cycles          25

SIMLOG:: inst_count           4

SIMLOG:: dcachehit_count           1

SIMLOG:: icachehit_count           1

SIMLOG:: dcachereq_count           1

SIMLOG:: icachereq_count           1

