/u/s/i/sinclair/courses/cs552/spring2022/handouts/testprograms/public/rand_final/ldld_rand_large.asm SUCCESS CPI:2.3 CYCLES:2429 ICOUNT:1035 IHITRATE: 98.4 DHITRATE: 79.3
/u/s/i/sinclair/courses/cs552/spring2022/handouts/testprograms/public/rand_final/ldld_rand_small.asm SUCCESS CPI:2.3 CYCLES:2429 ICOUNT:1035 IHITRATE: 98.4 DHITRATE: 79.3
/u/s/i/sinclair/courses/cs552/spring2022/handouts/testprograms/public/rand_final/ldst_rand_large.asm SUCCESS CPI:2.7 CYCLES:2700 ICOUNT:1010 IHITRATE: 97.3 DHITRATE: 58.1
/u/s/i/sinclair/courses/cs552/spring2022/handouts/testprograms/public/rand_final/ldst_rand_small.asm SUCCESS CPI:2.5 CYCLES:2460 ICOUNT:994 IHITRATE: 97.0 DHITRATE: 70.7
/u/s/i/sinclair/courses/cs552/spring2022/handouts/testprograms/public/rand_final/t_100_all.asm SUCCESS CPI:4.2 CYCLES:1340 ICOUNT:321 IHITRATE: 24.6 DHITRATE: 28.9
/u/s/i/sinclair/courses/cs552/spring2022/handouts/testprograms/public/rand_final/t_100_ctrl.asm SUCCESS CPI:4.2 CYCLES:2583 ICOUNT:619 IHITRATE: 23.7 DHITRATE: 34.8
/u/s/i/sinclair/courses/cs552/spring2022/handouts/testprograms/public/rand_final/t_100_icache.asm SUCCESS CPI:46.5 CYCLES:884 ICOUNT:19 IHITRATE: 9.8 DHITRATE: 0
/u/s/i/sinclair/courses/cs552/spring2022/handouts/testprograms/public/rand_final/t_100_idcache.asm SUCCESS CPI:7.2 CYCLES:2885 ICOUNT:401 IHITRATE: 50.8 DHITRATE: 10.6
/u/s/i/sinclair/courses/cs552/spring2022/handouts/testprograms/public/rand_final/t_100_mem.asm SUCCESS CPI:4.4 CYCLES:6210 ICOUNT:1415 IHITRATE: 30.3 DHITRATE: 68.5
/u/s/i/sinclair/courses/cs552/spring2022/handouts/testprograms/public/rand_final/t_101_all.asm SUCCESS CPI:4.0 CYCLES:1723 ICOUNT:430 IHITRATE: 24.5 DHITRATE: 28.9
/u/s/i/sinclair/courses/cs552/spring2022/handouts/testprograms/public/rand_final/t_101_ctrl.asm SUCCESS CPI:3.9 CYCLES:3178 ICOUNT:807 IHITRATE: 25.2 DHITRATE: 37.7
/u/s/i/sinclair/courses/cs552/spring2022/handouts/testprograms/public/rand_final/t_101_icache.asm SUCCESS CPI:25.7 CYCLES:1054 ICOUNT:41 IHITRATE: 12.4 DHITRATE: 0
/u/s/i/sinclair/courses/cs552/spring2022/handouts/testprograms/public/rand_final/t_101_idcache.asm SUCCESS CPI:6.9 CYCLES:2847 ICOUNT:413 IHITRATE: 52.9 DHITRATE: 10.7
/u/s/i/sinclair/courses/cs552/spring2022/handouts/testprograms/public/rand_final/t_101_mem.asm SUCCESS CPI:4.4 CYCLES:6229 ICOUNT:1406 IHITRATE: 30.0 DHITRATE: 69.9
/u/s/i/sinclair/courses/cs552/spring2022/handouts/testprograms/public/rand_final/t_102_all.asm SUCCESS CPI:4.0 CYCLES:1428 ICOUNT:353 IHITRATE: 24.6 DHITRATE: 20.0
/u/s/i/sinclair/courses/cs552/spring2022/handouts/testprograms/public/rand_final/t_102_ctrl.asm SUCCESS CPI:3.9 CYCLES:3200 ICOUNT:816 IHITRATE: 25.1 DHITRATE: 30.4
/u/s/i/sinclair/courses/cs552/spring2022/handouts/testprograms/public/rand_final/t_102_icache.asm SUCCESS CPI:20.3 CYCLES:1197 ICOUNT:59 IHITRATE: 12.1 DHITRATE: 0
/u/s/i/sinclair/courses/cs552/spring2022/handouts/testprograms/public/rand_final/t_102_idcache.asm SUCCESS CPI:7.9 CYCLES:2630 ICOUNT:335 IHITRATE: 50.7 DHITRATE: 9.8
/u/s/i/sinclair/courses/cs552/spring2022/handouts/testprograms/public/rand_final/t_102_mem.asm SUCCESS CPI:4.2 CYCLES:6352 ICOUNT:1506 IHITRATE: 28.8 DHITRATE: 78.0
/u/s/i/sinclair/courses/cs552/spring2022/handouts/testprograms/public/rand_final/t_103_all.asm SUCCESS CPI:3.7 CYCLES:1651 ICOUNT:443 IHITRATE: 25.7 DHITRATE: 21.4
/u/s/i/sinclair/courses/cs552/spring2022/handouts/testprograms/public/rand_final/t_103_ctrl.asm SUCCESS CPI:4.0 CYCLES:3107 ICOUNT:784 IHITRATE: 25.0 DHITRATE: 31.2
/u/s/i/sinclair/courses/cs552/spring2022/handouts/testprograms/public/rand_final/t_103_icache.asm SUCCESS CPI:9.9 CYCLES:1224 ICOUNT:124 IHITRATE: 13.5 DHITRATE: 0
/u/s/i/sinclair/courses/cs552/spring2022/handouts/testprograms/public/rand_final/t_103_idcache.asm SUCCESS CPI:7.2 CYCLES:2675 ICOUNT:374 IHITRATE: 51.8 DHITRATE: 10.6
/u/s/i/sinclair/courses/cs552/spring2022/handouts/testprograms/public/rand_final/t_103_mem.asm SUCCESS CPI:4.3 CYCLES:6211 ICOUNT:1451 IHITRATE: 28.5 DHITRATE: 82.0
/u/s/i/sinclair/courses/cs552/spring2022/handouts/testprograms/public/rand_final/t_104_all.asm SUCCESS CPI:3.9 CYCLES:1716 ICOUNT:445 IHITRATE: 24.8 DHITRATE: 21.6
/u/s/i/sinclair/courses/cs552/spring2022/handouts/testprograms/public/rand_final/t_104_ctrl.asm SUCCESS CPI:4.0 CYCLES:2938 ICOUNT:735 IHITRATE: 24.7 DHITRATE: 28.8
/u/s/i/sinclair/courses/cs552/spring2022/handouts/testprograms/public/rand_final/t_104_icache.asm SUCCESS CPI:20.1 CYCLES:943 ICOUNT:47 IHITRATE: 11.5 DHITRATE: 0
/u/s/i/sinclair/courses/cs552/spring2022/handouts/testprograms/public/rand_final/t_104_idcache.asm SUCCESS CPI:8.3 CYCLES:2587 ICOUNT:311 IHITRATE: 53.1 DHITRATE: 9.9
/u/s/i/sinclair/courses/cs552/spring2022/handouts/testprograms/public/rand_final/t_104_mem.asm SUCCESS CPI:4.3 CYCLES:6479 ICOUNT:1521 IHITRATE: 29.6 DHITRATE: 75.9
/u/s/i/sinclair/courses/cs552/spring2022/handouts/testprograms/public/rand_final/t_105_all.asm SUCCESS CPI:3.9 CYCLES:1708 ICOUNT:442 IHITRATE: 25.2 DHITRATE: 20.0
/u/s/i/sinclair/courses/cs552/spring2022/handouts/testprograms/public/rand_final/t_105_ctrl.asm SUCCESS CPI:4.0 CYCLES:3069 ICOUNT:773 IHITRATE: 24.6 DHITRATE: 28.3
/u/s/i/sinclair/courses/cs552/spring2022/handouts/testprograms/public/rand_final/t_105_icache.asm SUCCESS CPI:13.9 CYCLES:1030 ICOUNT:74 IHITRATE: 12.7 DHITRATE: 0
/u/s/i/sinclair/courses/cs552/spring2022/handouts/testprograms/public/rand_final/t_105_idcache.asm SUCCESS CPI:7.9 CYCLES:2643 ICOUNT:335 IHITRATE: 51.2 DHITRATE: 9.1
/u/s/i/sinclair/courses/cs552/spring2022/handouts/testprograms/public/rand_final/t_105_mem.asm SUCCESS CPI:4.3 CYCLES:6124 ICOUNT:1422 IHITRATE: 29.1 DHITRATE: 74.0
/u/s/i/sinclair/courses/cs552/spring2022/handouts/testprograms/public/rand_final/t_106_all.asm SUCCESS CPI:3.9 CYCLES:1777 ICOUNT:452 IHITRATE: 24.6 DHITRATE: 28.4
/u/s/i/sinclair/courses/cs552/spring2022/handouts/testprograms/public/rand_final/t_106_ctrl.asm SUCCESS CPI:3.9 CYCLES:3013 ICOUNT:781 IHITRATE: 25.5 DHITRATE: 29.1
/u/s/i/sinclair/courses/cs552/spring2022/handouts/testprograms/public/rand_final/t_106_icache.asm SUCCESS CPI:28.4 CYCLES:1079 ICOUNT:38 IHITRATE: 11.5 DHITRATE: 0
/u/s/i/sinclair/courses/cs552/spring2022/handouts/testprograms/public/rand_final/t_106_idcache.asm SUCCESS CPI:8.4 CYCLES:2731 ICOUNT:326 IHITRATE: 50.7 DHITRATE: 10.5
/u/s/i/sinclair/courses/cs552/spring2022/handouts/testprograms/public/rand_final/t_106_mem.asm SUCCESS CPI:4.4 CYCLES:6193 ICOUNT:1410 IHITRATE: 30.0 DHITRATE: 70.1
/u/s/i/sinclair/courses/cs552/spring2022/handouts/testprograms/public/rand_final/t_107_all.asm SUCCESS CPI:3.9 CYCLES:1620 ICOUNT:415 IHITRATE: 24.8 DHITRATE: 22.8
/u/s/i/sinclair/courses/cs552/spring2022/handouts/testprograms/public/rand_final/t_107_ctrl.asm SUCCESS CPI:3.9 CYCLES:2998 ICOUNT:759 IHITRATE: 24.8 DHITRATE: 31.5
/u/s/i/sinclair/courses/cs552/spring2022/handouts/testprograms/public/rand_final/t_107_icache.asm SUCCESS CPI:19.6 CYCLES:1000 ICOUNT:51 IHITRATE: 11.4 DHITRATE: 0
/u/s/i/sinclair/courses/cs552/spring2022/handouts/testprograms/public/rand_final/t_107_idcache.asm SUCCESS CPI:8.5 CYCLES:2779 ICOUNT:326 IHITRATE: 49.5 DHITRATE: 12.1
/u/s/i/sinclair/courses/cs552/spring2022/handouts/testprograms/public/rand_final/t_107_mem.asm SUCCESS CPI:4.4 CYCLES:6104 ICOUNT:1400 IHITRATE: 29.5 DHITRATE: 71.9
/u/s/i/sinclair/courses/cs552/spring2022/handouts/testprograms/public/rand_final/t_108_all.asm SUCCESS CPI:3.7 CYCLES:1656 ICOUNT:451 IHITRATE: 26.0 DHITRATE: 23.0
/u/s/i/sinclair/courses/cs552/spring2022/handouts/testprograms/public/rand_final/t_108_ctrl.asm SUCCESS CPI:3.9 CYCLES:3096 ICOUNT:798 IHITRATE: 24.5 DHITRATE: 35.8
/u/s/i/sinclair/courses/cs552/spring2022/handouts/testprograms/public/rand_final/t_108_icache.asm SUCCESS CPI:30.4 CYCLES:821 ICOUNT:27 IHITRATE: 10.6 DHITRATE: 0
/u/s/i/sinclair/courses/cs552/spring2022/handouts/testprograms/public/rand_final/t_108_idcache.asm SUCCESS CPI:8.1 CYCLES:2767 ICOUNT:341 IHITRATE: 51.0 DHITRATE: 10.8
/u/s/i/sinclair/courses/cs552/spring2022/handouts/testprograms/public/rand_final/t_108_mem.asm SUCCESS CPI:4.2 CYCLES:6454 ICOUNT:1524 IHITRATE: 29.8 DHITRATE: 70.2
/u/s/i/sinclair/courses/cs552/spring2022/handouts/testprograms/public/rand_final/t_109_all.asm SUCCESS CPI:4.1 CYCLES:1308 ICOUNT:321 IHITRATE: 24.4 DHITRATE: 42.0
/u/s/i/sinclair/courses/cs552/spring2022/handouts/testprograms/public/rand_final/t_109_ctrl.asm SUCCESS CPI:3.9 CYCLES:3161 ICOUNT:804 IHITRATE: 24.4 DHITRATE: 47.4
/u/s/i/sinclair/courses/cs552/spring2022/handouts/testprograms/public/rand_final/t_109_icache.asm SUCCESS CPI:22.4 CYCLES:1077 ICOUNT:48 IHITRATE: 11.9 DHITRATE: 0
/u/s/i/sinclair/courses/cs552/spring2022/handouts/testprograms/public/rand_final/t_109_idcache.asm SUCCESS CPI:8.0 CYCLES:2765 ICOUNT:347 IHITRATE: 53.0 DHITRATE: 6.0
/u/s/i/sinclair/courses/cs552/spring2022/handouts/testprograms/public/rand_final/t_109_mem.asm SUCCESS CPI:4.4 CYCLES:6067 ICOUNT:1372 IHITRATE: 29.6 DHITRATE: 73.4
/u/s/i/sinclair/courses/cs552/spring2022/handouts/testprograms/public/rand_final/t_10_mem.asm SUCCESS CPI:4.2 CYCLES:6531 ICOUNT:1544 IHITRATE: 29.2 DHITRATE: 76.8
/u/s/i/sinclair/courses/cs552/spring2022/handouts/testprograms/public/rand_final/t_110_all.asm SUCCESS CPI:3.8 CYCLES:1663 ICOUNT:436 IHITRATE: 24.8 DHITRATE: 42.2
/u/s/i/sinclair/courses/cs552/spring2022/handouts/testprograms/public/rand_final/t_110_ctrl.asm SUCCESS CPI:3.8 CYCLES:3301 ICOUNT:864 IHITRATE: 25.5 DHITRATE: 37.9
/u/s/i/sinclair/courses/cs552/spring2022/handouts/testprograms/public/rand_final/t_110_icache.asm SUCCESS CPI:39.2 CYCLES:1060 ICOUNT:27 IHITRATE: 10.4 DHITRATE: 0
/u/s/i/sinclair/courses/cs552/spring2022/handouts/testprograms/public/rand_final/t_110_idcache.asm SUCCESS CPI:7.6 CYCLES:2935 ICOUNT:386 IHITRATE: 52.2 DHITRATE: 9.6
/u/s/i/sinclair/courses/cs552/spring2022/handouts/testprograms/public/rand_final/t_110_mem.asm SUCCESS CPI:4.2 CYCLES:6272 ICOUNT:1477 IHITRATE: 29.4 DHITRATE: 72.9
/u/s/i/sinclair/courses/cs552/spring2022/handouts/testprograms/public/rand_final/t_111_all.asm SUCCESS CPI:4.2 CYCLES:1609 ICOUNT:382 IHITRATE: 23.8 DHITRATE: 29.2
/u/s/i/sinclair/courses/cs552/spring2022/handouts/testprograms/public/rand_final/t_111_ctrl.asm SUCCESS CPI:3.9 CYCLES:3390 ICOUNT:868 IHITRATE: 25.1 DHITRATE: 29.7
/u/s/i/sinclair/courses/cs552/spring2022/handouts/testprograms/public/rand_final/t_111_icache.asm SUCCESS CPI:25.7 CYCLES:1003 ICOUNT:39 IHITRATE: 10.3 DHITRATE: 0
/u/s/i/sinclair/courses/cs552/spring2022/handouts/testprograms/public/rand_final/t_111_idcache.asm SUCCESS CPI:7.6 CYCLES:2987 ICOUNT:392 IHITRATE: 57.0 DHITRATE: 8.8
/u/s/i/sinclair/courses/cs552/spring2022/handouts/testprograms/public/rand_final/t_111_mem.asm SUCCESS CPI:4.4 CYCLES:6115 ICOUNT:1394 IHITRATE: 30.6 DHITRATE: 65.6
/u/s/i/sinclair/courses/cs552/spring2022/handouts/testprograms/public/rand_final/t_112_all.asm SUCCESS CPI:4.1 CYCLES:1470 ICOUNT:360 IHITRATE: 24.6 DHITRATE: 22.1
/u/s/i/sinclair/courses/cs552/spring2022/handouts/testprograms/public/rand_final/t_112_ctrl.asm SUCCESS CPI:4.0 CYCLES:2875 ICOUNT:726 IHITRATE: 25.0 DHITRATE: 26.1
/u/s/i/sinclair/courses/cs552/spring2022/handouts/testprograms/public/rand_final/t_112_icache.asm SUCCESS CPI:10.7 CYCLES:1057 ICOUNT:99 IHITRATE: 13.5 DHITRATE: 0
/u/s/i/sinclair/courses/cs552/spring2022/handouts/testprograms/public/rand_final/t_112_idcache.asm SUCCESS CPI:7.4 CYCLES:3030 ICOUNT:407 IHITRATE: 55.1 DHITRATE: 9.5
/u/s/i/sinclair/courses/cs552/spring2022/handouts/testprograms/public/rand_final/t_112_mem.asm SUCCESS CPI:4.4 CYCLES:5735 ICOUNT:1292 IHITRATE: 29.0 DHITRATE: 82.8
/u/s/i/sinclair/courses/cs552/spring2022/handouts/testprograms/public/rand_final/t_113_all.asm SUCCESS CPI:4.0 CYCLES:1322 ICOUNT:331 IHITRATE: 24.6 DHITRATE: 34.7
/u/s/i/sinclair/courses/cs552/spring2022/handouts/testprograms/public/rand_final/t_113_ctrl.asm SUCCESS CPI:4.1 CYCLES:2962 ICOUNT:725 IHITRATE: 25.1 DHITRATE: 28.6
/u/s/i/sinclair/courses/cs552/spring2022/handouts/testprograms/public/rand_final/t_113_icache.asm SUCCESS CPI:14.3 CYCLES:1318 ICOUNT:92 IHITRATE: 12.8 DHITRATE: 0
/u/s/i/sinclair/courses/cs552/spring2022/handouts/testprograms/public/rand_final/t_113_idcache.asm SUCCESS CPI:7.0 CYCLES:2810 ICOUNT:404 IHITRATE: 52.1 DHITRATE: 10.9
/u/s/i/sinclair/courses/cs552/spring2022/handouts/testprograms/public/rand_final/t_113_mem.asm SUCCESS CPI:4.3 CYCLES:6311 ICOUNT:1474 IHITRATE: 29.5 DHITRATE: 76.5
/u/s/i/sinclair/courses/cs552/spring2022/handouts/testprograms/public/rand_final/t_114_all.asm SUCCESS CPI:3.5 CYCLES:2071 ICOUNT:587 IHITRATE: 26.0 DHITRATE: 30.2
/u/s/i/sinclair/courses/cs552/spring2022/handouts/testprograms/public/rand_final/t_114_ctrl.asm SUCCESS CPI:3.9 CYCLES:3237 ICOUNT:840 IHITRATE: 24.8 DHITRATE: 50.7
/u/s/i/sinclair/courses/cs552/spring2022/handouts/testprograms/public/rand_final/t_114_icache.asm SUCCESS CPI:24.3 CYCLES:971 ICOUNT:40 IHITRATE: 12.4 DHITRATE: 0
/u/s/i/sinclair/courses/cs552/spring2022/handouts/testprograms/public/rand_final/t_114_idcache.asm SUCCESS CPI:7.6 CYCLES:2698 ICOUNT:356 IHITRATE: 47.9 DHITRATE: 9.1
/u/s/i/sinclair/courses/cs552/spring2022/handouts/testprograms/public/rand_final/t_114_mem.asm SUCCESS CPI:4.2 CYCLES:6065 ICOUNT:1432 IHITRATE: 28.9 DHITRATE: 76.3
/u/s/i/sinclair/courses/cs552/spring2022/handouts/testprograms/public/rand_final/t_115_all.asm SUCCESS CPI:3.9 CYCLES:1692 ICOUNT:438 IHITRATE: 25.0 DHITRATE: 34.0
/u/s/i/sinclair/courses/cs552/spring2022/handouts/testprograms/public/rand_final/t_115_ctrl.asm SUCCESS CPI:3.9 CYCLES:3295 ICOUNT:846 IHITRATE: 25.8 DHITRATE: 30.3
/u/s/i/sinclair/courses/cs552/spring2022/handouts/testprograms/public/rand_final/t_115_icache.asm SUCCESS CPI:15.0 CYCLES:901 ICOUNT:60 IHITRATE: 13.5 DHITRATE: 0
/u/s/i/sinclair/courses/cs552/spring2022/handouts/testprograms/public/rand_final/t_115_idcache.asm SUCCESS CPI:6.8 CYCLES:2921 ICOUNT:428 IHITRATE: 53.6 DHITRATE: 14.2
/u/s/i/sinclair/courses/cs552/spring2022/handouts/testprograms/public/rand_final/t_115_mem.asm SUCCESS CPI:4.3 CYCLES:6024 ICOUNT:1395 IHITRATE: 28.7 DHITRATE: 82.6
/u/s/i/sinclair/courses/cs552/spring2022/handouts/testprograms/public/rand_final/t_116_all.asm SUCCESS CPI:3.6 CYCLES:2022 ICOUNT:563 IHITRATE: 25.9 DHITRATE: 31.8
/u/s/i/sinclair/courses/cs552/spring2022/handouts/testprograms/public/rand_final/t_116_ctrl.asm SUCCESS CPI:3.6 CYCLES:3801 ICOUNT:1048 IHITRATE: 25.8 DHITRATE: 39.7
/u/s/i/sinclair/courses/cs552/spring2022/handouts/testprograms/public/rand_final/t_116_icache.asm SUCCESS CPI:13.4 CYCLES:1218 ICOUNT:91 IHITRATE: 12.4 DHITRATE: 0
/u/s/i/sinclair/courses/cs552/spring2022/handouts/testprograms/public/rand_final/t_116_idcache.asm SUCCESS CPI:7.9 CYCLES:2776 ICOUNT:350 IHITRATE: 47.8 DHITRATE: 10.3
/u/s/i/sinclair/courses/cs552/spring2022/handouts/testprograms/public/rand_final/t_116_mem.asm SUCCESS CPI:4.4 CYCLES:6418 ICOUNT:1475 IHITRATE: 30.7 DHITRATE: 66.2
/u/s/i/sinclair/courses/cs552/spring2022/handouts/testprograms/public/rand_final/t_117_all.asm SUCCESS CPI:3.9 CYCLES:1758 ICOUNT:456 IHITRATE: 26.5 DHITRATE: 22.1
/u/s/i/sinclair/courses/cs552/spring2022/handouts/testprograms/public/rand_final/t_117_ctrl.asm SUCCESS CPI:3.9 CYCLES:3369 ICOUNT:867 IHITRATE: 25.8 DHITRATE: 24.3
/u/s/i/sinclair/courses/cs552/spring2022/handouts/testprograms/public/rand_final/t_117_icache.asm SUCCESS CPI:12.7 CYCLES:1109 ICOUNT:87 IHITRATE: 14.6 DHITRATE: 0
/u/s/i/sinclair/courses/cs552/spring2022/handouts/testprograms/public/rand_final/t_117_idcache.asm SUCCESS CPI:7.1 CYCLES:2959 ICOUNT:416 IHITRATE: 48.8 DHITRATE: 11.1
/u/s/i/sinclair/courses/cs552/spring2022/handouts/testprograms/public/rand_final/t_117_mem.asm SUCCESS CPI:4.2 CYCLES:6535 ICOUNT:1546 IHITRATE: 28.9 DHITRATE: 74.6
/u/s/i/sinclair/courses/cs552/spring2022/handouts/testprograms/public/rand_final/t_118_all.asm SUCCESS CPI:3.8 CYCLES:1951 ICOUNT:507 IHITRATE: 26.1 DHITRATE: 26.2
/u/s/i/sinclair/courses/cs552/spring2022/handouts/testprograms/public/rand_final/t_118_ctrl.asm SUCCESS CPI:3.9 CYCLES:3002 ICOUNT:762 IHITRATE: 25.8 DHITRATE: 25.9
/u/s/i/sinclair/courses/cs552/spring2022/handouts/testprograms/public/rand_final/t_118_icache.asm SUCCESS CPI:40.7 CYCLES:1018 ICOUNT:25 IHITRATE: 10.6 DHITRATE: 0
/u/s/i/sinclair/courses/cs552/spring2022/handouts/testprograms/public/rand_final/t_118_idcache.asm SUCCESS CPI:7.9 CYCLES:2548 ICOUNT:323 IHITRATE: 52.5 DHITRATE: 9.5
/u/s/i/sinclair/courses/cs552/spring2022/handouts/testprograms/public/rand_final/t_118_mem.asm SUCCESS CPI:4.4 CYCLES:5944 ICOUNT:1346 IHITRATE: 29.2 DHITRATE: 79.4
/u/s/i/sinclair/courses/cs552/spring2022/handouts/testprograms/public/rand_final/t_119_all.asm SUCCESS CPI:3.9 CYCLES:1599 ICOUNT:409 IHITRATE: 25.3 DHITRATE: 25.8
/u/s/i/sinclair/courses/cs552/spring2022/handouts/testprograms/public/rand_final/t_119_ctrl.asm SUCCESS CPI:3.9 CYCLES:2894 ICOUNT:735 IHITRATE: 25.3 DHITRATE: 29.7
/u/s/i/sinclair/courses/cs552/spring2022/handouts/testprograms/public/rand_final/t_119_icache.asm SUCCESS CPI:26.4 CYCLES:765 ICOUNT:29 IHITRATE: 9.3 DHITRATE: 0
/u/s/i/sinclair/courses/cs552/spring2022/handouts/testprograms/public/rand_final/t_119_idcache.asm SUCCESS CPI:9.8 CYCLES:1318 ICOUNT:135 IHITRATE: 20.9 DHITRATE: 7.6
/u/s/i/sinclair/courses/cs552/spring2022/handouts/testprograms/public/rand_final/t_119_mem.asm SUCCESS CPI:4.2 CYCLES:6505 ICOUNT:1547 IHITRATE: 30.0 DHITRATE: 66.1
/u/s/i/sinclair/courses/cs552/spring2022/handouts/testprograms/public/rand_final/t_11_mem.asm SUCCESS CPI:4.3 CYCLES:6648 ICOUNT:1555 IHITRATE: 30.3 DHITRATE: 63.9
/u/s/i/sinclair/courses/cs552/spring2022/handouts/testprograms/public/rand_final/t_120_all.asm SUCCESS CPI:4.1 CYCLES:1581 ICOUNT:381 IHITRATE: 23.4 DHITRATE: 37.5
/u/s/i/sinclair/courses/cs552/spring2022/handouts/testprograms/public/rand_final/t_120_ctrl.asm SUCCESS CPI:3.8 CYCLES:3277 ICOUNT:863 IHITRATE: 24.7 DHITRATE: 34.4
/u/s/i/sinclair/courses/cs552/spring2022/handouts/testprograms/public/rand_final/t_120_icache.asm SUCCESS CPI:32.8 CYCLES:1050 ICOUNT:32 IHITRATE: 11.2 DHITRATE: 0
/u/s/i/sinclair/courses/cs552/spring2022/handouts/testprograms/public/rand_final/t_120_idcache.asm SUCCESS CPI:7.6 CYCLES:2802 ICOUNT:368 IHITRATE: 49.7 DHITRATE: 10.4
/u/s/i/sinclair/courses/cs552/spring2022/handouts/testprograms/public/rand_final/t_120_mem.asm SUCCESS CPI:4.3 CYCLES:6248 ICOUNT:1450 IHITRATE: 28.9 DHITRATE: 77.3
/u/s/i/sinclair/courses/cs552/spring2022/handouts/testprograms/public/rand_final/t_121_all.asm SUCCESS CPI:4.2 CYCLES:1321 ICOUNT:318 IHITRATE: 24.1 DHITRATE: 23.8
/u/s/i/sinclair/courses/cs552/spring2022/handouts/testprograms/public/rand_final/t_122_all.asm SUCCESS CPI:4.0 CYCLES:1301 ICOUNT:323 IHITRATE: 24.7 DHITRATE: 26.4
/u/s/i/sinclair/courses/cs552/spring2022/handouts/testprograms/public/rand_final/t_123_all.asm SUCCESS CPI:3.8 CYCLES:1883 ICOUNT:499 IHITRATE: 25.4 DHITRATE: 23.3
/u/s/i/sinclair/courses/cs552/spring2022/handouts/testprograms/public/rand_final/t_124_all.asm SUCCESS CPI:3.7 CYCLES:1349 ICOUNT:361 IHITRATE: 26.2 DHITRATE: 25.0
/u/s/i/sinclair/courses/cs552/spring2022/handouts/testprograms/public/rand_final/t_125_all.asm SUCCESS CPI:4.0 CYCLES:1982 ICOUNT:496 IHITRATE: 26.8 DHITRATE: 17.7
/u/s/i/sinclair/courses/cs552/spring2022/handouts/testprograms/public/rand_final/t_126_all.asm SUCCESS CPI:3.6 CYCLES:2204 ICOUNT:608 IHITRATE: 26.8 DHITRATE: 17.7
/u/s/i/sinclair/courses/cs552/spring2022/handouts/testprograms/public/rand_final/t_127_all.asm SUCCESS CPI:3.8 CYCLES:1694 ICOUNT:451 IHITRATE: 25.6 DHITRATE: 28.9
/u/s/i/sinclair/courses/cs552/spring2022/handouts/testprograms/public/rand_final/t_128_all.asm SUCCESS CPI:4.1 CYCLES:1736 ICOUNT:427 IHITRATE: 24.3 DHITRATE: 23.5
/u/s/i/sinclair/courses/cs552/spring2022/handouts/testprograms/public/rand_final/t_129_all.asm SUCCESS CPI:4.0 CYCLES:1708 ICOUNT:428 IHITRATE: 26.7 DHITRATE: 27.1
/u/s/i/sinclair/courses/cs552/spring2022/handouts/testprograms/public/rand_final/t_12_mem.asm SUCCESS CPI:4.4 CYCLES:6177 ICOUNT:1415 IHITRATE: 29.0 DHITRATE: 78.1
/u/s/i/sinclair/courses/cs552/spring2022/handouts/testprograms/public/rand_final/t_130_all.asm SUCCESS CPI:3.5 CYCLES:2240 ICOUNT:642 IHITRATE: 26.6 DHITRATE: 26.4
/u/s/i/sinclair/courses/cs552/spring2022/handouts/testprograms/public/rand_final/t_131_all.asm SUCCESS CPI:3.7 CYCLES:1980 ICOUNT:539 IHITRATE: 25.9 DHITRATE: 41.9
/u/s/i/sinclair/courses/cs552/spring2022/handouts/testprograms/public/rand_final/t_132_all.asm SUCCESS CPI:3.7 CYCLES:1747 ICOUNT:472 IHITRATE: 25.7 DHITRATE: 23.0
/u/s/i/sinclair/courses/cs552/spring2022/handouts/testprograms/public/rand_final/t_133_all.asm SUCCESS CPI:3.7 CYCLES:1637 ICOUNT:445 IHITRATE: 26.5 DHITRATE: 23.3
/u/s/i/sinclair/courses/cs552/spring2022/handouts/testprograms/public/rand_final/t_134_all.asm SUCCESS CPI:3.6 CYCLES:1732 ICOUNT:478 IHITRATE: 26.8 DHITRATE: 26.3
/u/s/i/sinclair/courses/cs552/spring2022/handouts/testprograms/public/rand_final/t_135_all.asm SUCCESS CPI:3.6 CYCLES:2151 ICOUNT:601 IHITRATE: 26.5 DHITRATE: 23.0
/u/s/i/sinclair/courses/cs552/spring2022/handouts/testprograms/public/rand_final/t_136_all.asm SUCCESS CPI:3.9 CYCLES:1613 ICOUNT:412 IHITRATE: 25.3 DHITRATE: 26.2
/u/s/i/sinclair/courses/cs552/spring2022/handouts/testprograms/public/rand_final/t_137_all.asm SUCCESS CPI:3.6 CYCLES:1931 ICOUNT:539 IHITRATE: 26.1 DHITRATE: 24.6
/u/s/i/sinclair/courses/cs552/spring2022/handouts/testprograms/public/rand_final/t_138_all.asm SUCCESS CPI:3.7 CYCLES:2240 ICOUNT:613 IHITRATE: 25.9 DHITRATE: 29.8
/u/s/i/sinclair/courses/cs552/spring2022/handouts/testprograms/public/rand_final/t_139_all.asm SUCCESS CPI:4.1 CYCLES:1504 ICOUNT:367 IHITRATE: 24.3 DHITRATE: 17.8
/u/s/i/sinclair/courses/cs552/spring2022/handouts/testprograms/public/rand_final/t_13_mem.asm SUCCESS CPI:4.3 CYCLES:6171 ICOUNT:1440 IHITRATE: 29.2 DHITRATE: 74.5
/u/s/i/sinclair/courses/cs552/spring2022/handouts/testprograms/public/rand_final/t_140_all.asm SUCCESS CPI:3.7 CYCLES:1508 ICOUNT:404 IHITRATE: 25.4 DHITRATE: 24.8
/u/s/i/sinclair/courses/cs552/spring2022/handouts/testprograms/public/rand_final/t_141_all.asm SUCCESS CPI:3.6 CYCLES:1742 ICOUNT:483 IHITRATE: 26.3 DHITRATE: 43.4
/u/s/i/sinclair/courses/cs552/spring2022/handouts/testprograms/public/rand_final/t_142_all.asm SUCCESS CPI:3.8 CYCLES:1476 ICOUNT:391 IHITRATE: 25.4 DHITRATE: 28.9
/u/s/i/sinclair/courses/cs552/spring2022/handouts/testprograms/public/rand_final/t_143_all.asm SUCCESS CPI:3.5 CYCLES:1797 ICOUNT:508 IHITRATE: 26.3 DHITRATE: 27.3
/u/s/i/sinclair/courses/cs552/spring2022/handouts/testprograms/public/rand_final/t_144_all.asm SUCCESS CPI:4.0 CYCLES:1710 ICOUNT:432 IHITRATE: 25.3 DHITRATE: 21.7
/u/s/i/sinclair/courses/cs552/spring2022/handouts/testprograms/public/rand_final/t_145_all.asm SUCCESS CPI:3.7 CYCLES:1633 ICOUNT:437 IHITRATE: 25.9 DHITRATE: 22.4
/u/s/i/sinclair/courses/cs552/spring2022/handouts/testprograms/public/rand_final/t_146_all.asm SUCCESS CPI:3.7 CYCLES:2227 ICOUNT:604 IHITRATE: 26.9 DHITRATE: 29.0
/u/s/i/sinclair/courses/cs552/spring2022/handouts/testprograms/public/rand_final/t_147_all.asm SUCCESS CPI:3.7 CYCLES:1623 ICOUNT:440 IHITRATE: 25.3 DHITRATE: 28.1
/u/s/i/sinclair/courses/cs552/spring2022/handouts/testprograms/public/rand_final/t_148_all.asm SUCCESS CPI:3.9 CYCLES:1730 ICOUNT:449 IHITRATE: 26.8 DHITRATE: 25.7
/u/s/i/sinclair/courses/cs552/spring2022/handouts/testprograms/public/rand_final/t_149_all.asm SUCCESS CPI:3.7 CYCLES:1645 ICOUNT:449 IHITRATE: 26.3 DHITRATE: 25.5
/u/s/i/sinclair/courses/cs552/spring2022/handouts/testprograms/public/rand_final/t_14_mem.asm SUCCESS CPI:4.5 CYCLES:6085 ICOUNT:1365 IHITRATE: 29.9 DHITRATE: 67.5
/u/s/i/sinclair/courses/cs552/spring2022/handouts/testprograms/public/rand_final/t_150_all.asm SUCCESS CPI:3.9 CYCLES:1922 ICOUNT:497 IHITRATE: 24.9 DHITRATE: 31.6
/u/s/i/sinclair/courses/cs552/spring2022/handouts/testprograms/public/rand_final/t_15_mem.asm SUCCESS CPI:4.3 CYCLES:6217 ICOUNT:1446 IHITRATE: 28.7 DHITRATE: 80.6
/u/s/i/sinclair/courses/cs552/spring2022/handouts/testprograms/public/rand_final/t_16_mem.asm SUCCESS CPI:4.3 CYCLES:6234 ICOUNT:1446 IHITRATE: 29.0 DHITRATE: 79.5
/u/s/i/sinclair/courses/cs552/spring2022/handouts/testprograms/public/rand_final/t_17_mem.asm SUCCESS CPI:4.3 CYCLES:6345 ICOUNT:1490 IHITRATE: 29.3 DHITRATE: 73.7
/u/s/i/sinclair/courses/cs552/spring2022/handouts/testprograms/public/rand_final/t_18_mem.asm SUCCESS CPI:4.3 CYCLES:6065 ICOUNT:1404 IHITRATE: 29.4 DHITRATE: 71.3
/u/s/i/sinclair/courses/cs552/spring2022/handouts/testprograms/public/rand_final/t_19_mem.asm SUCCESS CPI:4.3 CYCLES:6006 ICOUNT:1385 IHITRATE: 28.9 DHITRATE: 75.3
