/u/s/i/sinclair/courses/cs552/spring2022/handouts/testprograms/public/rand_final/ldld_rand_large.asm SUCCESS CPI:3.6 CYCLES:3756 ICOUNT:1035 IHITRATE: 0.0 DHITRATE: 79.3
/u/s/i/sinclair/courses/cs552/spring2022/handouts/testprograms/public/rand_final/ldld_rand_small.asm SUCCESS CPI:3.6 CYCLES:3756 ICOUNT:1035 IHITRATE: 0.0 DHITRATE: 79.3
/u/s/i/sinclair/courses/cs552/spring2022/handouts/testprograms/public/rand_final/ldst_rand_large.asm SUCCESS CPI:3.6 CYCLES:5024 ICOUNT:1377 IHITRATE: 0.0 DHITRATE: 58.1
/u/s/i/sinclair/courses/cs552/spring2022/handouts/testprograms/public/rand_final/ldst_rand_small.asm SUCCESS CPI:3.5 CYCLES:4783 ICOUNT:1378 IHITRATE: 0.0 DHITRATE: 70.7
/u/s/i/sinclair/courses/cs552/spring2022/handouts/testprograms/public/rand_final/t_100_all.asm SUCCESS CPI:3.8 CYCLES:1283 ICOUNT:334 IHITRATE: 0.0 DHITRATE: 28.9
/u/s/i/sinclair/courses/cs552/spring2022/handouts/testprograms/public/rand_final/t_100_ctrl.asm SUCCESS CPI:3.7 CYCLES:2400 ICOUNT:645 IHITRATE: 0.0 DHITRATE: 34.8
/u/s/i/sinclair/courses/cs552/spring2022/handouts/testprograms/public/rand_final/t_100_icache.asm SUCCESS CPI:21.3 CYCLES:404 ICOUNT:19 IHITRATE: 0.0 DHITRATE: 0
/u/s/i/sinclair/courses/cs552/spring2022/handouts/testprograms/public/rand_final/t_100_idcache.asm SUCCESS CPI:7.3 CYCLES:2935 ICOUNT:401 IHITRATE: 0.0 DHITRATE: 10.6
/u/s/i/sinclair/courses/cs552/spring2022/handouts/testprograms/public/rand_final/t_100_mem.asm SUCCESS CPI:4.7 CYCLES:6723 ICOUNT:1425 IHITRATE: 0.0 DHITRATE: 68.5
/u/s/i/sinclair/courses/cs552/spring2022/handouts/testprograms/public/rand_final/t_101_all.asm SUCCESS CPI:3.8 CYCLES:1676 ICOUNT:446 IHITRATE: 0.0 DHITRATE: 28.9
/u/s/i/sinclair/courses/cs552/spring2022/handouts/testprograms/public/rand_final/t_101_ctrl.asm SUCCESS CPI:3.7 CYCLES:3104 ICOUNT:846 IHITRATE: 0.0 DHITRATE: 37.7
/u/s/i/sinclair/courses/cs552/spring2022/handouts/testprograms/public/rand_final/t_101_icache.asm SUCCESS CPI:12.2 CYCLES:512 ICOUNT:42 IHITRATE: 0.0 DHITRATE: 0
/u/s/i/sinclair/courses/cs552/spring2022/handouts/testprograms/public/rand_final/t_101_idcache.asm SUCCESS CPI:7.5 CYCLES:3091 ICOUNT:413 IHITRATE: 0.0 DHITRATE: 10.7
/u/s/i/sinclair/courses/cs552/spring2022/handouts/testprograms/public/rand_final/t_101_mem.asm SUCCESS CPI:4.7 CYCLES:6697 ICOUNT:1418 IHITRATE: 0.0 DHITRATE: 69.9
/u/s/i/sinclair/courses/cs552/spring2022/handouts/testprograms/public/rand_final/t_102_all.asm SUCCESS CPI:3.8 CYCLES:1367 ICOUNT:364 IHITRATE: 0.0 DHITRATE: 20.0
/u/s/i/sinclair/courses/cs552/spring2022/handouts/testprograms/public/rand_final/t_102_ctrl.asm SUCCESS CPI:3.7 CYCLES:3116 ICOUNT:853 IHITRATE: 0.0 DHITRATE: 30.4
/u/s/i/sinclair/courses/cs552/spring2022/handouts/testprograms/public/rand_final/t_102_icache.asm SUCCESS CPI:10.0 CYCLES:603 ICOUNT:60 IHITRATE: 0.0 DHITRATE: 0
/u/s/i/sinclair/courses/cs552/spring2022/handouts/testprograms/public/rand_final/t_102_idcache.asm SUCCESS CPI:8.1 CYCLES:2711 ICOUNT:335 IHITRATE: 0.0 DHITRATE: 9.8
/u/s/i/sinclair/courses/cs552/spring2022/handouts/testprograms/public/rand_final/t_102_mem.asm SUCCESS CPI:4.5 CYCLES:6835 ICOUNT:1527 IHITRATE: 0.0 DHITRATE: 78.0
/u/s/i/sinclair/courses/cs552/spring2022/handouts/testprograms/public/rand_final/t_103_all.asm SUCCESS CPI:3.6 CYCLES:1641 ICOUNT:453 IHITRATE: 0.0 DHITRATE: 21.4
/u/s/i/sinclair/courses/cs552/spring2022/handouts/testprograms/public/rand_final/t_103_ctrl.asm SUCCESS CPI:3.7 CYCLES:3031 ICOUNT:813 IHITRATE: 0.0 DHITRATE: 31.6
/u/s/i/sinclair/courses/cs552/spring2022/handouts/testprograms/public/rand_final/t_103_icache.asm SUCCESS CPI:5.7 CYCLES:713 ICOUNT:124 IHITRATE: 0.0 DHITRATE: 0
/u/s/i/sinclair/courses/cs552/spring2022/handouts/testprograms/public/rand_final/t_103_idcache.asm SUCCESS CPI:7.5 CYCLES:2807 ICOUNT:374 IHITRATE: 0.0 DHITRATE: 10.6
/u/s/i/sinclair/courses/cs552/spring2022/handouts/testprograms/public/rand_final/t_103_mem.asm SUCCESS CPI:4.5 CYCLES:6636 ICOUNT:1466 IHITRATE: 0.0 DHITRATE: 82.0
/u/s/i/sinclair/courses/cs552/spring2022/handouts/testprograms/public/rand_final/t_104_all.asm SUCCESS CPI:3.6 CYCLES:1652 ICOUNT:455 IHITRATE: 0.0 DHITRATE: 21.6
/u/s/i/sinclair/courses/cs552/spring2022/handouts/testprograms/public/rand_final/t_104_ctrl.asm SUCCESS CPI:3.7 CYCLES:2841 ICOUNT:763 IHITRATE: 0.0 DHITRATE: 28.8
/u/s/i/sinclair/courses/cs552/spring2022/handouts/testprograms/public/rand_final/t_104_icache.asm SUCCESS CPI:9.4 CYCLES:443 ICOUNT:47 IHITRATE: 0.0 DHITRATE: 0
/u/s/i/sinclair/courses/cs552/spring2022/handouts/testprograms/public/rand_final/t_104_idcache.asm SUCCESS CPI:8.7 CYCLES:2697 ICOUNT:311 IHITRATE: 0.0 DHITRATE: 9.9
/u/s/i/sinclair/courses/cs552/spring2022/handouts/testprograms/public/rand_final/t_104_mem.asm SUCCESS CPI:4.5 CYCLES:6912 ICOUNT:1547 IHITRATE: 0.0 DHITRATE: 75.9
/u/s/i/sinclair/courses/cs552/spring2022/handouts/testprograms/public/rand_final/t_105_all.asm SUCCESS CPI:3.7 CYCLES:1667 ICOUNT:453 IHITRATE: 0.0 DHITRATE: 20.0
/u/s/i/sinclair/courses/cs552/spring2022/handouts/testprograms/public/rand_final/t_105_ctrl.asm SUCCESS CPI:3.7 CYCLES:2956 ICOUNT:795 IHITRATE: 0.0 DHITRATE: 28.3
/u/s/i/sinclair/courses/cs552/spring2022/handouts/testprograms/public/rand_final/t_105_icache.asm SUCCESS CPI:7.5 CYCLES:561 ICOUNT:75 IHITRATE: 0.0 DHITRATE: 0
/u/s/i/sinclair/courses/cs552/spring2022/handouts/testprograms/public/rand_final/t_105_idcache.asm SUCCESS CPI:8.2 CYCLES:2735 ICOUNT:335 IHITRATE: 0.0 DHITRATE: 9.1
/u/s/i/sinclair/courses/cs552/spring2022/handouts/testprograms/public/rand_final/t_105_mem.asm SUCCESS CPI:4.6 CYCLES:6643 ICOUNT:1438 IHITRATE: 0.0 DHITRATE: 74.0
/u/s/i/sinclair/courses/cs552/spring2022/handouts/testprograms/public/rand_final/t_106_all.asm SUCCESS CPI:3.7 CYCLES:1723 ICOUNT:469 IHITRATE: 0.0 DHITRATE: 28.4
/u/s/i/sinclair/courses/cs552/spring2022/handouts/testprograms/public/rand_final/t_106_ctrl.asm SUCCESS CPI:3.7 CYCLES:3001 ICOUNT:807 IHITRATE: 0.0 DHITRATE: 29.1
/u/s/i/sinclair/courses/cs552/spring2022/handouts/testprograms/public/rand_final/t_106_icache.asm SUCCESS CPI:13.3 CYCLES:505 ICOUNT:38 IHITRATE: 0.0 DHITRATE: 0
/u/s/i/sinclair/courses/cs552/spring2022/handouts/testprograms/public/rand_final/t_106_idcache.asm SUCCESS CPI:8.5 CYCLES:2771 ICOUNT:326 IHITRATE: 0.0 DHITRATE: 10.5
/u/s/i/sinclair/courses/cs552/spring2022/handouts/testprograms/public/rand_final/t_106_mem.asm SUCCESS CPI:4.7 CYCLES:6720 ICOUNT:1425 IHITRATE: 0.0 DHITRATE: 70.1
/u/s/i/sinclair/courses/cs552/spring2022/handouts/testprograms/public/rand_final/t_107_all.asm SUCCESS CPI:3.6 CYCLES:1553 ICOUNT:428 IHITRATE: 0.0 DHITRATE: 22.0
/u/s/i/sinclair/courses/cs552/spring2022/handouts/testprograms/public/rand_final/t_107_ctrl.asm SUCCESS CPI:3.7 CYCLES:2899 ICOUNT:788 IHITRATE: 0.0 DHITRATE: 31.5
/u/s/i/sinclair/courses/cs552/spring2022/handouts/testprograms/public/rand_final/t_107_icache.asm SUCCESS CPI:9.7 CYCLES:507 ICOUNT:52 IHITRATE: 0.0 DHITRATE: 0
/u/s/i/sinclair/courses/cs552/spring2022/handouts/testprograms/public/rand_final/t_107_idcache.asm SUCCESS CPI:8.5 CYCLES:2767 ICOUNT:326 IHITRATE: 0.0 DHITRATE: 12.1
/u/s/i/sinclair/courses/cs552/spring2022/handouts/testprograms/public/rand_final/t_107_mem.asm SUCCESS CPI:4.7 CYCLES:6615 ICOUNT:1416 IHITRATE: 0.0 DHITRATE: 71.9
/u/s/i/sinclair/courses/cs552/spring2022/handouts/testprograms/public/rand_final/t_108_all.asm SUCCESS CPI:3.6 CYCLES:1681 ICOUNT:462 IHITRATE: 0.0 DHITRATE: 23.0
/u/s/i/sinclair/courses/cs552/spring2022/handouts/testprograms/public/rand_final/t_108_ctrl.asm SUCCESS CPI:3.6 CYCLES:2979 ICOUNT:832 IHITRATE: 0.0 DHITRATE: 35.8
/u/s/i/sinclair/courses/cs552/spring2022/handouts/testprograms/public/rand_final/t_108_icache.asm SUCCESS CPI:13.2 CYCLES:371 ICOUNT:28 IHITRATE: 0.0 DHITRATE: 0
/u/s/i/sinclair/courses/cs552/spring2022/handouts/testprograms/public/rand_final/t_108_idcache.asm SUCCESS CPI:8.4 CYCLES:2863 ICOUNT:341 IHITRATE: 0.0 DHITRATE: 10.8
/u/s/i/sinclair/courses/cs552/spring2022/handouts/testprograms/public/rand_final/t_108_mem.asm SUCCESS CPI:4.5 CYCLES:6995 ICOUNT:1559 IHITRATE: 0.0 DHITRATE: 70.2
/u/s/i/sinclair/courses/cs552/spring2022/handouts/testprograms/public/rand_final/t_109_all.asm SUCCESS CPI:3.8 CYCLES:1267 ICOUNT:337 IHITRATE: 0.0 DHITRATE: 42.0
/u/s/i/sinclair/courses/cs552/spring2022/handouts/testprograms/public/rand_final/t_109_ctrl.asm SUCCESS CPI:3.6 CYCLES:3025 ICOUNT:836 IHITRATE: 0.0 DHITRATE: 47.4
/u/s/i/sinclair/courses/cs552/spring2022/handouts/testprograms/public/rand_final/t_109_icache.asm SUCCESS CPI:10.9 CYCLES:535 ICOUNT:49 IHITRATE: 0.0 DHITRATE: 0
/u/s/i/sinclair/courses/cs552/spring2022/handouts/testprograms/public/rand_final/t_109_idcache.asm SUCCESS CPI:8.4 CYCLES:2921 ICOUNT:347 IHITRATE: 0.0 DHITRATE: 6.0
/u/s/i/sinclair/courses/cs552/spring2022/handouts/testprograms/public/rand_final/t_109_mem.asm SUCCESS CPI:4.8 CYCLES:6585 ICOUNT:1380 IHITRATE: 0.0 DHITRATE: 73.4
/u/s/i/sinclair/courses/cs552/spring2022/handouts/testprograms/public/rand_final/t_10_mem.asm SUCCESS CPI:4.5 CYCLES:7027 ICOUNT:1572 IHITRATE: 0.0 DHITRATE: 76.8
/u/s/i/sinclair/courses/cs552/spring2022/handouts/testprograms/public/rand_final/t_110_all.asm SUCCESS CPI:3.5 CYCLES:1603 ICOUNT:455 IHITRATE: 0.0 DHITRATE: 42.2
/u/s/i/sinclair/courses/cs552/spring2022/handouts/testprograms/public/rand_final/t_110_ctrl.asm SUCCESS CPI:3.6 CYCLES:3279 ICOUNT:913 IHITRATE: 0.0 DHITRATE: 37.9
/u/s/i/sinclair/courses/cs552/spring2022/handouts/testprograms/public/rand_final/t_110_icache.asm SUCCESS CPI:18.7 CYCLES:524 ICOUNT:28 IHITRATE: 0.0 DHITRATE: 0
/u/s/i/sinclair/courses/cs552/spring2022/handouts/testprograms/public/rand_final/t_110_idcache.asm SUCCESS CPI:7.9 CYCLES:3049 ICOUNT:386 IHITRATE: 0.0 DHITRATE: 9.6
/u/s/i/sinclair/courses/cs552/spring2022/handouts/testprograms/public/rand_final/t_110_mem.asm SUCCESS CPI:4.5 CYCLES:6735 ICOUNT:1501 IHITRATE: 0.0 DHITRATE: 72.9
/u/s/i/sinclair/courses/cs552/spring2022/handouts/testprograms/public/rand_final/t_111_all.asm SUCCESS CPI:3.8 CYCLES:1495 ICOUNT:396 IHITRATE: 0.0 DHITRATE: 29.2
/u/s/i/sinclair/courses/cs552/spring2022/handouts/testprograms/public/rand_final/t_111_ctrl.asm SUCCESS CPI:3.7 CYCLES:3337 ICOUNT:907 IHITRATE: 0.0 DHITRATE: 29.7
/u/s/i/sinclair/courses/cs552/spring2022/handouts/testprograms/public/rand_final/t_111_icache.asm SUCCESS CPI:12.1 CYCLES:483 ICOUNT:40 IHITRATE: 0.0 DHITRATE: 0
/u/s/i/sinclair/courses/cs552/spring2022/handouts/testprograms/public/rand_final/t_111_idcache.asm SUCCESS CPI:8.2 CYCLES:3232 ICOUNT:392 IHITRATE: 0.0 DHITRATE: 8.8
/u/s/i/sinclair/courses/cs552/spring2022/handouts/testprograms/public/rand_final/t_111_mem.asm SUCCESS CPI:4.7 CYCLES:6649 ICOUNT:1405 IHITRATE: 0.0 DHITRATE: 66.0
/u/s/i/sinclair/courses/cs552/spring2022/handouts/testprograms/public/rand_final/t_112_all.asm SUCCESS CPI:3.7 CYCLES:1385 ICOUNT:374 IHITRATE: 0.0 DHITRATE: 22.1
/u/s/i/sinclair/courses/cs552/spring2022/handouts/testprograms/public/rand_final/t_112_ctrl.asm SUCCESS CPI:3.6 CYCLES:2732 ICOUNT:750 IHITRATE: 0.0 DHITRATE: 27.9
/u/s/i/sinclair/courses/cs552/spring2022/handouts/testprograms/public/rand_final/t_112_icache.asm SUCCESS CPI:6.1 CYCLES:608 ICOUNT:99 IHITRATE: 0.0 DHITRATE: 0
/u/s/i/sinclair/courses/cs552/spring2022/handouts/testprograms/public/rand_final/t_112_idcache.asm SUCCESS CPI:7.9 CYCLES:3232 ICOUNT:407 IHITRATE: 0.0 DHITRATE: 9.5
/u/s/i/sinclair/courses/cs552/spring2022/handouts/testprograms/public/rand_final/t_112_mem.asm SUCCESS CPI:4.7 CYCLES:6099 ICOUNT:1308 IHITRATE: 0.0 DHITRATE: 82.8
/u/s/i/sinclair/courses/cs552/spring2022/handouts/testprograms/public/rand_final/t_113_all.asm SUCCESS CPI:3.7 CYCLES:1267 ICOUNT:346 IHITRATE: 0.0 DHITRATE: 34.7
/u/s/i/sinclair/courses/cs552/spring2022/handouts/testprograms/public/rand_final/t_113_ctrl.asm SUCCESS CPI:3.8 CYCLES:2889 ICOUNT:759 IHITRATE: 0.0 DHITRATE: 30.1
/u/s/i/sinclair/courses/cs552/spring2022/handouts/testprograms/public/rand_final/t_113_icache.asm SUCCESS CPI:7.7 CYCLES:716 ICOUNT:93 IHITRATE: 0.0 DHITRATE: 0
/u/s/i/sinclair/courses/cs552/spring2022/handouts/testprograms/public/rand_final/t_113_idcache.asm SUCCESS CPI:7.3 CYCLES:2959 ICOUNT:404 IHITRATE: 0.0 DHITRATE: 10.9
/u/s/i/sinclair/courses/cs552/spring2022/handouts/testprograms/public/rand_final/t_113_mem.asm SUCCESS CPI:4.5 CYCLES:6767 ICOUNT:1494 IHITRATE: 0.0 DHITRATE: 76.5
/u/s/i/sinclair/courses/cs552/spring2022/handouts/testprograms/public/rand_final/t_114_all.asm SUCCESS CPI:3.4 CYCLES:2073 ICOUNT:603 IHITRATE: 0.0 DHITRATE: 30.2
/u/s/i/sinclair/courses/cs552/spring2022/handouts/testprograms/public/rand_final/t_114_ctrl.asm SUCCESS CPI:3.6 CYCLES:3139 ICOUNT:880 IHITRATE: 0.0 DHITRATE: 50.7
/u/s/i/sinclair/courses/cs552/spring2022/handouts/testprograms/public/rand_final/t_114_icache.asm SUCCESS CPI:11.7 CYCLES:467 ICOUNT:40 IHITRATE: 0.0 DHITRATE: 0
/u/s/i/sinclair/courses/cs552/spring2022/handouts/testprograms/public/rand_final/t_114_idcache.asm SUCCESS CPI:7.6 CYCLES:2720 ICOUNT:356 IHITRATE: 0.0 DHITRATE: 9.1
/u/s/i/sinclair/courses/cs552/spring2022/handouts/testprograms/public/rand_final/t_114_mem.asm SUCCESS CPI:4.5 CYCLES:6543 ICOUNT:1447 IHITRATE: 0.0 DHITRATE: 76.3
/u/s/i/sinclair/courses/cs552/spring2022/handouts/testprograms/public/rand_final/t_115_all.asm SUCCESS CPI:3.6 CYCLES:1623 ICOUNT:453 IHITRATE: 0.0 DHITRATE: 34.0
/u/s/i/sinclair/courses/cs552/spring2022/handouts/testprograms/public/rand_final/t_115_ctrl.asm SUCCESS CPI:3.7 CYCLES:3259 ICOUNT:876 IHITRATE: 0.0 DHITRATE: 31.9
/u/s/i/sinclair/courses/cs552/spring2022/handouts/testprograms/public/rand_final/t_115_icache.asm SUCCESS CPI:7.9 CYCLES:480 ICOUNT:61 IHITRATE: 0.0 DHITRATE: 0
/u/s/i/sinclair/courses/cs552/spring2022/handouts/testprograms/public/rand_final/t_115_idcache.asm SUCCESS CPI:7.3 CYCLES:3107 ICOUNT:428 IHITRATE: 0.0 DHITRATE: 14.2
/u/s/i/sinclair/courses/cs552/spring2022/handouts/testprograms/public/rand_final/t_115_mem.asm SUCCESS CPI:4.5 CYCLES:6427 ICOUNT:1413 IHITRATE: 0.0 DHITRATE: 82.6
/u/s/i/sinclair/courses/cs552/spring2022/handouts/testprograms/public/rand_final/t_116_all.asm SUCCESS CPI:3.5 CYCLES:2041 ICOUNT:583 IHITRATE: 0.0 DHITRATE: 31.8
/u/s/i/sinclair/courses/cs552/spring2022/handouts/testprograms/public/rand_final/t_116_ctrl.asm SUCCESS CPI:3.4 CYCLES:3785 ICOUNT:1099 IHITRATE: 0.0 DHITRATE: 39.7
/u/s/i/sinclair/courses/cs552/spring2022/handouts/testprograms/public/rand_final/t_116_icache.asm SUCCESS CPI:7.1 CYCLES:649 ICOUNT:91 IHITRATE: 0.0 DHITRATE: 0
/u/s/i/sinclair/courses/cs552/spring2022/handouts/testprograms/public/rand_final/t_116_idcache.asm SUCCESS CPI:8.1 CYCLES:2836 ICOUNT:350 IHITRATE: 0.0 DHITRATE: 10.3
/u/s/i/sinclair/courses/cs552/spring2022/handouts/testprograms/public/rand_final/t_116_mem.asm SUCCESS CPI:4.7 CYCLES:6963 ICOUNT:1491 IHITRATE: 0.0 DHITRATE: 66.2
/u/s/i/sinclair/courses/cs552/spring2022/handouts/testprograms/public/rand_final/t_117_all.asm SUCCESS CPI:3.8 CYCLES:1779 ICOUNT:473 IHITRATE: 0.0 DHITRATE: 25.1
/u/s/i/sinclair/courses/cs552/spring2022/handouts/testprograms/public/rand_final/t_117_ctrl.asm SUCCESS CPI:3.7 CYCLES:3323 ICOUNT:895 IHITRATE: 0.0 DHITRATE: 22.8
/u/s/i/sinclair/courses/cs552/spring2022/handouts/testprograms/public/rand_final/t_117_icache.asm SUCCESS CPI:7.1 CYCLES:627 ICOUNT:88 IHITRATE: 0.0 DHITRATE: 0
/u/s/i/sinclair/courses/cs552/spring2022/handouts/testprograms/public/rand_final/t_117_idcache.asm SUCCESS CPI:7.4 CYCLES:3067 ICOUNT:416 IHITRATE: 0.0 DHITRATE: 11.1
/u/s/i/sinclair/courses/cs552/spring2022/handouts/testprograms/public/rand_final/t_117_mem.asm SUCCESS CPI:4.5 CYCLES:7028 ICOUNT:1569 IHITRATE: 0.0 DHITRATE: 74.6
/u/s/i/sinclair/courses/cs552/spring2022/handouts/testprograms/public/rand_final/t_118_all.asm SUCCESS CPI:3.6 CYCLES:1932 ICOUNT:530 IHITRATE: 0.0 DHITRATE: 28.2
/u/s/i/sinclair/courses/cs552/spring2022/handouts/testprograms/public/rand_final/t_118_ctrl.asm SUCCESS CPI:3.7 CYCLES:2964 ICOUNT:791 IHITRATE: 0.0 DHITRATE: 25.9
/u/s/i/sinclair/courses/cs552/spring2022/handouts/testprograms/public/rand_final/t_118_icache.asm SUCCESS CPI:17.9 CYCLES:465 ICOUNT:26 IHITRATE: 0.0 DHITRATE: 0
/u/s/i/sinclair/courses/cs552/spring2022/handouts/testprograms/public/rand_final/t_118_idcache.asm SUCCESS CPI:8.2 CYCLES:2639 ICOUNT:323 IHITRATE: 0.0 DHITRATE: 9.5
/u/s/i/sinclair/courses/cs552/spring2022/handouts/testprograms/public/rand_final/t_118_mem.asm SUCCESS CPI:4.7 CYCLES:6327 ICOUNT:1357 IHITRATE: 0.0 DHITRATE: 79.4
/u/s/i/sinclair/courses/cs552/spring2022/handouts/testprograms/public/rand_final/t_119_all.asm SUCCESS CPI:3.7 CYCLES:1556 ICOUNT:426 IHITRATE: 0.0 DHITRATE: 25.8
/u/s/i/sinclair/courses/cs552/spring2022/handouts/testprograms/public/rand_final/t_119_ctrl.asm SUCCESS CPI:3.7 CYCLES:2775 ICOUNT:759 IHITRATE: 0.0 DHITRATE: 32.0
/u/s/i/sinclair/courses/cs552/spring2022/handouts/testprograms/public/rand_final/t_119_icache.asm SUCCESS CPI:11.7 CYCLES:340 ICOUNT:29 IHITRATE: 0.0 DHITRATE: 0
/u/s/i/sinclair/courses/cs552/spring2022/handouts/testprograms/public/rand_final/t_119_idcache.asm SUCCESS CPI:7.4 CYCLES:995 ICOUNT:135 IHITRATE: 0.0 DHITRATE: 7.6
/u/s/i/sinclair/courses/cs552/spring2022/handouts/testprograms/public/rand_final/t_119_mem.asm SUCCESS CPI:4.5 CYCLES:7027 ICOUNT:1565 IHITRATE: 0.0 DHITRATE: 66.6
/u/s/i/sinclair/courses/cs552/spring2022/handouts/testprograms/public/rand_final/t_11_mem.asm SUCCESS CPI:4.6 CYCLES:7249 ICOUNT:1568 IHITRATE: 0.0 DHITRATE: 63.9
/u/s/i/sinclair/courses/cs552/spring2022/handouts/testprograms/public/rand_final/t_120_all.asm SUCCESS CPI:3.7 CYCLES:1460 ICOUNT:392 IHITRATE: 0.0 DHITRATE: 37.5
/u/s/i/sinclair/courses/cs552/spring2022/handouts/testprograms/public/rand_final/t_120_ctrl.asm SUCCESS CPI:3.6 CYCLES:3183 ICOUNT:896 IHITRATE: 0.0 DHITRATE: 34.4
/u/s/i/sinclair/courses/cs552/spring2022/handouts/testprograms/public/rand_final/t_120_icache.asm SUCCESS CPI:15.0 CYCLES:495 ICOUNT:33 IHITRATE: 0.0 DHITRATE: 0
/u/s/i/sinclair/courses/cs552/spring2022/handouts/testprograms/public/rand_final/t_120_idcache.asm SUCCESS CPI:7.7 CYCLES:2819 ICOUNT:368 IHITRATE: 0.0 DHITRATE: 10.4
/u/s/i/sinclair/courses/cs552/spring2022/handouts/testprograms/public/rand_final/t_120_mem.asm SUCCESS CPI:4.6 CYCLES:6697 ICOUNT:1471 IHITRATE: 0.0 DHITRATE: 77.3
/u/s/i/sinclair/courses/cs552/spring2022/handouts/testprograms/public/rand_final/t_121_all.asm SUCCESS CPI:3.8 CYCLES:1243 ICOUNT:327 IHITRATE: 0.0 DHITRATE: 23.8
/u/s/i/sinclair/courses/cs552/spring2022/handouts/testprograms/public/rand_final/t_122_all.asm SUCCESS CPI:3.7 CYCLES:1241 ICOUNT:335 IHITRATE: 0.0 DHITRATE: 26.4
/u/s/i/sinclair/courses/cs552/spring2022/handouts/testprograms/public/rand_final/t_123_all.asm SUCCESS CPI:3.7 CYCLES:1876 ICOUNT:513 IHITRATE: 0.0 DHITRATE: 23.3
/u/s/i/sinclair/courses/cs552/spring2022/handouts/testprograms/public/rand_final/t_124_all.asm SUCCESS CPI:3.6 CYCLES:1331 ICOUNT:369 IHITRATE: 0.0 DHITRATE: 25.0
/u/s/i/sinclair/courses/cs552/spring2022/handouts/testprograms/public/rand_final/t_125_all.asm SUCCESS CPI:3.8 CYCLES:1939 ICOUNT:512 IHITRATE: 0.0 DHITRATE: 19.7
/u/s/i/sinclair/courses/cs552/spring2022/handouts/testprograms/public/rand_final/t_126_all.asm SUCCESS CPI:3.6 CYCLES:2259 ICOUNT:621 IHITRATE: 0.0 DHITRATE: 17.7
/u/s/i/sinclair/courses/cs552/spring2022/handouts/testprograms/public/rand_final/t_127_all.asm SUCCESS CPI:3.6 CYCLES:1683 ICOUNT:471 IHITRATE: 0.0 DHITRATE: 28.9
/u/s/i/sinclair/courses/cs552/spring2022/handouts/testprograms/public/rand_final/t_128_all.asm SUCCESS CPI:3.7 CYCLES:1644 ICOUNT:440 IHITRATE: 0.0 DHITRATE: 23.5
/u/s/i/sinclair/courses/cs552/spring2022/handouts/testprograms/public/rand_final/t_129_all.asm SUCCESS CPI:3.7 CYCLES:1679 ICOUNT:449 IHITRATE: 0.0 DHITRATE: 29.1
/u/s/i/sinclair/courses/cs552/spring2022/handouts/testprograms/public/rand_final/t_12_mem.asm SUCCESS CPI:4.7 CYCLES:6676 ICOUNT:1424 IHITRATE: 0.0 DHITRATE: 78.1
/u/s/i/sinclair/courses/cs552/spring2022/handouts/testprograms/public/rand_final/t_130_all.asm SUCCESS CPI:3.5 CYCLES:2348 ICOUNT:664 IHITRATE: 0.0 DHITRATE: 26.4
/u/s/i/sinclair/courses/cs552/spring2022/handouts/testprograms/public/rand_final/t_131_all.asm SUCCESS CPI:3.5 CYCLES:1979 ICOUNT:566 IHITRATE: 0.0 DHITRATE: 41.9
/u/s/i/sinclair/courses/cs552/spring2022/handouts/testprograms/public/rand_final/t_132_all.asm SUCCESS CPI:3.6 CYCLES:1748 ICOUNT:486 IHITRATE: 0.0 DHITRATE: 23.0
/u/s/i/sinclair/courses/cs552/spring2022/handouts/testprograms/public/rand_final/t_133_all.asm SUCCESS CPI:3.6 CYCLES:1676 ICOUNT:460 IHITRATE: 0.0 DHITRATE: 23.3
/u/s/i/sinclair/courses/cs552/spring2022/handouts/testprograms/public/rand_final/t_134_all.asm SUCCESS CPI:3.6 CYCLES:1755 ICOUNT:492 IHITRATE: 0.0 DHITRATE: 26.3
/u/s/i/sinclair/courses/cs552/spring2022/handouts/testprograms/public/rand_final/t_135_all.asm SUCCESS CPI:3.6 CYCLES:2231 ICOUNT:623 IHITRATE: 0.0 DHITRATE: 23.0
/u/s/i/sinclair/courses/cs552/spring2022/handouts/testprograms/public/rand_final/t_136_all.asm SUCCESS CPI:3.7 CYCLES:1585 ICOUNT:433 IHITRATE: 0.0 DHITRATE: 26.2
/u/s/i/sinclair/courses/cs552/spring2022/handouts/testprograms/public/rand_final/t_137_all.asm SUCCESS CPI:3.6 CYCLES:1979 ICOUNT:553 IHITRATE: 0.0 DHITRATE: 24.6
/u/s/i/sinclair/courses/cs552/spring2022/handouts/testprograms/public/rand_final/t_138_all.asm SUCCESS CPI:3.5 CYCLES:2252 ICOUNT:636 IHITRATE: 0.0 DHITRATE: 29.8
/u/s/i/sinclair/courses/cs552/spring2022/handouts/testprograms/public/rand_final/t_139_all.asm SUCCESS CPI:3.8 CYCLES:1433 ICOUNT:379 IHITRATE: 0.0 DHITRATE: 17.8
/u/s/i/sinclair/courses/cs552/spring2022/handouts/testprograms/public/rand_final/t_13_mem.asm SUCCESS CPI:4.6 CYCLES:6673 ICOUNT:1455 IHITRATE: 0.0 DHITRATE: 74.5
/u/s/i/sinclair/courses/cs552/spring2022/handouts/testprograms/public/rand_final/t_140_all.asm SUCCESS CPI:3.6 CYCLES:1495 ICOUNT:417 IHITRATE: 0.0 DHITRATE: 24.8
/u/s/i/sinclair/courses/cs552/spring2022/handouts/testprograms/public/rand_final/t_141_all.asm SUCCESS CPI:3.5 CYCLES:1769 ICOUNT:509 IHITRATE: 0.0 DHITRATE: 43.4
/u/s/i/sinclair/courses/cs552/spring2022/handouts/testprograms/public/rand_final/t_142_all.asm SUCCESS CPI:3.6 CYCLES:1459 ICOUNT:402 IHITRATE: 0.0 DHITRATE: 28.9
/u/s/i/sinclair/courses/cs552/spring2022/handouts/testprograms/public/rand_final/t_143_all.asm SUCCESS CPI:3.5 CYCLES:1856 ICOUNT:524 IHITRATE: 0.0 DHITRATE: 27.3
/u/s/i/sinclair/courses/cs552/spring2022/handouts/testprograms/public/rand_final/t_144_all.asm SUCCESS CPI:3.8 CYCLES:1659 ICOUNT:439 IHITRATE: 0.0 DHITRATE: 23.8
/u/s/i/sinclair/courses/cs552/spring2022/handouts/testprograms/public/rand_final/t_145_all.asm SUCCESS CPI:3.6 CYCLES:1651 ICOUNT:455 IHITRATE: 0.0 DHITRATE: 22.4
/u/s/i/sinclair/courses/cs552/spring2022/handouts/testprograms/public/rand_final/t_146_all.asm SUCCESS CPI:3.6 CYCLES:2260 ICOUNT:628 IHITRATE: 0.0 DHITRATE: 29.0
/u/s/i/sinclair/courses/cs552/spring2022/handouts/testprograms/public/rand_final/t_147_all.asm SUCCESS CPI:3.6 CYCLES:1644 ICOUNT:457 IHITRATE: 0.0 DHITRATE: 28.1
/u/s/i/sinclair/courses/cs552/spring2022/handouts/testprograms/public/rand_final/t_148_all.asm SUCCESS CPI:3.6 CYCLES:1691 ICOUNT:468 IHITRATE: 0.0 DHITRATE: 29.0
/u/s/i/sinclair/courses/cs552/spring2022/handouts/testprograms/public/rand_final/t_149_all.asm SUCCESS CPI:3.5 CYCLES:1644 ICOUNT:465 IHITRATE: 0.0 DHITRATE: 25.5
/u/s/i/sinclair/courses/cs552/spring2022/handouts/testprograms/public/rand_final/t_14_mem.asm SUCCESS CPI:4.8 CYCLES:6639 ICOUNT:1385 IHITRATE: 0.0 DHITRATE: 67.5
/u/s/i/sinclair/courses/cs552/spring2022/handouts/testprograms/public/rand_final/t_150_all.asm SUCCESS CPI:3.6 CYCLES:1856 ICOUNT:521 IHITRATE: 0.0 DHITRATE: 31.6
/u/s/i/sinclair/courses/cs552/spring2022/handouts/testprograms/public/rand_final/t_15_mem.asm SUCCESS CPI:4.6 CYCLES:6647 ICOUNT:1459 IHITRATE: 0.0 DHITRATE: 80.6
/u/s/i/sinclair/courses/cs552/spring2022/handouts/testprograms/public/rand_final/t_16_mem.asm SUCCESS CPI:4.5 CYCLES:6668 ICOUNT:1466 IHITRATE: 0.0 DHITRATE: 80.0
/u/s/i/sinclair/courses/cs552/spring2022/handouts/testprograms/public/rand_final/t_17_mem.asm SUCCESS CPI:4.5 CYCLES:6831 ICOUNT:1513 IHITRATE: 0.0 DHITRATE: 73.7
/u/s/i/sinclair/courses/cs552/spring2022/handouts/testprograms/public/rand_final/t_18_mem.asm SUCCESS CPI:4.7 CYCLES:6617 ICOUNT:1420 IHITRATE: 0.0 DHITRATE: 71.3
/u/s/i/sinclair/courses/cs552/spring2022/handouts/testprograms/public/rand_final/t_19_mem.asm SUCCESS CPI:4.7 CYCLES:6540 ICOUNT:1397 IHITRATE: 0.0 DHITRATE: 75.3
