          // seed 1
0000 c080 lbi r0, 128 // icount 0
0002 9000 slbi r0, 0 // icount 1
0004 c180 lbi r1, 128 // icount 2
0006 9100 slbi r1, 0 // icount 3
0008 c280 lbi r2, 128 // icount 4
000a 9200 slbi r2, 0 // icount 5
000c c380 lbi r3, 128 // icount 6
000e 9300 slbi r3, 0 // icount 7
0010 c480 lbi r4, 128 // icount 8
0012 9400 slbi r4, 0 // icount 9
0014 c580 lbi r5, 128 // icount 10
0016 9500 slbi r5, 0 // icount 11
0018 c680 lbi r6, 128 // icount 12
001a 9600 slbi r6, 0 // icount 13
001c c780 lbi r7, 128 // icount 14
001e 0800 nop // to align meminst icount 15
0020 9700 slbi r7, 0 // icount 16
0022 0800 nop // to align meminst icount 17
0024 98c4 stu r6, r0, 4 // icount 18
0026 0800 nop // to align meminst icount 19
0028 889c ld r4, r0, -4 // icount 20
002a 0800 nop // to align meminst icount 21
002c 898c ld r4, r1, 12 // icount 22
002e 0800 nop // to align meminst icount 23
0030 817e st r3, r1, -2 // icount 24
0032 0800 nop // to align meminst icount 25
0034 8958 ld r2, r1, -8 // icount 26
0036 0800 nop // to align meminst icount 27
0038 8990 ld r4, r1, -16 // icount 28
003a 0800 nop // to align meminst icount 29
003c 88b6 ld r5, r0, -10 // icount 30
003e 0800 nop // to align meminst icount 31
0040 997e stu r3, r1, -2 // icount 32
0042 0800 nop // to align meminst icount 33
0044 89ac ld r5, r1, 12 // icount 34
0046 0800 nop // to align meminst icount 35
0048 807e st r3, r0, -2 // icount 36
004a 0800 nop // to align meminst icount 37
004c 8190 st r4, r1, -16 // icount 38
004e 0800 nop // to align meminst icount 39
0050 88b8 ld r5, r0, -8 // icount 40
0052 0800 nop // to align meminst icount 41
0054 9970 stu r3, r1, -16 // icount 42
0056 0800 nop // to align meminst icount 43
0058 8152 st r2, r1, -14 // icount 44
005a 0800 nop // to align meminst icount 45
005c 98c6 stu r6, r0, 6 // icount 46
005e 0800 nop // to align meminst icount 47
0060 89d4 ld r6, r1, -12 // icount 48
0062 0800 nop // to align meminst icount 49
0064 986e stu r3, r0, 14 // icount 50
0066 0800 nop // to align meminst icount 51
0068 897c ld r3, r1, -4 // icount 52
006a 9966 stu r3, r1, 6 // icount 53
006c c700 lbi r7, 0 // icount 54
006e c200 lbi r2, 0 // icount 55
0070 0800 nop // to align branch icount 56
0072 7714 bltz r7, 20 // icount 57
0074 5801 andni r0, r0, 1 // icount 58
0076 80ec st r7, r0, 12 // icount 59
0078 464b addi r2, r6, 11 // icount 60
007a f95c sco r7, r1, r2 // icount 61
007c c206 lbi r2, 6 // icount 62
007e bfac srli r5, r7, 12 // icount 63
0080 db72 xor r4, r3, r3 // icount 64
0082 ad67 slli r3, r5, 7 // icount 65
0084 e2b0 seq r4, r2, r5 // icount 66
0086 d95c add r7, r1, r2 // icount 67
0088 5d88 andni r4, r5, 8 // icount 68
008a 5bc5 andni r6, r3, 5 // icount 69
008c ad4c slli r2, r5, 12 // icount 70
008e e210 seq r4, r2, r0 // icount 71
0090 42ed addi r7, r2, 13 // icount 72
0092 ea90 slt r4, r2, r4 // icount 73
0094 d3fa ror r6, r3, r7 // icount 74
0096 dad7 andn r5, r2, r6 // icount 75
0098 5921 andni r1, r1, 1 // icount 76
009a 8960 ld r3, r1, 0 // icount 77
009c ddf1 sub r4, r5, r7 // icount 78
009e 0800 nop // to align meminst icount 79
00a0 b688 rori r4, r6, 8 // icount 80
00a2 0800 nop // to align meminst icount 81
00a4 80b4 st r5, r0, -12 // icount 82
00a6 0800 nop // to align meminst icount 83
00a8 8174 st r3, r1, -12 // icount 84
00aa 0800 nop // to align meminst icount 85
00ac 9882 stu r4, r0, 2 // icount 86
00ae 0800 nop // to align meminst icount 87
00b0 898e ld r4, r1, 14 // icount 88
00b2 0800 nop // to align meminst icount 89
00b4 80b4 st r5, r0, -12 // icount 90
00b6 0800 nop // to align meminst icount 91
00b8 8858 ld r2, r0, -8 // icount 92
00ba 0800 nop // to align meminst icount 93
00bc 895a ld r2, r1, -6 // icount 94
00be 0800 nop // to align meminst icount 95
00c0 886e ld r3, r0, 14 // icount 96
00c2 0800 nop // to align meminst icount 97
00c4 995e stu r2, r1, -2 // icount 98
00c6 0800 nop // to align meminst icount 99
00c8 89de ld r6, r1, -2 // icount 100
00ca 0800 nop // to align meminst icount 101
00cc 9980 stu r4, r1, 0 // icount 102
00ce 0800 nop // to align meminst icount 103
00d0 81ca st r6, r1, 10 // icount 104
00d2 0800 nop // to align meminst icount 105
00d4 80c0 st r6, r0, 0 // icount 106
00d6 0800 nop // to align meminst icount 107
00d8 9974 stu r3, r1, -12 // icount 108
00da 0800 nop // to align meminst icount 109
00dc 8896 ld r4, r0, -10 // icount 110
00de 0800 nop // to align meminst icount 111
00e0 884c ld r2, r0, 12 // icount 112
00e2 0800 nop // to align meminst icount 113
00e4 897c ld r3, r1, -4 // icount 114
00e6 0800 nop // to align meminst icount 115
00e8 889a ld r4, r0, -6 // icount 116
00ea 0800 nop // to align meminst icount 117
00ec 81c8 st r6, r1, 8 // icount 118
00ee 0800 nop // to align meminst icount 119
00f0 886a ld r3, r0, 10 // icount 120
00f2 0800 nop // to align meminst icount 121
00f4 8950 ld r2, r1, -16 // icount 122
00f6 0800 nop // to align meminst icount 123
00f8 8994 ld r4, r1, -12 // icount 124
00fa 0800 nop // to align meminst icount 125
00fc 9848 stu r2, r0, 8 // icount 126
00fe 0800 nop // to align meminst icount 127
0100 9872 stu r3, r0, -14 // icount 128
0102 0800 nop // to align meminst icount 129
0104 88d6 ld r6, r0, -10 // icount 130
0106 0800 nop // to align meminst icount 131
0108 81a8 st r5, r1, 8 // icount 132
010a 0800 nop // to align meminst icount 133
010c 809a st r4, r0, -6 // icount 134
010e 0800 nop // to align meminst icount 135
0110 8190 st r4, r1, -16 // icount 136
0112 0800 nop // to align meminst icount 137
0114 89c4 ld r6, r1, 4 // icount 138
0116 0800 nop // to align meminst icount 139
0118 89c0 ld r6, r1, 0 // icount 140
011a 0800 nop // to align meminst icount 141
011c 88ac ld r5, r0, 12 // icount 142
011e 0800 nop // to align meminst icount 143
0120 80d6 st r6, r0, -10 // icount 144
0122 81c8 st r6, r1, 8 // icount 145
0124 413a addi r1, r1, -6   // change base addr // icount 146
0126 0800 nop // to align meminst icount 147
0128 8040 st r2, r0, 0 // icount 148
012a 0800 nop // to align meminst icount 149
012c 80a2 st r5, r0, 2 // icount 150
012e 0800 nop // to align meminst icount 151
0130 88a2 ld r5, r0, 2 // icount 152
0132 0800 nop // to align meminst icount 153
0134 80c6 st r6, r0, 6 // icount 154
0136 8880 ld r4, r0, 0 // icount 155
0138 df8a xor r2, r7, r4 // icount 156
013a 0800 nop // to align meminst icount 157
013c 89d8 ld r6, r1, -8 // icount 158
013e 0800 nop // to align meminst icount 159
0140 81ba st r5, r1, -6 // icount 160
0142 0800 nop // to align meminst icount 161
0144 8154 st r2, r1, -12 // icount 162
0146 0800 nop // to align meminst icount 163
0148 8882 ld r4, r0, 2 // icount 164
014a 0800 nop // to align meminst icount 165
014c 9898 stu r4, r0, -8 // icount 166
014e 0800 nop // to align meminst icount 167
0150 89cc ld r6, r1, 12 // icount 168
0152 0800 nop // to align meminst icount 169
0154 8848 ld r2, r0, 8 // icount 170
0156 0800 nop // to align meminst icount 171
0158 88da ld r6, r0, -6 // icount 172
015a 0800 nop // to align meminst icount 173
015c 886e ld r3, r0, 14 // icount 174
015e 0800 nop // to align meminst icount 175
0160 8994 ld r4, r1, -12 // icount 176
0162 0800 nop // to align meminst icount 177
0164 997e stu r3, r1, -2 // icount 178
0166 0800 nop // to align meminst icount 179
0168 8992 ld r4, r1, -14 // icount 180
016a 0800 nop // to align meminst icount 181
016c 9840 stu r2, r0, 0 // icount 182
016e 0800 nop // to align meminst icount 183
0170 988c stu r4, r0, 12 // icount 184
0172 0800 nop // to align meminst icount 185
0174 80d8 st r6, r0, -8 // icount 186
0176 0800 nop // to align meminst icount 187
0178 886e ld r3, r0, 14 // icount 188
017a 0800 nop // to align meminst icount 189
017c 984a stu r2, r0, 10 // icount 190
017e 0800 nop // to align meminst icount 191
0180 885e ld r2, r0, -2 // icount 192
0182 0800 nop // to align meminst icount 193
0184 89aa ld r5, r1, 10 // icount 194
0186 0800 nop // to align meminst icount 195
0188 88ce ld r6, r0, 14 // icount 196
018a 0800 nop // to align meminst icount 197
018c 89d4 ld r6, r1, -12 // icount 198
018e 0800 nop // to align meminst icount 199
0190 88d8 ld r6, r0, -8 // icount 200
0192 0800 nop // to align meminst icount 201
0194 98ba stu r5, r0, -6 // icount 202
0196 0800 nop // to align meminst icount 203
0198 8172 st r3, r1, -14 // icount 204
019a 0800 nop // to align meminst icount 205
019c 8878 ld r3, r0, -8 // icount 206
019e 0800 nop // to align meminst icount 207
01a0 818a st r4, r1, 10 // icount 208
01a2 0800 nop // to align meminst icount 209
01a4 98c6 stu r6, r0, 6 // icount 210
01a6 0800 nop // to align meminst icount 211
01a8 98c2 stu r6, r0, 2 // icount 212
01aa 0800 nop // to align meminst icount 213
01ac 8986 ld r4, r1, 6 // icount 214
01ae 0800 nop // to align meminst icount 215
01b0 8098 st r4, r0, -8 // icount 216
01b2 0800 nop // to align meminst icount 217
01b4 886c ld r3, r0, 12 // icount 218
01b6 0800 nop // to align meminst icount 219
01b8 8956 ld r2, r1, -10 // icount 220
01ba 0800 nop // to align meminst icount 221
01bc 89ae ld r5, r1, 14 // icount 222
01be 0800 nop // to align meminst icount 223
01c0 8990 ld r4, r1, -16 // icount 224
01c2 0800 nop // to align meminst icount 225
01c4 8140 st r2, r1, 0 // icount 226
01c6 0800 nop // to align meminst icount 227
01c8 89d6 ld r6, r1, -10 // icount 228
01ca 0800 nop // to align meminst icount 229
01cc 98c4 stu r6, r0, 4 // icount 230
01ce 0800 nop // to align meminst icount 231
01d0 994c stu r2, r1, 12 // icount 232
01d2 0800 nop // to align meminst icount 233
01d4 888e ld r4, r0, 14 // icount 234
01d6 0800 nop // to align meminst icount 235
01d8 8050 st r2, r0, -16 // icount 236
01da 0800 nop // to align meminst icount 237
01dc 884a ld r2, r0, 10 // icount 238
01de 0800 nop // to align meminst icount 239
01e0 88b2 ld r5, r0, -14 // icount 240
01e2 0800 nop // to align meminst icount 241
01e4 8956 ld r2, r1, -10 // icount 242
01e6 0800 nop // to align meminst icount 243
01e8 819a st r4, r1, -6 // icount 244
01ea 0800 nop // to align meminst icount 245
01ec 8044 st r2, r0, 4 // icount 246
01ee 0800 nop // to align meminst icount 247
01f0 9960 stu r3, r1, 0 // icount 248
01f2 0800 nop // to align meminst icount 249
01f4 8854 ld r2, r0, -12 // icount 250
01f6 0800 nop // to align meminst icount 251
01f8 805a st r2, r0, -6 // icount 252
01fa 0800 nop // to align meminst icount 253
01fc 88da ld r6, r0, -6 // icount 254
01fe 0800 nop // to align meminst icount 255
0200 88c4 ld r6, r0, 4 // icount 256
0202 0800 nop // to align meminst icount 257
0204 8858 ld r2, r0, -8 // icount 258
0206 0800 nop // to align meminst icount 259
0208 98a6 stu r5, r0, 6 // icount 260
020a 0800 nop // to align meminst icount 261
020c 997c stu r3, r1, -4 // icount 262
020e 0800 nop // to align meminst icount 263
0210 80a6 st r5, r0, 6 // icount 264
0212 0800 nop // to align meminst icount 265
0214 99b0 stu r5, r1, -16 // icount 266
0216 0800 nop // to align meminst icount 267
0218 8882 ld r4, r0, 2 // icount 268
021a 0800 nop // to align meminst icount 269
021c 99bc stu r5, r1, -4 // icount 270
021e 0800 nop // to align meminst icount 271
0220 8162 st r3, r1, 2 // icount 272
0222 0800 nop // to align meminst icount 273
0224 8072 st r3, r0, -14 // icount 274
0226 0800 nop // to align meminst icount 275
0228 8940 ld r2, r1, 0 // icount 276
022a 0800 nop // to align meminst icount 277
022c 98d4 stu r6, r0, -12 // icount 278
022e 0800 nop // to align meminst icount 279
0230 89da ld r6, r1, -6 // icount 280
0232 0800 nop // to align meminst icount 281
0234 98ce stu r6, r0, 14 // icount 282
0236 0800 nop // to align meminst icount 283
0238 8894 ld r4, r0, -12 // icount 284
023a 0800 nop // to align meminst icount 285
023c 9856 stu r2, r0, -10 // icount 286
023e 0800 nop // to align meminst icount 287
0240 894c ld r2, r1, 12 // icount 288
0242 0800 nop // to align meminst icount 289
0244 8062 st r3, r0, 2 // icount 290
0246 0800 nop // to align meminst icount 291
0248 99d2 stu r6, r1, -14 // icount 292
024a 0800 nop // to align meminst icount 293
024c 80a8 st r5, r0, 8 // icount 294
024e 0800 nop // to align meminst icount 295
0250 889e ld r4, r0, -2 // icount 296
0252 0800 nop // to align meminst icount 297
0254 996e stu r3, r1, 14 // icount 298
0256 0800 nop // to align meminst icount 299
0258 89c0 ld r6, r1, 0 // icount 300
025a 0800 nop // to align meminst icount 301
025c 80aa st r5, r0, 10 // icount 302
025e 0800 nop // to align meminst icount 303
0260 8878 ld r3, r0, -8 // icount 304
0262 0800 nop // to align meminst icount 305
0264 8860 ld r3, r0, 0 // icount 306
0266 0800 nop // to align meminst icount 307
0268 9942 stu r2, r1, 2 // icount 308
026a 0800 nop // to align meminst icount 309
026c 99b8 stu r5, r1, -8 // icount 310
026e 0800 nop // to align meminst icount 311
0270 804a st r2, r0, 10 // icount 312
0272 0800 nop // to align meminst icount 313
0274 885e ld r2, r0, -2 // icount 314
0276 0800 nop // to align meminst icount 315
0278 80d8 st r6, r0, -8 // icount 316
027a 0800 nop // to align meminst icount 317
027c 804e st r2, r0, 14 // icount 318
027e 0800 nop // to align meminst icount 319
0280 8864 ld r3, r0, 4 // icount 320
0282 0800 nop // to align meminst icount 321
0284 997a stu r3, r1, -6 // icount 322
0286 0800 nop // to align meminst icount 323
0288 894c ld r2, r1, 12 // icount 324
028a 0800 nop // to align meminst icount 325
028c 89c6 ld r6, r1, 6 // icount 326
028e 809a st r4, r0, -6 // icount 327
0290 c300 lbi r3, 0 // icount 328
0292 c200 lbi r2, 0 // icount 329
0294 0800 nop // to align branch icount 330
0296 6e10 bnez r6, 16 // icount 331
0298 a146 roli r2, r1, 6 // icount 332
029a e930 slt r4, r1, r1 // icount 333
029c 5fe1 andni r7, r7, 1 // icount 334
029e 9f6a stu r3, r7, 10 // icount 335
02a0 5ec1 andni r6, r6, 1 // icount 336
02a2 8e8c ld r4, r6, 12 // icount 337
02a4 5da1 andni r5, r5, 1 // icount 338
02a6 9dce stu r6, r5, 14 // icount 339
02a8 d3a9 sll r2, r3, r5 // icount 340
02aa 950b slbi r5, 11 // icount 341
02ac b9c6 srli r6, r1, 6 // icount 342
02ae fc34 sco r5, r4, r1 // icount 343
02b0 d27a ror r6, r2, r3 // icount 344
02b2 f92c sco r3, r1, r1 // icount 345
02b4 a9c2 slli r6, r1, 2 // icount 346
02b6 b2ab rori r5, r2, 11 // icount 347
02b8 5ec1 andni r6, r6, 1 // icount 348
02ba 9e84 stu r4, r6, 4 // icount 349
02bc ecb0 slt r4, r4, r5 // icount 350
02be 0800 nop // to align meminst icount 351
02c0 4840 subi r2, r0, 0 // icount 352
02c2 0800 nop // to align meminst icount 353
02c4 815a st r2, r1, -6 // icount 354
02c6 0800 nop // to align meminst icount 355
02c8 8994 ld r4, r1, -12 // icount 356
02ca 0800 nop // to align meminst icount 357
02cc 98be stu r5, r0, -2 // icount 358
02ce 0800 nop // to align meminst icount 359
02d0 8080 st r4, r0, 0 // icount 360
02d2 0800 nop // to align meminst icount 361
02d4 98ba stu r5, r0, -6 // icount 362
02d6 0800 nop // to align meminst icount 363
02d8 9948 stu r2, r1, 8 // icount 364
02da 88cc ld r6, r0, 12 // icount 365
02dc e738 seq r6, r7, r1 // icount 366
02de 0800 nop // to align meminst icount 367
02e0 8164 st r3, r1, 4 // icount 368
02e2 0800 nop // to align meminst icount 369
02e4 984a stu r2, r0, 10 // icount 370
02e6 0800 nop // to align meminst icount 371
02e8 8046 st r2, r0, 6 // icount 372
02ea 0800 nop // to align meminst icount 373
02ec 80a6 st r5, r0, 6 // icount 374
02ee 0800 nop // to align meminst icount 375
02f0 80d6 st r6, r0, -10 // icount 376
02f2 0800 nop // to align meminst icount 377
02f4 8184 st r4, r1, 4 // icount 378
02f6 0800 nop // to align meminst icount 379
02f8 9868 stu r3, r0, 8 // icount 380
02fa 0800 nop // to align meminst icount 381
02fc 98ba stu r5, r0, -6 // icount 382
02fe 0800 nop // to align meminst icount 383
0300 89c0 ld r6, r1, 0 // icount 384
0302 80bc st r5, r0, -4 // icount 385
0304 ed8c slt r3, r5, r4 // icount 386
0306 0800 nop // to align meminst icount 387
0308 81d8 st r6, r1, -8 // icount 388
030a 99d0 stu r6, r1, -16 // icount 389
030c c300 lbi r3, 0 // icount 390
030e c400 lbi r4, 0 // icount 391
0310 0800 nop // to align branch icount 392
0312 6d08 bnez r5, 8 // icount 393
0314 5fc1 andni r6, r7, 1 // icount 394
0316 fb94 sco r5, r3, r4 // icount 395
0318 49ae subi r5, r1, 14 // icount 396
031a d1ca ror r2, r1, r6 // icount 397
031c 5921 andni r1, r1, 1 // icount 398
031e 99a0 stu r5, r1, 0 // icount 399
0320 da9f andn r7, r2, r4 // icount 400
0322 d1d3 srl r4, r1, r6 // icount 401
0324 51c2 xori r6, r1, 2 // icount 402
0326 0800 nop // to align meminst icount 403
0328 8084 st r4, r0, 4 // icount 404
032a 0800 nop // to align meminst icount 405
032c 98d8 stu r6, r0, -8 // icount 406
032e 0800 nop // to align meminst icount 407
0330 9952 stu r2, r1, -14 // icount 408
0332 0800 nop // to align meminst icount 409
0334 896e ld r3, r1, 14 // icount 410
0336 0800 nop // to align meminst icount 411
0338 808a st r4, r0, 10 // icount 412
033a 0800 nop // to align meminst icount 413
033c 8996 ld r4, r1, -10 // icount 414
033e 0800 nop // to align meminst icount 415
0340 884a ld r2, r0, 10 // icount 416
0342 0800 nop // to align meminst icount 417
0344 8194 st r4, r1, -12 // icount 418
0346 0800 nop // to align meminst icount 419
0348 8880 ld r4, r0, 0 // icount 420
034a 0800 nop // to align meminst icount 421
034c 81c6 st r6, r1, 6 // icount 422
034e 0800 nop // to align meminst icount 423
0350 98a6 stu r5, r0, 6 // icount 424
0352 0800 nop // to align meminst icount 425
0354 88c0 ld r6, r0, 0 // icount 426
0356 0800 nop // to align meminst icount 427
0358 99aa stu r5, r1, 10 // icount 428
035a 0800 nop // to align meminst icount 429
035c 899e ld r4, r1, -2 // icount 430
035e 0800 nop // to align meminst icount 431
0360 8840 ld r2, r0, 0 // icount 432
0362 0800 nop // to align meminst icount 433
0364 88ae ld r5, r0, 14 // icount 434
0366 0800 nop // to align meminst icount 435
0368 98d4 stu r6, r0, -12 // icount 436
036a 0800 nop // to align meminst icount 437
036c 88da ld r6, r0, -6 // icount 438
036e 0800 nop // to align meminst icount 439
0370 9994 stu r4, r1, -12 // icount 440
0372 0800 nop // to align meminst icount 441
0374 897e ld r3, r1, -2 // icount 442
0376 0800 nop // to align meminst icount 443
0378 89da ld r6, r1, -6 // icount 444
037a 0800 nop // to align meminst icount 445
037c 88b0 ld r5, r0, -16 // icount 446
037e 0800 nop // to align meminst icount 447
0380 81ba st r5, r1, -6 // icount 448
0382 0800 nop // to align meminst icount 449
0384 88d8 ld r6, r0, -8 // icount 450
0386 0800 nop // to align meminst icount 451
0388 884c ld r2, r0, 12 // icount 452
038a 0800 nop // to align meminst icount 453
038c 885e ld r2, r0, -2 // icount 454
038e 0800 nop // to align meminst icount 455
0390 895c ld r2, r1, -4 // icount 456
0392 0800 nop // to align meminst icount 457
0394 89b0 ld r5, r1, -16 // icount 458
0396 0800 nop // to align meminst icount 459
0398 8962 ld r3, r1, 2 // icount 460
039a 0800 nop // to align meminst icount 461
039c 98b4 stu r5, r0, -12 // icount 462
039e 0800 nop // to align meminst icount 463
03a0 88a8 ld r5, r0, 8 // icount 464
03a2 0800 nop // to align meminst icount 465
03a4 8992 ld r4, r1, -14 // icount 466
03a6 0800 nop // to align meminst icount 467
03a8 897c ld r3, r1, -4 // icount 468
03aa 0800 nop // to align meminst icount 469
03ac 8048 st r2, r0, 8 // icount 470
03ae 0800 nop // to align meminst icount 471
03b0 81a0 st r5, r1, 0 // icount 472
03b2 0800 nop // to align meminst icount 473
03b4 8184 st r4, r1, 4 // icount 474
03b6 0800 nop // to align meminst icount 475
03b8 80d6 st r6, r0, -10 // icount 476
03ba 0800 nop // to align meminst icount 477
03bc 9944 stu r2, r1, 4 // icount 478
03be 8882 ld r4, r0, 2 // icount 479
03c0 488d subi r4, r0, 13 // icount 480
03c2 0800 nop // to align meminst icount 481
03c4 807a st r3, r0, -6 // icount 482
03c6 0800 nop // to align meminst icount 483
03c8 817c st r3, r1, -4 // icount 484
03ca 0800 nop // to align meminst icount 485
03cc 804a st r2, r0, 10 // icount 486
03ce 0800 nop // to align meminst icount 487
03d0 81be st r5, r1, -2 // icount 488
03d2 0800 nop // to align meminst icount 489
03d4 806c st r3, r0, 12 // icount 490
03d6 0800 nop // to align meminst icount 491
03d8 9958 stu r2, r1, -8 // icount 492
03da 0800 nop // to align meminst icount 493
03dc 886c ld r3, r0, 12 // icount 494
03de 0800 nop // to align meminst icount 495
03e0 8976 ld r3, r1, -10 // icount 496
03e2 0800 nop // to align meminst icount 497
03e4 88b0 ld r5, r0, -16 // icount 498
03e6 0800 nop // to align meminst icount 499
03e8 8888 ld r4, r0, 8 // icount 500
03ea 0800 nop // to align meminst icount 501
03ec 8050 st r2, r0, -16 // icount 502
03ee 0800 nop // to align meminst icount 503
03f0 986a stu r3, r0, 10 // icount 504
03f2 8874 ld r3, r0, -12 // icount 505
03f4 b9e6 srli r7, r1, 6 // icount 506
03f6 0800 nop // to align meminst icount 507
03f8 8944 ld r2, r1, 4 // icount 508
03fa 0800 nop // to align meminst icount 509
03fc 987e stu r3, r0, -2 // icount 510
03fe 0800 nop // to align meminst icount 511
0400 98da stu r6, r0, -6 // icount 512
0402 0800 nop // to align meminst icount 513
0404 8062 st r3, r0, 2 // icount 514
0406 0800 nop // to align meminst icount 515
0408 9972 stu r3, r1, -14 // icount 516
040a 0800 nop // to align meminst icount 517
040c 997a stu r3, r1, -6 // icount 518
040e 887c ld r3, r0, -4 // icount 519
0410 e2d0 seq r4, r2, r6 // icount 520
0412 0800 nop // to align meminst icount 521
0414 9942 stu r2, r1, 2 // icount 522
0416 0800 nop // to align meminst icount 523
0418 8160 st r3, r1, 0 // icount 524
041a 0800 nop // to align meminst icount 525
041c 98da stu r6, r0, -6 // icount 526
041e 0800 nop // to align meminst icount 527
0420 985e stu r2, r0, -2 // icount 528
0422 0800 nop // to align meminst icount 529
0424 9998 stu r4, r1, -8 // icount 530
0426 0800 nop // to align meminst icount 531
0428 98d8 stu r6, r0, -8 // icount 532
042a 0800 nop // to align meminst icount 533
042c 8852 ld r2, r0, -14 // icount 534
042e 0800 nop // to align meminst icount 535
0430 8884 ld r4, r0, 4 // icount 536
0432 0800 nop // to align meminst icount 537
0434 8142 st r2, r1, 2 // icount 538
0436 0800 nop // to align meminst icount 539
0438 9948 stu r2, r1, 8 // icount 540
043a 0800 nop // to align meminst icount 541
043c 8954 ld r2, r1, -12 // icount 542
043e 0800 nop // to align meminst icount 543
0440 89c6 ld r6, r1, 6 // icount 544
0442 0800 nop // to align meminst icount 545
0444 8196 st r4, r1, -10 // icount 546
0446 0800 nop // to align meminst icount 547
0448 88b4 ld r5, r0, -12 // icount 548
044a 0800 nop // to align meminst icount 549
044c 987c stu r3, r0, -4 // icount 550
044e 8844 ld r2, r0, 4 // icount 551
0450 400a addi r0, r0, 10   // change base addr // icount 552
0452 0800 nop // to align meminst icount 553
0454 8984 ld r4, r1, 4 // icount 554
0456 0800 nop // to align meminst icount 555
0458 897a ld r3, r1, -6 // icount 556
045a 0800 nop // to align meminst icount 557
045c 81b2 st r5, r1, -14 // icount 558
045e 0800 nop // to align meminst icount 559
0460 8972 ld r3, r1, -14 // icount 560
0462 0800 nop // to align meminst icount 561
0464 89ce ld r6, r1, 14 // icount 562
0466 0800 nop // to align meminst icount 563
0468 98d2 stu r6, r0, -14 // icount 564
046a 0800 nop // to align meminst icount 565
046c 89ce ld r6, r1, 14 // icount 566
046e 0800 nop // to align meminst icount 567
0470 8160 st r3, r1, 0 // icount 568
0472 0800 nop // to align meminst icount 569
0474 89c2 ld r6, r1, 2 // icount 570
0476 0800 nop // to align meminst icount 571
0478 80bc st r5, r0, -4 // icount 572
047a 0800 nop // to align meminst icount 573
047c 98ac stu r5, r0, 12 // icount 574
047e 0800 nop // to align meminst icount 575
0480 88a0 ld r5, r0, 0 // icount 576
0482 0800 nop // to align meminst icount 577
0484 89b4 ld r5, r1, -12 // icount 578
0486 9992 stu r4, r1, -14 // icount 579
0488 c300 lbi r3, 0 // icount 580
048a c200 lbi r2, 0 // icount 581
048c 0800 nop // to align branch icount 582
048e 641c beqz r4, 28 // icount 583
0490 fa98 sco r6, r2, r4 // icount 584
0492 56e6 xori r7, r6, 6 // icount 585
0494 afc6 slli r6, r7, 6 // icount 586
0496 a161 roli r3, r1, 1 // icount 587
0498 b8c5 srli r6, r0, 5 // icount 588
049a ff4c sco r3, r7, r2 // icount 589
049c d4d0 rol r4, r4, r6 // icount 590
049e fed0 sco r4, r6, r6 // icount 591
04a0 d559 sll r6, r5, r2 // icount 592
04a2 0800 nop // to align meminst icount 593
04a4 5b61 andni r3, r3, 1 // icount 594
04a6 8b4c ld r2, r3, 12 // icount 595
04a8 e710 seq r4, r7, r0 // icount 596
04aa 5cea andni r7, r4, 10 // icount 597
04ac 5a41 andni r2, r2, 1 // icount 598
04ae 8a8a ld r4, r2, 10 // icount 599
04b0 c706 lbi r7, 6 // icount 600
04b2 b3ec rori r7, r3, 12 // icount 601
04b4 d9ec add r3, r1, r7 // icount 602
04b6 d331 sll r4, r3, r1 // icount 603
04b8 d48f srl r3, r4, r4 // icount 604
04ba d85e xor r7, r0, r2 // icount 605
04bc b4e8 rori r7, r4, 8 // icount 606
04be e43c seq r7, r4, r1 // icount 607
04c0 bec7 srli r6, r6, 7 // icount 608
04c2 dc18 add r6, r4, r0 // icount 609
04c4 e878 slt r6, r0, r3 // icount 610
04c6 b341 rori r2, r3, 1 // icount 611
04c8 d81d sub r7, r0, r0 // icount 612
04ca faf4 sco r5, r2, r7 // icount 613
04cc 5801 andni r0, r0, 1 // icount 614
04ce 804c st r2, r0, 12 // icount 615
04d0 401a addi r0, r0, -6   // change base addr // icount 616
04d2 0800 nop // to align meminst icount 617
04d4 99d2 stu r6, r1, -14 // icount 618
04d6 0800 nop // to align meminst icount 619
04d8 8976 ld r3, r1, -10 // icount 620
04da 0800 nop // to align meminst icount 621
04dc 994e stu r2, r1, 14 // icount 622
04de 0800 nop // to align meminst icount 623
04e0 9998 stu r4, r1, -8 // icount 624
04e2 8148 st r2, r1, 8 // icount 625
04e4 4e85 subi r4, r6, 5 // icount 626
04e6 0800 nop // to align meminst icount 627
04e8 98d4 stu r6, r0, -12 // icount 628
04ea 0800 nop // to align meminst icount 629
04ec 80d2 st r6, r0, -14 // icount 630
04ee 0800 nop // to align meminst icount 631
04f0 98b2 stu r5, r0, -14 // icount 632
04f2 0800 nop // to align meminst icount 633
04f4 886a ld r3, r0, 10 // icount 634
04f6 0800 nop // to align meminst icount 635
04f8 8064 st r3, r0, 4 // icount 636
04fa 0800 nop // to align meminst icount 637
04fc 894c ld r2, r1, 12 // icount 638
04fe 0800 nop // to align meminst icount 639
0500 8168 st r3, r1, 8 // icount 640
0502 0800 nop // to align meminst icount 641
0504 885a ld r2, r0, -6 // icount 642
0506 0800 nop // to align meminst icount 643
0508 808c st r4, r0, 12 // icount 644
050a 0800 nop // to align meminst icount 645
050c 8048 st r2, r0, 8 // icount 646
050e 0800 nop // to align meminst icount 647
0510 89d0 ld r6, r1, -16 // icount 648
0512 0800 nop // to align meminst icount 649
0514 9860 stu r3, r0, 0 // icount 650
0516 0800 nop // to align meminst icount 651
0518 99ce stu r6, r1, 14 // icount 652
051a 0800 nop // to align meminst icount 653
051c 89d4 ld r6, r1, -12 // icount 654
051e 0800 nop // to align meminst icount 655
0520 8862 ld r3, r0, 2 // icount 656
0522 0800 nop // to align meminst icount 657
0524 804c st r2, r0, 12 // icount 658
0526 0800 nop // to align meminst icount 659
0528 88b0 ld r5, r0, -16 // icount 660
052a 0800 nop // to align meminst icount 661
052c 897e ld r3, r1, -2 // icount 662
052e 0800 nop // to align meminst icount 663
0530 8950 ld r2, r1, -16 // icount 664
0532 0800 nop // to align meminst icount 665
0534 89a0 ld r5, r1, 0 // icount 666
0536 0800 nop // to align meminst icount 667
0538 819a st r4, r1, -6 // icount 668
053a 88ca ld r6, r0, 10 // icount 669
053c dbac add r3, r3, r5 // icount 670
053e 0800 nop // to align meminst icount 671
0540 89b2 ld r5, r1, -14 // icount 672
0542 0800 nop // to align meminst icount 673
0544 80ae st r5, r0, 14 // icount 674
0546 0800 nop // to align meminst icount 675
0548 9848 stu r2, r0, 8 // icount 676
054a 0800 nop // to align meminst icount 677
054c 98be stu r5, r0, -2 // icount 678
054e 0800 nop // to align meminst icount 679
0550 8848 ld r2, r0, 8 // icount 680
0552 0800 nop // to align meminst icount 681
0554 994e stu r2, r1, 14 // icount 682
0556 0800 nop // to align meminst icount 683
0558 884c ld r2, r0, 12 // icount 684
055a 0800 nop // to align meminst icount 685
055c 8886 ld r4, r0, 6 // icount 686
055e 81a0 st r5, r1, 0 // icount 687
0560 d629 sll r2, r6, r1 // icount 688
0562 0800 nop // to align meminst icount 689
0564 8944 ld r2, r1, 4 // icount 690
0566 0800 nop // to align meminst icount 691
0568 984e stu r2, r0, 14 // icount 692
056a 0800 nop // to align meminst icount 693
056c 81be st r5, r1, -2 // icount 694
056e 0800 nop // to align meminst icount 695
0570 999c stu r4, r1, -4 // icount 696
0572 0800 nop // to align meminst icount 697
0574 8990 ld r4, r1, -16 // icount 698
0576 0800 nop // to align meminst icount 699
0578 8940 ld r2, r1, 0 // icount 700
057a 0800 nop // to align meminst icount 701
057c 80ca st r6, r0, 10 // icount 702
057e 0800 nop // to align meminst icount 703
0580 88c6 ld r6, r0, 6 // icount 704
0582 0800 nop // to align meminst icount 705
0584 9884 stu r4, r0, 4 // icount 706
0586 0800 nop // to align meminst icount 707
0588 9992 stu r4, r1, -14 // icount 708
058a 0800 nop // to align meminst icount 709
058c 88a4 ld r5, r0, 4 // icount 710
058e 0800 nop // to align meminst icount 711
0590 88ba ld r5, r0, -6 // icount 712
0592 0800 nop // to align meminst icount 713
0594 99d0 stu r6, r1, -16 // icount 714
0596 0800 nop // to align meminst icount 715
0598 81a6 st r5, r1, 6 // icount 716
059a 0800 nop // to align meminst icount 717
059c 98de stu r6, r0, -2 // icount 718
059e 0800 nop // to align meminst icount 719
05a0 887c ld r3, r0, -4 // icount 720
05a2 0800 nop // to align meminst icount 721
05a4 8956 ld r2, r1, -10 // icount 722
05a6 0800 nop // to align meminst icount 723
05a8 8942 ld r2, r1, 2 // icount 724
05aa 0800 nop // to align meminst icount 725
05ac 89b8 ld r5, r1, -8 // icount 726
05ae 0800 nop // to align meminst icount 727
05b0 9892 stu r4, r0, -14 // icount 728
05b2 0800 nop // to align meminst icount 729
05b4 89c0 ld r6, r1, 0 // icount 730
05b6 0800 nop // to align meminst icount 731
05b8 81bc st r5, r1, -4 // icount 732
05ba 0800 nop // to align meminst icount 733
05bc 9886 stu r4, r0, 6 // icount 734
05be 0800 nop // to align meminst icount 735
05c0 99a8 stu r5, r1, 8 // icount 736
05c2 0800 nop // to align meminst icount 737
05c4 88d0 ld r6, r0, -16 // icount 738
05c6 0800 nop // to align meminst icount 739
05c8 89c0 ld r6, r1, 0 // icount 740
05ca 0800 nop // to align meminst icount 741
05cc 809e st r4, r0, -2 // icount 742
05ce 0800 nop // to align meminst icount 743
05d0 9876 stu r3, r0, -10 // icount 744
05d2 0800 nop // to align meminst icount 745
05d4 89b0 ld r5, r1, -16 // icount 746
05d6 0800 nop // to align meminst icount 747
05d8 889c ld r4, r0, -4 // icount 748
05da 0800 nop // to align meminst icount 749
05dc 818c st r4, r1, 12 // icount 750
05de 0800 nop // to align meminst icount 751
05e0 8084 st r4, r0, 4 // icount 752
05e2 0800 nop // to align meminst icount 753
05e4 8898 ld r4, r0, -8 // icount 754
05e6 0800 nop // to align meminst icount 755
05e8 994e stu r2, r1, 14 // icount 756
05ea 0800 nop // to align meminst icount 757
05ec 80a8 st r5, r0, 8 // icount 758
05ee 0800 nop // to align meminst icount 759
05f0 89ca ld r6, r1, 10 // icount 760
05f2 0800 nop // to align meminst icount 761
05f4 81c6 st r6, r1, 6 // icount 762
05f6 0800 nop // to align meminst icount 763
05f8 887e ld r3, r0, -2 // icount 764
05fa 0800 nop // to align meminst icount 765
05fc 89b6 ld r5, r1, -10 // icount 766
05fe 0800 nop // to align meminst icount 767
0600 89d0 ld r6, r1, -16 // icount 768
0602 0800 nop // to align meminst icount 769
0604 98b0 stu r5, r0, -16 // icount 770
0606 0800 nop // to align meminst icount 771
0608 8874 ld r3, r0, -12 // icount 772
060a 0800 nop // to align meminst icount 773
060c 80dc st r6, r0, -4 // icount 774
060e 0800 nop // to align meminst icount 775
0610 998e stu r4, r1, 14 // icount 776
0612 0800 nop // to align meminst icount 777
0614 899a ld r4, r1, -6 // icount 778
0616 0800 nop // to align meminst icount 779
0618 814c st r2, r1, 12 // icount 780
061a 0800 nop // to align meminst icount 781
061c 999e stu r4, r1, -2 // icount 782
061e 0800 nop // to align meminst icount 783
0620 9980 stu r4, r1, 0 // icount 784
0622 0800 nop // to align meminst icount 785
0624 8858 ld r2, r0, -8 // icount 786
0626 0800 nop // to align meminst icount 787
0628 994c stu r2, r1, 12 // icount 788
062a 0800 nop // to align meminst icount 789
062c 8148 st r2, r1, 8 // icount 790
062e 0800 nop // to align meminst icount 791
0630 8960 ld r3, r1, 0 // icount 792
0632 0800 nop // to align meminst icount 793
0634 99c4 stu r6, r1, 4 // icount 794
0636 0800 nop // to align meminst icount 795
0638 8994 ld r4, r1, -12 // icount 796
063a 989c stu r4, r0, -4 // icount 797
063c c700 lbi r7, 0 // icount 798
063e c500 lbi r5, 0 // icount 799
0640 0800 nop // to align branch icount 800
0642 7014 bltz r0, 20 // icount 801
0644 5a46 andni r2, r2, 6 // icount 802
0646 9609 slbi r6, 9 // icount 803
0648 f38c sle r3, r3, r4 // icount 804
064a d657 srl r5, r6, r2 // icount 805
064c e2f0 seq r4, r2, r7 // icount 806
064e aa88 slli r4, r2, 8 // icount 807
0650 41ac addi r5, r1, 12 // icount 808
0652 dcbe xor r7, r4, r5 // icount 809
0654 de6f andn r3, r6, r3 // icount 810
0656 d17f srl r7, r1, r3 // icount 811
0658 dc8e xor r3, r4, r4 // icount 812
065a 0800 nop // to align meminst icount 813
065c 5ec1 andni r6, r6, 1 // icount 814
065e 8ea4 ld r5, r6, 4 // icount 815
0660 d228 rol r2, r2, r1 // icount 816
0662 b3af rori r5, r3, 15 // icount 817
0664 d1d0 rol r4, r1, r6 // icount 818
0666 d4cd sll r3, r4, r6 // icount 819
0668 d51d sll r7, r5, r0 // icount 820
066a 0800 nop // to align meminst icount 821
066c 5a41 andni r2, r2, 1 // icount 822
066e 82ca st r6, r2, 10 // icount 823
0670 dccb andn r2, r4, r6 // icount 824
0672 0800 nop // to align meminst icount 825
0674 444c addi r2, r4, 12 // icount 826
0676 0800 nop // to align meminst icount 827
0678 81cc st r6, r1, 12 // icount 828
067a 0800 nop // to align meminst icount 829
067c 888a ld r4, r0, 10 // icount 830
067e 0800 nop // to align meminst icount 831
0680 8094 st r4, r0, -12 // icount 832
0682 0800 nop // to align meminst icount 833
0684 896c ld r3, r1, 12 // icount 834
0686 0800 nop // to align meminst icount 835
0688 89aa ld r5, r1, 10 // icount 836
068a 0800 nop // to align meminst icount 837
068c 80aa st r5, r0, 10 // icount 838
068e 0800 nop // to align meminst icount 839
0690 9942 stu r2, r1, 2 // icount 840
0692 0800 nop // to align meminst icount 841
0694 88bc ld r5, r0, -4 // icount 842
0696 0800 nop // to align meminst icount 843
0698 8994 ld r4, r1, -12 // icount 844
069a 0800 nop // to align meminst icount 845
069c 8052 st r2, r0, -14 // icount 846
069e 0800 nop // to align meminst icount 847
06a0 89aa ld r5, r1, 10 // icount 848
06a2 0800 nop // to align meminst icount 849
06a4 8140 st r2, r1, 0 // icount 850
06a6 0800 nop // to align meminst icount 851
06a8 88d2 ld r6, r0, -14 // icount 852
06aa 0800 nop // to align meminst icount 853
06ac 8942 ld r2, r1, 2 // icount 854
06ae 0800 nop // to align meminst icount 855
06b0 9882 stu r4, r0, 2 // icount 856
06b2 0800 nop // to align meminst icount 857
06b4 8992 ld r4, r1, -14 // icount 858
06b6 0800 nop // to align meminst icount 859
06b8 9870 stu r3, r0, -16 // icount 860
06ba 0800 nop // to align meminst icount 861
06bc 88d4 ld r6, r0, -12 // icount 862
06be 0800 nop // to align meminst icount 863
06c0 88a4 ld r5, r0, 4 // icount 864
06c2 0800 nop // to align meminst icount 865
06c4 8946 ld r2, r1, 6 // icount 866
06c6 0800 nop // to align meminst icount 867
06c8 898c ld r4, r1, 12 // icount 868
06ca 0800 nop // to align meminst icount 869
06cc 8866 ld r3, r0, 6 // icount 870
06ce 0800 nop // to align meminst icount 871
06d0 88ba ld r5, r0, -6 // icount 872
06d2 0800 nop // to align meminst icount 873
06d4 98d8 stu r6, r0, -8 // icount 874
06d6 0800 nop // to align meminst icount 875
06d8 8164 st r3, r1, 4 // icount 876
06da 0800 nop // to align meminst icount 877
06dc 995e stu r2, r1, -2 // icount 878
06de 0800 nop // to align meminst icount 879
06e0 818a st r4, r1, 10 // icount 880
06e2 0800 nop // to align meminst icount 881
06e4 81de st r6, r1, -2 // icount 882
06e6 0800 nop // to align meminst icount 883
06e8 8198 st r4, r1, -8 // icount 884
06ea 0800 nop // to align meminst icount 885
06ec 98a2 stu r5, r0, 2 // icount 886
06ee 0800 nop // to align meminst icount 887
06f0 8058 st r2, r0, -8 // icount 888
06f2 0800 nop // to align meminst icount 889
06f4 89b2 ld r5, r1, -14 // icount 890
06f6 0800 nop // to align meminst icount 891
06f8 99c4 stu r6, r1, 4 // icount 892
06fa 0800 nop // to align meminst icount 893
06fc 884e ld r2, r0, 14 // icount 894
06fe 0800 nop // to align meminst icount 895
0700 81aa st r5, r1, 10 // icount 896
0702 0800 nop // to align meminst icount 897
0704 88d2 ld r6, r0, -14 // icount 898
0706 0800 nop // to align meminst icount 899
0708 808e st r4, r0, 14 // icount 900
070a 0800 nop // to align meminst icount 901
070c 889c ld r4, r0, -4 // icount 902
070e 0800 nop // to align meminst icount 903
0710 89a6 ld r5, r1, 6 // icount 904
0712 0800 nop // to align meminst icount 905
0714 8888 ld r4, r0, 8 // icount 906
0716 0800 nop // to align meminst icount 907
0718 81d2 st r6, r1, -14 // icount 908
071a 0800 nop // to align meminst icount 909
071c 89d0 ld r6, r1, -16 // icount 910
071e 0800 nop // to align meminst icount 911
0720 80ac st r5, r0, 12 // icount 912
0722 0800 nop // to align meminst icount 913
0724 884c ld r2, r0, 12 // icount 914
0726 0800 nop // to align meminst icount 915
0728 8840 ld r2, r0, 0 // icount 916
072a 0800 nop // to align meminst icount 917
072c 8880 ld r4, r0, 0 // icount 918
072e 0800 nop // to align meminst icount 919
0730 98c8 stu r6, r0, 8 // icount 920
0732 0800 nop // to align meminst icount 921
0734 9886 stu r4, r0, 6 // icount 922
0736 0800 nop // to align meminst icount 923
0738 81d6 st r6, r1, -10 // icount 924
073a 0800 nop // to align meminst icount 925
073c 8164 st r3, r1, 4 // icount 926
073e 0800 nop // to align meminst icount 927
0740 8062 st r3, r0, 2 // icount 928
0742 0800 nop // to align meminst icount 929
0744 98c0 stu r6, r0, 0 // icount 930
0746 0800 nop // to align meminst icount 931
0748 896c ld r3, r1, 12 // icount 932
074a 0800 nop // to align meminst icount 933
074c 9944 stu r2, r1, 4 // icount 934
074e 0800 nop // to align meminst icount 935
0750 88d2 ld r6, r0, -14 // icount 936
0752 0800 nop // to align meminst icount 937
0754 8886 ld r4, r0, 6 // icount 938
0756 0800 nop // to align meminst icount 939
0758 8072 st r3, r0, -14 // icount 940
075a 0800 nop // to align meminst icount 941
075c 8066 st r3, r0, 6 // icount 942
075e 0800 nop // to align meminst icount 943
0760 88b6 ld r5, r0, -10 // icount 944
0762 0800 nop // to align meminst icount 945
0764 81d0 st r6, r1, -16 // icount 946
0766 0800 nop // to align meminst icount 947
0768 8998 ld r4, r1, -8 // icount 948
076a 894e ld r2, r1, 14 // icount 949
076c dbae xor r3, r3, r5 // icount 950
076e 0800 nop // to align meminst icount 951
0770 899c ld r4, r1, -4 // icount 952
0772 0800 nop // to align meminst icount 953
0774 8874 ld r3, r0, -12 // icount 954
0776 0800 nop // to align meminst icount 955
0778 88bc ld r5, r0, -4 // icount 956
077a 0800 nop // to align meminst icount 957
077c 984e stu r2, r0, 14 // icount 958
077e 0800 nop // to align meminst icount 959
0780 99b6 stu r5, r1, -10 // icount 960
0782 0800 nop // to align meminst icount 961
0784 8858 ld r2, r0, -8 // icount 962
0786 0800 nop // to align meminst icount 963
0788 8146 st r2, r1, 6 // icount 964
078a 0800 nop // to align meminst icount 965
078c 98a0 stu r5, r0, 0 // icount 966
078e 0800 nop // to align meminst icount 967
0790 8856 ld r2, r0, -10 // icount 968
0792 0800 nop // to align meminst icount 969
0794 9964 stu r3, r1, 4 // icount 970
0796 0800 nop // to align meminst icount 971
0798 9880 stu r4, r0, 0 // icount 972
079a 0800 nop // to align meminst icount 973
079c 8178 st r3, r1, -8 // icount 974
079e 0800 nop // to align meminst icount 975
07a0 98a4 stu r5, r0, 4 // icount 976
07a2 0800 nop // to align meminst icount 977
07a4 899e ld r4, r1, -2 // icount 978
07a6 0800 nop // to align meminst icount 979
07a8 9940 stu r2, r1, 0 // icount 980
07aa 0800 nop // to align meminst icount 981
07ac 8840 ld r2, r0, 0 // icount 982
07ae 0800 nop // to align meminst icount 983
07b0 81a6 st r5, r1, 6 // icount 984
07b2 0800 nop // to align meminst icount 985
07b4 98b8 stu r5, r0, -8 // icount 986
07b6 0800 nop // to align meminst icount 987
07b8 8066 st r3, r0, 6 // icount 988
07ba 88de ld r6, r0, -2 // icount 989
07bc 4132 addi r1, r1, -14   // change base addr // icount 990
07be 0800 nop // to align meminst icount 991
07c0 8974 ld r3, r1, -12 // icount 992
07c2 0800 nop // to align meminst icount 993
07c4 8948 ld r2, r1, 8 // icount 994
07c6 0800 nop // to align meminst icount 995
07c8 8888 ld r4, r0, 8 // icount 996
07ca 0800 nop // to align meminst icount 997
07cc 9958 stu r2, r1, -8 // icount 998
07ce 0800 nop // to align meminst icount 999
07d0 809c st r4, r0, -4 // icount 1000
07d2 0800 nop // to align meminst icount 1001
07d4 88c6 ld r6, r0, 6 // icount 1002
07d6 0800 nop // to align meminst icount 1003
07d8 98d6 stu r6, r0, -10 // icount 1004
07da 0800 nop // to align meminst icount 1005
07dc 80a0 st r5, r0, 0 // icount 1006
07de 0800 nop // to align meminst icount 1007
07e0 89aa ld r5, r1, 10 // icount 1008
07e2 0800 nop // to align meminst icount 1009
07e4 8066 st r3, r0, 6 // icount 1010
07e6 0800 nop // to align meminst icount 1011
07e8 99d6 stu r6, r1, -10 // icount 1012
07ea 0800 nop // to align meminst icount 1013
07ec 994a stu r2, r1, 10 // icount 1014
07ee 0800 nop // to align meminst icount 1015
07f0 819c st r4, r1, -4 // icount 1016
07f2 0800 nop // to align meminst icount 1017
07f4 887a ld r3, r0, -6 // icount 1018
07f6 0800 nop // to align meminst icount 1019
07f8 88c6 ld r6, r0, 6 // icount 1020
07fa 0800 nop // to align meminst icount 1021
07fc 80c2 st r6, r0, 2 // icount 1022
07fe 0800 nop // to align meminst icount 1023
0800 9948 stu r2, r1, 8 // icount 1024
0802 0800 nop // to align meminst icount 1025
0804 809c st r4, r0, -4 // icount 1026
0806 0800 nop // to align meminst icount 1027
0808 98cc stu r6, r0, 12 // icount 1028
080a 88a6 ld r5, r0, 6 // icount 1029
080c 5648 xori r2, r6, 8 // icount 1030
080e 0800 nop // to align meminst icount 1031
0810 98c6 stu r6, r0, 6 // icount 1032
0812 0800 nop // to align meminst icount 1033
0814 81b8 st r5, r1, -8 // icount 1034
0816 0800 nop // to align meminst icount 1035
0818 9942 stu r2, r1, 2 // icount 1036
081a 0800 nop // to align meminst icount 1037
081c 805a st r2, r0, -6 // icount 1038
081e 0800 nop // to align meminst icount 1039
0820 8948 ld r2, r1, 8 // icount 1040
0822 0800 nop // to align meminst icount 1041
0824 99b6 stu r5, r1, -10 // icount 1042
0826 0800 nop // to align meminst icount 1043
0828 998a stu r4, r1, 10 // icount 1044
082a 0800 nop // to align meminst icount 1045
082c 81d4 st r6, r1, -12 // icount 1046
082e 0800 nop // to align meminst icount 1047
0830 8848 ld r2, r0, 8 // icount 1048
0832 0800 nop // to align meminst icount 1049
0834 8952 ld r2, r1, -14 // icount 1050
0836 0800 nop // to align meminst icount 1051
0838 8848 ld r2, r0, 8 // icount 1052
083a 0800 nop // to align meminst icount 1053
083c 9864 stu r3, r0, 4 // icount 1054
083e 0800 nop // to align meminst icount 1055
0840 99c0 stu r6, r1, 0 // icount 1056
0842 0800 nop // to align meminst icount 1057
0844 8946 ld r2, r1, 6 // icount 1058
0846 0800 nop // to align meminst icount 1059
0848 81da st r6, r1, -6 // icount 1060
084a 894e ld r2, r1, 14 // icount 1061
084c c200 lbi r2, 0 // icount 1062
084e c600 lbi r6, 0 // icount 1063
0850 0800 nop // to align branch icount 1064
0852 6f10 bnez r7, 16 // icount 1065
0854 ace2 slli r7, r4, 2 // icount 1066
0856 0800 nop // to align meminst icount 1067
0858 5ec1 andni r6, r6, 1 // icount 1068
085a 8644 st r2, r6, 4 // icount 1069
085c 546b xori r3, r4, 11 // icount 1070
085e a0ac roli r5, r0, 12 // icount 1071
0860 4bce subi r6, r3, 14 // icount 1072
0862 e718 seq r6, r7, r0 // icount 1073
0864 d2d6 ror r5, r2, r6 // icount 1074
0866 a66d roli r3, r6, 13 // icount 1075
0868 e4bc seq r7, r4, r5 // icount 1076
086a ebf0 slt r4, r3, r7 // icount 1077
086c fa9c sco r7, r2, r4 // icount 1078
086e 5d40 andni r2, r5, 0 // icount 1079
0870 406e addi r3, r0, 14 // icount 1080
0872 b568 rori r3, r5, 8 // icount 1081
0874 bba0 srli r5, r3, 0 // icount 1082
0876 0800 nop // to align meminst icount 1083
0878 d67f srl r7, r6, r3 // icount 1084
087a 0800 nop // to align meminst icount 1085
087c 815e st r2, r1, -2 // icount 1086
087e 985e stu r2, r0, -2 // icount 1087
0880 413e addi r1, r1, -2   // change base addr // icount 1088
0882 0800 nop // to align meminst icount 1089
0884 9984 stu r4, r1, 4 // icount 1090
0886 0800 nop // to align meminst icount 1091
0888 80b6 st r5, r0, -10 // icount 1092
088a 0800 nop // to align meminst icount 1093
088c 8960 ld r3, r1, 0 // icount 1094
088e 0800 nop // to align meminst icount 1095
0890 80aa st r5, r0, 10 // icount 1096
0892 0800 nop // to align meminst icount 1097
0894 89ce ld r6, r1, 14 // icount 1098
0896 0800 nop // to align meminst icount 1099
0898 8868 ld r3, r0, 8 // icount 1100
089a 0800 nop // to align meminst icount 1101
089c 88b0 ld r5, r0, -16 // icount 1102
089e 0800 nop // to align meminst icount 1103
08a0 897c ld r3, r1, -4 // icount 1104
08a2 0800 nop // to align meminst icount 1105
08a4 89a4 ld r5, r1, 4 // icount 1106
08a6 0800 nop // to align meminst icount 1107
08a8 8898 ld r4, r0, -8 // icount 1108
08aa 0800 nop // to align meminst icount 1109
08ac 884a ld r2, r0, 10 // icount 1110
08ae 0800 nop // to align meminst icount 1111
08b0 89cc ld r6, r1, 12 // icount 1112
08b2 0800 nop // to align meminst icount 1113
08b4 98dc stu r6, r0, -4 // icount 1114
08b6 0800 nop // to align meminst icount 1115
08b8 8980 ld r4, r1, 0 // icount 1116
08ba 0800 nop // to align meminst icount 1117
08bc 996a stu r3, r1, 10 // icount 1118
08be 0800 nop // to align meminst icount 1119
08c0 895e ld r2, r1, -2 // icount 1120
08c2 0800 nop // to align meminst icount 1121
08c4 8944 ld r2, r1, 4 // icount 1122
08c6 0800 nop // to align meminst icount 1123
08c8 8198 st r4, r1, -8 // icount 1124
08ca 0800 nop // to align meminst icount 1125
08cc 8868 ld r3, r0, 8 // icount 1126
08ce 0800 nop // to align meminst icount 1127
08d0 80be st r5, r0, -2 // icount 1128
08d2 0800 nop // to align meminst icount 1129
08d4 8954 ld r2, r1, -12 // icount 1130
08d6 0800 nop // to align meminst icount 1131
08d8 8852 ld r2, r0, -14 // icount 1132
08da 0800 nop // to align meminst icount 1133
08dc 89d6 ld r6, r1, -10 // icount 1134
08de 0800 nop // to align meminst icount 1135
08e0 81a0 st r5, r1, 0 // icount 1136
08e2 0800 nop // to align meminst icount 1137
08e4 9960 stu r3, r1, 0 // icount 1138
08e6 0800 nop // to align meminst icount 1139
08e8 8872 ld r3, r0, -14 // icount 1140
08ea 0800 nop // to align meminst icount 1141
08ec 8894 ld r4, r0, -12 // icount 1142
08ee 0800 nop // to align meminst icount 1143
08f0 80ca st r6, r0, 10 // icount 1144
08f2 0800 nop // to align meminst icount 1145
08f4 996a stu r3, r1, 10 // icount 1146
08f6 0800 nop // to align meminst icount 1147
08f8 819a st r4, r1, -6 // icount 1148
08fa 0800 nop // to align meminst icount 1149
08fc 8874 ld r3, r0, -12 // icount 1150
08fe 0800 nop // to align meminst icount 1151
0900 80d2 st r6, r0, -14 // icount 1152
0902 0800 nop // to align meminst icount 1153
0904 8962 ld r3, r1, 2 // icount 1154
0906 0800 nop // to align meminst icount 1155
0908 80b0 st r5, r0, -16 // icount 1156
090a 0800 nop // to align meminst icount 1157
090c 8044 st r2, r0, 4 // icount 1158
090e 0800 nop // to align meminst icount 1159
0910 88b8 ld r5, r0, -8 // icount 1160
0912 0800 nop // to align meminst icount 1161
0914 81d2 st r6, r1, -14 // icount 1162
0916 0800 nop // to align meminst icount 1163
0918 98b4 stu r5, r0, -12 // icount 1164
091a 0800 nop // to align meminst icount 1165
091c 816e st r3, r1, 14 // icount 1166
091e 0800 nop // to align meminst icount 1167
0920 89c2 ld r6, r1, 2 // icount 1168
0922 0800 nop // to align meminst icount 1169
0924 8192 st r4, r1, -14 // icount 1170
0926 81da st r6, r1, -6 // icount 1171
0928 4000 addi r0, r0, 0   // change base addr // icount 1172
092a 0800 nop // to align meminst icount 1173
092c 81c2 st r6, r1, 2 // icount 1174
092e 0800 nop // to align meminst icount 1175
0930 8870 ld r3, r0, -16 // icount 1176
0932 0800 nop // to align meminst icount 1177
0934 98d4 stu r6, r0, -12 // icount 1178
0936 0800 nop // to align meminst icount 1179
0938 8970 ld r3, r1, -16 // icount 1180
093a 0800 nop // to align meminst icount 1181
093c 9884 stu r4, r0, 4 // icount 1182
093e 0800 nop // to align meminst icount 1183
0940 8852 ld r2, r0, -14 // icount 1184
0942 0800 nop // to align meminst icount 1185
0944 886a ld r3, r0, 10 // icount 1186
0946 0800 nop // to align meminst icount 1187
0948 98ba stu r5, r0, -6 // icount 1188
094a 0800 nop // to align meminst icount 1189
094c 98bc stu r5, r0, -4 // icount 1190
094e 0800 nop // to align meminst icount 1191
0950 8854 ld r2, r0, -12 // icount 1192
0952 0800 nop // to align meminst icount 1193
0954 9874 stu r3, r0, -12 // icount 1194
0956 0800 nop // to align meminst icount 1195
0958 81b8 st r5, r1, -8 // icount 1196
095a 0800 nop // to align meminst icount 1197
095c 88c0 ld r6, r0, 0 // icount 1198
095e 0800 nop // to align meminst icount 1199
0960 8966 ld r3, r1, 6 // icount 1200
0962 80b0 st r5, r0, -16 // icount 1201
0964 4012 addi r0, r0, -14   // change base addr // icount 1202
0966 c200 lbi r2, 0 // icount 1203
0968 c400 lbi r4, 0 // icount 1204
096a 641c beqz r4, 28 // icount 1205
096c fd8c sco r3, r5, r4 // icount 1206
096e 9203 slbi r2, 3 // icount 1207
0970 f994 sco r5, r1, r4 // icount 1208
0972 de74 add r5, r6, r3 // icount 1209
0974 9607 slbi r6, 7 // icount 1210
0976 0800 nop // to align meminst icount 1211
0978 5fe1 andni r7, r7, 1 // icount 1212
097a 9fc6 stu r6, r7, 6 // icount 1213
097c d953 andn r4, r1, r2 // icount 1214
097e d55d sll r7, r5, r2 // icount 1215
0980 5921 andni r1, r1, 1 // icount 1216
0982 89ca ld r6, r1, 10 // icount 1217
0984 f074 sle r5, r0, r3 // icount 1218
0986 0800 nop // to align meminst icount 1219
0988 5921 andni r1, r1, 1 // icount 1220
098a 8188 st r4, r1, 8 // icount 1221
098c c209 lbi r2, 9 // icount 1222
098e 0800 nop // to align meminst icount 1223
0990 5b61 andni r3, r3, 1 // icount 1224
0992 9b8c stu r4, r3, 12 // icount 1225
0994 d92a xor r2, r1, r1 // icount 1226
0996 940e slbi r4, 14 // icount 1227
0998 5ac5 andni r6, r2, 5 // icount 1228
099a dd89 sub r2, r5, r4 // icount 1229
099c 5fe1 andni r7, r7, 1 // icount 1230
099e 8fc6 ld r6, r7, 6 // icount 1231
09a0 dd7e xor r7, r5, r3 // icount 1232
09a2 f0b0 sle r4, r0, r5 // icount 1233
09a4 5b61 andni r3, r3, 1 // icount 1234
09a6 83e6 st r7, r3, 6 // icount 1235
09a8 e9b4 slt r5, r1, r5 // icount 1236
09aa deb1 sub r4, r6, r5 // icount 1237
09ac e114 seq r5, r1, r0 // icount 1238
09ae eb18 slt r6, r3, r0 // icount 1239
09b0 950d slbi r5, 13 // icount 1240
09b2 e210 seq r4, r2, r0 // icount 1241
09b4 d596 ror r5, r5, r4 // icount 1242
09b6 0800 nop // to align meminst icount 1243
09b8 888a ld r4, r0, 10 // icount 1244
09ba 0800 nop // to align meminst icount 1245
09bc 80dc st r6, r0, -4 // icount 1246
09be 0800 nop // to align meminst icount 1247
09c0 8894 ld r4, r0, -12 // icount 1248
09c2 81de st r6, r1, -2 // icount 1249
09c4 400a addi r0, r0, 10   // change base addr // icount 1250
09c6 0800 nop // to align meminst icount 1251
09c8 9856 stu r2, r0, -10 // icount 1252
09ca 0800 nop // to align meminst icount 1253
09cc 8092 st r4, r0, -14 // icount 1254
09ce 0800 nop // to align meminst icount 1255
09d0 9962 stu r3, r1, 2 // icount 1256
09d2 0800 nop // to align meminst icount 1257
09d4 8096 st r4, r0, -10 // icount 1258
09d6 0800 nop // to align meminst icount 1259
09d8 81de st r6, r1, -2 // icount 1260
09da 0800 nop // to align meminst icount 1261
09dc 8842 ld r2, r0, 2 // icount 1262
09de 0800 nop // to align meminst icount 1263
09e0 897a ld r3, r1, -6 // icount 1264
09e2 0800 nop // to align meminst icount 1265
09e4 807c st r3, r0, -4 // icount 1266
09e6 0800 nop // to align meminst icount 1267
09e8 8852 ld r2, r0, -14 // icount 1268
09ea 0800 nop // to align meminst icount 1269
09ec 88ac ld r5, r0, 12 // icount 1270
09ee 0800 nop // to align meminst icount 1271
09f0 80d0 st r6, r0, -16 // icount 1272
09f2 0800 nop // to align meminst icount 1273
09f4 885a ld r2, r0, -6 // icount 1274
09f6 0800 nop // to align meminst icount 1275
09f8 8950 ld r2, r1, -16 // icount 1276
09fa 0800 nop // to align meminst icount 1277
09fc 89a6 ld r5, r1, 6 // icount 1278
09fe 0800 nop // to align meminst icount 1279
0a00 9992 stu r4, r1, -14 // icount 1280
0a02 89ca ld r6, r1, 10 // icount 1281
0a04 412e addi r1, r1, 14   // change base addr // icount 1282
0a06 0800 nop // to align meminst icount 1283
0a08 98b8 stu r5, r0, -8 // icount 1284
0a0a 0800 nop // to align meminst icount 1285
0a0c 89c6 ld r6, r1, 6 // icount 1286
0a0e 0800 nop // to align meminst icount 1287
0a10 8984 ld r4, r1, 4 // icount 1288
0a12 0800 nop // to align meminst icount 1289
0a14 806e st r3, r0, 14 // icount 1290
0a16 99c0 stu r6, r1, 0 // icount 1291
0a18 d2bb srl r6, r2, r5 // icount 1292
0a1a 0800 nop // to align meminst icount 1293
0a1c 8972 ld r3, r1, -14 // icount 1294
0a1e 0800 nop // to align meminst icount 1295
0a20 88de ld r6, r0, -2 // icount 1296
0a22 0800 nop // to align meminst icount 1297
0a24 8044 st r2, r0, 4 // icount 1298
0a26 0800 nop // to align meminst icount 1299
0a28 88aa ld r5, r0, 10 // icount 1300
0a2a 0800 nop // to align meminst icount 1301
0a2c 80a4 st r5, r0, 4 // icount 1302
0a2e 0800 nop // to align meminst icount 1303
0a30 8196 st r4, r1, -10 // icount 1304
0a32 0800 nop // to align meminst icount 1305
0a34 895c ld r2, r1, -4 // icount 1306
0a36 0800 nop // to align meminst icount 1307
0a38 98be stu r5, r0, -2 // icount 1308
0a3a 0800 nop // to align meminst icount 1309
0a3c 88a4 ld r5, r0, 4 // icount 1310
0a3e 0800 nop // to align meminst icount 1311
0a40 884e ld r2, r0, 14 // icount 1312
0a42 0800 nop // to align meminst icount 1313
0a44 88d6 ld r6, r0, -10 // icount 1314
0a46 0800 nop // to align meminst icount 1315
0a48 894c ld r2, r1, 12 // icount 1316
0a4a 0800 nop // to align meminst icount 1317
0a4c 98a6 stu r5, r0, 6 // icount 1318
0a4e 0800 nop // to align meminst icount 1319
0a50 8050 st r2, r0, -16 // icount 1320
0a52 0800 nop // to align meminst icount 1321
0a54 8896 ld r4, r0, -10 // icount 1322
0a56 88ac ld r5, r0, 12 // icount 1323
0a58 c300 lbi r3, 0 // icount 1324
0a5a c500 lbi r5, 0 // icount 1325
0a5c 0800 nop // to align branch icount 1326
0a5e 770c bltz r7, 12 // icount 1327
0a60 9705 slbi r7, 5 // icount 1328
0a62 df99 sub r6, r7, r4 // icount 1329
0a64 57af xori r5, r7, 15 // icount 1330
0a66 0800 nop // to align meminst icount 1331
0a68 5ec1 andni r6, r6, 1 // icount 1332
0a6a 8640 st r2, r6, 0 // icount 1333
0a6c 4184 addi r4, r1, 4 // icount 1334
0a6e d498 rol r6, r4, r4 // icount 1335
0a70 51ae xori r5, r1, 14 // icount 1336
0a72 4a65 subi r3, r2, 5 // icount 1337
0a74 51e1 xori r7, r1, 1 // icount 1338
0a76 dc29 sub r2, r4, r1 // icount 1339
0a78 d593 srl r4, r5, r4 // icount 1340
0a7a 0800 nop // to align meminst icount 1341
0a7c d35e ror r7, r3, r2 // icount 1342
0a7e 0800 nop // to align meminst icount 1343
0a80 98bc stu r5, r0, -4 // icount 1344
0a82 0800 nop // to align meminst icount 1345
0a84 997c stu r3, r1, -4 // icount 1346
0a86 0800 nop // to align meminst icount 1347
0a88 8058 st r2, r0, -8 // icount 1348
0a8a 0800 nop // to align meminst icount 1349
0a8c 89b4 ld r5, r1, -12 // icount 1350
0a8e 0800 nop // to align meminst icount 1351
0a90 8956 ld r2, r1, -10 // icount 1352
0a92 0800 nop // to align meminst icount 1353
0a94 8184 st r4, r1, 4 // icount 1354
0a96 0800 nop // to align meminst icount 1355
0a98 80a4 st r5, r0, 4 // icount 1356
0a9a 0800 nop // to align meminst icount 1357
0a9c 9984 stu r4, r1, 4 // icount 1358
0a9e 0800 nop // to align meminst icount 1359
0aa0 8988 ld r4, r1, 8 // icount 1360
0aa2 0800 nop // to align meminst icount 1361
0aa4 895c ld r2, r1, -4 // icount 1362
0aa6 0800 nop // to align meminst icount 1363
0aa8 8990 ld r4, r1, -16 // icount 1364
0aaa 0800 nop // to align meminst icount 1365
0aac 895e ld r2, r1, -2 // icount 1366
0aae 0800 nop // to align meminst icount 1367
0ab0 89dc ld r6, r1, -4 // icount 1368
0ab2 0800 nop // to align meminst icount 1369
0ab4 89be ld r5, r1, -2 // icount 1370
0ab6 0800 nop // to align meminst icount 1371
0ab8 89ae ld r5, r1, 14 // icount 1372
0aba 0800 nop // to align meminst icount 1373
0abc 88b2 ld r5, r0, -14 // icount 1374
0abe 0800 nop // to align meminst icount 1375
0ac0 80a2 st r5, r0, 2 // icount 1376
0ac2 0800 nop // to align meminst icount 1377
0ac4 885a ld r2, r0, -6 // icount 1378
0ac6 0800 nop // to align meminst icount 1379
0ac8 98b4 stu r5, r0, -12 // icount 1380
0aca 0800 nop // to align meminst icount 1381
0acc 8984 ld r4, r1, 4 // icount 1382
0ace 0800 nop // to align meminst icount 1383
0ad0 80c6 st r6, r0, 6 // icount 1384
0ad2 0800 nop // to align meminst icount 1385
0ad4 9964 stu r3, r1, 4 // icount 1386
0ad6 0800 nop // to align meminst icount 1387
0ad8 89ba ld r5, r1, -6 // icount 1388
0ada 0800 nop // to align meminst icount 1389
0adc 995c stu r2, r1, -4 // icount 1390
0ade 0800 nop // to align meminst icount 1391
0ae0 994e stu r2, r1, 14 // icount 1392
0ae2 0800 nop // to align meminst icount 1393
0ae4 81a8 st r5, r1, 8 // icount 1394
0ae6 0800 nop // to align meminst icount 1395
0ae8 896c ld r3, r1, 12 // icount 1396
0aea 0800 nop // to align meminst icount 1397
0aec 9956 stu r2, r1, -10 // icount 1398
0aee 0800 nop // to align meminst icount 1399
0af0 899c ld r4, r1, -4 // icount 1400
0af2 0800 nop // to align meminst icount 1401
0af4 886c ld r3, r0, 12 // icount 1402
0af6 0800 nop // to align meminst icount 1403
0af8 8052 st r2, r0, -14 // icount 1404
0afa 0800 nop // to align meminst icount 1405
0afc 8844 ld r2, r0, 4 // icount 1406
0afe 998c stu r4, r1, 12 // icount 1407
0b00 c200 lbi r2, 0 // icount 1408
0b02 c600 lbi r6, 0 // icount 1409
0b04 0800 nop // to align branch icount 1410
0b06 7500 bltz r5, 0 // icount 1411
0b08 88b6 ld r5, r0, -10 // icount 1412
0b0a 0800 nop // to align meminst icount 1413
0b0c 89b4 ld r5, r1, -12 // icount 1414
0b0e 0800 nop // to align meminst icount 1415
0b10 9958 stu r2, r1, -8 // icount 1416
0b12 0800 nop // to align meminst icount 1417
0b14 997c stu r3, r1, -4 // icount 1418
0b16 0800 nop // to align meminst icount 1419
0b18 89be ld r5, r1, -2 // icount 1420
0b1a 0800 nop // to align meminst icount 1421
0b1c 80b8 st r5, r0, -8 // icount 1422
0b1e 0800 nop // to align meminst icount 1423
0b20 80a4 st r5, r0, 4 // icount 1424
0b22 0800 nop // to align meminst icount 1425
0b24 9896 stu r4, r0, -10 // icount 1426
0b26 0800 nop // to align meminst icount 1427
0b28 8048 st r2, r0, 8 // icount 1428
0b2a 0800 nop // to align meminst icount 1429
0b2c 88bc ld r5, r0, -4 // icount 1430
0b2e 0800 nop // to align meminst icount 1431
0b30 995c stu r2, r1, -4 // icount 1432
0b32 0800 nop // to align meminst icount 1433
0b34 889e ld r4, r0, -2 // icount 1434
0b36 0800 nop // to align meminst icount 1435
0b38 896e ld r3, r1, 14 // icount 1436
0b3a 0800 nop // to align meminst icount 1437
0b3c 80b8 st r5, r0, -8 // icount 1438
0b3e 0800 nop // to align meminst icount 1439
0b40 989e stu r4, r0, -2 // icount 1440
0b42 0800 nop // to align meminst icount 1441
0b44 8944 ld r2, r1, 4 // icount 1442
0b46 0800 nop // to align meminst icount 1443
0b48 98d8 stu r6, r0, -8 // icount 1444
0b4a 0800 nop // to align meminst icount 1445
0b4c 80da st r6, r0, -6 // icount 1446
0b4e 0800 nop // to align meminst icount 1447
0b50 80aa st r5, r0, 10 // icount 1448
0b52 0800 nop // to align meminst icount 1449
0b54 999a stu r4, r1, -6 // icount 1450
0b56 0800 nop // to align meminst icount 1451
0b58 89ae ld r5, r1, 14 // icount 1452
0b5a 0800 nop // to align meminst icount 1453
0b5c 8858 ld r2, r0, -8 // icount 1454
0b5e 0800 nop // to align meminst icount 1455
0b60 8874 ld r3, r0, -12 // icount 1456
0b62 0800 nop // to align meminst icount 1457
0b64 896c ld r3, r1, 12 // icount 1458
0b66 0800 nop // to align meminst icount 1459
0b68 98d6 stu r6, r0, -10 // icount 1460
0b6a 81d8 st r6, r1, -8 // icount 1461
0b6c 4126 addi r1, r1, 6   // change base addr // icount 1462
0b6e 0800 nop // to align meminst icount 1463
0b70 89de ld r6, r1, -2 // icount 1464
0b72 0800 nop // to align meminst icount 1465
0b74 9964 stu r3, r1, 4 // icount 1466
0b76 0800 nop // to align meminst icount 1467
0b78 8892 ld r4, r0, -14 // icount 1468
0b7a 0800 nop // to align meminst icount 1469
0b7c 804c st r2, r0, 12 // icount 1470
0b7e 0800 nop // to align meminst icount 1471
0b80 8086 st r4, r0, 6 // icount 1472
0b82 0800 nop // to align meminst icount 1473
0b84 9980 stu r4, r1, 0 // icount 1474
0b86 0800 nop // to align meminst icount 1475
0b88 9962 stu r3, r1, 2 // icount 1476
0b8a 0800 nop // to align meminst icount 1477
0b8c 804c st r2, r0, 12 // icount 1478
0b8e 0800 nop // to align meminst icount 1479
0b90 99a8 stu r5, r1, 8 // icount 1480
0b92 0800 nop // to align meminst icount 1481
0b94 8086 st r4, r0, 6 // icount 1482
0b96 0800 nop // to align meminst icount 1483
0b98 81ce st r6, r1, 14 // icount 1484
0b9a 0800 nop // to align meminst icount 1485
0b9c 89cc ld r6, r1, 12 // icount 1486
0b9e 0800 nop // to align meminst icount 1487
0ba0 89a6 ld r5, r1, 6 // icount 1488
0ba2 0800 nop // to align meminst icount 1489
0ba4 89a0 ld r5, r1, 0 // icount 1490
0ba6 0800 nop // to align meminst icount 1491
0ba8 815e st r2, r1, -2 // icount 1492
0baa 0800 nop // to align meminst icount 1493
0bac 9866 stu r3, r0, 6 // icount 1494
0bae 0800 nop // to align meminst icount 1495
0bb0 894a ld r2, r1, 10 // icount 1496
0bb2 0800 nop // to align meminst icount 1497
0bb4 8840 ld r2, r0, 0 // icount 1498
0bb6 0800 nop // to align meminst icount 1499
0bb8 81a6 st r5, r1, 6 // icount 1500
0bba 0800 nop // to align meminst icount 1501
0bbc 885c ld r2, r0, -4 // icount 1502
0bbe 0800 nop // to align meminst icount 1503
0bc0 88c4 ld r6, r0, 4 // icount 1504
0bc2 0800 nop // to align meminst icount 1505
0bc4 898e ld r4, r1, 14 // icount 1506
0bc6 0800 nop // to align meminst icount 1507
0bc8 8186 st r4, r1, 6 // icount 1508
0bca 0800 nop // to align meminst icount 1509
0bcc 895c ld r2, r1, -4 // icount 1510
0bce 0800 nop // to align meminst icount 1511
0bd0 8856 ld r2, r0, -10 // icount 1512
0bd2 0800 nop // to align meminst icount 1513
0bd4 9894 stu r4, r0, -12 // icount 1514
0bd6 0800 nop // to align meminst icount 1515
0bd8 88d8 ld r6, r0, -8 // icount 1516
0bda 0800 nop // to align meminst icount 1517
0bdc 98d6 stu r6, r0, -10 // icount 1518
0bde 0800 nop // to align meminst icount 1519
0be0 9986 stu r4, r1, 6 // icount 1520
0be2 0800 nop // to align meminst icount 1521
0be4 805e st r2, r0, -2 // icount 1522
0be6 0800 nop // to align meminst icount 1523
0be8 8886 ld r4, r0, 6 // icount 1524
0bea 0800 nop // to align meminst icount 1525
0bec 81c2 st r6, r1, 2 // icount 1526
0bee 0800 nop // to align meminst icount 1527
0bf0 816e st r3, r1, 14 // icount 1528
0bf2 0800 nop // to align meminst icount 1529
0bf4 8194 st r4, r1, -12 // icount 1530
0bf6 0800 nop // to align meminst icount 1531
0bf8 88c6 ld r6, r0, 6 // icount 1532
0bfa 0800 nop // to align meminst icount 1533
0bfc 88a6 ld r5, r0, 6 // icount 1534
0bfe 0800 nop // to align meminst icount 1535
0c00 9850 stu r2, r0, -16 // icount 1536
0c02 0800 nop // to align meminst icount 1537
0c04 999c stu r4, r1, -4 // icount 1538
0c06 0800 nop // to align meminst icount 1539
0c08 898e ld r4, r1, 14 // icount 1540
0c0a 0800 nop // to align meminst icount 1541
0c0c 89a0 ld r5, r1, 0 // icount 1542
0c0e 0800 nop // to align meminst icount 1543
0c10 8098 st r4, r0, -8 // icount 1544
0c12 0800 nop // to align meminst icount 1545
0c14 8978 ld r3, r1, -8 // icount 1546
0c16 0800 nop // to align meminst icount 1547
0c18 8870 ld r3, r0, -16 // icount 1548
0c1a 0800 nop // to align meminst icount 1549
0c1c 80b8 st r5, r0, -8 // icount 1550
0c1e 0800 nop // to align meminst icount 1551
0c20 896c ld r3, r1, 12 // icount 1552
0c22 0800 nop // to align meminst icount 1553
0c24 997c stu r3, r1, -4 // icount 1554
0c26 0800 nop // to align meminst icount 1555
0c28 886e ld r3, r0, 14 // icount 1556
0c2a 0800 nop // to align meminst icount 1557
0c2c 99de stu r6, r1, -2 // icount 1558
0c2e 0800 nop // to align meminst icount 1559
0c30 8948 ld r2, r1, 8 // icount 1560
0c32 0800 nop // to align meminst icount 1561
0c34 81ac st r5, r1, 12 // icount 1562
0c36 0800 nop // to align meminst icount 1563
0c38 984e stu r2, r0, 14 // icount 1564
0c3a 0800 nop // to align meminst icount 1565
0c3c 81c8 st r6, r1, 8 // icount 1566
0c3e 816a st r3, r1, 10 // icount 1567
0c40 b3cb rori r6, r3, 11 // icount 1568
0c42 0800 nop // to align meminst icount 1569
0c44 8062 st r3, r0, 2 // icount 1570
0c46 0800 nop // to align meminst icount 1571
0c48 99c2 stu r6, r1, 2 // icount 1572
0c4a 0800 nop // to align meminst icount 1573
0c4c 895e ld r2, r1, -2 // icount 1574
0c4e 0800 nop // to align meminst icount 1575
0c50 89d4 ld r6, r1, -12 // icount 1576
0c52 0800 nop // to align meminst icount 1577
0c54 80bc st r5, r0, -4 // icount 1578
0c56 0800 nop // to align meminst icount 1579
0c58 81c0 st r6, r1, 0 // icount 1580
0c5a 0800 nop // to align meminst icount 1581
0c5c 9994 stu r4, r1, -12 // icount 1582
0c5e 0800 nop // to align meminst icount 1583
0c60 99c8 stu r6, r1, 8 // icount 1584
0c62 0800 nop // to align meminst icount 1585
0c64 988e stu r4, r0, 14 // icount 1586
0c66 0800 nop // to align meminst icount 1587
0c68 88ca ld r6, r0, 10 // icount 1588
0c6a 8944 ld r2, r1, 4 // icount 1589
0c6c c300 lbi r3, 0 // icount 1590
0c6e c200 lbi r2, 0 // icount 1591
0c70 0800 nop // to align branch icount 1592
0c72 7a04 bgez r2, 4 // icount 1593
0c74 ea2c slt r3, r2, r1 // icount 1594
0c76 59e7 andni r7, r1, 7 // icount 1595
0c78 d370 rol r4, r3, r3 // icount 1596
0c7a 0800 nop // to align meminst icount 1597
0c7c fb08 sco r2, r3, r0 // icount 1598
0c7e 0800 nop // to align meminst icount 1599
0c80 805a st r2, r0, -6 // icount 1600
0c82 0800 nop // to align meminst icount 1601
0c84 8960 ld r3, r1, 0 // icount 1602
0c86 0800 nop // to align meminst icount 1603
0c88 88a4 ld r5, r0, 4 // icount 1604
0c8a 0800 nop // to align meminst icount 1605
0c8c 89ce ld r6, r1, 14 // icount 1606
0c8e 0800 nop // to align meminst icount 1607
0c90 89a2 ld r5, r1, 2 // icount 1608
0c92 0800 nop // to align meminst icount 1609
0c94 81a0 st r5, r1, 0 // icount 1610
0c96 0800 nop // to align meminst icount 1611
0c98 988c stu r4, r0, 12 // icount 1612
0c9a 0800 nop // to align meminst icount 1613
0c9c 80ba st r5, r0, -6 // icount 1614
0c9e 0800 nop // to align meminst icount 1615
0ca0 986a stu r3, r0, 10 // icount 1616
0ca2 884a ld r2, r0, 10 // icount 1617
0ca4 5fe1 andni r7, r7, 1 // icount 1618
0ca6 0800 nop // to align meminst icount 1619
0ca8 8fc0 ld r6, r7, 0 // icount 1620
0caa 0800 nop // to align meminst icount 1621
0cac 88da ld r6, r0, -6 // icount 1622
0cae 0800 nop // to align meminst icount 1623
0cb0 8074 st r3, r0, -12 // icount 1624
0cb2 0800 nop // to align meminst icount 1625
0cb4 88c2 ld r6, r0, 2 // icount 1626
0cb6 0800 nop // to align meminst icount 1627
0cb8 8162 st r3, r1, 2 // icount 1628
0cba 0800 nop // to align meminst icount 1629
0cbc 98a8 stu r5, r0, 8 // icount 1630
0cbe 0800 nop // to align meminst icount 1631
0cc0 8862 ld r3, r0, 2 // icount 1632
0cc2 0800 nop // to align meminst icount 1633
0cc4 809e st r4, r0, -2 // icount 1634
0cc6 0800 nop // to align meminst icount 1635
0cc8 8996 ld r4, r1, -10 // icount 1636
0cca 0800 nop // to align meminst icount 1637
0ccc 80c6 st r6, r0, 6 // icount 1638
0cce 0800 nop // to align meminst icount 1639
0cd0 81a8 st r5, r1, 8 // icount 1640
0cd2 0800 nop // to align meminst icount 1641
0cd4 88d6 ld r6, r0, -10 // icount 1642
0cd6 0800 nop // to align meminst icount 1643
0cd8 8870 ld r3, r0, -16 // icount 1644
0cda 0800 nop // to align meminst icount 1645
0cdc 89ce ld r6, r1, 14 // icount 1646
0cde 0800 nop // to align meminst icount 1647
0ce0 8990 ld r4, r1, -16 // icount 1648
0ce2 0800 nop // to align meminst icount 1649
0ce4 8152 st r2, r1, -14 // icount 1650
0ce6 0800 nop // to align meminst icount 1651
0ce8 89ba ld r5, r1, -6 // icount 1652
0cea 0800 nop // to align meminst icount 1653
0cec 8050 st r2, r0, -16 // icount 1654
0cee 0800 nop // to align meminst icount 1655
0cf0 81a6 st r5, r1, 6 // icount 1656
0cf2 0800 nop // to align meminst icount 1657
0cf4 88d0 ld r6, r0, -16 // icount 1658
0cf6 0800 nop // to align meminst icount 1659
0cf8 889c ld r4, r0, -4 // icount 1660
0cfa 0800 nop // to align meminst icount 1661
0cfc 89bc ld r5, r1, -4 // icount 1662
0cfe 0800 nop // to align meminst icount 1663
0d00 898c ld r4, r1, 12 // icount 1664
0d02 0800 nop // to align meminst icount 1665
0d04 895e ld r2, r1, -2 // icount 1666
0d06 0800 nop // to align meminst icount 1667
0d08 98b8 stu r5, r0, -8 // icount 1668
0d0a 0800 nop // to align meminst icount 1669
0d0c 8054 st r2, r0, -12 // icount 1670
0d0e 0800 nop // to align meminst icount 1671
0d10 8990 ld r4, r1, -16 // icount 1672
0d12 0800 nop // to align meminst icount 1673
0d14 81c4 st r6, r1, 4 // icount 1674
0d16 0800 nop // to align meminst icount 1675
0d18 88c2 ld r6, r0, 2 // icount 1676
0d1a 0800 nop // to align meminst icount 1677
0d1c 8858 ld r2, r0, -8 // icount 1678
0d1e 0800 nop // to align meminst icount 1679
0d20 8958 ld r2, r1, -8 // icount 1680
0d22 0800 nop // to align meminst icount 1681
0d24 994c stu r2, r1, 12 // icount 1682
0d26 0800 nop // to align meminst icount 1683
0d28 895e ld r2, r1, -2 // icount 1684
0d2a 0800 nop // to align meminst icount 1685
0d2c 88c6 ld r6, r0, 6 // icount 1686
0d2e 0800 nop // to align meminst icount 1687
0d30 98b2 stu r5, r0, -14 // icount 1688
0d32 0800 nop // to align meminst icount 1689
0d34 89d8 ld r6, r1, -8 // icount 1690
0d36 0800 nop // to align meminst icount 1691
0d38 8070 st r3, r0, -16 // icount 1692
0d3a 0800 nop // to align meminst icount 1693
0d3c 98b6 stu r5, r0, -10 // icount 1694
0d3e 0800 nop // to align meminst icount 1695
0d40 989c stu r4, r0, -4 // icount 1696
0d42 0800 nop // to align meminst icount 1697
0d44 8854 ld r2, r0, -12 // icount 1698
0d46 0800 nop // to align meminst icount 1699
0d48 8174 st r3, r1, -12 // icount 1700
0d4a 8040 st r2, r0, 0 // icount 1701
0d4c 412c addi r1, r1, 12   // change base addr // icount 1702
0d4e 0800 nop // to align meminst icount 1703
0d50 9992 stu r4, r1, -14 // icount 1704
0d52 0800 nop // to align meminst icount 1705
0d54 9850 stu r2, r0, -16 // icount 1706
0d56 0800 nop // to align meminst icount 1707
0d58 89bc ld r5, r1, -4 // icount 1708
0d5a 0800 nop // to align meminst icount 1709
0d5c 98d0 stu r6, r0, -16 // icount 1710
0d5e 0800 nop // to align meminst icount 1711
0d60 885c ld r2, r0, -4 // icount 1712
0d62 0800 nop // to align meminst icount 1713
0d64 8862 ld r3, r0, 2 // icount 1714
0d66 0800 nop // to align meminst icount 1715
0d68 8190 st r4, r1, -16 // icount 1716
0d6a 0800 nop // to align meminst icount 1717
0d6c 8882 ld r4, r0, 2 // icount 1718
0d6e 0800 nop // to align meminst icount 1719
0d70 89c8 ld r6, r1, 8 // icount 1720
0d72 0800 nop // to align meminst icount 1721
0d74 8974 ld r3, r1, -12 // icount 1722
0d76 0800 nop // to align meminst icount 1723
0d78 8052 st r2, r0, -14 // icount 1724
0d7a 0800 nop // to align meminst icount 1725
0d7c 886e ld r3, r0, 14 // icount 1726
0d7e 0800 nop // to align meminst icount 1727
0d80 996a stu r3, r1, 10 // icount 1728
0d82 0800 nop // to align meminst icount 1729
0d84 88cc ld r6, r0, 12 // icount 1730
0d86 0800 nop // to align meminst icount 1731
0d88 99c8 stu r6, r1, 8 // icount 1732
0d8a 0800 nop // to align meminst icount 1733
0d8c 8956 ld r2, r1, -10 // icount 1734
0d8e 0800 nop // to align meminst icount 1735
0d90 81ba st r5, r1, -6 // icount 1736
0d92 0800 nop // to align meminst icount 1737
0d94 9978 stu r3, r1, -8 // icount 1738
0d96 0800 nop // to align meminst icount 1739
0d98 8060 st r3, r0, 0 // icount 1740
0d9a 0800 nop // to align meminst icount 1741
0d9c 99ce stu r6, r1, 14 // icount 1742
0d9e 0800 nop // to align meminst icount 1743
0da0 8862 ld r3, r0, 2 // icount 1744
0da2 0800 nop // to align meminst icount 1745
0da4 899e ld r4, r1, -2 // icount 1746
0da6 0800 nop // to align meminst icount 1747
0da8 9880 stu r4, r0, 0 // icount 1748
0daa 0800 nop // to align meminst icount 1749
0dac 99b6 stu r5, r1, -10 // icount 1750
0dae 0800 nop // to align meminst icount 1751
0db0 8196 st r4, r1, -10 // icount 1752
0db2 0800 nop // to align meminst icount 1753
0db4 816a st r3, r1, 10 // icount 1754
0db6 0800 nop // to align meminst icount 1755
0db8 809e st r4, r0, -2 // icount 1756
0dba 99a8 stu r5, r1, 8 // icount 1757
0dbc 4002 addi r0, r0, 2   // change base addr // icount 1758
0dbe 0800 nop // to align meminst icount 1759
0dc0 889a ld r4, r0, -6 // icount 1760
0dc2 0800 nop // to align meminst icount 1761
0dc4 9976 stu r3, r1, -10 // icount 1762
0dc6 0800 nop // to align meminst icount 1763
0dc8 8844 ld r2, r0, 4 // icount 1764
0dca 0800 nop // to align meminst icount 1765
0dcc 88ba ld r5, r0, -6 // icount 1766
0dce 0800 nop // to align meminst icount 1767
0dd0 897a ld r3, r1, -6 // icount 1768
0dd2 0800 nop // to align meminst icount 1769
0dd4 994c stu r2, r1, 12 // icount 1770
0dd6 0800 nop // to align meminst icount 1771
0dd8 89c6 ld r6, r1, 6 // icount 1772
0dda 0800 nop // to align meminst icount 1773
0ddc 88a8 ld r5, r0, 8 // icount 1774
0dde 0800 nop // to align meminst icount 1775
0de0 89ce ld r6, r1, 14 // icount 1776
0de2 0800 nop // to align meminst icount 1777
0de4 80c2 st r6, r0, 2 // icount 1778
0de6 0800 nop // to align meminst icount 1779
0de8 88b6 ld r5, r0, -10 // icount 1780
0dea 0800 nop // to align meminst icount 1781
0dec 89da ld r6, r1, -6 // icount 1782
0dee 0800 nop // to align meminst icount 1783
0df0 88a2 ld r5, r0, 2 // icount 1784
0df2 0800 nop // to align meminst icount 1785
0df4 886c ld r3, r0, 12 // icount 1786
0df6 0800 nop // to align meminst icount 1787
0df8 819c st r4, r1, -4 // icount 1788
0dfa 0800 nop // to align meminst icount 1789
0dfc 9842 stu r2, r0, 2 // icount 1790
0dfe 995a stu r2, r1, -6 // icount 1791
0e00 d7ba ror r6, r7, r5 // icount 1792
0e02 8162 st r3, r1, 2 // icount 1793
0e04 d03f srl r7, r0, r1 // icount 1794
0e06 0800 nop // to align meminst icount 1795
0e08 8896 ld r4, r0, -10 // icount 1796
0e0a 0800 nop // to align meminst icount 1797
0e0c 895a ld r2, r1, -6 // icount 1798
0e0e 0800 nop // to align meminst icount 1799
0e10 89cc ld r6, r1, 12 // icount 1800
0e12 0800 nop // to align meminst icount 1801
0e14 8964 ld r3, r1, 4 // icount 1802
0e16 0800 nop // to align meminst icount 1803
0e18 9854 stu r2, r0, -12 // icount 1804
0e1a 0800 nop // to align meminst icount 1805
0e1c 996c stu r3, r1, 12 // icount 1806
0e1e 0800 nop // to align meminst icount 1807
0e20 98a2 stu r5, r0, 2 // icount 1808
0e22 0800 nop // to align meminst icount 1809
0e24 89ba ld r5, r1, -6 // icount 1810
0e26 0800 nop // to align meminst icount 1811
0e28 89d6 ld r6, r1, -10 // icount 1812
0e2a 0800 nop // to align meminst icount 1813
0e2c 8054 st r2, r0, -12 // icount 1814
0e2e 8946 ld r2, r1, 6 // icount 1815
0e30 4014 addi r0, r0, -12   // change base addr // icount 1816
0e32 0800 nop // to align meminst icount 1817
0e34 8092 st r4, r0, -14 // icount 1818
0e36 0800 nop // to align meminst icount 1819
0e38 81c6 st r6, r1, 6 // icount 1820
0e3a 0800 nop // to align meminst icount 1821
0e3c 89b4 ld r5, r1, -12 // icount 1822
0e3e 0800 nop // to align meminst icount 1823
0e40 80b8 st r5, r0, -8 // icount 1824
0e42 0800 nop // to align meminst icount 1825
0e44 88ac ld r5, r0, 12 // icount 1826
0e46 0800 nop // to align meminst icount 1827
0e48 805c st r2, r0, -4 // icount 1828
0e4a 0800 nop // to align meminst icount 1829
0e4c 81aa st r5, r1, 10 // icount 1830
0e4e 0800 nop // to align meminst icount 1831
0e50 89c4 ld r6, r1, 4 // icount 1832
0e52 0800 nop // to align meminst icount 1833
0e54 8072 st r3, r0, -14 // icount 1834
0e56 9880 stu r4, r0, 0 // icount 1835
0e58 412c addi r1, r1, 12   // change base addr // icount 1836
0e5a 89c4 ld r6, r1, 4 // icount 1837
0e5c c500 lbi r5, 0 // icount 1838
0e5e c700 lbi r7, 0 // icount 1839
0e60 0800 nop // to align branch icount 1840
0e62 6000 beqz r0, 0 // icount 1841
0e64 88d8 ld r6, r0, -8 // icount 1842
0e66 0800 nop // to align meminst icount 1843
0e68 888a ld r4, r0, 10 // icount 1844
0e6a 0800 nop // to align meminst icount 1845
0e6c 995c stu r2, r1, -4 // icount 1846
0e6e 0800 nop // to align meminst icount 1847
0e70 805e st r2, r0, -2 // icount 1848
0e72 0800 nop // to align meminst icount 1849
0e74 89b6 ld r5, r1, -10 // icount 1850
0e76 0800 nop // to align meminst icount 1851
0e78 8946 ld r2, r1, 6 // icount 1852
0e7a 0800 nop // to align meminst icount 1853
0e7c 9872 stu r3, r0, -14 // icount 1854
0e7e 0800 nop // to align meminst icount 1855
0e80 8988 ld r4, r1, 8 // icount 1856
0e82 0800 nop // to align meminst icount 1857
0e84 81be st r5, r1, -2 // icount 1858
0e86 0800 nop // to align meminst icount 1859
0e88 8848 ld r2, r0, 8 // icount 1860
0e8a 0800 nop // to align meminst icount 1861
0e8c 8876 ld r3, r0, -10 // icount 1862
0e8e 0800 nop // to align meminst icount 1863
0e90 88c2 ld r6, r0, 2 // icount 1864
0e92 0800 nop // to align meminst icount 1865
0e94 8096 st r4, r0, -10 // icount 1866
0e96 987a stu r3, r0, -6 // icount 1867
0e98 c600 lbi r6, 0 // icount 1868
0e9a c300 lbi r3, 0 // icount 1869
0e9c 0800 nop // to align branch icount 1870
0e9e 6c1c bnez r4, 28 // icount 1871
0ea0 ddf4 add r5, r5, r7 // icount 1872
0ea2 9600 slbi r6, 0 // icount 1873
0ea4 fe78 sco r6, r6, r3 // icount 1874
0ea6 c203 lbi r2, 3 // icount 1875
0ea8 d1da ror r6, r1, r6 // icount 1876
0eaa d974 add r5, r1, r3 // icount 1877
0eac a86b slli r3, r0, 11 // icount 1878
0eae a6e2 roli r7, r6, 2 // icount 1879
0eb0 c304 lbi r3, 4 // icount 1880
0eb2 0800 nop // to align meminst icount 1881
0eb4 5b61 andni r3, r3, 1 // icount 1882
0eb6 838c st r4, r3, 12 // icount 1883
0eb8 d494 rol r5, r4, r4 // icount 1884
0eba aa4b slli r2, r2, 11 // icount 1885
0ebc 5921 andni r1, r1, 1 // icount 1886
0ebe 9944 stu r2, r1, 4 // icount 1887
0ec0 5b61 andni r3, r3, 1 // icount 1888
0ec2 8366 st r3, r3, 6 // icount 1889
0ec4 d4b0 rol r4, r4, r5 // icount 1890
0ec6 9400 slbi r4, 0 // icount 1891
0ec8 a34c roli r2, r3, 12 // icount 1892
0eca 9608 slbi r6, 8 // icount 1893
0ecc 970b slbi r7, 11 // icount 1894
0ece b5ad rori r5, r5, 13 // icount 1895
0ed0 53aa xori r5, r3, 10 // icount 1896
0ed2 d3ce ror r3, r3, r6 // icount 1897
0ed4 5da1 andni r5, r5, 1 // icount 1898
0ed6 9d8e stu r4, r5, 14 // icount 1899
0ed8 4ba5 subi r5, r3, 5 // icount 1900
0eda 4740 addi r2, r7, 0 // icount 1901
0edc 9504 slbi r5, 4 // icount 1902
0ede e4a8 seq r2, r4, r5 // icount 1903
0ee0 d41b srl r6, r4, r0 // icount 1904
0ee2 0800 nop // to align meminst icount 1905
0ee4 899c ld r4, r1, -4 // icount 1906
0ee6 0800 nop // to align meminst icount 1907
0ee8 8882 ld r4, r0, 2 // icount 1908
0eea 0800 nop // to align meminst icount 1909
0eec 9956 stu r2, r1, -10 // icount 1910
0eee 9970 stu r3, r1, -16 // icount 1911
0ef0 5841 andni r2, r0, 1 // icount 1912
0ef2 0800 nop // to align meminst icount 1913
0ef4 89c4 ld r6, r1, 4 // icount 1914
0ef6 0800 nop // to align meminst icount 1915
0ef8 8040 st r2, r0, 0 // icount 1916
0efa 0800 nop // to align meminst icount 1917
0efc 88a8 ld r5, r0, 8 // icount 1918
0efe 899a ld r4, r1, -6 // icount 1919
0f00 c200 lbi r2, 0 // icount 1920
0f02 c300 lbi r3, 0 // icount 1921
0f04 0800 nop // to align branch icount 1922
0f06 6818 bnez r0, 24 // icount 1923
0f08 5c81 andni r4, r4, 1 // icount 1924
0f0a 8cea ld r7, r4, 10 // icount 1925
0f0c fda8 sco r2, r5, r5 // icount 1926
0f0e d64b srl r2, r6, r2 // icount 1927
0f10 b38d rori r4, r3, 13 // icount 1928
0f12 0800 nop // to align meminst icount 1929
0f14 5a41 andni r2, r2, 1 // icount 1930
0f16 82ec st r7, r2, 12 // icount 1931
0f18 be8f srli r4, r6, 15 // icount 1932
0f1a d476 ror r5, r4, r3 // icount 1933
0f1c a8e5 slli r7, r0, 5 // icount 1934
0f1e 488b subi r4, r0, 11 // icount 1935
0f20 df5f andn r7, r7, r2 // icount 1936
0f22 d3b4 rol r5, r3, r5 // icount 1937
0f24 bbc4 srli r6, r3, 4 // icount 1938
0f26 e270 seq r4, r2, r3 // icount 1939
0f28 404f addi r2, r0, 15 // icount 1940
0f2a df08 add r2, r7, r0 // icount 1941
0f2c b789 rori r4, r7, 9 // icount 1942
0f2e d2f1 sll r4, r2, r7 // icount 1943
0f30 9501 slbi r5, 1 // icount 1944
0f32 f148 sle r2, r1, r2 // icount 1945
0f34 daf3 andn r4, r2, r7 // icount 1946
0f36 e1b0 seq r4, r1, r5 // icount 1947
0f38 dd5b andn r6, r5, r2 // icount 1948
0f3a 4dc1 subi r6, r5, 1 // icount 1949
0f3c eaf8 slt r6, r2, r7 // icount 1950
0f3e 0800 nop // to align meminst icount 1951
0f40 9878 stu r3, r0, -8 // icount 1952
0f42 0800 nop // to align meminst icount 1953
0f44 8088 st r4, r0, 8 // icount 1954
0f46 8090 st r4, r0, -16 // icount 1955
0f48 d350 rol r4, r3, r2 // icount 1956
0f4a 0800 nop // to align meminst icount 1957
0f4c 9980 stu r4, r1, 0 // icount 1958
0f4e 0800 nop // to align meminst icount 1959
0f50 8858 ld r2, r0, -8 // icount 1960
0f52 0800 nop // to align meminst icount 1961
0f54 89a6 ld r5, r1, 6 // icount 1962
0f56 0800 nop // to align meminst icount 1963
0f58 884e ld r2, r0, 14 // icount 1964
0f5a 0800 nop // to align meminst icount 1965
0f5c 89a8 ld r5, r1, 8 // icount 1966
0f5e 0800 nop // to align meminst icount 1967
0f60 8878 ld r3, r0, -8 // icount 1968
0f62 0800 nop // to align meminst icount 1969
0f64 88da ld r6, r0, -6 // icount 1970
0f66 0800 nop // to align meminst icount 1971
0f68 88ca ld r6, r0, 10 // icount 1972
0f6a 8998 ld r4, r1, -8 // icount 1973
0f6c 4016 addi r0, r0, -10   // change base addr // icount 1974
0f6e 0800 nop // to align meminst icount 1975
0f70 9966 stu r3, r1, 6 // icount 1976
0f72 0800 nop // to align meminst icount 1977
0f74 8998 ld r4, r1, -8 // icount 1978
0f76 0800 nop // to align meminst icount 1979
0f78 9974 stu r3, r1, -12 // icount 1980
0f7a 0800 nop // to align meminst icount 1981
0f7c 88d4 ld r6, r0, -12 // icount 1982
0f7e 0800 nop // to align meminst icount 1983
0f80 89ae ld r5, r1, 14 // icount 1984
0f82 0800 nop // to align meminst icount 1985
0f84 9844 stu r2, r0, 4 // icount 1986
0f86 0800 nop // to align meminst icount 1987
0f88 9890 stu r4, r0, -16 // icount 1988
0f8a 0800 nop // to align meminst icount 1989
0f8c 88cc ld r6, r0, 12 // icount 1990
0f8e 0800 nop // to align meminst icount 1991
0f90 9948 stu r2, r1, 8 // icount 1992
0f92 0800 nop // to align meminst icount 1993
0f94 81b2 st r5, r1, -14 // icount 1994
0f96 0800 nop // to align meminst icount 1995
0f98 89b4 ld r5, r1, -12 // icount 1996
0f9a 0800 nop // to align meminst icount 1997
0f9c 8074 st r3, r0, -12 // icount 1998
0f9e 0800 nop // to align meminst icount 1999
0fa0 8892 ld r4, r0, -14 // icount 2000
0fa2 0800 nop // to align meminst icount 2001
0fa4 98c0 stu r6, r0, 0 // icount 2002
0fa6 0800 nop // to align meminst icount 2003
0fa8 99dc stu r6, r1, -4 // icount 2004
0faa 0800 nop // to align meminst icount 2005
0fac 9980 stu r4, r1, 0 // icount 2006
0fae 0800 nop // to align meminst icount 2007
0fb0 9968 stu r3, r1, 8 // icount 2008
0fb2 0800 nop // to align meminst icount 2009
0fb4 81ca st r6, r1, 10 // icount 2010
0fb6 0800 nop // to align meminst icount 2011
0fb8 8866 ld r3, r0, 6 // icount 2012
0fba 0800 nop // to align meminst icount 2013
0fbc 8192 st r4, r1, -14 // icount 2014
0fbe 0800 nop // to align meminst icount 2015
0fc0 99c0 stu r6, r1, 0 // icount 2016
0fc2 0800 nop // to align meminst icount 2017
0fc4 997c stu r3, r1, -4 // icount 2018
0fc6 0800 nop // to align meminst icount 2019
0fc8 89b0 ld r5, r1, -16 // icount 2020
0fca 0800 nop // to align meminst icount 2021
0fcc 885c ld r2, r0, -4 // icount 2022
0fce 0800 nop // to align meminst icount 2023
0fd0 80dc st r6, r0, -4 // icount 2024
0fd2 0800 nop // to align meminst icount 2025
0fd4 8844 ld r2, r0, 4 // icount 2026
0fd6 0800 nop // to align meminst icount 2027
0fd8 88b0 ld r5, r0, -16 // icount 2028
0fda 0800 nop // to align meminst icount 2029
0fdc 89cc ld r6, r1, 12 // icount 2030
0fde 0800 nop // to align meminst icount 2031
0fe0 88b8 ld r5, r0, -8 // icount 2032
0fe2 0800 nop // to align meminst icount 2033
0fe4 9884 stu r4, r0, 4 // icount 2034
0fe6 0800 nop // to align meminst icount 2035
0fe8 885a ld r2, r0, -6 // icount 2036
0fea 0800 nop // to align meminst icount 2037
0fec 89ce ld r6, r1, 14 // icount 2038
0fee 0800 nop // to align meminst icount 2039
0ff0 8962 ld r3, r1, 2 // icount 2040
0ff2 0800 nop // to align meminst icount 2041
0ff4 9966 stu r3, r1, 6 // icount 2042
0ff6 0800 nop // to align meminst icount 2043
0ff8 8950 ld r2, r1, -16 // icount 2044
0ffa 0800 nop // to align meminst icount 2045
0ffc 8192 st r4, r1, -14 // icount 2046
0ffe 0800 nop // to align meminst icount 2047
1000 81d2 st r6, r1, -14 // icount 2048
1002 0800 nop // to align meminst icount 2049
1004 895e ld r2, r1, -2 // icount 2050
1006 0800 nop // to align meminst icount 2051
1008 89b6 ld r5, r1, -10 // icount 2052
100a 9858 stu r2, r0, -8 // icount 2053
100c c200 lbi r2, 0 // icount 2054
100e c200 lbi r2, 0 // icount 2055
1010 0800 nop // to align branch icount 2056
1012 7318 bltz r3, 24 // icount 2057
1014 49a2 subi r5, r1, 2 // icount 2058
1016 970e slbi r7, 14 // icount 2059
1018 d597 srl r5, r5, r4 // icount 2060
101a fd30 sco r4, r5, r1 // icount 2061
101c d85b andn r6, r0, r2 // icount 2062
101e c60c lbi r6, 12 // icount 2063
1020 d912 xor r4, r1, r0 // icount 2064
1022 dcd0 add r4, r4, r6 // icount 2065
1024 b48b rori r4, r4, 11 // icount 2066
1026 0800 nop // to align meminst icount 2067
1028 5a41 andni r2, r2, 1 // icount 2068
102a 8aa6 ld r5, r2, 6 // icount 2069
102c 5881 andni r4, r0, 1 // icount 2070
102e e70c seq r3, r7, r0 // icount 2071
1030 d7ea ror r2, r7, r7 // icount 2072
1032 da51 sub r4, r2, r2 // icount 2073
1034 9605 slbi r6, 5 // icount 2074
1036 9709 slbi r7, 9 // icount 2075
1038 9703 slbi r7, 3 // icount 2076
103a dd6a xor r2, r5, r3 // icount 2077
103c d40c rol r3, r4, r0 // icount 2078
103e 0800 nop // to align meminst icount 2079
1040 5b61 andni r3, r3, 1 // icount 2080
1042 8b64 ld r3, r3, 4 // icount 2081
1044 49a2 subi r5, r1, 2 // icount 2082
1046 0800 nop // to align meminst icount 2083
1048 5fe1 andni r7, r7, 1 // icount 2084
104a 87c6 st r6, r7, 6 // icount 2085
104c 5b61 andni r3, r3, 1 // icount 2086
104e 8b4e ld r2, r3, 14 // icount 2087
1050 d67b srl r6, r6, r3 // icount 2088
1052 0800 nop // to align meminst icount 2089
1054 9942 stu r2, r1, 2 // icount 2090
1056 0800 nop // to align meminst icount 2091
1058 8154 st r2, r1, -12 // icount 2092
105a 0800 nop // to align meminst icount 2093
105c 80c0 st r6, r0, 0 // icount 2094
105e 0800 nop // to align meminst icount 2095
1060 999c stu r4, r1, -4 // icount 2096
1062 0800 nop // to align meminst icount 2097
1064 88da ld r6, r0, -6 // icount 2098
1066 0800 nop // to align meminst icount 2099
1068 8876 ld r3, r0, -10 // icount 2100
106a 0800 nop // to align meminst icount 2101
106c 81ba st r5, r1, -6 // icount 2102
106e 0800 nop // to align meminst icount 2103
1070 8846 ld r2, r0, 6 // icount 2104
1072 0800 nop // to align meminst icount 2105
1074 89b6 ld r5, r1, -10 // icount 2106
1076 0800 nop // to align meminst icount 2107
1078 805e st r2, r0, -2 // icount 2108
107a 0800 nop // to align meminst icount 2109
107c 887e ld r3, r0, -2 // icount 2110
107e 0800 nop // to align meminst icount 2111
1080 8840 ld r2, r0, 0 // icount 2112
1082 0800 nop // to align meminst icount 2113
1084 8160 st r3, r1, 0 // icount 2114
1086 88d6 ld r6, r0, -10 // icount 2115
1088 401a addi r0, r0, -6   // change base addr // icount 2116
108a 0800 nop // to align meminst icount 2117
108c 9962 stu r3, r1, 2 // icount 2118
108e 0800 nop // to align meminst icount 2119
1090 8892 ld r4, r0, -14 // icount 2120
1092 0800 nop // to align meminst icount 2121
1094 80da st r6, r0, -6 // icount 2122
1096 0800 nop // to align meminst icount 2123
1098 8890 ld r4, r0, -16 // icount 2124
109a 0800 nop // to align meminst icount 2125
109c 9882 stu r4, r0, 2 // icount 2126
109e 0800 nop // to align meminst icount 2127
10a0 899a ld r4, r1, -6 // icount 2128
10a2 0800 nop // to align meminst icount 2129
10a4 89d8 ld r6, r1, -8 // icount 2130
10a6 0800 nop // to align meminst icount 2131
10a8 99b4 stu r5, r1, -12 // icount 2132
10aa 0800 nop // to align meminst icount 2133
10ac 9948 stu r2, r1, 8 // icount 2134
10ae 0800 nop // to align meminst icount 2135
10b0 88ba ld r5, r0, -6 // icount 2136
10b2 0800 nop // to align meminst icount 2137
10b4 8852 ld r2, r0, -14 // icount 2138
10b6 0800 nop // to align meminst icount 2139
10b8 988c stu r4, r0, 12 // icount 2140
10ba 0800 nop // to align meminst icount 2141
10bc 984e stu r2, r0, 14 // icount 2142
10be 0800 nop // to align meminst icount 2143
10c0 89d4 ld r6, r1, -12 // icount 2144
10c2 0800 nop // to align meminst icount 2145
10c4 884e ld r2, r0, 14 // icount 2146
10c6 0800 nop // to align meminst icount 2147
10c8 9946 stu r2, r1, 6 // icount 2148
10ca 0800 nop // to align meminst icount 2149
10cc 88b4 ld r5, r0, -12 // icount 2150
10ce 0800 nop // to align meminst icount 2151
10d0 81a2 st r5, r1, 2 // icount 2152
10d2 0800 nop // to align meminst icount 2153
10d4 80b8 st r5, r0, -8 // icount 2154
10d6 0800 nop // to align meminst icount 2155
10d8 9988 stu r4, r1, 8 // icount 2156
10da 0800 nop // to align meminst icount 2157
10dc 89c6 ld r6, r1, 6 // icount 2158
10de 0800 nop // to align meminst icount 2159
10e0 818c st r4, r1, 12 // icount 2160
10e2 0800 nop // to align meminst icount 2161
10e4 889a ld r4, r0, -6 // icount 2162
10e6 0800 nop // to align meminst icount 2163
10e8 8176 st r3, r1, -10 // icount 2164
10ea 0800 nop // to align meminst icount 2165
10ec 89a2 ld r5, r1, 2 // icount 2166
10ee 0800 nop // to align meminst icount 2167
10f0 99de stu r6, r1, -2 // icount 2168
10f2 0800 nop // to align meminst icount 2169
10f4 816c st r3, r1, 12 // icount 2170
10f6 0800 nop // to align meminst icount 2171
10f8 8898 ld r4, r0, -8 // icount 2172
10fa 0800 nop // to align meminst icount 2173
10fc 995a stu r2, r1, -6 // icount 2174
10fe 0800 nop // to align meminst icount 2175
1100 804c st r2, r0, 12 // icount 2176
1102 0800 nop // to align meminst icount 2177
1104 8096 st r4, r0, -10 // icount 2178
1106 0800 nop // to align meminst icount 2179
1108 8090 st r4, r0, -16 // icount 2180
110a 0800 nop // to align meminst icount 2181
110c 9996 stu r4, r1, -10 // icount 2182
110e 0800 nop // to align meminst icount 2183
1110 894c ld r2, r1, 12 // icount 2184
1112 0800 nop // to align meminst icount 2185
1114 8082 st r4, r0, 2 // icount 2186
1116 0800 nop // to align meminst icount 2187
1118 99dc stu r6, r1, -4 // icount 2188
111a 0800 nop // to align meminst icount 2189
111c 998c stu r4, r1, 12 // icount 2190
111e 0800 nop // to align meminst icount 2191
1120 8856 ld r2, r0, -10 // icount 2192
1122 0800 nop // to align meminst icount 2193
1124 886a ld r3, r0, 10 // icount 2194
1126 0800 nop // to align meminst icount 2195
1128 81ba st r5, r1, -6 // icount 2196
112a 0800 nop // to align meminst icount 2197
112c 805c st r2, r0, -4 // icount 2198
112e 0800 nop // to align meminst icount 2199
1130 9978 stu r3, r1, -8 // icount 2200
1132 0800 nop // to align meminst icount 2201
1134 81c8 st r6, r1, 8 // icount 2202
1136 0800 nop // to align meminst icount 2203
1138 8178 st r3, r1, -8 // icount 2204
113a 0800 nop // to align meminst icount 2205
113c 9984 stu r4, r1, 4 // icount 2206
113e 0800 nop // to align meminst icount 2207
1140 899c ld r4, r1, -4 // icount 2208
1142 0800 nop // to align meminst icount 2209
1144 80b0 st r5, r0, -16 // icount 2210
1146 0800 nop // to align meminst icount 2211
1148 99a8 stu r5, r1, 8 // icount 2212
114a 0800 nop // to align meminst icount 2213
114c 8876 ld r3, r0, -10 // icount 2214
114e 0800 nop // to align meminst icount 2215
1150 895c ld r2, r1, -4 // icount 2216
1152 0800 nop // to align meminst icount 2217
1154 89ca ld r6, r1, 10 // icount 2218
1156 0800 nop // to align meminst icount 2219
1158 8946 ld r2, r1, 6 // icount 2220
115a 0800 nop // to align meminst icount 2221
115c 9890 stu r4, r0, -16 // icount 2222
115e 0800 nop // to align meminst icount 2223
1160 8964 ld r3, r1, 4 // icount 2224
1162 0800 nop // to align meminst icount 2225
1164 8966 ld r3, r1, 6 // icount 2226
1166 0800 nop // to align meminst icount 2227
1168 81ae st r5, r1, 14 // icount 2228
116a 0800 nop // to align meminst icount 2229
116c 80a2 st r5, r0, 2 // icount 2230
116e 0800 nop // to align meminst icount 2231
1170 8878 ld r3, r0, -8 // icount 2232
1172 0800 nop // to align meminst icount 2233
1174 8946 ld r2, r1, 6 // icount 2234
1176 0800 nop // to align meminst icount 2235
1178 8974 ld r3, r1, -12 // icount 2236
117a 0800 nop // to align meminst icount 2237
117c 89ba ld r5, r1, -6 // icount 2238
117e 0800 nop // to align meminst icount 2239
1180 99ae stu r5, r1, 14 // icount 2240
1182 0800 nop // to align meminst icount 2241
1184 8896 ld r4, r0, -10 // icount 2242
1186 0800 nop // to align meminst icount 2243
1188 8882 ld r4, r0, 2 // icount 2244
118a 0800 nop // to align meminst icount 2245
118c 81d8 st r6, r1, -8 // icount 2246
118e 0800 nop // to align meminst icount 2247
1190 98dc stu r6, r0, -4 // icount 2248
1192 889c ld r4, r0, -4 // icount 2249
1194 c300 lbi r3, 0 // icount 2250
1196 c600 lbi r6, 0 // icount 2251
1198 0800 nop // to align branch icount 2252
119a 6808 bnez r0, 8 // icount 2253
119c 920e slbi r2, 14 // icount 2254
119e a184 roli r4, r1, 4 // icount 2255
11a0 5801 andni r0, r0, 1 // icount 2256
11a2 88a4 ld r5, r0, 4 // icount 2257
11a4 da6b andn r2, r2, r3 // icount 2258
11a6 0800 nop // to align meminst icount 2259
11a8 5da1 andni r5, r5, 1 // icount 2260
11aa 9d4c stu r2, r5, 12 // icount 2261
11ac db99 sub r6, r3, r4 // icount 2262
11ae fdb8 sco r6, r5, r5 // icount 2263
11b0 f8b8 sco r6, r0, r5 // icount 2264
11b2 0800 nop // to align meminst icount 2265
11b4 818a st r4, r1, 10 // icount 2266
11b6 0800 nop // to align meminst icount 2267
11b8 815e st r2, r1, -2 // icount 2268
11ba 0800 nop // to align meminst icount 2269
11bc 99c2 stu r6, r1, 2 // icount 2270
11be 0800 nop // to align meminst icount 2271
11c0 89ba ld r5, r1, -6 // icount 2272
11c2 0800 nop // to align meminst icount 2273
11c4 80b8 st r5, r0, -8 // icount 2274
11c6 0800 nop // to align meminst icount 2275
11c8 8148 st r2, r1, 8 // icount 2276
11ca 0800 nop // to align meminst icount 2277
11cc 88a0 ld r5, r0, 0 // icount 2278
11ce 0800 nop // to align meminst icount 2279
11d0 997c stu r3, r1, -4 // icount 2280
11d2 0800 nop // to align meminst icount 2281
11d4 80ac st r5, r0, 12 // icount 2282
11d6 0800 nop // to align meminst icount 2283
11d8 8862 ld r3, r0, 2 // icount 2284
11da 0800 nop // to align meminst icount 2285
11dc 888e ld r4, r0, 14 // icount 2286
11de 0800 nop // to align meminst icount 2287
11e0 8840 ld r2, r0, 0 // icount 2288
11e2 0800 nop // to align meminst icount 2289
11e4 99cc stu r6, r1, 12 // icount 2290
11e6 0800 nop // to align meminst icount 2291
11e8 88b8 ld r5, r0, -8 // icount 2292
11ea 0800 nop // to align meminst icount 2293
11ec 89de ld r6, r1, -2 // icount 2294
11ee 0800 nop // to align meminst icount 2295
11f0 8986 ld r4, r1, 6 // icount 2296
11f2 0800 nop // to align meminst icount 2297
11f4 987c stu r3, r0, -4 // icount 2298
11f6 81be st r5, r1, -2 // icount 2299
11f8 0000 halt // icount 2300
