/u/s/i/sinclair/courses/cs552/spring2022/handouts/testprograms/public/rand_final/ldld_rand_large.asm SUCCESS CPI:3.1 CYCLES:3168 ICOUNT:1035 IHITRATE: 56.7 DHITRATE: 81.8
/u/s/i/sinclair/courses/cs552/spring2022/handouts/testprograms/public/rand_final/ldld_rand_small.asm SUCCESS CPI:3.1 CYCLES:3168 ICOUNT:1035 IHITRATE: 56.7 DHITRATE: 81.8
/u/s/i/sinclair/courses/cs552/spring2022/handouts/testprograms/public/rand_final/ldst_rand_large.asm SUCCESS CPI:2.6 CYCLES:2671 ICOUNT:1010 IHITRATE: 97.0 DHITRATE: 62.2
/u/s/i/sinclair/courses/cs552/spring2022/handouts/testprograms/public/rand_final/ldst_rand_small.asm SUCCESS CPI:2.5 CYCLES:2445 ICOUNT:994 IHITRATE: 97.0 DHITRATE: 73.8
/u/s/i/sinclair/courses/cs552/spring2022/handouts/testprograms/public/rand_final/t_100_all.asm SUCCESS CPI:4.2 CYCLES:1346 ICOUNT:321 IHITRATE: 32.7 DHITRATE: 31.7
/u/s/i/sinclair/courses/cs552/spring2022/handouts/testprograms/public/rand_final/t_100_ctrl.asm SUCCESS CPI:4.3 CYCLES:2634 ICOUNT:619 IHITRATE: 31.7 DHITRATE: 38.9
/u/s/i/sinclair/courses/cs552/spring2022/handouts/testprograms/public/rand_final/t_100_icache.asm SUCCESS CPI:47.6 CYCLES:904 ICOUNT:19 IHITRATE: 14.7 DHITRATE: 0
/u/s/i/sinclair/courses/cs552/spring2022/handouts/testprograms/public/rand_final/t_100_idcache.asm SUCCESS CPI:7.0 CYCLES:2797 ICOUNT:401 IHITRATE: 42.9 DHITRATE: 17.1
/u/s/i/sinclair/courses/cs552/spring2022/handouts/testprograms/public/rand_final/t_100_mem.asm SUCCESS CPI:4.4 CYCLES:6189 ICOUNT:1415 IHITRATE: 37.3 DHITRATE: 71.7
/u/s/i/sinclair/courses/cs552/spring2022/handouts/testprograms/public/rand_final/t_101_all.asm SUCCESS CPI:4.1 CYCLES:1777 ICOUNT:430 IHITRATE: 32.5 DHITRATE: 32.8
/u/s/i/sinclair/courses/cs552/spring2022/handouts/testprograms/public/rand_final/t_101_ctrl.asm SUCCESS CPI:4.0 CYCLES:3216 ICOUNT:807 IHITRATE: 33.3 DHITRATE: 42.0
/u/s/i/sinclair/courses/cs552/spring2022/handouts/testprograms/public/rand_final/t_101_icache.asm SUCCESS CPI:26.5 CYCLES:1085 ICOUNT:41 IHITRATE: 18.2 DHITRATE: 0
/u/s/i/sinclair/courses/cs552/spring2022/handouts/testprograms/public/rand_final/t_101_idcache.asm SUCCESS CPI:6.7 CYCLES:2760 ICOUNT:413 IHITRATE: 46.2 DHITRATE: 17.3
/u/s/i/sinclair/courses/cs552/spring2022/handouts/testprograms/public/rand_final/t_101_mem.asm SUCCESS CPI:4.4 CYCLES:6208 ICOUNT:1406 IHITRATE: 37.2 DHITRATE: 72.9
/u/s/i/sinclair/courses/cs552/spring2022/handouts/testprograms/public/rand_final/t_102_all.asm SUCCESS CPI:4.2 CYCLES:1474 ICOUNT:353 IHITRATE: 31.7 DHITRATE: 26.3
/u/s/i/sinclair/courses/cs552/spring2022/handouts/testprograms/public/rand_final/t_102_ctrl.asm SUCCESS CPI:4.0 CYCLES:3235 ICOUNT:816 IHITRATE: 33.0 DHITRATE: 34.6
/u/s/i/sinclair/courses/cs552/spring2022/handouts/testprograms/public/rand_final/t_102_icache.asm SUCCESS CPI:20.8 CYCLES:1230 ICOUNT:59 IHITRATE: 18.0 DHITRATE: 0
/u/s/i/sinclair/courses/cs552/spring2022/handouts/testprograms/public/rand_final/t_102_idcache.asm SUCCESS CPI:7.7 CYCLES:2577 ICOUNT:335 IHITRATE: 42.7 DHITRATE: 16.1
/u/s/i/sinclair/courses/cs552/spring2022/handouts/testprograms/public/rand_final/t_102_mem.asm SUCCESS CPI:4.2 CYCLES:6347 ICOUNT:1506 IHITRATE: 36.9 DHITRATE: 80.3
/u/s/i/sinclair/courses/cs552/spring2022/handouts/testprograms/public/rand_final/t_103_all.asm SUCCESS CPI:3.8 CYCLES:1662 ICOUNT:443 IHITRATE: 34.0 DHITRATE: 25.2
/u/s/i/sinclair/courses/cs552/spring2022/handouts/testprograms/public/rand_final/t_103_ctrl.asm SUCCESS CPI:4.0 CYCLES:3161 ICOUNT:785 IHITRATE: 33.0 DHITRATE: 36.3
/u/s/i/sinclair/courses/cs552/spring2022/handouts/testprograms/public/rand_final/t_103_icache.asm SUCCESS CPI:10.0 CYCLES:1238 ICOUNT:124 IHITRATE: 19.5 DHITRATE: 0
/u/s/i/sinclair/courses/cs552/spring2022/handouts/testprograms/public/rand_final/t_103_idcache.asm SUCCESS CPI:7.0 CYCLES:2622 ICOUNT:374 IHITRATE: 43.6 DHITRATE: 17.4
/u/s/i/sinclair/courses/cs552/spring2022/handouts/testprograms/public/rand_final/t_103_mem.asm SUCCESS CPI:4.3 CYCLES:6208 ICOUNT:1451 IHITRATE: 36.8 DHITRATE: 84.0
/u/s/i/sinclair/courses/cs552/spring2022/handouts/testprograms/public/rand_final/t_104_all.asm SUCCESS CPI:3.9 CYCLES:1749 ICOUNT:445 IHITRATE: 33.3 DHITRATE: 27.1
/u/s/i/sinclair/courses/cs552/spring2022/handouts/testprograms/public/rand_final/t_104_ctrl.asm SUCCESS CPI:4.1 CYCLES:2992 ICOUNT:735 IHITRATE: 32.9 DHITRATE: 32.8
/u/s/i/sinclair/courses/cs552/spring2022/handouts/testprograms/public/rand_final/t_104_icache.asm SUCCESS CPI:20.5 CYCLES:963 ICOUNT:47 IHITRATE: 16.8 DHITRATE: 0
/u/s/i/sinclair/courses/cs552/spring2022/handouts/testprograms/public/rand_final/t_104_idcache.asm SUCCESS CPI:8.0 CYCLES:2486 ICOUNT:311 IHITRATE: 44.8 DHITRATE: 14.4
/u/s/i/sinclair/courses/cs552/spring2022/handouts/testprograms/public/rand_final/t_104_mem.asm SUCCESS CPI:4.2 CYCLES:6464 ICOUNT:1521 IHITRATE: 36.7 DHITRATE: 78.4
/u/s/i/sinclair/courses/cs552/spring2022/handouts/testprograms/public/rand_final/t_105_all.asm SUCCESS CPI:3.9 CYCLES:1742 ICOUNT:442 IHITRATE: 33.2 DHITRATE: 26.0
/u/s/i/sinclair/courses/cs552/spring2022/handouts/testprograms/public/rand_final/t_105_ctrl.asm SUCCESS CPI:4.0 CYCLES:3128 ICOUNT:773 IHITRATE: 32.6 DHITRATE: 32.2
/u/s/i/sinclair/courses/cs552/spring2022/handouts/testprograms/public/rand_final/t_105_icache.asm SUCCESS CPI:14.3 CYCLES:1058 ICOUNT:74 IHITRATE: 18.9 DHITRATE: 0
/u/s/i/sinclair/courses/cs552/spring2022/handouts/testprograms/public/rand_final/t_105_idcache.asm SUCCESS CPI:7.8 CYCLES:2598 ICOUNT:335 IHITRATE: 42.4 DHITRATE: 14.7
/u/s/i/sinclair/courses/cs552/spring2022/handouts/testprograms/public/rand_final/t_105_mem.asm SUCCESS CPI:4.3 CYCLES:6120 ICOUNT:1422 IHITRATE: 37.2 DHITRATE: 76.8
/u/s/i/sinclair/courses/cs552/spring2022/handouts/testprograms/public/rand_final/t_106_all.asm SUCCESS CPI:4.0 CYCLES:1811 ICOUNT:452 IHITRATE: 32.7 DHITRATE: 32.3
/u/s/i/sinclair/courses/cs552/spring2022/handouts/testprograms/public/rand_final/t_106_ctrl.asm SUCCESS CPI:3.9 CYCLES:3070 ICOUNT:781 IHITRATE: 33.6 DHITRATE: 33.2
/u/s/i/sinclair/courses/cs552/spring2022/handouts/testprograms/public/rand_final/t_106_icache.asm SUCCESS CPI:29.2 CYCLES:1109 ICOUNT:38 IHITRATE: 17.3 DHITRATE: 0
/u/s/i/sinclair/courses/cs552/spring2022/handouts/testprograms/public/rand_final/t_106_idcache.asm SUCCESS CPI:8.2 CYCLES:2664 ICOUNT:326 IHITRATE: 41.4 DHITRATE: 15.4
/u/s/i/sinclair/courses/cs552/spring2022/handouts/testprograms/public/rand_final/t_106_mem.asm SUCCESS CPI:4.4 CYCLES:6179 ICOUNT:1410 IHITRATE: 37.3 DHITRATE: 73.2
/u/s/i/sinclair/courses/cs552/spring2022/handouts/testprograms/public/rand_final/t_107_all.asm SUCCESS CPI:4.0 CYCLES:1650 ICOUNT:415 IHITRATE: 33.3 DHITRATE: 26.4
/u/s/i/sinclair/courses/cs552/spring2022/handouts/testprograms/public/rand_final/t_107_ctrl.asm SUCCESS CPI:4.0 CYCLES:3047 ICOUNT:759 IHITRATE: 32.9 DHITRATE: 37.1
/u/s/i/sinclair/courses/cs552/spring2022/handouts/testprograms/public/rand_final/t_107_icache.asm SUCCESS CPI:19.9 CYCLES:1014 ICOUNT:51 IHITRATE: 16.5 DHITRATE: 0
/u/s/i/sinclair/courses/cs552/spring2022/handouts/testprograms/public/rand_final/t_107_idcache.asm SUCCESS CPI:8.3 CYCLES:2709 ICOUNT:326 IHITRATE: 40.7 DHITRATE: 15.3
/u/s/i/sinclair/courses/cs552/spring2022/handouts/testprograms/public/rand_final/t_107_mem.asm SUCCESS CPI:4.3 CYCLES:6078 ICOUNT:1400 IHITRATE: 37.4 DHITRATE: 74.7
/u/s/i/sinclair/courses/cs552/spring2022/handouts/testprograms/public/rand_final/t_108_all.asm SUCCESS CPI:3.7 CYCLES:1684 ICOUNT:451 IHITRATE: 34.3 DHITRATE: 28.9
/u/s/i/sinclair/courses/cs552/spring2022/handouts/testprograms/public/rand_final/t_108_ctrl.asm SUCCESS CPI:4.0 CYCLES:3153 ICOUNT:798 IHITRATE: 32.6 DHITRATE: 40.0
/u/s/i/sinclair/courses/cs552/spring2022/handouts/testprograms/public/rand_final/t_108_icache.asm SUCCESS CPI:31.0 CYCLES:837 ICOUNT:27 IHITRATE: 15.1 DHITRATE: 0
/u/s/i/sinclair/courses/cs552/spring2022/handouts/testprograms/public/rand_final/t_108_idcache.asm SUCCESS CPI:8.0 CYCLES:2718 ICOUNT:341 IHITRATE: 41.8 DHITRATE: 16.0
/u/s/i/sinclair/courses/cs552/spring2022/handouts/testprograms/public/rand_final/t_108_mem.asm SUCCESS CPI:4.2 CYCLES:6437 ICOUNT:1524 IHITRATE: 37.2 DHITRATE: 73.3
/u/s/i/sinclair/courses/cs552/spring2022/handouts/testprograms/public/rand_final/t_109_all.asm SUCCESS CPI:4.2 CYCLES:1334 ICOUNT:321 IHITRATE: 32.7 DHITRATE: 46.2
/u/s/i/sinclair/courses/cs552/spring2022/handouts/testprograms/public/rand_final/t_109_ctrl.asm SUCCESS CPI:4.0 CYCLES:3204 ICOUNT:804 IHITRATE: 32.9 DHITRATE: 51.2
/u/s/i/sinclair/courses/cs552/spring2022/handouts/testprograms/public/rand_final/t_109_icache.asm SUCCESS CPI:23.1 CYCLES:1109 ICOUNT:48 IHITRATE: 18.0 DHITRATE: 0
/u/s/i/sinclair/courses/cs552/spring2022/handouts/testprograms/public/rand_final/t_109_idcache.asm SUCCESS CPI:7.7 CYCLES:2677 ICOUNT:347 IHITRATE: 45.1 DHITRATE: 13.6
/u/s/i/sinclair/courses/cs552/spring2022/handouts/testprograms/public/rand_final/t_109_mem.asm SUCCESS CPI:4.4 CYCLES:6050 ICOUNT:1372 IHITRATE: 37.2 DHITRATE: 76.1
/u/s/i/sinclair/courses/cs552/spring2022/handouts/testprograms/public/rand_final/t_10_mem.asm SUCCESS CPI:4.2 CYCLES:6522 ICOUNT:1544 IHITRATE: 36.9 DHITRATE: 79.2
/u/s/i/sinclair/courses/cs552/spring2022/handouts/testprograms/public/rand_final/t_110_all.asm SUCCESS CPI:3.8 CYCLES:1676 ICOUNT:436 IHITRATE: 33.3 DHITRATE: 46.8
/u/s/i/sinclair/courses/cs552/spring2022/handouts/testprograms/public/rand_final/t_110_ctrl.asm SUCCESS CPI:3.9 CYCLES:3342 ICOUNT:864 IHITRATE: 33.7 DHITRATE: 41.1
/u/s/i/sinclair/courses/cs552/spring2022/handouts/testprograms/public/rand_final/t_110_icache.asm SUCCESS CPI:40.2 CYCLES:1085 ICOUNT:27 IHITRATE: 16.2 DHITRATE: 0
/u/s/i/sinclair/courses/cs552/spring2022/handouts/testprograms/public/rand_final/t_110_idcache.asm SUCCESS CPI:7.5 CYCLES:2894 ICOUNT:386 IHITRATE: 42.1 DHITRATE: 15.5
/u/s/i/sinclair/courses/cs552/spring2022/handouts/testprograms/public/rand_final/t_110_mem.asm SUCCESS CPI:4.2 CYCLES:6253 ICOUNT:1477 IHITRATE: 37.1 DHITRATE: 75.7
/u/s/i/sinclair/courses/cs552/spring2022/handouts/testprograms/public/rand_final/t_111_all.asm SUCCESS CPI:4.3 CYCLES:1636 ICOUNT:382 IHITRATE: 31.7 DHITRATE: 34.0
/u/s/i/sinclair/courses/cs552/spring2022/handouts/testprograms/public/rand_final/t_111_ctrl.asm SUCCESS CPI:3.9 CYCLES:3421 ICOUNT:868 IHITRATE: 33.3 DHITRATE: 35.2
/u/s/i/sinclair/courses/cs552/spring2022/handouts/testprograms/public/rand_final/t_111_icache.asm SUCCESS CPI:26.3 CYCLES:1026 ICOUNT:39 IHITRATE: 16.2 DHITRATE: 0
/u/s/i/sinclair/courses/cs552/spring2022/handouts/testprograms/public/rand_final/t_111_idcache.asm SUCCESS CPI:7.4 CYCLES:2918 ICOUNT:392 IHITRATE: 45.9 DHITRATE: 14.0
/u/s/i/sinclair/courses/cs552/spring2022/handouts/testprograms/public/rand_final/t_111_mem.asm SUCCESS CPI:4.4 CYCLES:6081 ICOUNT:1393 IHITRATE: 37.6 DHITRATE: 69.3
/u/s/i/sinclair/courses/cs552/spring2022/handouts/testprograms/public/rand_final/t_112_all.asm SUCCESS CPI:4.2 CYCLES:1499 ICOUNT:360 IHITRATE: 32.4 DHITRATE: 26.7
/u/s/i/sinclair/courses/cs552/spring2022/handouts/testprograms/public/rand_final/t_112_ctrl.asm SUCCESS CPI:4.0 CYCLES:2907 ICOUNT:725 IHITRATE: 32.6 DHITRATE: 32.7
/u/s/i/sinclair/courses/cs552/spring2022/handouts/testprograms/public/rand_final/t_112_icache.asm SUCCESS CPI:10.9 CYCLES:1077 ICOUNT:99 IHITRATE: 19.8 DHITRATE: 0
/u/s/i/sinclair/courses/cs552/spring2022/handouts/testprograms/public/rand_final/t_112_idcache.asm SUCCESS CPI:7.3 CYCLES:2959 ICOUNT:407 IHITRATE: 44.3 DHITRATE: 14.9
/u/s/i/sinclair/courses/cs552/spring2022/handouts/testprograms/public/rand_final/t_112_mem.asm SUCCESS CPI:4.4 CYCLES:5723 ICOUNT:1292 IHITRATE: 36.7 DHITRATE: 84.8
/u/s/i/sinclair/courses/cs552/spring2022/handouts/testprograms/public/rand_final/t_113_all.asm SUCCESS CPI:4.1 CYCLES:1355 ICOUNT:331 IHITRATE: 32.4 DHITRATE: 38.5
/u/s/i/sinclair/courses/cs552/spring2022/handouts/testprograms/public/rand_final/t_113_ctrl.asm SUCCESS CPI:4.2 CYCLES:3024 ICOUNT:724 IHITRATE: 32.6 DHITRATE: 34.4
/u/s/i/sinclair/courses/cs552/spring2022/handouts/testprograms/public/rand_final/t_113_icache.asm SUCCESS CPI:14.7 CYCLES:1354 ICOUNT:92 IHITRATE: 19.0 DHITRATE: 0
/u/s/i/sinclair/courses/cs552/spring2022/handouts/testprograms/public/rand_final/t_113_idcache.asm SUCCESS CPI:6.7 CYCLES:2704 ICOUNT:404 IHITRATE: 44.7 DHITRATE: 16.4
/u/s/i/sinclair/courses/cs552/spring2022/handouts/testprograms/public/rand_final/t_113_mem.asm SUCCESS CPI:4.3 CYCLES:6298 ICOUNT:1474 IHITRATE: 36.9 DHITRATE: 79.0
/u/s/i/sinclair/courses/cs552/spring2022/handouts/testprograms/public/rand_final/t_114_all.asm SUCCESS CPI:3.5 CYCLES:2079 ICOUNT:587 IHITRATE: 34.8 DHITRATE: 34.2
/u/s/i/sinclair/courses/cs552/spring2022/handouts/testprograms/public/rand_final/t_114_ctrl.asm SUCCESS CPI:3.9 CYCLES:3278 ICOUNT:840 IHITRATE: 33.3 DHITRATE: 55.3
/u/s/i/sinclair/courses/cs552/spring2022/handouts/testprograms/public/rand_final/t_114_icache.asm SUCCESS CPI:24.9 CYCLES:998 ICOUNT:40 IHITRATE: 17.9 DHITRATE: 0
/u/s/i/sinclair/courses/cs552/spring2022/handouts/testprograms/public/rand_final/t_114_idcache.asm SUCCESS CPI:7.2 CYCLES:2547 ICOUNT:356 IHITRATE: 43.2 DHITRATE: 15.6
/u/s/i/sinclair/courses/cs552/spring2022/handouts/testprograms/public/rand_final/t_114_mem.asm SUCCESS CPI:4.2 CYCLES:6062 ICOUNT:1432 IHITRATE: 37.1 DHITRATE: 78.8
/u/s/i/sinclair/courses/cs552/spring2022/handouts/testprograms/public/rand_final/t_115_all.asm SUCCESS CPI:3.9 CYCLES:1700 ICOUNT:438 IHITRATE: 33.3 DHITRATE: 39.1
/u/s/i/sinclair/courses/cs552/spring2022/handouts/testprograms/public/rand_final/t_115_ctrl.asm SUCCESS CPI:4.0 CYCLES:3338 ICOUNT:845 IHITRATE: 33.7 DHITRATE: 35.2
/u/s/i/sinclair/courses/cs552/spring2022/handouts/testprograms/public/rand_final/t_115_icache.asm SUCCESS CPI:15.3 CYCLES:918 ICOUNT:60 IHITRATE: 18.9 DHITRATE: 0
/u/s/i/sinclair/courses/cs552/spring2022/handouts/testprograms/public/rand_final/t_115_idcache.asm SUCCESS CPI:6.7 CYCLES:2870 ICOUNT:428 IHITRATE: 44.1 DHITRATE: 18.2
/u/s/i/sinclair/courses/cs552/spring2022/handouts/testprograms/public/rand_final/t_115_mem.asm SUCCESS CPI:4.3 CYCLES:6021 ICOUNT:1395 IHITRATE: 36.7 DHITRATE: 84.6
/u/s/i/sinclair/courses/cs552/spring2022/handouts/testprograms/public/rand_final/t_116_all.asm SUCCESS CPI:3.7 CYCLES:2068 ICOUNT:563 IHITRATE: 34.5 DHITRATE: 35.8
/u/s/i/sinclair/courses/cs552/spring2022/handouts/testprograms/public/rand_final/t_116_ctrl.asm SUCCESS CPI:3.7 CYCLES:3841 ICOUNT:1048 IHITRATE: 34.1 DHITRATE: 43.4
/u/s/i/sinclair/courses/cs552/spring2022/handouts/testprograms/public/rand_final/t_116_icache.asm SUCCESS CPI:13.7 CYCLES:1244 ICOUNT:91 IHITRATE: 18.4 DHITRATE: 0
/u/s/i/sinclair/courses/cs552/spring2022/handouts/testprograms/public/rand_final/t_116_idcache.asm SUCCESS CPI:7.5 CYCLES:2633 ICOUNT:350 IHITRATE: 42.8 DHITRATE: 16.4
/u/s/i/sinclair/courses/cs552/spring2022/handouts/testprograms/public/rand_final/t_116_mem.asm SUCCESS CPI:4.3 CYCLES:6411 ICOUNT:1475 IHITRATE: 37.1 DHITRATE: 69.6
/u/s/i/sinclair/courses/cs552/spring2022/handouts/testprograms/public/rand_final/t_117_all.asm SUCCESS CPI:3.9 CYCLES:1786 ICOUNT:455 IHITRATE: 34.1 DHITRATE: 28.5
/u/s/i/sinclair/courses/cs552/spring2022/handouts/testprograms/public/rand_final/t_117_ctrl.asm SUCCESS CPI:4.0 CYCLES:3436 ICOUNT:867 IHITRATE: 33.7 DHITRATE: 28.1
/u/s/i/sinclair/courses/cs552/spring2022/handouts/testprograms/public/rand_final/t_117_icache.asm SUCCESS CPI:13.0 CYCLES:1133 ICOUNT:87 IHITRATE: 20.3 DHITRATE: 0
/u/s/i/sinclair/courses/cs552/spring2022/handouts/testprograms/public/rand_final/t_117_idcache.asm SUCCESS CPI:6.9 CYCLES:2886 ICOUNT:416 IHITRATE: 41.0 DHITRATE: 16.7
/u/s/i/sinclair/courses/cs552/spring2022/handouts/testprograms/public/rand_final/t_117_mem.asm SUCCESS CPI:4.2 CYCLES:6537 ICOUNT:1546 IHITRATE: 37.1 DHITRATE: 77.4
/u/s/i/sinclair/courses/cs552/spring2022/handouts/testprograms/public/rand_final/t_118_all.asm SUCCESS CPI:3.9 CYCLES:1971 ICOUNT:506 IHITRATE: 33.8 DHITRATE: 32.2
/u/s/i/sinclair/courses/cs552/spring2022/handouts/testprograms/public/rand_final/t_118_ctrl.asm SUCCESS CPI:4.0 CYCLES:3030 ICOUNT:762 IHITRATE: 33.6 DHITRATE: 30.6
/u/s/i/sinclair/courses/cs552/spring2022/handouts/testprograms/public/rand_final/t_118_icache.asm SUCCESS CPI:42.0 CYCLES:1051 ICOUNT:25 IHITRATE: 16.4 DHITRATE: 0
/u/s/i/sinclair/courses/cs552/spring2022/handouts/testprograms/public/rand_final/t_118_idcache.asm SUCCESS CPI:7.7 CYCLES:2473 ICOUNT:323 IHITRATE: 43.6 DHITRATE: 15.1
/u/s/i/sinclair/courses/cs552/spring2022/handouts/testprograms/public/rand_final/t_118_mem.asm SUCCESS CPI:4.4 CYCLES:5934 ICOUNT:1346 IHITRATE: 36.7 DHITRATE: 81.6
/u/s/i/sinclair/courses/cs552/spring2022/handouts/testprograms/public/rand_final/t_119_all.asm SUCCESS CPI:4.0 CYCLES:1623 ICOUNT:409 IHITRATE: 33.2 DHITRATE: 30.8
/u/s/i/sinclair/courses/cs552/spring2022/handouts/testprograms/public/rand_final/t_119_ctrl.asm SUCCESS CPI:4.0 CYCLES:2914 ICOUNT:734 IHITRATE: 33.1 DHITRATE: 35.5
/u/s/i/sinclair/courses/cs552/spring2022/handouts/testprograms/public/rand_final/t_119_icache.asm SUCCESS CPI:26.6 CYCLES:772 ICOUNT:29 IHITRATE: 13.4 DHITRATE: 0
/u/s/i/sinclair/courses/cs552/spring2022/handouts/testprograms/public/rand_final/t_119_idcache.asm SUCCESS CPI:9.9 CYCLES:1330 ICOUNT:135 IHITRATE: 23.8 DHITRATE: 14.5
/u/s/i/sinclair/courses/cs552/spring2022/handouts/testprograms/public/rand_final/t_119_mem.asm SUCCESS CPI:4.2 CYCLES:6514 ICOUNT:1546 IHITRATE: 37.3 DHITRATE: 69.9
/u/s/i/sinclair/courses/cs552/spring2022/handouts/testprograms/public/rand_final/t_11_mem.asm SUCCESS CPI:4.3 CYCLES:6627 ICOUNT:1555 IHITRATE: 37.4 DHITRATE: 67.4
/u/s/i/sinclair/courses/cs552/spring2022/handouts/testprograms/public/rand_final/t_120_all.asm SUCCESS CPI:4.2 CYCLES:1598 ICOUNT:381 IHITRATE: 31.4 DHITRATE: 42.6
/u/s/i/sinclair/courses/cs552/spring2022/handouts/testprograms/public/rand_final/t_120_ctrl.asm SUCCESS CPI:3.9 CYCLES:3340 ICOUNT:863 IHITRATE: 33.0 DHITRATE: 38.8
/u/s/i/sinclair/courses/cs552/spring2022/handouts/testprograms/public/rand_final/t_120_icache.asm SUCCESS CPI:33.5 CYCLES:1072 ICOUNT:32 IHITRATE: 16.1 DHITRATE: 0
/u/s/i/sinclair/courses/cs552/spring2022/handouts/testprograms/public/rand_final/t_120_idcache.asm SUCCESS CPI:7.4 CYCLES:2713 ICOUNT:368 IHITRATE: 40.6 DHITRATE: 16.6
/u/s/i/sinclair/courses/cs552/spring2022/handouts/testprograms/public/rand_final/t_120_mem.asm SUCCESS CPI:4.3 CYCLES:6245 ICOUNT:1450 IHITRATE: 36.9 DHITRATE: 79.8
/u/s/i/sinclair/courses/cs552/spring2022/handouts/testprograms/public/rand_final/t_121_all.asm SUCCESS CPI:4.3 CYCLES:1358 ICOUNT:318 IHITRATE: 32.4 DHITRATE: 28.2
/u/s/i/sinclair/courses/cs552/spring2022/handouts/testprograms/public/rand_final/t_122_all.asm SUCCESS CPI:4.1 CYCLES:1316 ICOUNT:323 IHITRATE: 32.4 DHITRATE: 30.9
/u/s/i/sinclair/courses/cs552/spring2022/handouts/testprograms/public/rand_final/t_123_all.asm SUCCESS CPI:3.8 CYCLES:1920 ICOUNT:499 IHITRATE: 33.2 DHITRATE: 27.9
/u/s/i/sinclair/courses/cs552/spring2022/handouts/testprograms/public/rand_final/t_124_all.asm SUCCESS CPI:3.8 CYCLES:1359 ICOUNT:361 IHITRATE: 34.2 DHITRATE: 29.2
/u/s/i/sinclair/courses/cs552/spring2022/handouts/testprograms/public/rand_final/t_125_all.asm SUCCESS CPI:4.1 CYCLES:2008 ICOUNT:495 IHITRATE: 33.4 DHITRATE: 23.4
/u/s/i/sinclair/courses/cs552/spring2022/handouts/testprograms/public/rand_final/t_126_all.asm SUCCESS CPI:3.7 CYCLES:2269 ICOUNT:608 IHITRATE: 34.4 DHITRATE: 21.9
/u/s/i/sinclair/courses/cs552/spring2022/handouts/testprograms/public/rand_final/t_127_all.asm SUCCESS CPI:3.8 CYCLES:1710 ICOUNT:451 IHITRATE: 33.9 DHITRATE: 33.3
/u/s/i/sinclair/courses/cs552/spring2022/handouts/testprograms/public/rand_final/t_128_all.asm SUCCESS CPI:4.1 CYCLES:1761 ICOUNT:427 IHITRATE: 32.0 DHITRATE: 28.0
/u/s/i/sinclair/courses/cs552/spring2022/handouts/testprograms/public/rand_final/t_129_all.asm SUCCESS CPI:4.0 CYCLES:1708 ICOUNT:427 IHITRATE: 33.6 DHITRATE: 32.7
/u/s/i/sinclair/courses/cs552/spring2022/handouts/testprograms/public/rand_final/t_12_mem.asm SUCCESS CPI:4.4 CYCLES:6172 ICOUNT:1415 IHITRATE: 37.0 DHITRATE: 80.4
/u/s/i/sinclair/courses/cs552/spring2022/handouts/testprograms/public/rand_final/t_130_all.asm SUCCESS CPI:3.6 CYCLES:2308 ICOUNT:642 IHITRATE: 35.1 DHITRATE: 30.9
/u/s/i/sinclair/courses/cs552/spring2022/handouts/testprograms/public/rand_final/t_131_all.asm SUCCESS CPI:3.7 CYCLES:2006 ICOUNT:539 IHITRATE: 34.5 DHITRATE: 45.7
/u/s/i/sinclair/courses/cs552/spring2022/handouts/testprograms/public/rand_final/t_132_all.asm SUCCESS CPI:3.8 CYCLES:1784 ICOUNT:472 IHITRATE: 33.9 DHITRATE: 27.2
/u/s/i/sinclair/courses/cs552/spring2022/handouts/testprograms/public/rand_final/t_133_all.asm SUCCESS CPI:3.8 CYCLES:1679 ICOUNT:445 IHITRATE: 34.3 DHITRATE: 27.9
/u/s/i/sinclair/courses/cs552/spring2022/handouts/testprograms/public/rand_final/t_134_all.asm SUCCESS CPI:3.7 CYCLES:1784 ICOUNT:478 IHITRATE: 34.5 DHITRATE: 30.5
/u/s/i/sinclair/courses/cs552/spring2022/handouts/testprograms/public/rand_final/t_135_all.asm SUCCESS CPI:3.7 CYCLES:2211 ICOUNT:601 IHITRATE: 34.6 DHITRATE: 28.8
/u/s/i/sinclair/courses/cs552/spring2022/handouts/testprograms/public/rand_final/t_136_all.asm SUCCESS CPI:4.0 CYCLES:1640 ICOUNT:412 IHITRATE: 33.5 DHITRATE: 31.1
/u/s/i/sinclair/courses/cs552/spring2022/handouts/testprograms/public/rand_final/t_137_all.asm SUCCESS CPI:3.7 CYCLES:1986 ICOUNT:539 IHITRATE: 34.6 DHITRATE: 28.3
/u/s/i/sinclair/courses/cs552/spring2022/handouts/testprograms/public/rand_final/t_138_all.asm SUCCESS CPI:3.7 CYCLES:2294 ICOUNT:613 IHITRATE: 34.2 DHITRATE: 34.4
/u/s/i/sinclair/courses/cs552/spring2022/handouts/testprograms/public/rand_final/t_139_all.asm SUCCESS CPI:4.2 CYCLES:1538 ICOUNT:367 IHITRATE: 31.5 DHITRATE: 21.4
/u/s/i/sinclair/courses/cs552/spring2022/handouts/testprograms/public/rand_final/t_13_mem.asm SUCCESS CPI:4.3 CYCLES:6144 ICOUNT:1440 IHITRATE: 37.2 DHITRATE: 77.2
/u/s/i/sinclair/courses/cs552/spring2022/handouts/testprograms/public/rand_final/t_140_all.asm SUCCESS CPI:3.8 CYCLES:1532 ICOUNT:404 IHITRATE: 33.6 DHITRATE: 28.7
/u/s/i/sinclair/courses/cs552/spring2022/handouts/testprograms/public/rand_final/t_141_all.asm SUCCESS CPI:3.6 CYCLES:1749 ICOUNT:483 IHITRATE: 35.0 DHITRATE: 47.3
/u/s/i/sinclair/courses/cs552/spring2022/handouts/testprograms/public/rand_final/t_142_all.asm SUCCESS CPI:3.9 CYCLES:1509 ICOUNT:391 IHITRATE: 33.9 DHITRATE: 34.9
/u/s/i/sinclair/courses/cs552/spring2022/handouts/testprograms/public/rand_final/t_143_all.asm SUCCESS CPI:3.6 CYCLES:1819 ICOUNT:508 IHITRATE: 34.8 DHITRATE: 32.7
/u/s/i/sinclair/courses/cs552/spring2022/handouts/testprograms/public/rand_final/t_144_all.asm SUCCESS CPI:4.0 CYCLES:1719 ICOUNT:431 IHITRATE: 32.8 DHITRATE: 26.1
/u/s/i/sinclair/courses/cs552/spring2022/handouts/testprograms/public/rand_final/t_145_all.asm SUCCESS CPI:3.8 CYCLES:1663 ICOUNT:437 IHITRATE: 34.2 DHITRATE: 28.3
/u/s/i/sinclair/courses/cs552/spring2022/handouts/testprograms/public/rand_final/t_146_all.asm SUCCESS CPI:3.7 CYCLES:2258 ICOUNT:604 IHITRATE: 34.5 DHITRATE: 34.8
/u/s/i/sinclair/courses/cs552/spring2022/handouts/testprograms/public/rand_final/t_147_all.asm SUCCESS CPI:3.7 CYCLES:1642 ICOUNT:440 IHITRATE: 34.0 DHITRATE: 33.3
/u/s/i/sinclair/courses/cs552/spring2022/handouts/testprograms/public/rand_final/t_148_all.asm SUCCESS CPI:3.9 CYCLES:1741 ICOUNT:448 IHITRATE: 33.8 DHITRATE: 34.2
/u/s/i/sinclair/courses/cs552/spring2022/handouts/testprograms/public/rand_final/t_149_all.asm SUCCESS CPI:3.7 CYCLES:1667 ICOUNT:449 IHITRATE: 34.3 DHITRATE: 29.5
/u/s/i/sinclair/courses/cs552/spring2022/handouts/testprograms/public/rand_final/t_14_mem.asm SUCCESS CPI:4.5 CYCLES:6081 ICOUNT:1365 IHITRATE: 37.4 DHITRATE: 70.7
/u/s/i/sinclair/courses/cs552/spring2022/handouts/testprograms/public/rand_final/t_150_all.asm SUCCESS CPI:3.9 CYCLES:1961 ICOUNT:497 IHITRATE: 32.7 DHITRATE: 36.4
/u/s/i/sinclair/courses/cs552/spring2022/handouts/testprograms/public/rand_final/t_15_mem.asm SUCCESS CPI:4.3 CYCLES:6215 ICOUNT:1446 IHITRATE: 36.9 DHITRATE: 82.8
/u/s/i/sinclair/courses/cs552/spring2022/handouts/testprograms/public/rand_final/t_16_mem.asm SUCCESS CPI:4.3 CYCLES:6228 ICOUNT:1446 IHITRATE: 36.8 DHITRATE: 82.1
/u/s/i/sinclair/courses/cs552/spring2022/handouts/testprograms/public/rand_final/t_17_mem.asm SUCCESS CPI:4.2 CYCLES:6330 ICOUNT:1490 IHITRATE: 37.1 DHITRATE: 76.3
/u/s/i/sinclair/courses/cs552/spring2022/handouts/testprograms/public/rand_final/t_18_mem.asm SUCCESS CPI:4.3 CYCLES:6062 ICOUNT:1404 IHITRATE: 37.4 DHITRATE: 74.4
/u/s/i/sinclair/courses/cs552/spring2022/handouts/testprograms/public/rand_final/t_19_mem.asm SUCCESS CPI:4.3 CYCLES:5991 ICOUNT:1385 IHITRATE: 37.3 DHITRATE: 78.0
