          // seed 3
0000 c080 lbi r0, 128 // icount 0
0002 9000 slbi r0, 0 // icount 1
0004 c180 lbi r1, 128 // icount 2
0006 9100 slbi r1, 0 // icount 3
0008 c280 lbi r2, 128 // icount 4
000a 9200 slbi r2, 0 // icount 5
000c c380 lbi r3, 128 // icount 6
000e 9300 slbi r3, 0 // icount 7
0010 c480 lbi r4, 128 // icount 8
0012 9400 slbi r4, 0 // icount 9
0014 c580 lbi r5, 128 // icount 10
0016 9500 slbi r5, 0 // icount 11
0018 c680 lbi r6, 128 // icount 12
001a 9600 slbi r6, 0 // icount 13
001c c780 lbi r7, 128 // icount 14
001e 0800 nop // to align meminst icount 15
0020 9700 slbi r7, 0 // icount 16
0022 0800 nop // to align meminst icount 17
0024 88c8 ld r6, r0, 8 // icount 18
0026 0800 nop // to align meminst icount 19
0028 98de stu r6, r0, -2 // icount 20
002a 0800 nop // to align meminst icount 21
002c 8994 ld r4, r1, -12 // icount 22
002e 0800 nop // to align meminst icount 23
0030 88c8 ld r6, r0, 8 // icount 24
0032 0800 nop // to align meminst icount 25
0034 98a8 stu r5, r0, 8 // icount 26
0036 0800 nop // to align meminst icount 27
0038 8976 ld r3, r1, -10 // icount 28
003a 0800 nop // to align meminst icount 29
003c 8972 ld r3, r1, -14 // icount 30
003e 0800 nop // to align meminst icount 31
0040 8990 ld r4, r1, -16 // icount 32
0042 0800 nop // to align meminst icount 33
0044 8166 st r3, r1, 6 // icount 34
0046 0800 nop // to align meminst icount 35
0048 89b4 ld r5, r1, -12 // icount 36
004a 0800 nop // to align meminst icount 37
004c 99ac stu r5, r1, 12 // icount 38
004e 0800 nop // to align meminst icount 39
0050 8846 ld r2, r0, 6 // icount 40
0052 0800 nop // to align meminst icount 41
0054 98a6 stu r5, r0, 6 // icount 42
0056 0800 nop // to align meminst icount 43
0058 8098 st r4, r0, -8 // icount 44
005a 0800 nop // to align meminst icount 45
005c 89c8 ld r6, r1, 8 // icount 46
005e 0800 nop // to align meminst icount 47
0060 889a ld r4, r0, -6 // icount 48
0062 0800 nop // to align meminst icount 49
0064 98c8 stu r6, r0, 8 // icount 50
0066 0800 nop // to align meminst icount 51
0068 98d4 stu r6, r0, -12 // icount 52
006a 0800 nop // to align meminst icount 53
006c 89d2 ld r6, r1, -14 // icount 54
006e 0800 nop // to align meminst icount 55
0070 8878 ld r3, r0, -8 // icount 56
0072 0800 nop // to align meminst icount 57
0074 8892 ld r4, r0, -14 // icount 58
0076 0800 nop // to align meminst icount 59
0078 9864 stu r3, r0, 4 // icount 60
007a 0800 nop // to align meminst icount 61
007c 9882 stu r4, r0, 2 // icount 62
007e 0800 nop // to align meminst icount 63
0080 89d2 ld r6, r1, -14 // icount 64
0082 8182 st r4, r1, 2 // icount 65
0084 4134 addi r1, r1, -12   // change base addr // icount 66
0086 0800 nop // to align meminst icount 67
0088 8844 ld r2, r0, 4 // icount 68
008a 0800 nop // to align meminst icount 69
008c 8952 ld r2, r1, -14 // icount 70
008e 0800 nop // to align meminst icount 71
0090 81d6 st r6, r1, -10 // icount 72
0092 0800 nop // to align meminst icount 73
0094 987a stu r3, r0, -6 // icount 74
0096 0800 nop // to align meminst icount 75
0098 998a stu r4, r1, 10 // icount 76
009a 0800 nop // to align meminst icount 77
009c 8956 ld r2, r1, -10 // icount 78
009e 0800 nop // to align meminst icount 79
00a0 885e ld r2, r0, -2 // icount 80
00a2 0800 nop // to align meminst icount 81
00a4 817c st r3, r1, -4 // icount 82
00a6 0800 nop // to align meminst icount 83
00a8 898e ld r4, r1, 14 // icount 84
00aa 0800 nop // to align meminst icount 85
00ac 8878 ld r3, r0, -8 // icount 86
00ae 0800 nop // to align meminst icount 87
00b0 985c stu r2, r0, -4 // icount 88
00b2 0800 nop // to align meminst icount 89
00b4 80bc st r5, r0, -4 // icount 90
00b6 0800 nop // to align meminst icount 91
00b8 88a0 ld r5, r0, 0 // icount 92
00ba 0800 nop // to align meminst icount 93
00bc 88a4 ld r5, r0, 4 // icount 94
00be 0800 nop // to align meminst icount 95
00c0 89b0 ld r5, r1, -16 // icount 96
00c2 0800 nop // to align meminst icount 97
00c4 887c ld r3, r0, -4 // icount 98
00c6 0800 nop // to align meminst icount 99
00c8 98d0 stu r6, r0, -16 // icount 100
00ca 0800 nop // to align meminst icount 101
00cc 999e stu r4, r1, -2 // icount 102
00ce 0800 nop // to align meminst icount 103
00d0 89a6 ld r5, r1, 6 // icount 104
00d2 0800 nop // to align meminst icount 105
00d4 89a4 ld r5, r1, 4 // icount 106
00d6 0800 nop // to align meminst icount 107
00d8 8180 st r4, r1, 0 // icount 108
00da 0800 nop // to align meminst icount 109
00dc 8140 st r2, r1, 0 // icount 110
00de 0800 nop // to align meminst icount 111
00e0 98ce stu r6, r0, 14 // icount 112
00e2 0800 nop // to align meminst icount 113
00e4 8888 ld r4, r0, 8 // icount 114
00e6 0800 nop // to align meminst icount 115
00e8 89b2 ld r5, r1, -14 // icount 116
00ea 89a4 ld r5, r1, 4 // icount 117
00ec a5cf roli r6, r5, 15 // icount 118
00ee 0800 nop // to align meminst icount 119
00f0 8876 ld r3, r0, -10 // icount 120
00f2 0800 nop // to align meminst icount 121
00f4 994c stu r2, r1, 12 // icount 122
00f6 0800 nop // to align meminst icount 123
00f8 99c0 stu r6, r1, 0 // icount 124
00fa 0800 nop // to align meminst icount 125
00fc 89d4 ld r6, r1, -12 // icount 126
00fe 0800 nop // to align meminst icount 127
0100 9896 stu r4, r0, -10 // icount 128
0102 0800 nop // to align meminst icount 129
0104 8188 st r4, r1, 8 // icount 130
0106 0800 nop // to align meminst icount 131
0108 98ac stu r5, r0, 12 // icount 132
010a 0800 nop // to align meminst icount 133
010c 8072 st r3, r0, -14 // icount 134
010e 0800 nop // to align meminst icount 135
0110 80ce st r6, r0, 14 // icount 136
0112 0800 nop // to align meminst icount 137
0114 998a stu r4, r1, 10 // icount 138
0116 0800 nop // to align meminst icount 139
0118 885a ld r2, r0, -6 // icount 140
011a 0800 nop // to align meminst icount 141
011c 81aa st r5, r1, 10 // icount 142
011e 0800 nop // to align meminst icount 143
0120 89c4 ld r6, r1, 4 // icount 144
0122 0800 nop // to align meminst icount 145
0124 80a8 st r5, r0, 8 // icount 146
0126 0800 nop // to align meminst icount 147
0128 805e st r2, r0, -2 // icount 148
012a 0800 nop // to align meminst icount 149
012c 8056 st r2, r0, -10 // icount 150
012e 0800 nop // to align meminst icount 151
0130 99a6 stu r5, r1, 6 // icount 152
0132 0800 nop // to align meminst icount 153
0134 986c stu r3, r0, 12 // icount 154
0136 0800 nop // to align meminst icount 155
0138 9960 stu r3, r1, 0 // icount 156
013a 0800 nop // to align meminst icount 157
013c 88c8 ld r6, r0, 8 // icount 158
013e 0800 nop // to align meminst icount 159
0140 9968 stu r3, r1, 8 // icount 160
0142 0800 nop // to align meminst icount 161
0144 8142 st r2, r1, 2 // icount 162
0146 0800 nop // to align meminst icount 163
0148 8978 ld r3, r1, -8 // icount 164
014a 0800 nop // to align meminst icount 165
014c 896e ld r3, r1, 14 // icount 166
014e 0800 nop // to align meminst icount 167
0150 818a st r4, r1, 10 // icount 168
0152 0800 nop // to align meminst icount 169
0154 8088 st r4, r0, 8 // icount 170
0156 0800 nop // to align meminst icount 171
0158 8852 ld r2, r0, -14 // icount 172
015a 0800 nop // to align meminst icount 173
015c 80a8 st r5, r0, 8 // icount 174
015e 0800 nop // to align meminst icount 175
0160 886a ld r3, r0, 10 // icount 176
0162 8186 st r4, r1, 6 // icount 177
0164 5a41 andni r2, r2, 1 // icount 178
0166 0800 nop // to align meminst icount 179
0168 9aaa stu r5, r2, 10 // icount 180
016a 0800 nop // to align meminst icount 181
016c 98a4 stu r5, r0, 4 // icount 182
016e 0800 nop // to align meminst icount 183
0170 817a st r3, r1, -6 // icount 184
0172 0800 nop // to align meminst icount 185
0174 998a stu r4, r1, 10 // icount 186
0176 0800 nop // to align meminst icount 187
0178 8886 ld r4, r0, 6 // icount 188
017a 0800 nop // to align meminst icount 189
017c 8878 ld r3, r0, -8 // icount 190
017e 0800 nop // to align meminst icount 191
0180 9844 stu r2, r0, 4 // icount 192
0182 0800 nop // to align meminst icount 193
0184 9894 stu r4, r0, -12 // icount 194
0186 0800 nop // to align meminst icount 195
0188 9966 stu r3, r1, 6 // icount 196
018a 0800 nop // to align meminst icount 197
018c 815c st r2, r1, -4 // icount 198
018e 0800 nop // to align meminst icount 199
0190 89b8 ld r5, r1, -8 // icount 200
0192 0800 nop // to align meminst icount 201
0194 8874 ld r3, r0, -12 // icount 202
0196 0800 nop // to align meminst icount 203
0198 8966 ld r3, r1, 6 // icount 204
019a 994a stu r2, r1, 10 // icount 205
019c 5da1 andni r5, r5, 1 // icount 206
019e 0800 nop // to align meminst icount 207
01a0 8d84 ld r4, r5, 4 // icount 208
01a2 0800 nop // to align meminst icount 209
01a4 99c6 stu r6, r1, 6 // icount 210
01a6 0800 nop // to align meminst icount 211
01a8 89aa ld r5, r1, 10 // icount 212
01aa 0800 nop // to align meminst icount 213
01ac 99c8 stu r6, r1, 8 // icount 214
01ae 0800 nop // to align meminst icount 215
01b0 999c stu r4, r1, -4 // icount 216
01b2 0800 nop // to align meminst icount 217
01b4 9874 stu r3, r0, -12 // icount 218
01b6 0800 nop // to align meminst icount 219
01b8 9946 stu r2, r1, 6 // icount 220
01ba 0800 nop // to align meminst icount 221
01bc 8886 ld r4, r0, 6 // icount 222
01be 0800 nop // to align meminst icount 223
01c0 896c ld r3, r1, 12 // icount 224
01c2 0800 nop // to align meminst icount 225
01c4 88aa ld r5, r0, 10 // icount 226
01c6 0800 nop // to align meminst icount 227
01c8 994e stu r2, r1, 14 // icount 228
01ca 0800 nop // to align meminst icount 229
01cc 80a2 st r5, r0, 2 // icount 230
01ce 0800 nop // to align meminst icount 231
01d0 99a0 stu r5, r1, 0 // icount 232
01d2 0800 nop // to align meminst icount 233
01d4 888c ld r4, r0, 12 // icount 234
01d6 0800 nop // to align meminst icount 235
01d8 81a6 st r5, r1, 6 // icount 236
01da 0800 nop // to align meminst icount 237
01dc 808c st r4, r0, 12 // icount 238
01de 0800 nop // to align meminst icount 239
01e0 9986 stu r4, r1, 6 // icount 240
01e2 0800 nop // to align meminst icount 241
01e4 89a2 ld r5, r1, 2 // icount 242
01e6 0800 nop // to align meminst icount 243
01e8 9952 stu r2, r1, -14 // icount 244
01ea 0800 nop // to align meminst icount 245
01ec 989c stu r4, r0, -4 // icount 246
01ee 0800 nop // to align meminst icount 247
01f0 89a4 ld r5, r1, 4 // icount 248
01f2 0800 nop // to align meminst icount 249
01f4 88ae ld r5, r0, 14 // icount 250
01f6 0800 nop // to align meminst icount 251
01f8 99ce stu r6, r1, 14 // icount 252
01fa 0800 nop // to align meminst icount 253
01fc 80ae st r5, r0, 14 // icount 254
01fe 0800 nop // to align meminst icount 255
0200 81b8 st r5, r1, -8 // icount 256
0202 0800 nop // to align meminst icount 257
0204 9858 stu r2, r0, -8 // icount 258
0206 0800 nop // to align meminst icount 259
0208 99b6 stu r5, r1, -10 // icount 260
020a 0800 nop // to align meminst icount 261
020c 98a2 stu r5, r0, 2 // icount 262
020e 0800 nop // to align meminst icount 263
0210 998c stu r4, r1, 12 // icount 264
0212 0800 nop // to align meminst icount 265
0214 98b8 stu r5, r0, -8 // icount 266
0216 0800 nop // to align meminst icount 267
0218 8942 ld r2, r1, 2 // icount 268
021a 0800 nop // to align meminst icount 269
021c 88a6 ld r5, r0, 6 // icount 270
021e 0800 nop // to align meminst icount 271
0220 81b0 st r5, r1, -16 // icount 272
0222 0800 nop // to align meminst icount 273
0224 8894 ld r4, r0, -12 // icount 274
0226 0800 nop // to align meminst icount 275
0228 895c ld r2, r1, -4 // icount 276
022a 0800 nop // to align meminst icount 277
022c 8842 ld r2, r0, 2 // icount 278
022e 88c4 ld r6, r0, 4 // icount 279
0230 c400 lbi r4, 0 // icount 280
0232 c700 lbi r7, 0 // icount 281
0234 0800 nop // to align branch icount 282
0236 600c beqz r0, 12 // icount 283
0238 deb6 xor r5, r6, r5 // icount 284
023a b260 rori r3, r2, 0 // icount 285
023c e954 slt r5, r1, r2 // icount 286
023e af6a slli r3, r7, 10 // icount 287
0240 4a66 subi r3, r2, 6 // icount 288
0242 d489 sll r2, r4, r4 // icount 289
0244 5a41 andni r2, r2, 1 // icount 290
0246 8a86 ld r4, r2, 6 // icount 291
0248 eb34 slt r5, r3, r1 // icount 292
024a 0800 nop // to align meminst icount 293
024c 5ec1 andni r6, r6, 1 // icount 294
024e 9e8a stu r4, r6, 10 // icount 295
0250 d0fc rol r7, r0, r7 // icount 296
0252 d10a ror r2, r1, r0 // icount 297
0254 59e5 andni r7, r1, 5 // icount 298
0256 0800 nop // to align meminst icount 299
0258 8156 st r2, r1, -10 // icount 300
025a 0800 nop // to align meminst icount 301
025c 809a st r4, r0, -6 // icount 302
025e 0800 nop // to align meminst icount 303
0260 88c8 ld r6, r0, 8 // icount 304
0262 0800 nop // to align meminst icount 305
0264 888e ld r4, r0, 14 // icount 306
0266 0800 nop // to align meminst icount 307
0268 80be st r5, r0, -2 // icount 308
026a 0800 nop // to align meminst icount 309
026c 995e stu r2, r1, -2 // icount 310
026e 0800 nop // to align meminst icount 311
0270 88a2 ld r5, r0, 2 // icount 312
0272 0800 nop // to align meminst icount 313
0274 9964 stu r3, r1, 4 // icount 314
0276 0800 nop // to align meminst icount 315
0278 80c0 st r6, r0, 0 // icount 316
027a 0800 nop // to align meminst icount 317
027c 8872 ld r3, r0, -14 // icount 318
027e 0800 nop // to align meminst icount 319
0280 99a4 stu r5, r1, 4 // icount 320
0282 0800 nop // to align meminst icount 321
0284 8980 ld r4, r1, 0 // icount 322
0286 0800 nop // to align meminst icount 323
0288 89c6 ld r6, r1, 6 // icount 324
028a 0800 nop // to align meminst icount 325
028c 886c ld r3, r0, 12 // icount 326
028e 0800 nop // to align meminst icount 327
0290 806c st r3, r0, 12 // icount 328
0292 885c ld r2, r0, -4 // icount 329
0294 5fe1 andni r7, r7, 1 // icount 330
0296 0800 nop // to align meminst icount 331
0298 9f44 stu r2, r7, 4 // icount 332
029a 0800 nop // to align meminst icount 333
029c 8844 ld r2, r0, 4 // icount 334
029e 80b6 st r5, r0, -10 // icount 335
02a0 e398 seq r6, r3, r4 // icount 336
02a2 0800 nop // to align meminst icount 337
02a4 88ac ld r5, r0, 12 // icount 338
02a6 0800 nop // to align meminst icount 339
02a8 88a4 ld r5, r0, 4 // icount 340
02aa 0800 nop // to align meminst icount 341
02ac 8878 ld r3, r0, -8 // icount 342
02ae 0800 nop // to align meminst icount 343
02b0 8150 st r2, r1, -16 // icount 344
02b2 0800 nop // to align meminst icount 345
02b4 885c ld r2, r0, -4 // icount 346
02b6 0800 nop // to align meminst icount 347
02b8 9972 stu r3, r1, -14 // icount 348
02ba 0800 nop // to align meminst icount 349
02bc 818a st r4, r1, 10 // icount 350
02be 0800 nop // to align meminst icount 351
02c0 984c stu r2, r0, 12 // icount 352
02c2 0800 nop // to align meminst icount 353
02c4 88c6 ld r6, r0, 6 // icount 354
02c6 0800 nop // to align meminst icount 355
02c8 8168 st r3, r1, 8 // icount 356
02ca 0800 nop // to align meminst icount 357
02cc 88cc ld r6, r0, 12 // icount 358
02ce 0800 nop // to align meminst icount 359
02d0 887c ld r3, r0, -4 // icount 360
02d2 0800 nop // to align meminst icount 361
02d4 89ba ld r5, r1, -6 // icount 362
02d6 0800 nop // to align meminst icount 363
02d8 995a stu r2, r1, -6 // icount 364
02da 0800 nop // to align meminst icount 365
02dc 88be ld r5, r0, -2 // icount 366
02de 0800 nop // to align meminst icount 367
02e0 80a8 st r5, r0, 8 // icount 368
02e2 0800 nop // to align meminst icount 369
02e4 81c8 st r6, r1, 8 // icount 370
02e6 8884 ld r4, r0, 4 // icount 371
02e8 c300 lbi r3, 0 // icount 372
02ea c400 lbi r4, 0 // icount 373
02ec 0800 nop // to align branch icount 374
02ee 6304 beqz r3, 4 // icount 375
02f0 5962 andni r3, r1, 2 // icount 376
02f2 5a69 andni r3, r2, 9 // icount 377
02f4 e0bc seq r7, r0, r5 // icount 378
02f6 0800 nop // to align meminst icount 379
02f8 a86e slli r3, r0, 14 // icount 380
02fa 0800 nop // to align meminst icount 381
02fc 989e stu r4, r0, -2 // icount 382
02fe 0800 nop // to align meminst icount 383
0300 89d4 ld r6, r1, -12 // icount 384
0302 0800 nop // to align meminst icount 385
0304 88ca ld r6, r0, 10 // icount 386
0306 0800 nop // to align meminst icount 387
0308 89ac ld r5, r1, 12 // icount 388
030a 0800 nop // to align meminst icount 389
030c 989a stu r4, r0, -6 // icount 390
030e 0800 nop // to align meminst icount 391
0310 8980 ld r4, r1, 0 // icount 392
0312 0800 nop // to align meminst icount 393
0314 98d8 stu r6, r0, -8 // icount 394
0316 0800 nop // to align meminst icount 395
0318 807a st r3, r0, -6 // icount 396
031a 0800 nop // to align meminst icount 397
031c 81a6 st r5, r1, 6 // icount 398
031e 0800 nop // to align meminst icount 399
0320 89c2 ld r6, r1, 2 // icount 400
0322 0800 nop // to align meminst icount 401
0324 8854 ld r2, r0, -12 // icount 402
0326 0800 nop // to align meminst icount 403
0328 98a2 stu r5, r0, 2 // icount 404
032a 0800 nop // to align meminst icount 405
032c 998a stu r4, r1, 10 // icount 406
032e 0800 nop // to align meminst icount 407
0330 98a6 stu r5, r0, 6 // icount 408
0332 0800 nop // to align meminst icount 409
0334 9962 stu r3, r1, 2 // icount 410
0336 0800 nop // to align meminst icount 411
0338 81a2 st r5, r1, 2 // icount 412
033a 0800 nop // to align meminst icount 413
033c 9858 stu r2, r0, -8 // icount 414
033e 0800 nop // to align meminst icount 415
0340 886a ld r3, r0, 10 // icount 416
0342 0800 nop // to align meminst icount 417
0344 89de ld r6, r1, -2 // icount 418
0346 0800 nop // to align meminst icount 419
0348 98d2 stu r6, r0, -14 // icount 420
034a 0800 nop // to align meminst icount 421
034c 8868 ld r3, r0, 8 // icount 422
034e 0800 nop // to align meminst icount 423
0350 9990 stu r4, r1, -16 // icount 424
0352 0800 nop // to align meminst icount 425
0354 8152 st r2, r1, -14 // icount 426
0356 0800 nop // to align meminst icount 427
0358 88ce ld r6, r0, 14 // icount 428
035a 0800 nop // to align meminst icount 429
035c 9976 stu r3, r1, -10 // icount 430
035e 0800 nop // to align meminst icount 431
0360 8188 st r4, r1, 8 // icount 432
0362 0800 nop // to align meminst icount 433
0364 8062 st r3, r0, 2 // icount 434
0366 0800 nop // to align meminst icount 435
0368 89b4 ld r5, r1, -12 // icount 436
036a 0800 nop // to align meminst icount 437
036c 8946 ld r2, r1, 6 // icount 438
036e 0800 nop // to align meminst icount 439
0370 986a stu r3, r0, 10 // icount 440
0372 0800 nop // to align meminst icount 441
0374 8158 st r2, r1, -8 // icount 442
0376 0800 nop // to align meminst icount 443
0378 8850 ld r2, r0, -16 // icount 444
037a 0800 nop // to align meminst icount 445
037c 8962 ld r3, r1, 2 // icount 446
037e 0800 nop // to align meminst icount 447
0380 9968 stu r3, r1, 8 // icount 448
0382 0800 nop // to align meminst icount 449
0384 8996 ld r4, r1, -10 // icount 450
0386 0800 nop // to align meminst icount 451
0388 8140 st r2, r1, 0 // icount 452
038a 0800 nop // to align meminst icount 453
038c 88b0 ld r5, r0, -16 // icount 454
038e 0800 nop // to align meminst icount 455
0390 8956 ld r2, r1, -10 // icount 456
0392 0800 nop // to align meminst icount 457
0394 818c st r4, r1, 12 // icount 458
0396 0800 nop // to align meminst icount 459
0398 88d4 ld r6, r0, -12 // icount 460
039a 0800 nop // to align meminst icount 461
039c 89c6 ld r6, r1, 6 // icount 462
039e 0800 nop // to align meminst icount 463
03a0 8968 ld r3, r1, 8 // icount 464
03a2 808e st r4, r0, 14 // icount 465
03a4 c400 lbi r4, 0 // icount 466
03a6 c300 lbi r3, 0 // icount 467
03a8 0800 nop // to align branch icount 468
03aa 6908 bnez r1, 8 // icount 469
03ac a340 roli r2, r3, 0 // icount 470
03ae 59a4 andni r5, r1, 4 // icount 471
03b0 bf6a srli r3, r7, 10 // icount 472
03b2 b7e3 rori r7, r7, 3 // icount 473
03b4 d954 add r5, r1, r2 // icount 474
03b6 ee28 slt r2, r6, r1 // icount 475
03b8 b883 srli r4, r0, 3 // icount 476
03ba 0800 nop // to align meminst icount 477
03bc b149 rori r2, r1, 9 // icount 478
03be 0800 nop // to align meminst icount 479
03c0 8956 ld r2, r1, -10 // icount 480
03c2 0800 nop // to align meminst icount 481
03c4 8998 ld r4, r1, -8 // icount 482
03c6 0800 nop // to align meminst icount 483
03c8 805c st r2, r0, -4 // icount 484
03ca 0800 nop // to align meminst icount 485
03cc 894e ld r2, r1, 14 // icount 486
03ce 0800 nop // to align meminst icount 487
03d0 89ae ld r5, r1, 14 // icount 488
03d2 0800 nop // to align meminst icount 489
03d4 99c0 stu r6, r1, 0 // icount 490
03d6 0800 nop // to align meminst icount 491
03d8 8870 ld r3, r0, -16 // icount 492
03da 0800 nop // to align meminst icount 493
03dc 984a stu r2, r0, 10 // icount 494
03de 0800 nop // to align meminst icount 495
03e0 99dc stu r6, r1, -4 // icount 496
03e2 0800 nop // to align meminst icount 497
03e4 8962 ld r3, r1, 2 // icount 498
03e6 0800 nop // to align meminst icount 499
03e8 999a stu r4, r1, -6 // icount 500
03ea 0800 nop // to align meminst icount 501
03ec 8854 ld r2, r0, -12 // icount 502
03ee 0800 nop // to align meminst icount 503
03f0 89b4 ld r5, r1, -12 // icount 504
03f2 0800 nop // to align meminst icount 505
03f4 9984 stu r4, r1, 4 // icount 506
03f6 0800 nop // to align meminst icount 507
03f8 816e st r3, r1, 14 // icount 508
03fa 0800 nop // to align meminst icount 509
03fc 89ac ld r5, r1, 12 // icount 510
03fe 0800 nop // to align meminst icount 511
0400 9944 stu r2, r1, 4 // icount 512
0402 0800 nop // to align meminst icount 513
0404 8174 st r3, r1, -12 // icount 514
0406 0800 nop // to align meminst icount 515
0408 985e stu r2, r0, -2 // icount 516
040a 0800 nop // to align meminst icount 517
040c 9946 stu r2, r1, 6 // icount 518
040e 0800 nop // to align meminst icount 519
0410 8148 st r2, r1, 8 // icount 520
0412 0800 nop // to align meminst icount 521
0414 8184 st r4, r1, 4 // icount 522
0416 0800 nop // to align meminst icount 523
0418 88cc ld r6, r0, 12 // icount 524
041a 0800 nop // to align meminst icount 525
041c 89c4 ld r6, r1, 4 // icount 526
041e 0800 nop // to align meminst icount 527
0420 9860 stu r3, r0, 0 // icount 528
0422 0800 nop // to align meminst icount 529
0424 999c stu r4, r1, -4 // icount 530
0426 0800 nop // to align meminst icount 531
0428 8154 st r2, r1, -12 // icount 532
042a 0800 nop // to align meminst icount 533
042c 80be st r5, r0, -2 // icount 534
042e 0800 nop // to align meminst icount 535
0430 80bc st r5, r0, -4 // icount 536
0432 0800 nop // to align meminst icount 537
0434 81a2 st r5, r1, 2 // icount 538
0436 0800 nop // to align meminst icount 539
0438 8086 st r4, r0, 6 // icount 540
043a 0800 nop // to align meminst icount 541
043c 89ac ld r5, r1, 12 // icount 542
043e 0800 nop // to align meminst icount 543
0440 99ce stu r6, r1, 14 // icount 544
0442 0800 nop // to align meminst icount 545
0444 8984 ld r4, r1, 4 // icount 546
0446 0800 nop // to align meminst icount 547
0448 89ce ld r6, r1, 14 // icount 548
044a 8082 st r4, r0, 2 // icount 549
044c 4012 addi r0, r0, -14   // change base addr // icount 550
044e 0800 nop // to align meminst icount 551
0450 8186 st r4, r1, 6 // icount 552
0452 0800 nop // to align meminst icount 553
0454 99c0 stu r6, r1, 0 // icount 554
0456 0800 nop // to align meminst icount 555
0458 9840 stu r2, r0, 0 // icount 556
045a 0800 nop // to align meminst icount 557
045c 8058 st r2, r0, -8 // icount 558
045e 0800 nop // to align meminst icount 559
0460 98dc stu r6, r0, -4 // icount 560
0462 0800 nop // to align meminst icount 561
0464 986e stu r3, r0, 14 // icount 562
0466 0800 nop // to align meminst icount 563
0468 804a st r2, r0, 10 // icount 564
046a 0800 nop // to align meminst icount 565
046c 886e ld r3, r0, 14 // icount 566
046e 0800 nop // to align meminst icount 567
0470 88bc ld r5, r0, -4 // icount 568
0472 0800 nop // to align meminst icount 569
0474 8188 st r4, r1, 8 // icount 570
0476 0800 nop // to align meminst icount 571
0478 81d2 st r6, r1, -14 // icount 572
047a 0800 nop // to align meminst icount 573
047c 81ba st r5, r1, -6 // icount 574
047e 0800 nop // to align meminst icount 575
0480 886e ld r3, r0, 14 // icount 576
0482 0800 nop // to align meminst icount 577
0484 995a stu r2, r1, -6 // icount 578
0486 0800 nop // to align meminst icount 579
0488 8844 ld r2, r0, 4 // icount 580
048a 0800 nop // to align meminst icount 581
048c 99a0 stu r5, r1, 0 // icount 582
048e 0800 nop // to align meminst icount 583
0490 8948 ld r2, r1, 8 // icount 584
0492 0800 nop // to align meminst icount 585
0494 897c ld r3, r1, -4 // icount 586
0496 0800 nop // to align meminst icount 587
0498 999a stu r4, r1, -6 // icount 588
049a 0800 nop // to align meminst icount 589
049c 81aa st r5, r1, 10 // icount 590
049e 0800 nop // to align meminst icount 591
04a0 81d0 st r6, r1, -16 // icount 592
04a2 0800 nop // to align meminst icount 593
04a4 885a ld r2, r0, -6 // icount 594
04a6 0800 nop // to align meminst icount 595
04a8 894c ld r2, r1, 12 // icount 596
04aa 0800 nop // to align meminst icount 597
04ac 8998 ld r4, r1, -8 // icount 598
04ae 0800 nop // to align meminst icount 599
04b0 8164 st r3, r1, 4 // icount 600
04b2 0800 nop // to align meminst icount 601
04b4 986c stu r3, r0, 12 // icount 602
04b6 0800 nop // to align meminst icount 603
04b8 895c ld r2, r1, -4 // icount 604
04ba 0800 nop // to align meminst icount 605
04bc 88a0 ld r5, r0, 0 // icount 606
04be 0800 nop // to align meminst icount 607
04c0 9994 stu r4, r1, -12 // icount 608
04c2 0800 nop // to align meminst icount 609
04c4 80de st r6, r0, -2 // icount 610
04c6 0800 nop // to align meminst icount 611
04c8 8188 st r4, r1, 8 // icount 612
04ca 0800 nop // to align meminst icount 613
04cc 8950 ld r2, r1, -16 // icount 614
04ce 0800 nop // to align meminst icount 615
04d0 98a0 stu r5, r0, 0 // icount 616
04d2 0800 nop // to align meminst icount 617
04d4 888c ld r4, r0, 12 // icount 618
04d6 0800 nop // to align meminst icount 619
04d8 819c st r4, r1, -4 // icount 620
04da 0800 nop // to align meminst icount 621
04dc 80a4 st r5, r0, 4 // icount 622
04de 0800 nop // to align meminst icount 623
04e0 896a ld r3, r1, 10 // icount 624
04e2 0800 nop // to align meminst icount 625
04e4 8978 ld r3, r1, -8 // icount 626
04e6 0800 nop // to align meminst icount 627
04e8 8950 ld r2, r1, -16 // icount 628
04ea 0800 nop // to align meminst icount 629
04ec 889e ld r4, r0, -2 // icount 630
04ee 0800 nop // to align meminst icount 631
04f0 99dc stu r6, r1, -4 // icount 632
04f2 0800 nop // to align meminst icount 633
04f4 81be st r5, r1, -2 // icount 634
04f6 0800 nop // to align meminst icount 635
04f8 9966 stu r3, r1, 6 // icount 636
04fa 0800 nop // to align meminst icount 637
04fc 98c4 stu r6, r0, 4 // icount 638
04fe 0800 nop // to align meminst icount 639
0500 8180 st r4, r1, 0 // icount 640
0502 0800 nop // to align meminst icount 641
0504 8964 ld r3, r1, 4 // icount 642
0506 0800 nop // to align meminst icount 643
0508 897a ld r3, r1, -6 // icount 644
050a 0800 nop // to align meminst icount 645
050c 80c6 st r6, r0, 6 // icount 646
050e 0800 nop // to align meminst icount 647
0510 9986 stu r4, r1, 6 // icount 648
0512 0800 nop // to align meminst icount 649
0514 897e ld r3, r1, -2 // icount 650
0516 0800 nop // to align meminst icount 651
0518 81cc st r6, r1, 12 // icount 652
051a 0800 nop // to align meminst icount 653
051c 88bc ld r5, r0, -4 // icount 654
051e 0800 nop // to align meminst icount 655
0520 89d4 ld r6, r1, -12 // icount 656
0522 0800 nop // to align meminst icount 657
0524 814e st r2, r1, 14 // icount 658
0526 0800 nop // to align meminst icount 659
0528 89d6 ld r6, r1, -10 // icount 660
052a 0800 nop // to align meminst icount 661
052c 88d8 ld r6, r0, -8 // icount 662
052e 0800 nop // to align meminst icount 663
0530 986e stu r3, r0, 14 // icount 664
0532 9954 stu r2, r1, -12 // icount 665
0534 c600 lbi r6, 0 // icount 666
0536 c200 lbi r2, 0 // icount 667
0538 0800 nop // to align branch icount 668
053a 620c beqz r2, 12 // icount 669
053c 4c47 subi r2, r4, 7 // icount 670
053e 40a4 addi r5, r0, 4 // icount 671
0540 a581 roli r4, r5, 1 // icount 672
0542 fc1c sco r7, r4, r0 // icount 673
0544 5a41 andni r2, r2, 1 // icount 674
0546 824c st r2, r2, 12 // icount 675
0548 5fe1 andni r7, r7, 1 // icount 676
054a 87ee st r7, r7, 14 // icount 677
054c 5c81 andni r4, r4, 1 // icount 678
054e 84a2 st r5, r4, 2 // icount 679
0550 e390 seq r4, r3, r4 // icount 680
0552 0800 nop // to align meminst icount 681
0554 5801 andni r0, r0, 1 // icount 682
0556 984e stu r2, r0, 14 // icount 683
0558 9400 slbi r4, 0 // icount 684
055a d438 rol r6, r4, r1 // icount 685
055c d4cd sll r3, r4, r6 // icount 686
055e 0800 nop // to align meminst icount 687
0560 81bc st r5, r1, -4 // icount 688
0562 0800 nop // to align meminst icount 689
0564 809e st r4, r0, -2 // icount 690
0566 0800 nop // to align meminst icount 691
0568 8978 ld r3, r1, -8 // icount 692
056a 0800 nop // to align meminst icount 693
056c 98d6 stu r6, r0, -10 // icount 694
056e 0800 nop // to align meminst icount 695
0570 9992 stu r4, r1, -14 // icount 696
0572 0800 nop // to align meminst icount 697
0574 885c ld r2, r0, -4 // icount 698
0576 0800 nop // to align meminst icount 699
0578 88b2 ld r5, r0, -14 // icount 700
057a 0800 nop // to align meminst icount 701
057c 8078 st r3, r0, -8 // icount 702
057e 0800 nop // to align meminst icount 703
0580 8198 st r4, r1, -8 // icount 704
0582 0800 nop // to align meminst icount 705
0584 99a0 stu r5, r1, 0 // icount 706
0586 0800 nop // to align meminst icount 707
0588 9954 stu r2, r1, -12 // icount 708
058a 0800 nop // to align meminst icount 709
058c 8896 ld r4, r0, -10 // icount 710
058e 0800 nop // to align meminst icount 711
0590 886a ld r3, r0, 10 // icount 712
0592 88d6 ld r6, r0, -10 // icount 713
0594 5c81 andni r4, r4, 1 // icount 714
0596 0800 nop // to align meminst icount 715
0598 9ce0 stu r7, r4, 0 // icount 716
059a 0800 nop // to align meminst icount 717
059c 80a2 st r5, r0, 2 // icount 718
059e 0800 nop // to align meminst icount 719
05a0 8050 st r2, r0, -16 // icount 720
05a2 0800 nop // to align meminst icount 721
05a4 996a stu r3, r1, 10 // icount 722
05a6 0800 nop // to align meminst icount 723
05a8 99bc stu r5, r1, -4 // icount 724
05aa 0800 nop // to align meminst icount 725
05ac 88c4 ld r6, r0, 4 // icount 726
05ae 0800 nop // to align meminst icount 727
05b0 9852 stu r2, r0, -14 // icount 728
05b2 0800 nop // to align meminst icount 729
05b4 88c2 ld r6, r0, 2 // icount 730
05b6 0800 nop // to align meminst icount 731
05b8 9898 stu r4, r0, -8 // icount 732
05ba 0800 nop // to align meminst icount 733
05bc 8142 st r2, r1, 2 // icount 734
05be 0800 nop // to align meminst icount 735
05c0 80a6 st r5, r0, 6 // icount 736
05c2 0800 nop // to align meminst icount 737
05c4 8166 st r3, r1, 6 // icount 738
05c6 0800 nop // to align meminst icount 739
05c8 80a2 st r5, r0, 2 // icount 740
05ca 0800 nop // to align meminst icount 741
05cc 8852 ld r2, r0, -14 // icount 742
05ce 0800 nop // to align meminst icount 743
05d0 889e ld r4, r0, -2 // icount 744
05d2 0800 nop // to align meminst icount 745
05d4 8058 st r2, r0, -8 // icount 746
05d6 0800 nop // to align meminst icount 747
05d8 89ca ld r6, r1, 10 // icount 748
05da 0800 nop // to align meminst icount 749
05dc 8854 ld r2, r0, -12 // icount 750
05de 0800 nop // to align meminst icount 751
05e0 98c4 stu r6, r0, 4 // icount 752
05e2 0800 nop // to align meminst icount 753
05e4 89aa ld r5, r1, 10 // icount 754
05e6 0800 nop // to align meminst icount 755
05e8 88d4 ld r6, r0, -12 // icount 756
05ea 0800 nop // to align meminst icount 757
05ec 81a2 st r5, r1, 2 // icount 758
05ee 0800 nop // to align meminst icount 759
05f0 8842 ld r2, r0, 2 // icount 760
05f2 0800 nop // to align meminst icount 761
05f4 89a2 ld r5, r1, 2 // icount 762
05f6 0800 nop // to align meminst icount 763
05f8 805a st r2, r0, -6 // icount 764
05fa 0800 nop // to align meminst icount 765
05fc 989c stu r4, r0, -4 // icount 766
05fe 0800 nop // to align meminst icount 767
0600 8990 ld r4, r1, -16 // icount 768
0602 0800 nop // to align meminst icount 769
0604 8980 ld r4, r1, 0 // icount 770
0606 0800 nop // to align meminst icount 771
0608 8880 ld r4, r0, 0 // icount 772
060a 0800 nop // to align meminst icount 773
060c 8188 st r4, r1, 8 // icount 774
060e 0800 nop // to align meminst icount 775
0610 996c stu r3, r1, 12 // icount 776
0612 0800 nop // to align meminst icount 777
0614 88b8 ld r5, r0, -8 // icount 778
0616 0800 nop // to align meminst icount 779
0618 898c ld r4, r1, 12 // icount 780
061a 0800 nop // to align meminst icount 781
061c 88ce ld r6, r0, 14 // icount 782
061e 0800 nop // to align meminst icount 783
0620 88b6 ld r5, r0, -10 // icount 784
0622 0800 nop // to align meminst icount 785
0624 8842 ld r2, r0, 2 // icount 786
0626 0800 nop // to align meminst icount 787
0628 887e ld r3, r0, -2 // icount 788
062a 0800 nop // to align meminst icount 789
062c 88cc ld r6, r0, 12 // icount 790
062e 0800 nop // to align meminst icount 791
0630 884e ld r2, r0, 14 // icount 792
0632 0800 nop // to align meminst icount 793
0634 81da st r6, r1, -6 // icount 794
0636 0800 nop // to align meminst icount 795
0638 81b4 st r5, r1, -12 // icount 796
063a 0800 nop // to align meminst icount 797
063c 884a ld r2, r0, 10 // icount 798
063e 0800 nop // to align meminst icount 799
0640 8076 st r3, r0, -10 // icount 800
0642 0800 nop // to align meminst icount 801
0644 9856 stu r2, r0, -10 // icount 802
0646 0800 nop // to align meminst icount 803
0648 99d2 stu r6, r1, -14 // icount 804
064a 0800 nop // to align meminst icount 805
064c 80a0 st r5, r0, 0 // icount 806
064e 0800 nop // to align meminst icount 807
0650 98b8 stu r5, r0, -8 // icount 808
0652 0800 nop // to align meminst icount 809
0654 8166 st r3, r1, 6 // icount 810
0656 0800 nop // to align meminst icount 811
0658 995a stu r2, r1, -6 // icount 812
065a 0800 nop // to align meminst icount 813
065c 88ae ld r5, r0, 14 // icount 814
065e 0800 nop // to align meminst icount 815
0660 89a4 ld r5, r1, 4 // icount 816
0662 0800 nop // to align meminst icount 817
0664 9892 stu r4, r0, -14 // icount 818
0666 0800 nop // to align meminst icount 819
0668 89b6 ld r5, r1, -10 // icount 820
066a 0800 nop // to align meminst icount 821
066c 806a st r3, r0, 10 // icount 822
066e 0800 nop // to align meminst icount 823
0670 8958 ld r2, r1, -8 // icount 824
0672 0800 nop // to align meminst icount 825
0674 81d0 st r6, r1, -16 // icount 826
0676 0800 nop // to align meminst icount 827
0678 894c ld r2, r1, 12 // icount 828
067a 0800 nop // to align meminst icount 829
067c 89ae ld r5, r1, 14 // icount 830
067e 0800 nop // to align meminst icount 831
0680 81c8 st r6, r1, 8 // icount 832
0682 0800 nop // to align meminst icount 833
0684 99be stu r5, r1, -2 // icount 834
0686 0800 nop // to align meminst icount 835
0688 8054 st r2, r0, -12 // icount 836
068a 0800 nop // to align meminst icount 837
068c 9974 stu r3, r1, -12 // icount 838
068e 0800 nop // to align meminst icount 839
0690 80bc st r5, r0, -4 // icount 840
0692 0800 nop // to align meminst icount 841
0694 8862 ld r3, r0, 2 // icount 842
0696 0800 nop // to align meminst icount 843
0698 80b4 st r5, r0, -12 // icount 844
069a 0800 nop // to align meminst icount 845
069c 8162 st r3, r1, 2 // icount 846
069e 0800 nop // to align meminst icount 847
06a0 88ce ld r6, r0, 14 // icount 848
06a2 0800 nop // to align meminst icount 849
06a4 8046 st r2, r0, 6 // icount 850
06a6 89ae ld r5, r1, 14 // icount 851
06a8 d7ac rol r3, r7, r5 // icount 852
06aa 0800 nop // to align meminst icount 853
06ac 9978 stu r3, r1, -8 // icount 854
06ae 0800 nop // to align meminst icount 855
06b0 88d4 ld r6, r0, -12 // icount 856
06b2 0800 nop // to align meminst icount 857
06b4 99ca stu r6, r1, 10 // icount 858
06b6 0800 nop // to align meminst icount 859
06b8 98a8 stu r5, r0, 8 // icount 860
06ba 0800 nop // to align meminst icount 861
06bc 98d8 stu r6, r0, -8 // icount 862
06be 0800 nop // to align meminst icount 863
06c0 9874 stu r3, r0, -12 // icount 864
06c2 0800 nop // to align meminst icount 865
06c4 896e ld r3, r1, 14 // icount 866
06c6 0800 nop // to align meminst icount 867
06c8 897a ld r3, r1, -6 // icount 868
06ca 0800 nop // to align meminst icount 869
06cc 8884 ld r4, r0, 4 // icount 870
06ce 0800 nop // to align meminst icount 871
06d0 99d6 stu r6, r1, -10 // icount 872
06d2 0800 nop // to align meminst icount 873
06d4 9846 stu r2, r0, 6 // icount 874
06d6 0800 nop // to align meminst icount 875
06d8 8174 st r3, r1, -12 // icount 876
06da 0800 nop // to align meminst icount 877
06dc 8962 ld r3, r1, 2 // icount 878
06de 0800 nop // to align meminst icount 879
06e0 8868 ld r3, r0, 8 // icount 880
06e2 0800 nop // to align meminst icount 881
06e4 89de ld r6, r1, -2 // icount 882
06e6 0800 nop // to align meminst icount 883
06e8 984e stu r2, r0, 14 // icount 884
06ea 0800 nop // to align meminst icount 885
06ec 88a8 ld r5, r0, 8 // icount 886
06ee 0800 nop // to align meminst icount 887
06f0 895c ld r2, r1, -4 // icount 888
06f2 0800 nop // to align meminst icount 889
06f4 98c8 stu r6, r0, 8 // icount 890
06f6 0800 nop // to align meminst icount 891
06f8 8148 st r2, r1, 8 // icount 892
06fa 0800 nop // to align meminst icount 893
06fc 88b2 ld r5, r0, -14 // icount 894
06fe 0800 nop // to align meminst icount 895
0700 8966 ld r3, r1, 6 // icount 896
0702 0800 nop // to align meminst icount 897
0704 89c4 ld r6, r1, 4 // icount 898
0706 0800 nop // to align meminst icount 899
0708 89d6 ld r6, r1, -10 // icount 900
070a 0800 nop // to align meminst icount 901
070c 89b6 ld r5, r1, -10 // icount 902
070e 0800 nop // to align meminst icount 903
0710 884a ld r2, r0, 10 // icount 904
0712 0800 nop // to align meminst icount 905
0714 8856 ld r2, r0, -10 // icount 906
0716 0800 nop // to align meminst icount 907
0718 9884 stu r4, r0, 4 // icount 908
071a 0800 nop // to align meminst icount 909
071c 884e ld r2, r0, 14 // icount 910
071e 0800 nop // to align meminst icount 911
0720 8986 ld r4, r1, 6 // icount 912
0722 0800 nop // to align meminst icount 913
0724 81de st r6, r1, -2 // icount 914
0726 0800 nop // to align meminst icount 915
0728 808e st r4, r0, 14 // icount 916
072a 0800 nop // to align meminst icount 917
072c 894e ld r2, r1, 14 // icount 918
072e 0800 nop // to align meminst icount 919
0730 89a4 ld r5, r1, 4 // icount 920
0732 0800 nop // to align meminst icount 921
0734 88d4 ld r6, r0, -12 // icount 922
0736 0800 nop // to align meminst icount 923
0738 8864 ld r3, r0, 4 // icount 924
073a 0800 nop // to align meminst icount 925
073c 8862 ld r3, r0, 2 // icount 926
073e 0800 nop // to align meminst icount 927
0740 80b6 st r5, r0, -10 // icount 928
0742 0800 nop // to align meminst icount 929
0744 99d4 stu r6, r1, -12 // icount 930
0746 0800 nop // to align meminst icount 931
0748 81ca st r6, r1, 10 // icount 932
074a 0800 nop // to align meminst icount 933
074c 8852 ld r2, r0, -14 // icount 934
074e 0800 nop // to align meminst icount 935
0750 81d4 st r6, r1, -12 // icount 936
0752 0800 nop // to align meminst icount 937
0754 99ac stu r5, r1, 12 // icount 938
0756 0800 nop // to align meminst icount 939
0758 994e stu r2, r1, 14 // icount 940
075a 0800 nop // to align meminst icount 941
075c 88aa ld r5, r0, 10 // icount 942
075e 0800 nop // to align meminst icount 943
0760 88c2 ld r6, r0, 2 // icount 944
0762 0800 nop // to align meminst icount 945
0764 98da stu r6, r0, -6 // icount 946
0766 0800 nop // to align meminst icount 947
0768 807c st r3, r0, -4 // icount 948
076a 897c ld r3, r1, -4 // icount 949
076c 408a addi r4, r0, 10 // icount 950
076e 0800 nop // to align meminst icount 951
0770 98c8 stu r6, r0, 8 // icount 952
0772 89b6 ld r5, r1, -10 // icount 953
0774 c600 lbi r6, 0 // icount 954
0776 c600 lbi r6, 0 // icount 955
0778 0800 nop // to align branch icount 956
077a 7310 bltz r3, 16 // icount 957
077c b2c2 rori r6, r2, 2 // icount 958
077e a8eb slli r7, r0, 11 // icount 959
0780 ded0 add r4, r6, r6 // icount 960
0782 960d slbi r6, 13 // icount 961
0784 5bad andni r5, r3, 13 // icount 962
0786 e76c seq r3, r7, r3 // icount 963
0788 d72a ror r2, r7, r1 // icount 964
078a d42f srl r3, r4, r1 // icount 965
078c e5b8 seq r6, r5, r5 // icount 966
078e 0800 nop // to align meminst icount 967
0790 5da1 andni r5, r5, 1 // icount 968
0792 85c4 st r6, r5, 4 // icount 969
0794 9702 slbi r7, 2 // icount 970
0796 4842 subi r2, r0, 2 // icount 971
0798 d7f5 sll r5, r7, r7 // icount 972
079a 960a slbi r6, 10 // icount 973
079c bcc9 srli r6, r4, 9 // icount 974
079e 0800 nop // to align meminst icount 975
07a0 56eb xori r7, r6, 11 // icount 976
07a2 0800 nop // to align meminst icount 977
07a4 8892 ld r4, r0, -14 // icount 978
07a6 0800 nop // to align meminst icount 979
07a8 88d2 ld r6, r0, -14 // icount 980
07aa 0800 nop // to align meminst icount 981
07ac 897e ld r3, r1, -2 // icount 982
07ae 0800 nop // to align meminst icount 983
07b0 9890 stu r4, r0, -16 // icount 984
07b2 0800 nop // to align meminst icount 985
07b4 885e ld r2, r0, -2 // icount 986
07b6 0800 nop // to align meminst icount 987
07b8 99c6 stu r6, r1, 6 // icount 988
07ba 0800 nop // to align meminst icount 989
07bc 80c0 st r6, r0, 0 // icount 990
07be 0800 nop // to align meminst icount 991
07c0 81d6 st r6, r1, -10 // icount 992
07c2 0800 nop // to align meminst icount 993
07c4 88aa ld r5, r0, 10 // icount 994
07c6 0800 nop // to align meminst icount 995
07c8 9968 stu r3, r1, 8 // icount 996
07ca 0800 nop // to align meminst icount 997
07cc 89b4 ld r5, r1, -12 // icount 998
07ce 0800 nop // to align meminst icount 999
07d0 8986 ld r4, r1, 6 // icount 1000
07d2 0800 nop // to align meminst icount 1001
07d4 8842 ld r2, r0, 2 // icount 1002
07d6 0800 nop // to align meminst icount 1003
07d8 895e ld r2, r1, -2 // icount 1004
07da 0800 nop // to align meminst icount 1005
07dc 8994 ld r4, r1, -12 // icount 1006
07de 0800 nop // to align meminst icount 1007
07e0 8982 ld r4, r1, 2 // icount 1008
07e2 0800 nop // to align meminst icount 1009
07e4 985a stu r2, r0, -6 // icount 1010
07e6 0800 nop // to align meminst icount 1011
07e8 9896 stu r4, r0, -10 // icount 1012
07ea 0800 nop // to align meminst icount 1013
07ec 81c8 st r6, r1, 8 // icount 1014
07ee 0800 nop // to align meminst icount 1015
07f0 99a2 stu r5, r1, 2 // icount 1016
07f2 0800 nop // to align meminst icount 1017
07f4 809e st r4, r0, -2 // icount 1018
07f6 0800 nop // to align meminst icount 1019
07f8 99c0 stu r6, r1, 0 // icount 1020
07fa 0800 nop // to align meminst icount 1021
07fc 884e ld r2, r0, 14 // icount 1022
07fe 0800 nop // to align meminst icount 1023
0800 8956 ld r2, r1, -10 // icount 1024
0802 0800 nop // to align meminst icount 1025
0804 9888 stu r4, r0, 8 // icount 1026
0806 0800 nop // to align meminst icount 1027
0808 8866 ld r3, r0, 6 // icount 1028
080a 0800 nop // to align meminst icount 1029
080c 88c6 ld r6, r0, 6 // icount 1030
080e 0800 nop // to align meminst icount 1031
0810 89a4 ld r5, r1, 4 // icount 1032
0812 0800 nop // to align meminst icount 1033
0814 8842 ld r2, r0, 2 // icount 1034
0816 0800 nop // to align meminst icount 1035
0818 89d4 ld r6, r1, -12 // icount 1036
081a 0800 nop // to align meminst icount 1037
081c 989a stu r4, r0, -6 // icount 1038
081e 0800 nop // to align meminst icount 1039
0820 89ac ld r5, r1, 12 // icount 1040
0822 0800 nop // to align meminst icount 1041
0824 99da stu r6, r1, -6 // icount 1042
0826 0800 nop // to align meminst icount 1043
0828 99de stu r6, r1, -2 // icount 1044
082a 0800 nop // to align meminst icount 1045
082c 89a8 ld r5, r1, 8 // icount 1046
082e 0800 nop // to align meminst icount 1047
0830 8948 ld r2, r1, 8 // icount 1048
0832 0800 nop // to align meminst icount 1049
0834 88aa ld r5, r0, 10 // icount 1050
0836 0800 nop // to align meminst icount 1051
0838 8974 ld r3, r1, -12 // icount 1052
083a 0800 nop // to align meminst icount 1053
083c 88b0 ld r5, r0, -16 // icount 1054
083e 0800 nop // to align meminst icount 1055
0840 88d6 ld r6, r0, -10 // icount 1056
0842 0800 nop // to align meminst icount 1057
0844 88b2 ld r5, r0, -14 // icount 1058
0846 0800 nop // to align meminst icount 1059
0848 9894 stu r4, r0, -12 // icount 1060
084a 0800 nop // to align meminst icount 1061
084c 99ca stu r6, r1, 10 // icount 1062
084e 0800 nop // to align meminst icount 1063
0850 818c st r4, r1, 12 // icount 1064
0852 0800 nop // to align meminst icount 1065
0854 8880 ld r4, r0, 0 // icount 1066
0856 0800 nop // to align meminst icount 1067
0858 88cc ld r6, r0, 12 // icount 1068
085a 0800 nop // to align meminst icount 1069
085c 805a st r2, r0, -6 // icount 1070
085e 0800 nop // to align meminst icount 1071
0860 89c2 ld r6, r1, 2 // icount 1072
0862 0800 nop // to align meminst icount 1073
0864 894a ld r2, r1, 10 // icount 1074
0866 0800 nop // to align meminst icount 1075
0868 99b6 stu r5, r1, -10 // icount 1076
086a 0800 nop // to align meminst icount 1077
086c 89ae ld r5, r1, 14 // icount 1078
086e 0800 nop // to align meminst icount 1079
0870 8956 ld r2, r1, -10 // icount 1080
0872 0800 nop // to align meminst icount 1081
0874 9990 stu r4, r1, -16 // icount 1082
0876 0800 nop // to align meminst icount 1083
0878 99da stu r6, r1, -6 // icount 1084
087a 0800 nop // to align meminst icount 1085
087c 8858 ld r2, r0, -8 // icount 1086
087e 0800 nop // to align meminst icount 1087
0880 8956 ld r2, r1, -10 // icount 1088
0882 0800 nop // to align meminst icount 1089
0884 89a8 ld r5, r1, 8 // icount 1090
0886 0800 nop // to align meminst icount 1091
0888 8158 st r2, r1, -8 // icount 1092
088a 0800 nop // to align meminst icount 1093
088c 89d4 ld r6, r1, -12 // icount 1094
088e 0800 nop // to align meminst icount 1095
0890 80ca st r6, r0, 10 // icount 1096
0892 0800 nop // to align meminst icount 1097
0894 8858 ld r2, r0, -8 // icount 1098
0896 0800 nop // to align meminst icount 1099
0898 9982 stu r4, r1, 2 // icount 1100
089a 0800 nop // to align meminst icount 1101
089c 898a ld r4, r1, 10 // icount 1102
089e 0800 nop // to align meminst icount 1103
08a0 99b0 stu r5, r1, -16 // icount 1104
08a2 0800 nop // to align meminst icount 1105
08a4 89b8 ld r5, r1, -8 // icount 1106
08a6 0800 nop // to align meminst icount 1107
08a8 8878 ld r3, r0, -8 // icount 1108
08aa 0800 nop // to align meminst icount 1109
08ac 9854 stu r2, r0, -12 // icount 1110
08ae 0800 nop // to align meminst icount 1111
08b0 98c8 stu r6, r0, 8 // icount 1112
08b2 0800 nop // to align meminst icount 1113
08b4 81ac st r5, r1, 12 // icount 1114
08b6 0800 nop // to align meminst icount 1115
08b8 8970 ld r3, r1, -16 // icount 1116
08ba 0800 nop // to align meminst icount 1117
08bc 89ce ld r6, r1, 14 // icount 1118
08be 0800 nop // to align meminst icount 1119
08c0 80b8 st r5, r0, -8 // icount 1120
08c2 0800 nop // to align meminst icount 1121
08c4 80a6 st r5, r0, 6 // icount 1122
08c6 0800 nop // to align meminst icount 1123
08c8 9878 stu r3, r0, -8 // icount 1124
08ca 0800 nop // to align meminst icount 1125
08cc 8196 st r4, r1, -10 // icount 1126
08ce 0800 nop // to align meminst icount 1127
08d0 89ae ld r5, r1, 14 // icount 1128
08d2 0800 nop // to align meminst icount 1129
08d4 8890 ld r4, r0, -16 // icount 1130
08d6 0800 nop // to align meminst icount 1131
08d8 888e ld r4, r0, 14 // icount 1132
08da 0800 nop // to align meminst icount 1133
08dc 9996 stu r4, r1, -10 // icount 1134
08de 0800 nop // to align meminst icount 1135
08e0 89d0 ld r6, r1, -16 // icount 1136
08e2 0800 nop // to align meminst icount 1137
08e4 9890 stu r4, r0, -16 // icount 1138
08e6 0800 nop // to align meminst icount 1139
08e8 99ac stu r5, r1, 12 // icount 1140
08ea 0800 nop // to align meminst icount 1141
08ec 897e ld r3, r1, -2 // icount 1142
08ee 0800 nop // to align meminst icount 1143
08f0 89dc ld r6, r1, -4 // icount 1144
08f2 0800 nop // to align meminst icount 1145
08f4 9858 stu r2, r0, -8 // icount 1146
08f6 0800 nop // to align meminst icount 1147
08f8 81a4 st r5, r1, 4 // icount 1148
08fa 0800 nop // to align meminst icount 1149
08fc 89ca ld r6, r1, 10 // icount 1150
08fe 0800 nop // to align meminst icount 1151
0900 8950 ld r2, r1, -16 // icount 1152
0902 0800 nop // to align meminst icount 1153
0904 8174 st r3, r1, -12 // icount 1154
0906 0800 nop // to align meminst icount 1155
0908 88da ld r6, r0, -6 // icount 1156
090a 0800 nop // to align meminst icount 1157
090c 80ce st r6, r0, 14 // icount 1158
090e 0800 nop // to align meminst icount 1159
0910 817e st r3, r1, -2 // icount 1160
0912 0800 nop // to align meminst icount 1161
0914 98dc stu r6, r0, -4 // icount 1162
0916 0800 nop // to align meminst icount 1163
0918 896e ld r3, r1, 14 // icount 1164
091a 0800 nop // to align meminst icount 1165
091c 8072 st r3, r0, -14 // icount 1166
091e 0800 nop // to align meminst icount 1167
0920 89d4 ld r6, r1, -12 // icount 1168
0922 0800 nop // to align meminst icount 1169
0924 8964 ld r3, r1, 4 // icount 1170
0926 889e ld r4, r0, -2 // icount 1171
0928 4122 addi r1, r1, 2   // change base addr // icount 1172
092a 0800 nop // to align meminst icount 1173
092c 805c st r2, r0, -4 // icount 1174
092e 0800 nop // to align meminst icount 1175
0930 8960 ld r3, r1, 0 // icount 1176
0932 0800 nop // to align meminst icount 1177
0934 8184 st r4, r1, 4 // icount 1178
0936 0800 nop // to align meminst icount 1179
0938 99ae stu r5, r1, 14 // icount 1180
093a 0800 nop // to align meminst icount 1181
093c 899c ld r4, r1, -4 // icount 1182
093e 0800 nop // to align meminst icount 1183
0940 8042 st r2, r0, 2 // icount 1184
0942 0800 nop // to align meminst icount 1185
0944 89b0 ld r5, r1, -16 // icount 1186
0946 0800 nop // to align meminst icount 1187
0948 8982 ld r4, r1, 2 // icount 1188
094a 0800 nop // to align meminst icount 1189
094c 994c stu r2, r1, 12 // icount 1190
094e 0800 nop // to align meminst icount 1191
0950 88ac ld r5, r0, 12 // icount 1192
0952 0800 nop // to align meminst icount 1193
0954 8182 st r4, r1, 2 // icount 1194
0956 0800 nop // to align meminst icount 1195
0958 8962 ld r3, r1, 2 // icount 1196
095a 0800 nop // to align meminst icount 1197
095c 8994 ld r4, r1, -12 // icount 1198
095e 0800 nop // to align meminst icount 1199
0960 898a ld r4, r1, 10 // icount 1200
0962 0800 nop // to align meminst icount 1201
0964 8090 st r4, r0, -16 // icount 1202
0966 0800 nop // to align meminst icount 1203
0968 9886 stu r4, r0, 6 // icount 1204
096a 0800 nop // to align meminst icount 1205
096c 8896 ld r4, r0, -10 // icount 1206
096e 0800 nop // to align meminst icount 1207
0970 8952 ld r2, r1, -14 // icount 1208
0972 0800 nop // to align meminst icount 1209
0974 809e st r4, r0, -2 // icount 1210
0976 0800 nop // to align meminst icount 1211
0978 996e stu r3, r1, 14 // icount 1212
097a 0800 nop // to align meminst icount 1213
097c 8094 st r4, r0, -12 // icount 1214
097e 0800 nop // to align meminst icount 1215
0980 8848 ld r2, r0, 8 // icount 1216
0982 0800 nop // to align meminst icount 1217
0984 89c4 ld r6, r1, 4 // icount 1218
0986 0800 nop // to align meminst icount 1219
0988 9882 stu r4, r0, 2 // icount 1220
098a 0800 nop // to align meminst icount 1221
098c 89a8 ld r5, r1, 8 // icount 1222
098e 0800 nop // to align meminst icount 1223
0990 9992 stu r4, r1, -14 // icount 1224
0992 0800 nop // to align meminst icount 1225
0994 89da ld r6, r1, -6 // icount 1226
0996 0800 nop // to align meminst icount 1227
0998 88ca ld r6, r0, 10 // icount 1228
099a 0800 nop // to align meminst icount 1229
099c 89aa ld r5, r1, 10 // icount 1230
099e 0800 nop // to align meminst icount 1231
09a0 9976 stu r3, r1, -10 // icount 1232
09a2 0800 nop // to align meminst icount 1233
09a4 89c4 ld r6, r1, 4 // icount 1234
09a6 0800 nop // to align meminst icount 1235
09a8 89dc ld r6, r1, -4 // icount 1236
09aa 0800 nop // to align meminst icount 1237
09ac 81a0 st r5, r1, 0 // icount 1238
09ae 0800 nop // to align meminst icount 1239
09b0 989c stu r4, r0, -4 // icount 1240
09b2 0800 nop // to align meminst icount 1241
09b4 9972 stu r3, r1, -14 // icount 1242
09b6 0800 nop // to align meminst icount 1243
09b8 8976 ld r3, r1, -10 // icount 1244
09ba 0800 nop // to align meminst icount 1245
09bc 88d0 ld r6, r0, -16 // icount 1246
09be 0800 nop // to align meminst icount 1247
09c0 8172 st r3, r1, -14 // icount 1248
09c2 0800 nop // to align meminst icount 1249
09c4 8996 ld r4, r1, -10 // icount 1250
09c6 0800 nop // to align meminst icount 1251
09c8 89dc ld r6, r1, -4 // icount 1252
09ca 0800 nop // to align meminst icount 1253
09cc 8842 ld r2, r0, 2 // icount 1254
09ce 0800 nop // to align meminst icount 1255
09d0 8880 ld r4, r0, 0 // icount 1256
09d2 0800 nop // to align meminst icount 1257
09d4 8970 ld r3, r1, -16 // icount 1258
09d6 0800 nop // to align meminst icount 1259
09d8 8190 st r4, r1, -16 // icount 1260
09da 0800 nop // to align meminst icount 1261
09dc 9896 stu r4, r0, -10 // icount 1262
09de 0800 nop // to align meminst icount 1263
09e0 89c4 ld r6, r1, 4 // icount 1264
09e2 0800 nop // to align meminst icount 1265
09e4 8898 ld r4, r0, -8 // icount 1266
09e6 0800 nop // to align meminst icount 1267
09e8 89ae ld r5, r1, 14 // icount 1268
09ea 0800 nop // to align meminst icount 1269
09ec 9992 stu r4, r1, -14 // icount 1270
09ee 0800 nop // to align meminst icount 1271
09f0 8942 ld r2, r1, 2 // icount 1272
09f2 0800 nop // to align meminst icount 1273
09f4 988a stu r4, r0, 10 // icount 1274
09f6 0800 nop // to align meminst icount 1275
09f8 88ca ld r6, r0, 10 // icount 1276
09fa 0800 nop // to align meminst icount 1277
09fc 996c stu r3, r1, 12 // icount 1278
09fe 0800 nop // to align meminst icount 1279
0a00 8044 st r2, r0, 4 // icount 1280
0a02 88da ld r6, r0, -6 // icount 1281
0a04 c202 lbi r2, 2 // icount 1282
0a06 0800 nop // to align meminst icount 1283
0a08 897e ld r3, r1, -2 // icount 1284
0a0a 0800 nop // to align meminst icount 1285
0a0c 8890 ld r4, r0, -16 // icount 1286
0a0e 0800 nop // to align meminst icount 1287
0a10 8082 st r4, r0, 2 // icount 1288
0a12 0800 nop // to align meminst icount 1289
0a14 80a4 st r5, r0, 4 // icount 1290
0a16 0800 nop // to align meminst icount 1291
0a18 89ac ld r5, r1, 12 // icount 1292
0a1a 0800 nop // to align meminst icount 1293
0a1c 9878 stu r3, r0, -8 // icount 1294
0a1e 0800 nop // to align meminst icount 1295
0a20 985a stu r2, r0, -6 // icount 1296
0a22 8850 ld r2, r0, -16 // icount 1297
0a24 df88 add r2, r7, r4 // icount 1298
0a26 0800 nop // to align meminst icount 1299
0a28 996e stu r3, r1, 14 // icount 1300
0a2a 0800 nop // to align meminst icount 1301
0a2c 99c4 stu r6, r1, 4 // icount 1302
0a2e 0800 nop // to align meminst icount 1303
0a30 80b8 st r5, r0, -8 // icount 1304
0a32 0800 nop // to align meminst icount 1305
0a34 886c ld r3, r0, 12 // icount 1306
0a36 0800 nop // to align meminst icount 1307
0a38 98b0 stu r5, r0, -16 // icount 1308
0a3a 0800 nop // to align meminst icount 1309
0a3c 88cc ld r6, r0, 12 // icount 1310
0a3e 0800 nop // to align meminst icount 1311
0a40 89b6 ld r5, r1, -10 // icount 1312
0a42 0800 nop // to align meminst icount 1313
0a44 8876 ld r3, r0, -10 // icount 1314
0a46 0800 nop // to align meminst icount 1315
0a48 994c stu r2, r1, 12 // icount 1316
0a4a 0800 nop // to align meminst icount 1317
0a4c 89a6 ld r5, r1, 6 // icount 1318
0a4e 0800 nop // to align meminst icount 1319
0a50 88cc ld r6, r0, 12 // icount 1320
0a52 0800 nop // to align meminst icount 1321
0a54 89ae ld r5, r1, 14 // icount 1322
0a56 0800 nop // to align meminst icount 1323
0a58 994a stu r2, r1, 10 // icount 1324
0a5a 0800 nop // to align meminst icount 1325
0a5c 819a st r4, r1, -6 // icount 1326
0a5e 0800 nop // to align meminst icount 1327
0a60 8982 ld r4, r1, 2 // icount 1328
0a62 0800 nop // to align meminst icount 1329
0a64 99da stu r6, r1, -6 // icount 1330
0a66 0800 nop // to align meminst icount 1331
0a68 8968 ld r3, r1, 8 // icount 1332
0a6a 0800 nop // to align meminst icount 1333
0a6c 99aa stu r5, r1, 10 // icount 1334
0a6e 89c6 ld r6, r1, 6 // icount 1335
0a70 c700 lbi r7, 0 // icount 1336
0a72 c700 lbi r7, 0 // icount 1337
0a74 0800 nop // to align branch icount 1338
0a76 6e0c bnez r6, 12 // icount 1339
0a78 fbf8 sco r6, r3, r7 // icount 1340
0a7a dcba xor r6, r4, r5 // icount 1341
0a7c a7c4 roli r6, r7, 4 // icount 1342
0a7e 0800 nop // to align meminst icount 1343
0a80 5801 andni r0, r0, 1 // icount 1344
0a82 8084 st r4, r0, 4 // icount 1345
0a84 fecc sco r3, r6, r6 // icount 1346
0a86 d1f0 rol r4, r1, r7 // icount 1347
0a88 d19b srl r6, r1, r4 // icount 1348
0a8a d1ca ror r2, r1, r6 // icount 1349
0a8c 5801 andni r0, r0, 1 // icount 1350
0a8e 98ac stu r5, r0, 12 // icount 1351
0a90 5b61 andni r3, r3, 1 // icount 1352
0a92 8bac ld r5, r3, 12 // icount 1353
0a94 40ab addi r5, r0, 11 // icount 1354
0a96 0800 nop // to align meminst icount 1355
0a98 ed14 slt r5, r5, r0 // icount 1356
0a9a 0800 nop // to align meminst icount 1357
0a9c 81d4 st r6, r1, -12 // icount 1358
0a9e 0800 nop // to align meminst icount 1359
0aa0 819c st r4, r1, -4 // icount 1360
0aa2 0800 nop // to align meminst icount 1361
0aa4 8982 ld r4, r1, 2 // icount 1362
0aa6 0800 nop // to align meminst icount 1363
0aa8 896e ld r3, r1, 14 // icount 1364
0aaa 0800 nop // to align meminst icount 1365
0aac 815a st r2, r1, -6 // icount 1366
0aae 0800 nop // to align meminst icount 1367
0ab0 8144 st r2, r1, 4 // icount 1368
0ab2 0800 nop // to align meminst icount 1369
0ab4 98ca stu r6, r0, 10 // icount 1370
0ab6 0800 nop // to align meminst icount 1371
0ab8 8942 ld r2, r1, 2 // icount 1372
0aba 0800 nop // to align meminst icount 1373
0abc 98a2 stu r5, r0, 2 // icount 1374
0abe 0800 nop // to align meminst icount 1375
0ac0 89da ld r6, r1, -6 // icount 1376
0ac2 0800 nop // to align meminst icount 1377
0ac4 8850 ld r2, r0, -16 // icount 1378
0ac6 0800 nop // to align meminst icount 1379
0ac8 89a8 ld r5, r1, 8 // icount 1380
0aca 0800 nop // to align meminst icount 1381
0acc 9970 stu r3, r1, -16 // icount 1382
0ace 0800 nop // to align meminst icount 1383
0ad0 897a ld r3, r1, -6 // icount 1384
0ad2 0800 nop // to align meminst icount 1385
0ad4 81b4 st r5, r1, -12 // icount 1386
0ad6 0800 nop // to align meminst icount 1387
0ad8 8160 st r3, r1, 0 // icount 1388
0ada 0800 nop // to align meminst icount 1389
0adc 99a6 stu r5, r1, 6 // icount 1390
0ade 0800 nop // to align meminst icount 1391
0ae0 88d0 ld r6, r0, -16 // icount 1392
0ae2 0800 nop // to align meminst icount 1393
0ae4 885a ld r2, r0, -6 // icount 1394
0ae6 0800 nop // to align meminst icount 1395
0ae8 88a8 ld r5, r0, 8 // icount 1396
0aea 0800 nop // to align meminst icount 1397
0aec 986c stu r3, r0, 12 // icount 1398
0aee 0800 nop // to align meminst icount 1399
0af0 8842 ld r2, r0, 2 // icount 1400
0af2 0800 nop // to align meminst icount 1401
0af4 80da st r6, r0, -6 // icount 1402
0af6 0800 nop // to align meminst icount 1403
0af8 88c0 ld r6, r0, 0 // icount 1404
0afa 0800 nop // to align meminst icount 1405
0afc 80a2 st r5, r0, 2 // icount 1406
0afe 0800 nop // to align meminst icount 1407
0b00 886a ld r3, r0, 10 // icount 1408
0b02 0800 nop // to align meminst icount 1409
0b04 89c6 ld r6, r1, 6 // icount 1410
0b06 98d4 stu r6, r0, -12 // icount 1411
0b08 f534 sle r5, r5, r1 // icount 1412
0b0a 0800 nop // to align meminst icount 1413
0b0c 9992 stu r4, r1, -14 // icount 1414
0b0e 0800 nop // to align meminst icount 1415
0b10 8146 st r2, r1, 6 // icount 1416
0b12 0800 nop // to align meminst icount 1417
0b14 99dc stu r6, r1, -4 // icount 1418
0b16 0800 nop // to align meminst icount 1419
0b18 808a st r4, r0, 10 // icount 1420
0b1a 0800 nop // to align meminst icount 1421
0b1c 887c ld r3, r0, -4 // icount 1422
0b1e 0800 nop // to align meminst icount 1423
0b20 987e stu r3, r0, -2 // icount 1424
0b22 0800 nop // to align meminst icount 1425
0b24 89be ld r5, r1, -2 // icount 1426
0b26 0800 nop // to align meminst icount 1427
0b28 81c4 st r6, r1, 4 // icount 1428
0b2a 0800 nop // to align meminst icount 1429
0b2c 987a stu r3, r0, -6 // icount 1430
0b2e 0800 nop // to align meminst icount 1431
0b30 888e ld r4, r0, 14 // icount 1432
0b32 0800 nop // to align meminst icount 1433
0b34 89a0 ld r5, r1, 0 // icount 1434
0b36 0800 nop // to align meminst icount 1435
0b38 89c0 ld r6, r1, 0 // icount 1436
0b3a 0800 nop // to align meminst icount 1437
0b3c 8840 ld r2, r0, 0 // icount 1438
0b3e 0800 nop // to align meminst icount 1439
0b40 986a stu r3, r0, 10 // icount 1440
0b42 0800 nop // to align meminst icount 1441
0b44 88da ld r6, r0, -6 // icount 1442
0b46 0800 nop // to align meminst icount 1443
0b48 99b0 stu r5, r1, -16 // icount 1444
0b4a 0800 nop // to align meminst icount 1445
0b4c 814a st r2, r1, 10 // icount 1446
0b4e 0800 nop // to align meminst icount 1447
0b50 887a ld r3, r0, -6 // icount 1448
0b52 0800 nop // to align meminst icount 1449
0b54 98a2 stu r5, r0, 2 // icount 1450
0b56 0800 nop // to align meminst icount 1451
0b58 9956 stu r2, r1, -10 // icount 1452
0b5a 0800 nop // to align meminst icount 1453
0b5c 894e ld r2, r1, 14 // icount 1454
0b5e 0800 nop // to align meminst icount 1455
0b60 98b0 stu r5, r0, -16 // icount 1456
0b62 0800 nop // to align meminst icount 1457
0b64 89a6 ld r5, r1, 6 // icount 1458
0b66 0800 nop // to align meminst icount 1459
0b68 999e stu r4, r1, -2 // icount 1460
0b6a 0800 nop // to align meminst icount 1461
0b6c 88b4 ld r5, r0, -12 // icount 1462
0b6e 0800 nop // to align meminst icount 1463
0b70 89c4 ld r6, r1, 4 // icount 1464
0b72 0800 nop // to align meminst icount 1465
0b74 9942 stu r2, r1, 2 // icount 1466
0b76 0800 nop // to align meminst icount 1467
0b78 9874 stu r3, r0, -12 // icount 1468
0b7a 0800 nop // to align meminst icount 1469
0b7c 8942 ld r2, r1, 2 // icount 1470
0b7e 0800 nop // to align meminst icount 1471
0b80 9886 stu r4, r0, 6 // icount 1472
0b82 0800 nop // to align meminst icount 1473
0b84 99b8 stu r5, r1, -8 // icount 1474
0b86 0800 nop // to align meminst icount 1475
0b88 9848 stu r2, r0, 8 // icount 1476
0b8a 0800 nop // to align meminst icount 1477
0b8c 98ba stu r5, r0, -6 // icount 1478
0b8e 0800 nop // to align meminst icount 1479
0b90 806c st r3, r0, 12 // icount 1480
0b92 0800 nop // to align meminst icount 1481
0b94 80d2 st r6, r0, -14 // icount 1482
0b96 0800 nop // to align meminst icount 1483
0b98 816a st r3, r1, 10 // icount 1484
0b9a 815c st r2, r1, -4 // icount 1485
0b9c c700 lbi r7, 0 // icount 1486
0b9e c500 lbi r5, 0 // icount 1487
0ba0 0800 nop // to align branch icount 1488
0ba2 7918 bgez r1, 24 // icount 1489
0ba4 aaa8 slli r5, r2, 8 // icount 1490
0ba6 b58d rori r4, r5, 13 // icount 1491
0ba8 c40e lbi r4, 14 // icount 1492
0baa d993 andn r4, r1, r4 // icount 1493
0bac d5bd sll r7, r5, r5 // icount 1494
0bae 0800 nop // to align meminst icount 1495
0bb0 5c81 andni r4, r4, 1 // icount 1496
0bb2 8c46 ld r2, r4, 6 // icount 1497
0bb4 db71 sub r4, r3, r3 // icount 1498
0bb6 5466 xori r3, r4, 6 // icount 1499
0bb8 5921 andni r1, r1, 1 // icount 1500
0bba 81c0 st r6, r1, 0 // icount 1501
0bbc 496d subi r3, r1, 13 // icount 1502
0bbe b8e8 srli r7, r0, 8 // icount 1503
0bc0 da1e xor r7, r2, r0 // icount 1504
0bc2 9600 slbi r6, 0 // icount 1505
0bc4 b262 rori r3, r2, 2 // icount 1506
0bc6 4aa0 subi r5, r2, 0 // icount 1507
0bc8 ee50 slt r4, r6, r2 // icount 1508
0bca e9d8 slt r6, r1, r6 // icount 1509
0bcc b9ce srli r6, r1, 14 // icount 1510
0bce dfff andn r7, r7, r7 // icount 1511
0bd0 da4e xor r3, r2, r2 // icount 1512
0bd2 dd6e xor r3, r5, r3 // icount 1513
0bd4 a0ae roli r5, r0, 14 // icount 1514
0bd6 55cd xori r6, r5, 13 // icount 1515
0bd8 a540 roli r2, r5, 0 // icount 1516
0bda 0800 nop // to align meminst icount 1517
0bdc 8974 ld r3, r1, -12 // icount 1518
0bde 0800 nop // to align meminst icount 1519
0be0 99ce stu r6, r1, 14 // icount 1520
0be2 0800 nop // to align meminst icount 1521
0be4 89d6 ld r6, r1, -10 // icount 1522
0be6 0800 nop // to align meminst icount 1523
0be8 989e stu r4, r0, -2 // icount 1524
0bea 0800 nop // to align meminst icount 1525
0bec 8850 ld r2, r0, -16 // icount 1526
0bee 0800 nop // to align meminst icount 1527
0bf0 8874 ld r3, r0, -12 // icount 1528
0bf2 0800 nop // to align meminst icount 1529
0bf4 81c4 st r6, r1, 4 // icount 1530
0bf6 0800 nop // to align meminst icount 1531
0bf8 8944 ld r2, r1, 4 // icount 1532
0bfa 0800 nop // to align meminst icount 1533
0bfc 987c stu r3, r0, -4 // icount 1534
0bfe 0800 nop // to align meminst icount 1535
0c00 89dc ld r6, r1, -4 // icount 1536
0c02 0800 nop // to align meminst icount 1537
0c04 80c2 st r6, r0, 2 // icount 1538
0c06 0800 nop // to align meminst icount 1539
0c08 80be st r5, r0, -2 // icount 1540
0c0a 0800 nop // to align meminst icount 1541
0c0c 889e ld r4, r0, -2 // icount 1542
0c0e 0800 nop // to align meminst icount 1543
0c10 89b0 ld r5, r1, -16 // icount 1544
0c12 0800 nop // to align meminst icount 1545
0c14 80a2 st r5, r0, 2 // icount 1546
0c16 0800 nop // to align meminst icount 1547
0c18 8968 ld r3, r1, 8 // icount 1548
0c1a 0800 nop // to align meminst icount 1549
0c1c 89a6 ld r5, r1, 6 // icount 1550
0c1e 0800 nop // to align meminst icount 1551
0c20 885c ld r2, r0, -4 // icount 1552
0c22 0800 nop // to align meminst icount 1553
0c24 81de st r6, r1, -2 // icount 1554
0c26 0800 nop // to align meminst icount 1555
0c28 8974 ld r3, r1, -12 // icount 1556
0c2a 0800 nop // to align meminst icount 1557
0c2c 8068 st r3, r0, 8 // icount 1558
0c2e 0800 nop // to align meminst icount 1559
0c30 897a ld r3, r1, -6 // icount 1560
0c32 0800 nop // to align meminst icount 1561
0c34 80da st r6, r0, -6 // icount 1562
0c36 0800 nop // to align meminst icount 1563
0c38 99de stu r6, r1, -2 // icount 1564
0c3a 0800 nop // to align meminst icount 1565
0c3c 8082 st r4, r0, 2 // icount 1566
0c3e 0800 nop // to align meminst icount 1567
0c40 88a0 ld r5, r0, 0 // icount 1568
0c42 0800 nop // to align meminst icount 1569
0c44 8978 ld r3, r1, -8 // icount 1570
0c46 0800 nop // to align meminst icount 1571
0c48 99d6 stu r6, r1, -10 // icount 1572
0c4a 0800 nop // to align meminst icount 1573
0c4c 89ce ld r6, r1, 14 // icount 1574
0c4e 0800 nop // to align meminst icount 1575
0c50 8876 ld r3, r0, -10 // icount 1576
0c52 0800 nop // to align meminst icount 1577
0c54 98be stu r5, r0, -2 // icount 1578
0c56 887a ld r3, r0, -6 // icount 1579
0c58 b6c6 rori r6, r6, 6 // icount 1580
0c5a 0800 nop // to align meminst icount 1581
0c5c 8074 st r3, r0, -12 // icount 1582
0c5e 0800 nop // to align meminst icount 1583
0c60 8960 ld r3, r1, 0 // icount 1584
0c62 889c ld r4, r0, -4 // icount 1585
0c64 d36d sll r3, r3, r3 // icount 1586
0c66 0800 nop // to align meminst icount 1587
0c68 9898 stu r4, r0, -8 // icount 1588
0c6a 0800 nop // to align meminst icount 1589
0c6c 8886 ld r4, r0, 6 // icount 1590
0c6e 0800 nop // to align meminst icount 1591
0c70 885a ld r2, r0, -6 // icount 1592
0c72 0800 nop // to align meminst icount 1593
0c74 985e stu r2, r0, -2 // icount 1594
0c76 0800 nop // to align meminst icount 1595
0c78 88b6 ld r5, r0, -10 // icount 1596
0c7a 0800 nop // to align meminst icount 1597
0c7c 89b8 ld r5, r1, -8 // icount 1598
0c7e 0800 nop // to align meminst icount 1599
0c80 804c st r2, r0, 12 // icount 1600
0c82 0800 nop // to align meminst icount 1601
0c84 8076 st r3, r0, -10 // icount 1602
0c86 0800 nop // to align meminst icount 1603
0c88 8988 ld r4, r1, 8 // icount 1604
0c8a 0800 nop // to align meminst icount 1605
0c8c 804a st r2, r0, 10 // icount 1606
0c8e 895c ld r2, r1, -4 // icount 1607
0c90 d06f srl r3, r0, r3 // icount 1608
0c92 0800 nop // to align meminst icount 1609
0c94 8164 st r3, r1, 4 // icount 1610
0c96 0800 nop // to align meminst icount 1611
0c98 8888 ld r4, r0, 8 // icount 1612
0c9a 0800 nop // to align meminst icount 1613
0c9c 815c st r2, r1, -4 // icount 1614
0c9e 0800 nop // to align meminst icount 1615
0ca0 88d6 ld r6, r0, -10 // icount 1616
0ca2 0800 nop // to align meminst icount 1617
0ca4 9988 stu r4, r1, 8 // icount 1618
0ca6 0800 nop // to align meminst icount 1619
0ca8 899e ld r4, r1, -2 // icount 1620
0caa 0800 nop // to align meminst icount 1621
0cac 995a stu r2, r1, -6 // icount 1622
0cae 0800 nop // to align meminst icount 1623
0cb0 995e stu r2, r1, -2 // icount 1624
0cb2 0800 nop // to align meminst icount 1625
0cb4 8968 ld r3, r1, 8 // icount 1626
0cb6 0800 nop // to align meminst icount 1627
0cb8 8168 st r3, r1, 8 // icount 1628
0cba 0800 nop // to align meminst icount 1629
0cbc 8972 ld r3, r1, -14 // icount 1630
0cbe 0800 nop // to align meminst icount 1631
0cc0 8042 st r2, r0, 2 // icount 1632
0cc2 0800 nop // to align meminst icount 1633
0cc4 8992 ld r4, r1, -14 // icount 1634
0cc6 0800 nop // to align meminst icount 1635
0cc8 8886 ld r4, r0, 6 // icount 1636
0cca 0800 nop // to align meminst icount 1637
0ccc 88d2 ld r6, r0, -14 // icount 1638
0cce 0800 nop // to align meminst icount 1639
0cd0 9946 stu r2, r1, 6 // icount 1640
0cd2 0800 nop // to align meminst icount 1641
0cd4 80c6 st r6, r0, 6 // icount 1642
0cd6 0800 nop // to align meminst icount 1643
0cd8 8054 st r2, r0, -12 // icount 1644
0cda 8950 ld r2, r1, -16 // icount 1645
0cdc c300 lbi r3, 0 // icount 1646
0cde c500 lbi r5, 0 // icount 1647
0ce0 0800 nop // to align branch icount 1648
0ce2 630c beqz r3, 12 // icount 1649
0ce4 e6d4 seq r5, r6, r6 // icount 1650
0ce6 d894 add r5, r0, r4 // icount 1651
0ce8 ebf4 slt r5, r3, r7 // icount 1652
0cea 920b slbi r2, 11 // icount 1653
0cec 5ecb andni r6, r6, 11 // icount 1654
0cee fc6c sco r3, r4, r3 // icount 1655
0cf0 45a2 addi r5, r5, 2 // icount 1656
0cf2 424f addi r2, r2, 15 // icount 1657
0cf4 d16f srl r3, r1, r3 // icount 1658
0cf6 0800 nop // to align meminst icount 1659
0cf8 5da1 andni r5, r5, 1 // icount 1660
0cfa 9dcc stu r6, r5, 12 // icount 1661
0cfc eaa8 slt r2, r2, r5 // icount 1662
0cfe 0800 nop // to align meminst icount 1663
0d00 5801 andni r0, r0, 1 // icount 1664
0d02 0800 nop // to align meminst icount 1665
0d04 9846 stu r2, r0, 6 // icount 1666
0d06 0800 nop // to align meminst icount 1667
0d08 994e stu r2, r1, 14 // icount 1668
0d0a 0800 nop // to align meminst icount 1669
0d0c 9946 stu r2, r1, 6 // icount 1670
0d0e 0800 nop // to align meminst icount 1671
0d10 987a stu r3, r0, -6 // icount 1672
0d12 0800 nop // to align meminst icount 1673
0d14 805a st r2, r0, -6 // icount 1674
0d16 0800 nop // to align meminst icount 1675
0d18 99b8 stu r5, r1, -8 // icount 1676
0d1a 0800 nop // to align meminst icount 1677
0d1c 89c4 ld r6, r1, 4 // icount 1678
0d1e 0800 nop // to align meminst icount 1679
0d20 8982 ld r4, r1, 2 // icount 1680
0d22 0800 nop // to align meminst icount 1681
0d24 8896 ld r4, r0, -10 // icount 1682
0d26 0800 nop // to align meminst icount 1683
0d28 9896 stu r4, r0, -10 // icount 1684
0d2a 0800 nop // to align meminst icount 1685
0d2c 88ce ld r6, r0, 14 // icount 1686
0d2e 0800 nop // to align meminst icount 1687
0d30 88ca ld r6, r0, 10 // icount 1688
0d32 0800 nop // to align meminst icount 1689
0d34 9998 stu r4, r1, -8 // icount 1690
0d36 0800 nop // to align meminst icount 1691
0d38 88b4 ld r5, r0, -12 // icount 1692
0d3a 0800 nop // to align meminst icount 1693
0d3c 98ac stu r5, r0, 12 // icount 1694
0d3e 0800 nop // to align meminst icount 1695
0d40 8842 ld r2, r0, 2 // icount 1696
0d42 0800 nop // to align meminst icount 1697
0d44 8064 st r3, r0, 4 // icount 1698
0d46 0800 nop // to align meminst icount 1699
0d48 899a ld r4, r1, -6 // icount 1700
0d4a 0800 nop // to align meminst icount 1701
0d4c 8188 st r4, r1, 8 // icount 1702
0d4e 0800 nop // to align meminst icount 1703
0d50 898c ld r4, r1, 12 // icount 1704
0d52 0800 nop // to align meminst icount 1705
0d54 8964 ld r3, r1, 4 // icount 1706
0d56 0800 nop // to align meminst icount 1707
0d58 8964 ld r3, r1, 4 // icount 1708
0d5a 0800 nop // to align meminst icount 1709
0d5c 88aa ld r5, r0, 10 // icount 1710
0d5e 0800 nop // to align meminst icount 1711
0d60 8856 ld r2, r0, -10 // icount 1712
0d62 0800 nop // to align meminst icount 1713
0d64 8042 st r2, r0, 2 // icount 1714
0d66 0800 nop // to align meminst icount 1715
0d68 80b0 st r5, r0, -16 // icount 1716
0d6a 0800 nop // to align meminst icount 1717
0d6c 8188 st r4, r1, 8 // icount 1718
0d6e 0800 nop // to align meminst icount 1719
0d70 89de ld r6, r1, -2 // icount 1720
0d72 0800 nop // to align meminst icount 1721
0d74 80be st r5, r0, -2 // icount 1722
0d76 0800 nop // to align meminst icount 1723
0d78 8866 ld r3, r0, 6 // icount 1724
0d7a 80ce st r6, r0, 14 // icount 1725
0d7c 4124 addi r1, r1, 4   // change base addr // icount 1726
0d7e 0800 nop // to align meminst icount 1727
0d80 89d0 ld r6, r1, -16 // icount 1728
0d82 0800 nop // to align meminst icount 1729
0d84 817a st r3, r1, -6 // icount 1730
0d86 0800 nop // to align meminst icount 1731
0d88 81b8 st r5, r1, -8 // icount 1732
0d8a 0800 nop // to align meminst icount 1733
0d8c 89d6 ld r6, r1, -10 // icount 1734
0d8e 0800 nop // to align meminst icount 1735
0d90 808a st r4, r0, 10 // icount 1736
0d92 0800 nop // to align meminst icount 1737
0d94 98a2 stu r5, r0, 2 // icount 1738
0d96 0800 nop // to align meminst icount 1739
0d98 9972 stu r3, r1, -14 // icount 1740
0d9a 0800 nop // to align meminst icount 1741
0d9c 896a ld r3, r1, 10 // icount 1742
0d9e 0800 nop // to align meminst icount 1743
0da0 985e stu r2, r0, -2 // icount 1744
0da2 0800 nop // to align meminst icount 1745
0da4 986e stu r3, r0, 14 // icount 1746
0da6 0800 nop // to align meminst icount 1747
0da8 88de ld r6, r0, -2 // icount 1748
0daa 0800 nop // to align meminst icount 1749
0dac 98be stu r5, r0, -2 // icount 1750
0dae 0800 nop // to align meminst icount 1751
0db0 817e st r3, r1, -2 // icount 1752
0db2 0800 nop // to align meminst icount 1753
0db4 8856 ld r2, r0, -10 // icount 1754
0db6 0800 nop // to align meminst icount 1755
0db8 9974 stu r3, r1, -12 // icount 1756
0dba 0800 nop // to align meminst icount 1757
0dbc 994c stu r2, r1, 12 // icount 1758
0dbe 0800 nop // to align meminst icount 1759
0dc0 88c8 ld r6, r0, 8 // icount 1760
0dc2 0800 nop // to align meminst icount 1761
0dc4 999c stu r4, r1, -4 // icount 1762
0dc6 0800 nop // to align meminst icount 1763
0dc8 80ca st r6, r0, 10 // icount 1764
0dca 0800 nop // to align meminst icount 1765
0dcc 9960 stu r3, r1, 0 // icount 1766
0dce 0800 nop // to align meminst icount 1767
0dd0 8156 st r2, r1, -10 // icount 1768
0dd2 0800 nop // to align meminst icount 1769
0dd4 8968 ld r3, r1, 8 // icount 1770
0dd6 0800 nop // to align meminst icount 1771
0dd8 80be st r5, r0, -2 // icount 1772
0dda 0800 nop // to align meminst icount 1773
0ddc 9944 stu r2, r1, 4 // icount 1774
0dde 0800 nop // to align meminst icount 1775
0de0 89c2 ld r6, r1, 2 // icount 1776
0de2 8854 ld r2, r0, -12 // icount 1777
0de4 538f xori r4, r3, 15 // icount 1778
0de6 0800 nop // to align meminst icount 1779
0de8 8152 st r2, r1, -14 // icount 1780
0dea 0800 nop // to align meminst icount 1781
0dec 894c ld r2, r1, 12 // icount 1782
0dee 0800 nop // to align meminst icount 1783
0df0 8164 st r3, r1, 4 // icount 1784
0df2 0800 nop // to align meminst icount 1785
0df4 889e ld r4, r0, -2 // icount 1786
0df6 0800 nop // to align meminst icount 1787
0df8 8060 st r3, r0, 0 // icount 1788
0dfa 0800 nop // to align meminst icount 1789
0dfc 8994 ld r4, r1, -12 // icount 1790
0dfe 0800 nop // to align meminst icount 1791
0e00 889c ld r4, r0, -4 // icount 1792
0e02 0800 nop // to align meminst icount 1793
0e04 886e ld r3, r0, 14 // icount 1794
0e06 0800 nop // to align meminst icount 1795
0e08 9960 stu r3, r1, 0 // icount 1796
0e0a 0800 nop // to align meminst icount 1797
0e0c 9848 stu r2, r0, 8 // icount 1798
0e0e 0800 nop // to align meminst icount 1799
0e10 804e st r2, r0, 14 // icount 1800
0e12 0800 nop // to align meminst icount 1801
0e14 804c st r2, r0, 12 // icount 1802
0e16 0800 nop // to align meminst icount 1803
0e18 897e ld r3, r1, -2 // icount 1804
0e1a 0800 nop // to align meminst icount 1805
0e1c 9876 stu r3, r0, -10 // icount 1806
0e1e 0800 nop // to align meminst icount 1807
0e20 80b6 st r5, r0, -10 // icount 1808
0e22 0800 nop // to align meminst icount 1809
0e24 987c stu r3, r0, -4 // icount 1810
0e26 0800 nop // to align meminst icount 1811
0e28 98de stu r6, r0, -2 // icount 1812
0e2a 0800 nop // to align meminst icount 1813
0e2c 8980 ld r4, r1, 0 // icount 1814
0e2e 0800 nop // to align meminst icount 1815
0e30 807e st r3, r0, -2 // icount 1816
0e32 0800 nop // to align meminst icount 1817
0e34 89c4 ld r6, r1, 4 // icount 1818
0e36 0800 nop // to align meminst icount 1819
0e38 80d8 st r6, r0, -8 // icount 1820
0e3a 0800 nop // to align meminst icount 1821
0e3c 81c8 st r6, r1, 8 // icount 1822
0e3e 0800 nop // to align meminst icount 1823
0e40 89d0 ld r6, r1, -16 // icount 1824
0e42 0800 nop // to align meminst icount 1825
0e44 9992 stu r4, r1, -14 // icount 1826
0e46 0800 nop // to align meminst icount 1827
0e48 88ba ld r5, r0, -6 // icount 1828
0e4a 0800 nop // to align meminst icount 1829
0e4c 887c ld r3, r0, -4 // icount 1830
0e4e 0800 nop // to align meminst icount 1831
0e50 8948 ld r2, r1, 8 // icount 1832
0e52 0800 nop // to align meminst icount 1833
0e54 8890 ld r4, r0, -16 // icount 1834
0e56 0800 nop // to align meminst icount 1835
0e58 8148 st r2, r1, 8 // icount 1836
0e5a 0800 nop // to align meminst icount 1837
0e5c 996a stu r3, r1, 10 // icount 1838
0e5e 0800 nop // to align meminst icount 1839
0e60 8878 ld r3, r0, -8 // icount 1840
0e62 81c2 st r6, r1, 2 // icount 1841
0e64 c700 lbi r7, 0 // icount 1842
0e66 c600 lbi r6, 0 // icount 1843
0e68 0800 nop // to align branch icount 1844
0e6a 7314 bltz r3, 20 // icount 1845
0e6c dca8 add r2, r4, r5 // icount 1846
0e6e adad slli r5, r5, 13 // icount 1847
0e70 db13 andn r4, r3, r0 // icount 1848
0e72 d34a ror r2, r3, r2 // icount 1849
0e74 d1ad sll r3, r1, r5 // icount 1850
0e76 56e4 xori r7, r6, 4 // icount 1851
0e78 dad2 xor r4, r2, r6 // icount 1852
0e7a 0800 nop // to align meminst icount 1853
0e7c 5801 andni r0, r0, 1 // icount 1854
0e7e 80e2 st r7, r0, 2 // icount 1855
0e80 5921 andni r1, r1, 1 // icount 1856
0e82 81ca st r6, r1, 10 // icount 1857
0e84 49e0 subi r7, r1, 0 // icount 1858
0e86 5cc0 andni r6, r4, 0 // icount 1859
0e88 dfd8 add r6, r7, r6 // icount 1860
0e8a 564e xori r2, r6, 14 // icount 1861
0e8c fb18 sco r6, r3, r0 // icount 1862
0e8e d555 sll r5, r5, r2 // icount 1863
0e90 ead4 slt r5, r2, r6 // icount 1864
0e92 a761 roli r3, r7, 1 // icount 1865
0e94 a0cb roli r6, r0, 11 // icount 1866
0e96 d0f1 sll r4, r0, r7 // icount 1867
0e98 a969 slli r3, r1, 9 // icount 1868
0e9a 0800 nop // to align meminst icount 1869
0e9c 89ae ld r5, r1, 14 // icount 1870
0e9e 0800 nop // to align meminst icount 1871
0ea0 8854 ld r2, r0, -12 // icount 1872
0ea2 0800 nop // to align meminst icount 1873
0ea4 9866 stu r3, r0, 6 // icount 1874
0ea6 0800 nop // to align meminst icount 1875
0ea8 989c stu r4, r0, -4 // icount 1876
0eaa 0800 nop // to align meminst icount 1877
0eac 89b8 ld r5, r1, -8 // icount 1878
0eae 0800 nop // to align meminst icount 1879
0eb0 9994 stu r4, r1, -12 // icount 1880
0eb2 0800 nop // to align meminst icount 1881
0eb4 897c ld r3, r1, -4 // icount 1882
0eb6 0800 nop // to align meminst icount 1883
0eb8 8170 st r3, r1, -16 // icount 1884
0eba 0800 nop // to align meminst icount 1885
0ebc 996a stu r3, r1, 10 // icount 1886
0ebe 0800 nop // to align meminst icount 1887
0ec0 98be stu r5, r0, -2 // icount 1888
0ec2 0800 nop // to align meminst icount 1889
0ec4 8140 st r2, r1, 0 // icount 1890
0ec6 0800 nop // to align meminst icount 1891
0ec8 894a ld r2, r1, 10 // icount 1892
0eca 0800 nop // to align meminst icount 1893
0ecc 889e ld r4, r0, -2 // icount 1894
0ece 0800 nop // to align meminst icount 1895
0ed0 8974 ld r3, r1, -12 // icount 1896
0ed2 0800 nop // to align meminst icount 1897
0ed4 899c ld r4, r1, -4 // icount 1898
0ed6 0800 nop // to align meminst icount 1899
0ed8 8078 st r3, r0, -8 // icount 1900
0eda 0800 nop // to align meminst icount 1901
0edc 8080 st r4, r0, 0 // icount 1902
0ede 0800 nop // to align meminst icount 1903
0ee0 8896 ld r4, r0, -10 // icount 1904
0ee2 0800 nop // to align meminst icount 1905
0ee4 81c6 st r6, r1, 6 // icount 1906
0ee6 0800 nop // to align meminst icount 1907
0ee8 8978 ld r3, r1, -8 // icount 1908
0eea 0800 nop // to align meminst icount 1909
0eec 89aa ld r5, r1, 10 // icount 1910
0eee 0800 nop // to align meminst icount 1911
0ef0 8052 st r2, r0, -14 // icount 1912
0ef2 0800 nop // to align meminst icount 1913
0ef4 816c st r3, r1, 12 // icount 1914
0ef6 0800 nop // to align meminst icount 1915
0ef8 88d2 ld r6, r0, -14 // icount 1916
0efa 0800 nop // to align meminst icount 1917
0efc 81a2 st r5, r1, 2 // icount 1918
0efe 0800 nop // to align meminst icount 1919
0f00 9960 stu r3, r1, 0 // icount 1920
0f02 0800 nop // to align meminst icount 1921
0f04 815a st r2, r1, -6 // icount 1922
0f06 0800 nop // to align meminst icount 1923
0f08 8954 ld r2, r1, -12 // icount 1924
0f0a 0800 nop // to align meminst icount 1925
0f0c 997c stu r3, r1, -4 // icount 1926
0f0e 0800 nop // to align meminst icount 1927
0f10 884e ld r2, r0, 14 // icount 1928
0f12 0800 nop // to align meminst icount 1929
0f14 88b6 ld r5, r0, -10 // icount 1930
0f16 0800 nop // to align meminst icount 1931
0f18 8990 ld r4, r1, -16 // icount 1932
0f1a 0800 nop // to align meminst icount 1933
0f1c 9858 stu r2, r0, -8 // icount 1934
0f1e 0800 nop // to align meminst icount 1935
0f20 989c stu r4, r0, -4 // icount 1936
0f22 0800 nop // to align meminst icount 1937
0f24 98b4 stu r5, r0, -12 // icount 1938
0f26 0800 nop // to align meminst icount 1939
0f28 89cc ld r6, r1, 12 // icount 1940
0f2a 0800 nop // to align meminst icount 1941
0f2c 985a stu r2, r0, -6 // icount 1942
0f2e 0800 nop // to align meminst icount 1943
0f30 8948 ld r2, r1, 8 // icount 1944
0f32 0800 nop // to align meminst icount 1945
0f34 9974 stu r3, r1, -12 // icount 1946
0f36 0800 nop // to align meminst icount 1947
0f38 8940 ld r2, r1, 0 // icount 1948
0f3a 0800 nop // to align meminst icount 1949
0f3c 8856 ld r2, r0, -10 // icount 1950
0f3e 0800 nop // to align meminst icount 1951
0f40 89aa ld r5, r1, 10 // icount 1952
0f42 0800 nop // to align meminst icount 1953
0f44 98c6 stu r6, r0, 6 // icount 1954
0f46 0800 nop // to align meminst icount 1955
0f48 8984 ld r4, r1, 4 // icount 1956
0f4a 0800 nop // to align meminst icount 1957
0f4c 81c0 st r6, r1, 0 // icount 1958
0f4e 0800 nop // to align meminst icount 1959
0f50 8968 ld r3, r1, 8 // icount 1960
0f52 0800 nop // to align meminst icount 1961
0f54 887e ld r3, r0, -2 // icount 1962
0f56 0800 nop // to align meminst icount 1963
0f58 885e ld r2, r0, -2 // icount 1964
0f5a 0800 nop // to align meminst icount 1965
0f5c 88a6 ld r5, r0, 6 // icount 1966
0f5e 0800 nop // to align meminst icount 1967
0f60 897e ld r3, r1, -2 // icount 1968
0f62 0800 nop // to align meminst icount 1969
0f64 9980 stu r4, r1, 0 // icount 1970
0f66 0800 nop // to align meminst icount 1971
0f68 8074 st r3, r0, -12 // icount 1972
0f6a 0800 nop // to align meminst icount 1973
0f6c 8150 st r2, r1, -16 // icount 1974
0f6e 0800 nop // to align meminst icount 1975
0f70 98c0 stu r6, r0, 0 // icount 1976
0f72 0800 nop // to align meminst icount 1977
0f74 98d8 stu r6, r0, -8 // icount 1978
0f76 0800 nop // to align meminst icount 1979
0f78 8962 ld r3, r1, 2 // icount 1980
0f7a 0800 nop // to align meminst icount 1981
0f7c 88de ld r6, r0, -2 // icount 1982
0f7e 0800 nop // to align meminst icount 1983
0f80 9852 stu r2, r0, -14 // icount 1984
0f82 0800 nop // to align meminst icount 1985
0f84 8960 ld r3, r1, 0 // icount 1986
0f86 0800 nop // to align meminst icount 1987
0f88 989e stu r4, r0, -2 // icount 1988
0f8a 0800 nop // to align meminst icount 1989
0f8c 8946 ld r2, r1, 6 // icount 1990
0f8e 0800 nop // to align meminst icount 1991
0f90 9840 stu r2, r0, 0 // icount 1992
0f92 0800 nop // to align meminst icount 1993
0f94 989e stu r4, r0, -2 // icount 1994
0f96 0800 nop // to align meminst icount 1995
0f98 88b8 ld r5, r0, -8 // icount 1996
0f9a 0800 nop // to align meminst icount 1997
0f9c 8062 st r3, r0, 2 // icount 1998
0f9e 0800 nop // to align meminst icount 1999
0fa0 9950 stu r2, r1, -16 // icount 2000
0fa2 0800 nop // to align meminst icount 2001
0fa4 8990 ld r4, r1, -16 // icount 2002
0fa6 0800 nop // to align meminst icount 2003
0fa8 894c ld r2, r1, 12 // icount 2004
0faa 0800 nop // to align meminst icount 2005
0fac 896c ld r3, r1, 12 // icount 2006
0fae 0800 nop // to align meminst icount 2007
0fb0 8890 ld r4, r0, -16 // icount 2008
0fb2 0800 nop // to align meminst icount 2009
0fb4 809a st r4, r0, -6 // icount 2010
0fb6 0800 nop // to align meminst icount 2011
0fb8 89c6 ld r6, r1, 6 // icount 2012
0fba 0800 nop // to align meminst icount 2013
0fbc 81cc st r6, r1, 12 // icount 2014
0fbe 0800 nop // to align meminst icount 2015
0fc0 9992 stu r4, r1, -14 // icount 2016
0fc2 815c st r2, r1, -4 // icount 2017
0fc4 4126 addi r1, r1, 6   // change base addr // icount 2018
0fc6 0800 nop // to align meminst icount 2019
0fc8 985c stu r2, r0, -4 // icount 2020
0fca 0800 nop // to align meminst icount 2021
0fcc 8070 st r3, r0, -16 // icount 2022
0fce 0800 nop // to align meminst icount 2023
0fd0 98da stu r6, r0, -6 // icount 2024
0fd2 0800 nop // to align meminst icount 2025
0fd4 9890 stu r4, r0, -16 // icount 2026
0fd6 0800 nop // to align meminst icount 2027
0fd8 89b8 ld r5, r1, -8 // icount 2028
0fda 0800 nop // to align meminst icount 2029
0fdc 88c4 ld r6, r0, 4 // icount 2030
0fde 0800 nop // to align meminst icount 2031
0fe0 89b0 ld r5, r1, -16 // icount 2032
0fe2 81a8 st r5, r1, 8 // icount 2033
0fe4 c700 lbi r7, 0 // icount 2034
0fe6 c200 lbi r2, 0 // icount 2035
0fe8 0800 nop // to align branch icount 2036
0fea 630c beqz r3, 12 // icount 2037
0fec d93c add r7, r1, r1 // icount 2038
0fee f9b4 sco r5, r1, r5 // icount 2039
0ff0 d29f srl r7, r2, r4 // icount 2040
0ff2 d2d5 sll r5, r2, r6 // icount 2041
0ff4 bec3 srli r6, r6, 3 // icount 2042
0ff6 0800 nop // to align meminst icount 2043
0ff8 5c81 andni r4, r4, 1 // icount 2044
0ffa 8446 st r2, r4, 6 // icount 2045
0ffc abc9 slli r6, r3, 9 // icount 2046
0ffe 47ed addi r7, r7, 13 // icount 2047
1000 df11 sub r4, r7, r0 // icount 2048
1002 aa4a slli r2, r2, 10 // icount 2049
1004 c702 lbi r7, 2 // icount 2050
1006 0800 nop // to align meminst icount 2051
1008 5b61 andni r3, r3, 1 // icount 2052
100a 0800 nop // to align meminst icount 2053
100c 9b84 stu r4, r3, 4 // icount 2054
100e 0800 nop // to align meminst icount 2055
1010 8990 ld r4, r1, -16 // icount 2056
1012 0800 nop // to align meminst icount 2057
1014 9948 stu r2, r1, 8 // icount 2058
1016 0800 nop // to align meminst icount 2059
1018 98b6 stu r5, r0, -10 // icount 2060
101a 0800 nop // to align meminst icount 2061
101c 8962 ld r3, r1, 2 // icount 2062
101e 0800 nop // to align meminst icount 2063
1020 9954 stu r2, r1, -12 // icount 2064
1022 0800 nop // to align meminst icount 2065
1024 88b8 ld r5, r0, -8 // icount 2066
1026 80ac st r5, r0, 12 // icount 2067
1028 4b60 subi r3, r3, 0 // icount 2068
102a 0800 nop // to align meminst icount 2069
102c 818e st r4, r1, 14 // icount 2070
102e 0800 nop // to align meminst icount 2071
1030 9886 stu r4, r0, 6 // icount 2072
1032 0800 nop // to align meminst icount 2073
1034 89a6 ld r5, r1, 6 // icount 2074
1036 0800 nop // to align meminst icount 2075
1038 81d0 st r6, r1, -16 // icount 2076
103a 0800 nop // to align meminst icount 2077
103c 8058 st r2, r0, -8 // icount 2078
103e 0800 nop // to align meminst icount 2079
1040 889e ld r4, r0, -2 // icount 2080
1042 0800 nop // to align meminst icount 2081
1044 985c stu r2, r0, -4 // icount 2082
1046 0800 nop // to align meminst icount 2083
1048 80aa st r5, r0, 10 // icount 2084
104a 0800 nop // to align meminst icount 2085
104c 89dc ld r6, r1, -4 // icount 2086
104e 0800 nop // to align meminst icount 2087
1050 888a ld r4, r0, 10 // icount 2088
1052 0800 nop // to align meminst icount 2089
1054 89c6 ld r6, r1, 6 // icount 2090
1056 0800 nop // to align meminst icount 2091
1058 89de ld r6, r1, -2 // icount 2092
105a 0800 nop // to align meminst icount 2093
105c 89a8 ld r5, r1, 8 // icount 2094
105e 0800 nop // to align meminst icount 2095
1060 9948 stu r2, r1, 8 // icount 2096
1062 0800 nop // to align meminst icount 2097
1064 889a ld r4, r0, -6 // icount 2098
1066 0800 nop // to align meminst icount 2099
1068 9942 stu r2, r1, 2 // icount 2100
106a 0800 nop // to align meminst icount 2101
106c 98d0 stu r6, r0, -16 // icount 2102
106e 0800 nop // to align meminst icount 2103
1070 999c stu r4, r1, -4 // icount 2104
1072 0800 nop // to align meminst icount 2105
1074 8890 ld r4, r0, -16 // icount 2106
1076 0800 nop // to align meminst icount 2107
1078 89ae ld r5, r1, 14 // icount 2108
107a 0800 nop // to align meminst icount 2109
107c 88c8 ld r6, r0, 8 // icount 2110
107e 0800 nop // to align meminst icount 2111
1080 8888 ld r4, r0, 8 // icount 2112
1082 0800 nop // to align meminst icount 2113
1084 8068 st r3, r0, 8 // icount 2114
1086 0800 nop // to align meminst icount 2115
1088 81ae st r5, r1, 14 // icount 2116
108a 0800 nop // to align meminst icount 2117
108c 988a stu r4, r0, 10 // icount 2118
108e 0800 nop // to align meminst icount 2119
1090 81a8 st r5, r1, 8 // icount 2120
1092 0800 nop // to align meminst icount 2121
1094 985c stu r2, r0, -4 // icount 2122
1096 0800 nop // to align meminst icount 2123
1098 8998 ld r4, r1, -8 // icount 2124
109a 0800 nop // to align meminst icount 2125
109c 98a8 stu r5, r0, 8 // icount 2126
109e 0800 nop // to align meminst icount 2127
10a0 9894 stu r4, r0, -12 // icount 2128
10a2 0800 nop // to align meminst icount 2129
10a4 986a stu r3, r0, 10 // icount 2130
10a6 0800 nop // to align meminst icount 2131
10a8 8040 st r2, r0, 0 // icount 2132
10aa 0800 nop // to align meminst icount 2133
10ac 8988 ld r4, r1, 8 // icount 2134
10ae 0800 nop // to align meminst icount 2135
10b0 888e ld r4, r0, 14 // icount 2136
10b2 0800 nop // to align meminst icount 2137
10b4 8858 ld r2, r0, -8 // icount 2138
10b6 0800 nop // to align meminst icount 2139
10b8 99d6 stu r6, r1, -10 // icount 2140
10ba 0800 nop // to align meminst icount 2141
10bc 8942 ld r2, r1, 2 // icount 2142
10be 0800 nop // to align meminst icount 2143
10c0 8850 ld r2, r0, -16 // icount 2144
10c2 0800 nop // to align meminst icount 2145
10c4 80dc st r6, r0, -4 // icount 2146
10c6 0800 nop // to align meminst icount 2147
10c8 816a st r3, r1, 10 // icount 2148
10ca 0800 nop // to align meminst icount 2149
10cc 89b8 ld r5, r1, -8 // icount 2150
10ce 0800 nop // to align meminst icount 2151
10d0 88ca ld r6, r0, 10 // icount 2152
10d2 0800 nop // to align meminst icount 2153
10d4 8898 ld r4, r0, -8 // icount 2154
10d6 0800 nop // to align meminst icount 2155
10d8 88b6 ld r5, r0, -10 // icount 2156
10da 0800 nop // to align meminst icount 2157
10dc 8892 ld r4, r0, -14 // icount 2158
10de 0800 nop // to align meminst icount 2159
10e0 8142 st r2, r1, 2 // icount 2160
10e2 0800 nop // to align meminst icount 2161
10e4 809c st r4, r0, -4 // icount 2162
10e6 0800 nop // to align meminst icount 2163
10e8 81b6 st r5, r1, -10 // icount 2164
10ea 0800 nop // to align meminst icount 2165
10ec 80a0 st r5, r0, 0 // icount 2166
10ee 0800 nop // to align meminst icount 2167
10f0 89aa ld r5, r1, 10 // icount 2168
10f2 0800 nop // to align meminst icount 2169
10f4 8188 st r4, r1, 8 // icount 2170
10f6 0800 nop // to align meminst icount 2171
10f8 809e st r4, r0, -2 // icount 2172
10fa 0800 nop // to align meminst icount 2173
10fc 81a0 st r5, r1, 0 // icount 2174
10fe 0800 nop // to align meminst icount 2175
1100 809e st r4, r0, -2 // icount 2176
1102 0800 nop // to align meminst icount 2177
1104 88a4 ld r5, r0, 4 // icount 2178
1106 0800 nop // to align meminst icount 2179
1108 896a ld r3, r1, 10 // icount 2180
110a 0800 nop // to align meminst icount 2181
110c 895a ld r2, r1, -6 // icount 2182
110e 0800 nop // to align meminst icount 2183
1110 9848 stu r2, r0, 8 // icount 2184
1112 0800 nop // to align meminst icount 2185
1114 8980 ld r4, r1, 0 // icount 2186
1116 0800 nop // to align meminst icount 2187
1118 89d4 ld r6, r1, -12 // icount 2188
111a 0800 nop // to align meminst icount 2189
111c 996e stu r3, r1, 14 // icount 2190
111e 0800 nop // to align meminst icount 2191
1120 8950 ld r2, r1, -16 // icount 2192
1122 0800 nop // to align meminst icount 2193
1124 99a6 stu r5, r1, 6 // icount 2194
1126 0800 nop // to align meminst icount 2195
1128 8190 st r4, r1, -16 // icount 2196
112a 0800 nop // to align meminst icount 2197
112c 81b6 st r5, r1, -10 // icount 2198
112e 0800 nop // to align meminst icount 2199
1130 9968 stu r3, r1, 8 // icount 2200
1132 0800 nop // to align meminst icount 2201
1134 98ae stu r5, r0, 14 // icount 2202
1136 0800 nop // to align meminst icount 2203
1138 88bc ld r5, r0, -4 // icount 2204
113a 988e stu r4, r0, 14 // icount 2205
113c 0000 halt // icount 2206
