INUM:        0 PC: 0x0000 REG: 0 VALUE: 0x0000
INUM:        1 PC: 0x0002 REG: 1 VALUE: 0x0001
INUM:        2 PC: 0x0004 REG: 2 VALUE: 0xffff
INUM:        3 PC: 0x0006 REG: 4 VALUE: 0x000a
INUM:        4 PC: 0x0008
INUM:        5 PC: 0x0016 REG: 7 VALUE: 0x0018
INUM:        6 PC: 0x00b2
INUM:        7 PC: 0x00be
INUM:        8 PC: 0x00ce
INUM:        9 PC: 0x00d8
INUM:       10 PC: 0x00e2
INUM:       11 PC: 0x0100
INUM:       12 PC: 0x0102
INUM:       13 PC: 0x011c
INUM:       14 PC: 0x01dc
INUM:       15 PC: 0x01de
INUM:       16 PC: 0x02b8
INUM:       17 PC: 0x02ea
INUM:       18 PC: 0x02fc
INUM:       19 PC: 0x034a
INUM:       20 PC: 0x035c
INUM:       21 PC: 0x038a
INUM:       22 PC: 0x03f4
INUM:       23 PC: 0x0404 REG: 7 VALUE: 0x0406
INUM:       24 PC: 0x044a
INUM:       25 PC: 0x046a
INUM:       26 PC: 0x0488
INUM:       27 PC: 0x052e
INUM:       28 PC: 0x054c
INUM:       29 PC: 0x0582
INUM:       30 PC: 0x05a2
INUM:       31 PC: 0x05aa
INUM:       32 PC: 0x05c4
INUM:       33 PC: 0x05e0
INUM:       34 PC: 0x0612
INUM:       35 PC: 0x061e
INUM:       36 PC: 0x062c
INUM:       37 PC: 0x0684
INUM:       38 PC: 0x068e
INUM:       39 PC: 0x06ea REG: 7 VALUE: 0x06ec
INUM:       40 PC: 0x0780
INUM:       41 PC: 0x079e
INUM:       42 PC: 0x07b2
INUM:       43 PC: 0x0850
INUM:       44 PC: 0x093a
INUM:       45 PC: 0x0944
INUM:       46 PC: 0x0954
INUM:       47 PC: 0x0970
INUM:       48 PC: 0x099a
INUM:       49 PC: 0x09b8 REG: 7 VALUE: 0x09ba
INUM:       50 PC: 0x09e8
INUM:       51 PC: 0x0a90
INUM:       52 PC: 0x0a9c
INUM:       53 PC: 0x0b44
INUM:       54 PC: 0x0b56
INUM:       55 PC: 0x0b72
INUM:       56 PC: 0x0c3a
INUM:       57 PC: 0x0c52
INUM:       58 PC: 0x0cac
INUM:       59 PC: 0x0d76
INUM:       60 PC: 0x0d80
INUM:       61 PC: 0x0df0
INUM:       62 PC: 0x0e72
INUM:       63 PC: 0x0e84
INUM:       64 PC: 0x0f68
INUM:       65 PC: 0x0fe2
INUM:       66 PC: 0x0ffa
INUM:       67 PC: 0x10dc
INUM:       68 PC: 0x10e6
INUM:       69 PC: 0x10fe
INUM:       70 PC: 0x11b8
INUM:       71 PC: 0x11ca REG: 7 VALUE: 0x11cc
INUM:       72 PC: 0x1272
INUM:       73 PC: 0x12f0
INUM:       74 PC: 0x13aa REG: 7 VALUE: 0x13ac
INUM:       75 PC: 0x149c
INUM:       76 PC: 0x14a0 REG: 7 VALUE: 0x14a2
INUM:       77 PC: 0x1562
INUM:       78 PC: 0x1578 REG: 7 VALUE: 0x157a
INUM:       79 PC: 0x1644
INUM:       80 PC: 0x16d4
INUM:       81 PC: 0x16f4 REG: 7 VALUE: 0x16f6
INUM:       82 PC: 0x1754
INUM:       83 PC: 0x17f8
INUM:       84 PC: 0x1802
INUM:       85 PC: 0x18d0 REG: 7 VALUE: 0x18d2
INUM:       86 PC: 0x18da
INUM:       87 PC: 0x18de
INUM:       88 PC: 0x199c
INUM:       89 PC: 0x1a0c
INUM:       90 PC: 0x1aa6 REG: 7 VALUE: 0x1aa8
INUM:       91 PC: 0x1ab0
INUM:       92 PC: 0x1ac4
INUM:       93 PC: 0x1bb2
INUM:       94 PC: 0x1bca
INUM:       95 PC: 0x1c88
INUM:       96 PC: 0x1c98
INUM:       97 PC: 0x1ca8
INUM:       98 PC: 0x1d40
INUM:       99 PC: 0x1dc2
INUM:      100 PC: 0x1dda REG: 7 VALUE: 0x1ddc
INUM:      101 PC: 0x1ebc
INUM:      102 PC: 0x1eda
INUM:      103 PC: 0x1ee4 REG: 1 VALUE: 0x0000
INUM:      104 PC: 0x1ee6 REG: 4 VALUE: 0x0000
INUM:      105 PC: 0x1ee8 REG: 0 VALUE: 0x0000
INUM:      106 PC: 0x1eea REG: 1 VALUE: 0x0000
INUM:      107 PC: 0x1eec REG: 3 VALUE: 0x0000
INUM:      108 PC: 0x1eee REG: 0 VALUE: 0x0000
INUM:      109 PC: 0x1ef0 REG: 1 VALUE: 0x0000
INUM:      110 PC: 0x1ef2 REG: 6 VALUE: 0x0000
INUM:      111 PC: 0x1ef4 REG: 5 VALUE: 0x3bb8
INUM:      112 PC: 0x1ef6 REG: 3 VALUE: 0x0000
INUM:      113 PC: 0x1ef8 REG: 4 VALUE: 0x0000
INUM:      114 PC: 0x1efa REG: 1 VALUE: 0x3bb8
INUM:      115 PC: 0x1efc REG: 5 VALUE: 0x0001
INUM:      116 PC: 0x1efe REG: 3 VALUE: 0x0000
INUM:      117 PC: 0x1f00 REG: 4 VALUE: 0x0000
INUM:      118 PC: 0x1f02 REG: 0 VALUE: 0x0000
INUM:      119 PC: 0x1f04 REG: 7 VALUE: 0x0001
INUM:      120 PC: 0x1f06 REG: 6 VALUE: 0x0000
INUM:      121 PC: 0x1f08 REG: 7 VALUE: 0x8000
INUM:      122 PC: 0x1f0a REG: 0 VALUE: 0x0000
INUM:      123 PC: 0x1f0c REG: 7 VALUE: 0x8000
INUM:      124 PC: 0x1f0e REG: 2 VALUE: 0x0001
INUM:      125 PC: 0x1f10 REG: 6 VALUE: 0x0000
INUM:      126 PC: 0x1f12 REG: 2 VALUE: 0x0000
INUM:      127 PC: 0x1f14 REG: 4 VALUE: 0x0001
INUM:      128 PC: 0x1f16 REG: 7 VALUE: 0x0001
INUM:      129 PC: 0x1f18 REG: 4 VALUE: 0x0001
INUM:      130 PC: 0x1f1a REG: 2 VALUE: 0x0000
INUM:      131 PC: 0x1f1c REG: 6 VALUE: 0x0000
INUM:      132 PC: 0x1f1e REG: 2 VALUE: 0x0001
INUM:      133 PC: 0x1f20 REG: 3 VALUE: 0x0000
INUM:      134 PC: 0x1f22 REG: 3 VALUE: 0x0001
INUM:      135 PC: 0x1f24 REG: 1 VALUE: 0x0000
INUM:      136 PC: 0x1f26 REG: 7 VALUE: 0x0002
INUM:      137 PC: 0x1f28 REG: 3 VALUE: 0x0000
INUM:      138 PC: 0x1f2a REG: 3 VALUE: 0x0000
INUM:      139 PC: 0x1f2c REG: 1 VALUE: 0x0000
INUM:      140 PC: 0x1f2e REG: 6 VALUE: 0x0000
INUM:      141 PC: 0x1f30 REG: 5 VALUE: 0x0001
INUM:      142 PC: 0x1f32 REG: 4 VALUE: 0x0001
INUM:      143 PC: 0x1f34 REG: 5 VALUE: 0x0001
INUM:      144 PC: 0x1f36
